[2022-06-28 15:09:52,706] {taskinstance.py:1159} INFO - Dependencies all met for <TaskInstance: data_to_dw_bq.bq_external_table_task manual__2022-06-28T15:09:46.503482+00:00 [queued]>
[2022-06-28 15:09:52,713] {taskinstance.py:1159} INFO - Dependencies all met for <TaskInstance: data_to_dw_bq.bq_external_table_task manual__2022-06-28T15:09:46.503482+00:00 [queued]>
[2022-06-28 15:09:52,713] {taskinstance.py:1356} INFO - 
--------------------------------------------------------------------------------
[2022-06-28 15:09:52,713] {taskinstance.py:1357} INFO - Starting attempt 1 of 2
[2022-06-28 15:09:52,713] {taskinstance.py:1358} INFO - 
--------------------------------------------------------------------------------
[2022-06-28 15:09:52,723] {taskinstance.py:1377} INFO - Executing <Task(BigQueryCreateExternalTableOperator): bq_external_table_task> on 2022-06-28 15:09:46.503482+00:00
[2022-06-28 15:09:52,728] {clientserver.py:543} INFO - Closing down clientserver connection
[2022-06-28 15:09:52,728] {standard_task_runner.py:52} INFO - Started process 1139 to run task
[2022-06-28 15:09:52,731] {standard_task_runner.py:79} INFO - Running: ['***', 'tasks', 'run', 'data_to_dw_bq', 'bq_external_table_task', 'manual__2022-06-28T15:09:46.503482+00:00', '--job-id', '536', '--raw', '--subdir', 'DAGS_FOLDER/03_data to_dw_dag.py', '--cfg-path', '/tmp/tmppq09mr5o', '--error-file', '/tmp/tmpd_04ee82']
[2022-06-28 15:09:52,732] {standard_task_runner.py:80} INFO - Job 536: Subtask bq_external_table_task
[2022-06-28 15:09:52,767] {task_command.py:370} INFO - Running <TaskInstance: data_to_dw_bq.bq_external_table_task manual__2022-06-28T15:09:46.503482+00:00 [running]> on host 375d46b24910
[2022-06-28 15:09:52,819] {taskinstance.py:1571} INFO - Exporting the following env vars:
AIRFLOW_CTX_DAG_OWNER=***
AIRFLOW_CTX_DAG_ID=data_to_dw_bq
AIRFLOW_CTX_TASK_ID=bq_external_table_task
AIRFLOW_CTX_EXECUTION_DATE=2022-06-28T15:09:46.503482+00:00
AIRFLOW_CTX_TRY_NUMBER=1
AIRFLOW_CTX_DAG_RUN_ID=manual__2022-06-28T15:09:46.503482+00:00
[2022-06-28 15:09:52,820] {crypto.py:82} WARNING - empty cryptography key - values will not be stored encrypted.
[2022-06-28 15:09:52,820] {base.py:68} INFO - Using connection ID 'google_cloud_default' for task execution.
[2022-06-28 15:09:52,825] {taskinstance.py:1889} ERROR - Task failed with exception
Traceback (most recent call last):
  File "/home/airflow/.local/lib/python3.7/site-packages/airflow/providers/google/cloud/operators/bigquery.py", line 1108, in execute
    table_resource=self.table_resource,
  File "/home/airflow/.local/lib/python3.7/site-packages/airflow/providers/google/common/hooks/base_google.py", line 439, in inner_wrapper
    return func(self, *args, **kwargs)
  File "/home/airflow/.local/lib/python3.7/site-packages/airflow/providers/google/cloud/hooks/bigquery.py", line 396, in create_empty_table
    table_id=table_id,
  File "/home/airflow/.local/lib/python3.7/site-packages/airflow/providers/google/cloud/hooks/bigquery.py", line 191, in _resolve_table_reference
    TableReference.from_api_repr(table_resource["tableReference"])
  File "/home/airflow/.local/lib/python3.7/site-packages/google/cloud/bigquery/table.py", line 279, in from_api_repr
    return cls(DatasetReference(project, dataset_id), table_id)
  File "/home/airflow/.local/lib/python3.7/site-packages/google/cloud/bigquery/dataset.py", line 262, in __init__
    raise ValueError("Pass a string for dataset_id")
ValueError: Pass a string for dataset_id
[2022-06-28 15:09:52,831] {taskinstance.py:1400} INFO - Marking task as UP_FOR_RETRY. dag_id=data_to_dw_bq, task_id=bq_external_table_task, execution_date=20220628T150946, start_date=20220628T150952, end_date=20220628T150952
[2022-06-28 15:09:52,840] {standard_task_runner.py:97} ERROR - Failed to execute job 536 for task bq_external_table_task (Pass a string for dataset_id; 1139)
[2022-06-28 15:09:52,862] {local_task_job.py:156} INFO - Task exited with return code 1
[2022-06-28 15:09:52,898] {local_task_job.py:273} INFO - 0 downstream tasks scheduled from follow-on schedule check
