[2022-06-27 10:39:36,536] {taskinstance.py:1159} INFO - Dependencies all met for <TaskInstance: data_ingestion_to_gcs.download_data_task manual__2022-06-27T10:39:34.878617+00:00 [queued]>
[2022-06-27 10:39:36,547] {taskinstance.py:1159} INFO - Dependencies all met for <TaskInstance: data_ingestion_to_gcs.download_data_task manual__2022-06-27T10:39:34.878617+00:00 [queued]>
[2022-06-27 10:39:36,547] {taskinstance.py:1356} INFO - 
--------------------------------------------------------------------------------
[2022-06-27 10:39:36,548] {taskinstance.py:1357} INFO - Starting attempt 1 of 2
[2022-06-27 10:39:36,548] {taskinstance.py:1358} INFO - 
--------------------------------------------------------------------------------
[2022-06-27 10:39:36,563] {taskinstance.py:1377} INFO - Executing <Task(PythonOperator): download_data_task> on 2022-06-27 10:39:34.878617+00:00
[2022-06-27 10:39:36,569] {standard_task_runner.py:52} INFO - Started process 84 to run task
[2022-06-27 10:39:36,572] {standard_task_runner.py:79} INFO - Running: ['***', 'tasks', 'run', 'data_ingestion_to_gcs', 'download_data_task', 'manual__2022-06-27T10:39:34.878617+00:00', '--job-id', '349', '--raw', '--subdir', 'DAGS_FOLDER/01_data_ingestion_to_gcs.py', '--cfg-path', '/tmp/tmpsvf6o0p_', '--error-file', '/tmp/tmp98pz9t9i']
[2022-06-27 10:39:36,573] {standard_task_runner.py:80} INFO - Job 349: Subtask download_data_task
[2022-06-27 10:39:36,627] {task_command.py:370} INFO - Running <TaskInstance: data_ingestion_to_gcs.download_data_task manual__2022-06-27T10:39:34.878617+00:00 [running]> on host 43c7a9db556a
[2022-06-27 10:39:36,711] {taskinstance.py:1571} INFO - Exporting the following env vars:
AIRFLOW_CTX_DAG_OWNER=***
AIRFLOW_CTX_DAG_ID=data_ingestion_to_gcs
AIRFLOW_CTX_TASK_ID=download_data_task
AIRFLOW_CTX_EXECUTION_DATE=2022-06-27T10:39:34.878617+00:00
AIRFLOW_CTX_TRY_NUMBER=1
AIRFLOW_CTX_DAG_RUN_ID=manual__2022-06-27T10:39:34.878617+00:00
[2022-06-27 10:39:37,316] {python.py:173} INFO - Done. Returned value was: None
[2022-06-27 10:39:37,334] {taskinstance.py:1400} INFO - Marking task as SUCCESS. dag_id=data_ingestion_to_gcs, task_id=download_data_task, execution_date=20220627T103934, start_date=20220627T103936, end_date=20220627T103937
[2022-06-27 10:39:37,385] {local_task_job.py:156} INFO - Task exited with return code 0
[2022-06-27 10:39:37,441] {local_task_job.py:273} INFO - 1 downstream tasks scheduled from follow-on schedule check
