[2022-06-28 14:37:08,837] {taskinstance.py:1159} INFO - Dependencies all met for <TaskInstance: data_ingestion_to_gcs.format_to_parquet_task manual__2022-06-28T14:37:04.448390+00:00 [queued]>
[2022-06-28 14:37:08,843] {taskinstance.py:1159} INFO - Dependencies all met for <TaskInstance: data_ingestion_to_gcs.format_to_parquet_task manual__2022-06-28T14:37:04.448390+00:00 [queued]>
[2022-06-28 14:37:08,843] {taskinstance.py:1356} INFO - 
--------------------------------------------------------------------------------
[2022-06-28 14:37:08,843] {taskinstance.py:1357} INFO - Starting attempt 1 of 2
[2022-06-28 14:37:08,843] {taskinstance.py:1358} INFO - 
--------------------------------------------------------------------------------
[2022-06-28 14:37:08,854] {taskinstance.py:1377} INFO - Executing <Task(PythonOperator): format_to_parquet_task> on 2022-06-28 14:37:04.448390+00:00
[2022-06-28 14:37:08,857] {standard_task_runner.py:52} INFO - Started process 155 to run task
[2022-06-28 14:37:08,860] {standard_task_runner.py:79} INFO - Running: ['***', 'tasks', 'run', 'data_ingestion_to_gcs', 'format_to_parquet_task', 'manual__2022-06-28T14:37:04.448390+00:00', '--job-id', '480', '--raw', '--subdir', 'DAGS_FOLDER/01_data_ingestion_to_gcs.py', '--cfg-path', '/tmp/tmprxkxs095', '--error-file', '/tmp/tmpecmay6zo']
[2022-06-28 14:37:08,861] {standard_task_runner.py:80} INFO - Job 480: Subtask format_to_parquet_task
[2022-06-28 14:37:08,893] {task_command.py:370} INFO - Running <TaskInstance: data_ingestion_to_gcs.format_to_parquet_task manual__2022-06-28T14:37:04.448390+00:00 [running]> on host 181657f59c64
[2022-06-28 14:37:08,938] {taskinstance.py:1571} INFO - Exporting the following env vars:
AIRFLOW_CTX_DAG_OWNER=***
AIRFLOW_CTX_DAG_ID=data_ingestion_to_gcs
AIRFLOW_CTX_TASK_ID=format_to_parquet_task
AIRFLOW_CTX_EXECUTION_DATE=2022-06-28T14:37:04.448390+00:00
AIRFLOW_CTX_TRY_NUMBER=1
AIRFLOW_CTX_DAG_RUN_ID=manual__2022-06-28T14:37:04.448390+00:00
[2022-06-28 14:37:09,022] {python.py:173} INFO - Done. Returned value was: None
[2022-06-28 14:37:09,030] {taskinstance.py:1400} INFO - Marking task as SUCCESS. dag_id=data_ingestion_to_gcs, task_id=format_to_parquet_task, execution_date=20220628T143704, start_date=20220628T143708, end_date=20220628T143709
[2022-06-28 14:37:09,072] {local_task_job.py:156} INFO - Task exited with return code 0
[2022-06-28 14:37:09,114] {local_task_job.py:273} INFO - 1 downstream tasks scheduled from follow-on schedule check
