[2022-06-27 13:30:17,142] {taskinstance.py:1159} INFO - Dependencies all met for <TaskInstance: data_ingestion_to_gcs.trigger manual__2022-06-27T13:30:09.572220+00:00 [queued]>
[2022-06-27 13:30:17,148] {taskinstance.py:1159} INFO - Dependencies all met for <TaskInstance: data_ingestion_to_gcs.trigger manual__2022-06-27T13:30:09.572220+00:00 [queued]>
[2022-06-27 13:30:17,148] {taskinstance.py:1356} INFO - 
--------------------------------------------------------------------------------
[2022-06-27 13:30:17,148] {taskinstance.py:1357} INFO - Starting attempt 1 of 2
[2022-06-27 13:30:17,148] {taskinstance.py:1358} INFO - 
--------------------------------------------------------------------------------
[2022-06-27 13:30:17,157] {taskinstance.py:1377} INFO - Executing <Task(TriggerDagRunOperator): trigger> on 2022-06-27 13:30:09.572220+00:00
[2022-06-27 13:30:17,163] {standard_task_runner.py:52} INFO - Started process 415 to run task
[2022-06-27 13:30:17,165] {standard_task_runner.py:79} INFO - Running: ['***', 'tasks', 'run', 'data_ingestion_to_gcs', 'trigger', 'manual__2022-06-27T13:30:09.572220+00:00', '--job-id', '391', '--raw', '--subdir', 'DAGS_FOLDER/01_data_ingestion_to_gcs.py', '--cfg-path', '/tmp/tmpychyjbd8', '--error-file', '/tmp/tmp8mr3ji3h']
[2022-06-27 13:30:17,165] {standard_task_runner.py:80} INFO - Job 391: Subtask trigger
[2022-06-27 13:30:17,200] {task_command.py:370} INFO - Running <TaskInstance: data_ingestion_to_gcs.trigger manual__2022-06-27T13:30:09.572220+00:00 [running]> on host a7ccd6f77c78
[2022-06-27 13:30:17,249] {taskinstance.py:1571} INFO - Exporting the following env vars:
AIRFLOW_CTX_DAG_OWNER=***
AIRFLOW_CTX_DAG_ID=data_ingestion_to_gcs
AIRFLOW_CTX_TASK_ID=trigger
AIRFLOW_CTX_EXECUTION_DATE=2022-06-27T13:30:09.572220+00:00
AIRFLOW_CTX_TRY_NUMBER=1
AIRFLOW_CTX_DAG_RUN_ID=manual__2022-06-27T13:30:09.572220+00:00
[2022-06-27 13:30:17,310] {taskinstance.py:1400} INFO - Marking task as SUCCESS. dag_id=data_ingestion_to_gcs, task_id=trigger, execution_date=20220627T133009, start_date=20220627T133017, end_date=20220627T133017
[2022-06-27 13:30:17,337] {local_task_job.py:156} INFO - Task exited with return code 0
[2022-06-27 13:30:17,389] {local_task_job.py:273} INFO - 1 downstream tasks scheduled from follow-on schedule check
