[2022-06-23 17:38:15,072] {taskinstance.py:1159} INFO - Dependencies all met for <TaskInstance: data_ingestion_to_gcs.rm_task manual__2022-06-23T17:38:07.987584+00:00 [queued]>
[2022-06-23 17:38:15,084] {taskinstance.py:1159} INFO - Dependencies all met for <TaskInstance: data_ingestion_to_gcs.rm_task manual__2022-06-23T17:38:07.987584+00:00 [queued]>
[2022-06-23 17:38:15,085] {taskinstance.py:1356} INFO - 
--------------------------------------------------------------------------------
[2022-06-23 17:38:15,085] {taskinstance.py:1357} INFO - Starting attempt 1 of 2
[2022-06-23 17:38:15,085] {taskinstance.py:1358} INFO - 
--------------------------------------------------------------------------------
[2022-06-23 17:38:15,103] {taskinstance.py:1377} INFO - Executing <Task(BashOperator): rm_task> on 2022-06-23 17:38:07.987584+00:00
[2022-06-23 17:38:15,109] {standard_task_runner.py:52} INFO - Started process 159 to run task
[2022-06-23 17:38:15,113] {standard_task_runner.py:79} INFO - Running: ['***', 'tasks', 'run', 'data_ingestion_to_gcs', 'rm_task', 'manual__2022-06-23T17:38:07.987584+00:00', '--job-id', '282', '--raw', '--subdir', 'DAGS_FOLDER/01_data_ingestion_to_gcs.py', '--cfg-path', '/tmp/tmp_bv8koqz', '--error-file', '/tmp/tmp548zhngu']
[2022-06-23 17:38:15,114] {standard_task_runner.py:80} INFO - Job 282: Subtask rm_task
[2022-06-23 17:38:15,189] {task_command.py:370} INFO - Running <TaskInstance: data_ingestion_to_gcs.rm_task manual__2022-06-23T17:38:07.987584+00:00 [running]> on host d305947238c5
[2022-06-23 17:38:15,292] {taskinstance.py:1571} INFO - Exporting the following env vars:
AIRFLOW_CTX_DAG_OWNER=***
AIRFLOW_CTX_DAG_ID=data_ingestion_to_gcs
AIRFLOW_CTX_TASK_ID=rm_task
AIRFLOW_CTX_EXECUTION_DATE=2022-06-23T17:38:07.987584+00:00
AIRFLOW_CTX_TRY_NUMBER=1
AIRFLOW_CTX_DAG_RUN_ID=manual__2022-06-23T17:38:07.987584+00:00
[2022-06-23 17:38:15,293] {subprocess.py:62} INFO - Tmp dir root location: 
 /tmp
[2022-06-23 17:38:15,294] {subprocess.py:74} INFO - Running command: ['bash', '-c', 'rm /opt/***/brooklyn.csv /opt/***/brooklyn-food-waste.zip']
[2022-06-23 17:38:15,311] {subprocess.py:85} INFO - Output:
[2022-06-23 17:38:15,315] {subprocess.py:96} INFO - Command exited with return code 0
[2022-06-23 17:38:15,360] {taskinstance.py:1400} INFO - Marking task as SUCCESS. dag_id=data_ingestion_to_gcs, task_id=rm_task, execution_date=20220623T173807, start_date=20220623T173815, end_date=20220623T173815
[2022-06-23 17:38:15,405] {local_task_job.py:156} INFO - Task exited with return code 0
[2022-06-23 17:38:15,456] {local_task_job.py:273} INFO - 0 downstream tasks scheduled from follow-on schedule check
