[2022-06-22 11:38:35,965] {taskinstance.py:1159} INFO - Dependencies all met for <TaskInstance: data_ingestion_gcs_dag.download_data_task manual__2022-06-22T11:32:15.707774+00:00 [queued]>
[2022-06-22 11:38:35,978] {taskinstance.py:1159} INFO - Dependencies all met for <TaskInstance: data_ingestion_gcs_dag.download_data_task manual__2022-06-22T11:32:15.707774+00:00 [queued]>
[2022-06-22 11:38:35,978] {taskinstance.py:1356} INFO - 
--------------------------------------------------------------------------------
[2022-06-22 11:38:35,978] {taskinstance.py:1357} INFO - Starting attempt 2 of 2
[2022-06-22 11:38:35,978] {taskinstance.py:1358} INFO - 
--------------------------------------------------------------------------------
[2022-06-22 11:38:36,000] {taskinstance.py:1377} INFO - Executing <Task(PythonOperator): download_data_task> on 2022-06-22 11:32:15.707774+00:00
[2022-06-22 11:38:36,008] {standard_task_runner.py:52} INFO - Started process 70 to run task
[2022-06-22 11:38:36,012] {standard_task_runner.py:79} INFO - Running: ['***', 'tasks', 'run', 'data_ingestion_gcs_dag', 'download_data_task', 'manual__2022-06-22T11:32:15.707774+00:00', '--job-id', '131', '--raw', '--subdir', 'DAGS_FOLDER/dags.py', '--cfg-path', '/tmp/tmp49hkhg_e', '--error-file', '/tmp/tmpafuibfmj']
[2022-06-22 11:38:36,013] {standard_task_runner.py:80} INFO - Job 131: Subtask download_data_task
[2022-06-22 11:38:36,084] {task_command.py:370} INFO - Running <TaskInstance: data_ingestion_gcs_dag.download_data_task manual__2022-06-22T11:32:15.707774+00:00 [running]> on host cb3a0c5d3ca1
[2022-06-22 11:38:36,198] {taskinstance.py:1571} INFO - Exporting the following env vars:
AIRFLOW_CTX_DAG_OWNER=***
AIRFLOW_CTX_DAG_ID=data_ingestion_gcs_dag
AIRFLOW_CTX_TASK_ID=download_data_task
AIRFLOW_CTX_EXECUTION_DATE=2022-06-22T11:32:15.707774+00:00
AIRFLOW_CTX_TRY_NUMBER=2
AIRFLOW_CTX_DAG_RUN_ID=manual__2022-06-22T11:32:15.707774+00:00
[2022-06-22 11:38:37,176] {python.py:173} INFO - Done. Returned value was: None
[2022-06-22 11:38:37,193] {taskinstance.py:1400} INFO - Marking task as SUCCESS. dag_id=data_ingestion_gcs_dag, task_id=download_data_task, execution_date=20220622T113215, start_date=20220622T113835, end_date=20220622T113837
[2022-06-22 11:38:37,227] {local_task_job.py:156} INFO - Task exited with return code 0
[2022-06-22 11:38:37,282] {local_task_job.py:273} INFO - 1 downstream tasks scheduled from follow-on schedule check
