[2022-06-28 15:00:37,242] {taskinstance.py:1159} INFO - Dependencies all met for <TaskInstance: process-food-waste-data.process_data_task manual__2022-06-28T14:54:55.699826+00:00 [queued]>
[2022-06-28 15:00:37,252] {taskinstance.py:1159} INFO - Dependencies all met for <TaskInstance: process-food-waste-data.process_data_task manual__2022-06-28T14:54:55.699826+00:00 [queued]>
[2022-06-28 15:00:37,252] {taskinstance.py:1356} INFO - 
--------------------------------------------------------------------------------
[2022-06-28 15:00:37,252] {taskinstance.py:1357} INFO - Starting attempt 2 of 2
[2022-06-28 15:00:37,252] {taskinstance.py:1358} INFO - 
--------------------------------------------------------------------------------
[2022-06-28 15:00:37,266] {taskinstance.py:1377} INFO - Executing <Task(PythonOperator): process_data_task> on 2022-06-28 14:54:55.699826+00:00
[2022-06-28 15:00:37,272] {clientserver.py:543} INFO - Closing down clientserver connection
[2022-06-28 15:00:37,272] {standard_task_runner.py:52} INFO - Started process 184 to run task
[2022-06-28 15:00:37,275] {standard_task_runner.py:79} INFO - Running: ['***', 'tasks', 'run', 'process-food-waste-data', 'process_data_task', 'manual__2022-06-28T14:54:55.699826+00:00', '--job-id', '516', '--raw', '--subdir', 'DAGS_FOLDER/02_data_process_dag.py', '--cfg-path', '/tmp/tmpnvsr6x1s', '--error-file', '/tmp/tmp2skhwsjs']
[2022-06-28 15:00:37,276] {standard_task_runner.py:80} INFO - Job 516: Subtask process_data_task
[2022-06-28 15:00:37,322] {task_command.py:370} INFO - Running <TaskInstance: process-food-waste-data.process_data_task manual__2022-06-28T14:54:55.699826+00:00 [running]> on host ffbfbfe57984
[2022-06-28 15:00:37,523] {taskinstance.py:1571} INFO - Exporting the following env vars:
AIRFLOW_CTX_DAG_OWNER=***
AIRFLOW_CTX_DAG_ID=process-food-waste-data
AIRFLOW_CTX_TASK_ID=process_data_task
AIRFLOW_CTX_EXECUTION_DATE=2022-06-28T14:54:55.699826+00:00
AIRFLOW_CTX_TRY_NUMBER=2
AIRFLOW_CTX_DAG_RUN_ID=manual__2022-06-28T14:54:55.699826+00:00
[2022-06-28 15:00:37,524] {logging_mixin.py:115} INFO - ENTERED FUNCTION
[2022-06-28 15:00:37,940] {clientserver.py:505} INFO - Error while sending or receiving.
Traceback (most recent call last):
  File "/home/airflow/.local/lib/python3.7/site-packages/py4j/clientserver.py", line 503, in send_command
    self.socket.sendall(command.encode("utf-8"))
ConnectionResetError: [Errno 104] Connection reset by peer
[2022-06-28 15:00:37,940] {clientserver.py:543} INFO - Closing down clientserver connection
[2022-06-28 15:00:37,941] {java_gateway.py:1052} INFO - Exception while sending command.
Traceback (most recent call last):
  File "/home/airflow/.local/lib/python3.7/site-packages/py4j/clientserver.py", line 503, in send_command
    self.socket.sendall(command.encode("utf-8"))
ConnectionResetError: [Errno 104] Connection reset by peer

During handling of the above exception, another exception occurred:

Traceback (most recent call last):
  File "/home/airflow/.local/lib/python3.7/site-packages/py4j/java_gateway.py", line 1038, in send_command
    response = connection.send_command(command)
  File "/home/airflow/.local/lib/python3.7/site-packages/py4j/clientserver.py", line 507, in send_command
    "Error while sending", e, proto.ERROR_ON_SEND)
py4j.protocol.Py4JNetworkError: Error while sending
[2022-06-28 15:00:37,943] {clientserver.py:543} INFO - Closing down clientserver connection
[2022-06-28 15:00:42,281] {logging_mixin.py:115} INFO - [Row(date_collected=datetime.date(2020, 1, 27), retailer_type='counter service', retailer_detail='ready-to-eat and prepackaged health food', food_type='ready-to-eat', food_detail='organic oatmeal', label_type='sticker', label_language='use by', label_date='2020-01-28', approximate_dollar_value=5.25, collection_lat=40.69453, collection_long=-73.99447, label_explanation='')]
[2022-06-28 15:00:43,029] {logging_mixin.py:115} INFO - 171  nº records
[2022-06-28 15:00:44,078] {logging_mixin.py:115} INFO - There were  8  records eliminated by ensuring date format.
[2022-06-28 15:00:44,849] {logging_mixin.py:115} INFO - [Row(date_collected=datetime.date(2020, 1, 27), retailer_type='counter service', retailer_detail='ready-to-eat and prepackaged health food', food_type='ready-to-eat', food_detail='organic oatmeal', label_type='sticker', label_language='use by', label_date=datetime.date(2020, 1, 28), approximate_dollar_value=5.25, collection_lat=40.69453, collection_long=-73.99447, label_explanation='', no_days_untill_expire=-1)]
[2022-06-28 15:00:44,850] {logging_mixin.py:115} INFO - df normal schema
[2022-06-28 15:00:44,856] {logging_mixin.py:115} INFO - root
 |-- date_collected: date (nullable = true)
 |-- retailer_type: string (nullable = true)
 |-- retailer_detail: string (nullable = true)
 |-- food_type: string (nullable = true)
 |-- food_detail: string (nullable = true)
 |-- label_type: string (nullable = true)
 |-- label_language: string (nullable = true)
 |-- label_date: date (nullable = true)
 |-- approximate_dollar_value: double (nullable = true)
 |-- collection_lat: double (nullable = true)
 |-- collection_long: double (nullable = true)
 |-- label_explanation: string (nullable = true)
 |-- no_days_untill_expire: integer (nullable = true)
[2022-06-28 15:00:44,856] {logging_mixin.py:115} INFO - None
[2022-06-28 15:00:44,856] {python.py:173} INFO - Done. Returned value was: None
[2022-06-28 15:00:44,872] {taskinstance.py:1400} INFO - Marking task as SUCCESS. dag_id=process-food-waste-data, task_id=process_data_task, execution_date=20220628T145455, start_date=20220628T150037, end_date=20220628T150044
[2022-06-28 15:00:44,903] {local_task_job.py:156} INFO - Task exited with return code 0
[2022-06-28 15:00:44,929] {local_task_job.py:273} INFO - 1 downstream tasks scheduled from follow-on schedule check
