[2022-06-22 11:29:08,940] {taskinstance.py:1159} INFO - Dependencies all met for <TaskInstance: data_ingestion_gcs_dag.format_to_parquet_task scheduled__2020-02-01T00:00:00+00:00 [queued]>
[2022-06-22 11:29:08,947] {taskinstance.py:1159} INFO - Dependencies all met for <TaskInstance: data_ingestion_gcs_dag.format_to_parquet_task scheduled__2020-02-01T00:00:00+00:00 [queued]>
[2022-06-22 11:29:08,947] {taskinstance.py:1356} INFO - 
--------------------------------------------------------------------------------
[2022-06-22 11:29:08,947] {taskinstance.py:1357} INFO - Starting attempt 1 of 2
[2022-06-22 11:29:08,947] {taskinstance.py:1358} INFO - 
--------------------------------------------------------------------------------
[2022-06-22 11:29:08,969] {taskinstance.py:1377} INFO - Executing <Task(PythonOperator): format_to_parquet_task> on 2020-02-01 00:00:00+00:00
[2022-06-22 11:29:08,975] {standard_task_runner.py:52} INFO - Started process 630 to run task
[2022-06-22 11:29:08,978] {standard_task_runner.py:79} INFO - Running: ['***', 'tasks', 'run', 'data_ingestion_gcs_dag', 'format_to_parquet_task', 'scheduled__2020-02-01T00:00:00+00:00', '--job-id', '121', '--raw', '--subdir', 'DAGS_FOLDER/dags.py', '--cfg-path', '/tmp/tmpfodzmvcy', '--error-file', '/tmp/tmp4rx21isw']
[2022-06-22 11:29:08,979] {standard_task_runner.py:80} INFO - Job 121: Subtask format_to_parquet_task
[2022-06-22 11:29:09,018] {task_command.py:370} INFO - Running <TaskInstance: data_ingestion_gcs_dag.format_to_parquet_task scheduled__2020-02-01T00:00:00+00:00 [running]> on host 69b874fb3dd4
[2022-06-22 11:29:09,070] {taskinstance.py:1571} INFO - Exporting the following env vars:
AIRFLOW_CTX_DAG_OWNER=***
AIRFLOW_CTX_DAG_ID=data_ingestion_gcs_dag
AIRFLOW_CTX_TASK_ID=format_to_parquet_task
AIRFLOW_CTX_EXECUTION_DATE=2020-02-01T00:00:00+00:00
AIRFLOW_CTX_TRY_NUMBER=1
AIRFLOW_CTX_DAG_RUN_ID=scheduled__2020-02-01T00:00:00+00:00
[2022-06-22 11:29:09,163] {python.py:173} INFO - Done. Returned value was: None
[2022-06-22 11:29:09,172] {taskinstance.py:1400} INFO - Marking task as SUCCESS. dag_id=data_ingestion_gcs_dag, task_id=format_to_parquet_task, execution_date=20200201T000000, start_date=20220622T112908, end_date=20220622T112909
[2022-06-22 11:29:09,189] {local_task_job.py:156} INFO - Task exited with return code 0
[2022-06-22 11:29:09,221] {local_task_job.py:273} INFO - 1 downstream tasks scheduled from follow-on schedule check
