[2022-06-21 16:56:11,820] {taskinstance.py:1159} INFO - Dependencies all met for <TaskInstance: data_ingestion_gcs_dag.download_dataset_task manual__2022-06-21T16:56:09.665821+00:00 [queued]>
[2022-06-21 16:56:11,826] {taskinstance.py:1159} INFO - Dependencies all met for <TaskInstance: data_ingestion_gcs_dag.download_dataset_task manual__2022-06-21T16:56:09.665821+00:00 [queued]>
[2022-06-21 16:56:11,826] {taskinstance.py:1356} INFO - 
--------------------------------------------------------------------------------
[2022-06-21 16:56:11,826] {taskinstance.py:1357} INFO - Starting attempt 1 of 2
[2022-06-21 16:56:11,826] {taskinstance.py:1358} INFO - 
--------------------------------------------------------------------------------
[2022-06-21 16:56:11,837] {taskinstance.py:1377} INFO - Executing <Task(PythonOperator): download_dataset_task> on 2022-06-21 16:56:09.665821+00:00
[2022-06-21 16:56:11,842] {standard_task_runner.py:52} INFO - Started process 104 to run task
[2022-06-21 16:56:11,844] {standard_task_runner.py:79} INFO - Running: ['***', 'tasks', 'run', 'data_ingestion_gcs_dag', 'download_dataset_task', 'manual__2022-06-21T16:56:09.665821+00:00', '--job-id', '57', '--raw', '--subdir', 'DAGS_FOLDER/dags.py', '--cfg-path', '/tmp/tmp7wjtx5y2', '--error-file', '/tmp/tmp1reyeea1']
[2022-06-21 16:56:11,845] {standard_task_runner.py:80} INFO - Job 57: Subtask download_dataset_task
[2022-06-21 16:56:11,879] {task_command.py:370} INFO - Running <TaskInstance: data_ingestion_gcs_dag.download_dataset_task manual__2022-06-21T16:56:09.665821+00:00 [running]> on host a04ff3c4ef8a
[2022-06-21 16:56:11,934] {taskinstance.py:1571} INFO - Exporting the following env vars:
AIRFLOW_CTX_DAG_OWNER=***
AIRFLOW_CTX_DAG_ID=data_ingestion_gcs_dag
AIRFLOW_CTX_TASK_ID=download_dataset_task
AIRFLOW_CTX_EXECUTION_DATE=2022-06-21T16:56:09.665821+00:00
AIRFLOW_CTX_TRY_NUMBER=1
AIRFLOW_CTX_DAG_RUN_ID=manual__2022-06-21T16:56:09.665821+00:00
[2022-06-21 16:56:11,935] {logging_mixin.py:115} INFO - dtc-project-ritaafranco dtc-project-data_dtc-project-ritaafranco hhhhhhh
[2022-06-21 16:56:11,935] {logging_mixin.py:115} INFO - kaggle env
[2022-06-21 16:56:11,936] {logging_mixin.py:115} INFO - ritamafranco
[2022-06-21 16:56:11,936] {logging_mixin.py:115} INFO - #############################
[2022-06-21 16:56:11,936] {logging_mixin.py:115} INFO - /opt/***
[2022-06-21 16:56:11,937] {logging_mixin.py:115} INFO - /opt/***/dags/dags.py
[2022-06-21 16:56:11,937] {logging_mixin.py:115} INFO - /opt/***/dags/kaggle.json
[2022-06-21 16:56:11,937] {logging_mixin.py:115} INFO - /opt/***/dags/__pycache__/dags.cpython-37.pyc
[2022-06-21 16:56:11,937] {logging_mixin.py:115} INFO - /opt/***/logs/dag_id=data_ingestion_gcs_dag/run_id=scheduled__2022-06-20T00:00:00+00:00/task_id=download_dataset_task/attempt=2.log
[2022-06-21 16:56:11,937] {logging_mixin.py:115} INFO - /opt/***/logs/dag_id=data_ingestion_gcs_dag/run_id=scheduled__2022-06-20T00:00:00+00:00/task_id=download_dataset_task/attempt=1.log
[2022-06-21 16:56:11,937] {logging_mixin.py:115} INFO - /opt/***/logs/dag_id=data_ingestion_gcs_dag/run_id=manual__2022-06-21T16:45:40.713643+00:00/task_id=download_dataset_task/attempt=1.log
[2022-06-21 16:56:11,937] {logging_mixin.py:115} INFO - /opt/***/logs/dag_id=data_ingestion_gcs_dag/run_id=manual__2022-06-21T16:48:06.367746+00:00/task_id=download_dataset_task/attempt=1.log
[2022-06-21 16:56:11,937] {logging_mixin.py:115} INFO - /opt/***/logs/dag_id=data_ingestion_gcs_dag/run_id=manual__2022-06-21T16:25:02.169861+00:00/task_id=download_dataset_task/attempt=1.log
[2022-06-21 16:56:11,937] {logging_mixin.py:115} INFO - /opt/***/logs/dag_id=data_ingestion_gcs_dag/run_id=manual__2022-06-21T16:25:02.169861+00:00/task_id=format_to_parquet_task/attempt=1.log
[2022-06-21 16:56:11,937] {logging_mixin.py:115} INFO - /opt/***/logs/dag_id=data_ingestion_gcs_dag/run_id=manual__2022-06-21T16:53:09.995114+00:00/task_id=download_dataset_task/attempt=1.log
[2022-06-21 16:56:11,937] {logging_mixin.py:115} INFO - /opt/***/logs/dag_id=data_ingestion_gcs_dag/run_id=manual__2022-06-21T16:20:27.437267+00:00/task_id=download_dataset_task/attempt=1.log
[2022-06-21 16:56:11,937] {logging_mixin.py:115} INFO - /opt/***/logs/dag_id=data_ingestion_gcs_dag/run_id=manual__2022-06-21T16:20:27.437267+00:00/task_id=format_to_parquet_task/attempt=1.log
[2022-06-21 16:56:11,937] {logging_mixin.py:115} INFO - /opt/***/logs/dag_id=data_ingestion_gcs_dag/run_id=manual__2022-06-21T16:28:32.075206+00:00/task_id=download_dataset_task/attempt=1.log
[2022-06-21 16:56:11,937] {logging_mixin.py:115} INFO - /opt/***/logs/dag_id=data_ingestion_gcs_dag/run_id=manual__2022-06-21T16:09:21.702680+00:00/task_id=download_dataset_task/attempt=1.log
[2022-06-21 16:56:11,937] {logging_mixin.py:115} INFO - /opt/***/logs/dag_id=data_ingestion_gcs_dag/run_id=manual__2022-06-21T15:51:26.273157+00:00/task_id=download_dataset_task/attempt=2.log
[2022-06-21 16:56:11,937] {logging_mixin.py:115} INFO - /opt/***/logs/dag_id=data_ingestion_gcs_dag/run_id=manual__2022-06-21T15:51:26.273157+00:00/task_id=download_dataset_task/attempt=1.log
[2022-06-21 16:56:11,937] {logging_mixin.py:115} INFO - /opt/***/logs/dag_id=data_ingestion_gcs_dag/run_id=manual__2022-06-21T15:29:37.286778+00:00/task_id=download_dataset_task/attempt=2.log
[2022-06-21 16:56:11,937] {logging_mixin.py:115} INFO - /opt/***/logs/dag_id=data_ingestion_gcs_dag/run_id=manual__2022-06-21T15:29:37.286778+00:00/task_id=download_dataset_task/attempt=1.log
[2022-06-21 16:56:11,937] {logging_mixin.py:115} INFO - /opt/***/logs/dag_id=data_ingestion_gcs_dag/run_id=manual__2022-06-21T16:11:53.074770+00:00/task_id=download_dataset_task/attempt=1.log
[2022-06-21 16:56:11,937] {logging_mixin.py:115} INFO - /opt/***/logs/dag_id=data_ingestion_gcs_dag/run_id=manual__2022-06-21T16:11:53.074770+00:00/task_id=format_to_parquet_task/attempt=2.log
[2022-06-21 16:56:11,937] {logging_mixin.py:115} INFO - /opt/***/logs/dag_id=data_ingestion_gcs_dag/run_id=manual__2022-06-21T16:11:53.074770+00:00/task_id=format_to_parquet_task/attempt=1.log
[2022-06-21 16:56:11,937] {logging_mixin.py:115} INFO - /opt/***/logs/dag_id=data_ingestion_gcs_dag/run_id=manual__2022-06-21T16:32:22.311646+00:00/task_id=download_dataset_task/attempt=2.log
[2022-06-21 16:56:11,937] {logging_mixin.py:115} INFO - /opt/***/logs/dag_id=data_ingestion_gcs_dag/run_id=manual__2022-06-21T16:32:22.311646+00:00/task_id=download_dataset_task/attempt=1.log
[2022-06-21 16:56:11,937] {logging_mixin.py:115} INFO - /opt/***/logs/dag_id=data_ingestion_gcs_dag/run_id=manual__2022-06-21T16:56:09.665821+00:00/task_id=download_dataset_task/attempt=1.log
[2022-06-21 16:56:11,937] {logging_mixin.py:115} INFO - /opt/***/logs/dag_id=data_ingestion_gcs_dag/run_id=manual__2022-06-21T14:47:46.866256+00:00/task_id=download_dataset_task/attempt=2.log
[2022-06-21 16:56:11,937] {logging_mixin.py:115} INFO - /opt/***/logs/dag_id=data_ingestion_gcs_dag/run_id=manual__2022-06-21T14:47:46.866256+00:00/task_id=download_dataset_task/attempt=1.log
[2022-06-21 16:56:11,938] {logging_mixin.py:115} INFO - /opt/***/logs/dag_id=data_ingestion_gcs_dag/run_id=manual__2022-06-21T16:01:02.012945+00:00/task_id=download_dataset_task/attempt=2.log
[2022-06-21 16:56:11,938] {logging_mixin.py:115} INFO - /opt/***/logs/dag_id=data_ingestion_gcs_dag/run_id=manual__2022-06-21T16:01:02.012945+00:00/task_id=download_dataset_task/attempt=1.log
[2022-06-21 16:56:11,938] {logging_mixin.py:115} INFO - /opt/***/logs/dag_id=data_ingestion_gcs_dag/run_id=manual__2022-06-21T16:39:53.171404+00:00/task_id=download_dataset_task/attempt=2.log
[2022-06-21 16:56:11,938] {logging_mixin.py:115} INFO - /opt/***/logs/dag_id=data_ingestion_gcs_dag/run_id=manual__2022-06-21T16:39:53.171404+00:00/task_id=download_dataset_task/attempt=1.log
[2022-06-21 16:56:11,938] {logging_mixin.py:115} INFO - /opt/***/logs/dag_processor_manager/dag_processor_manager.log
[2022-06-21 16:56:11,938] {logging_mixin.py:115} INFO - /opt/***/logs/scheduler/latest/dags.py.log
[2022-06-21 16:56:11,938] {logging_mixin.py:115} INFO - /opt/***/logs/scheduler/latest/native_dags/example_dags/example_python_operator.py.log
[2022-06-21 16:56:11,938] {logging_mixin.py:115} INFO - /opt/***/logs/scheduler/latest/native_dags/example_dags/example_branch_labels.py.log
[2022-06-21 16:56:11,938] {logging_mixin.py:115} INFO - /opt/***/logs/scheduler/latest/native_dags/example_dags/example_xcomargs.py.log
[2022-06-21 16:56:11,938] {logging_mixin.py:115} INFO - /opt/***/logs/scheduler/latest/native_dags/example_dags/subdags/subdag.py.log
[2022-06-21 16:56:11,938] {logging_mixin.py:115} INFO - /opt/***/logs/scheduler/latest/native_dags/example_dags/example_kubernetes_executor.py.log
[2022-06-21 16:56:11,938] {logging_mixin.py:115} INFO - /opt/***/logs/scheduler/latest/native_dags/example_dags/tutorial.py.log
[2022-06-21 16:56:11,938] {logging_mixin.py:115} INFO - /opt/***/logs/scheduler/latest/native_dags/example_dags/example_passing_params_via_test_command.py.log
[2022-06-21 16:56:11,938] {logging_mixin.py:115} INFO - /opt/***/logs/scheduler/latest/native_dags/example_dags/example_task_group_decorator.py.log
[2022-06-21 16:56:11,938] {logging_mixin.py:115} INFO - /opt/***/logs/scheduler/latest/native_dags/example_dags/example_branch_operator.py.log
[2022-06-21 16:56:11,938] {logging_mixin.py:115} INFO - /opt/***/logs/scheduler/latest/native_dags/example_dags/tutorial_etl_dag.py.log
[2022-06-21 16:56:11,938] {logging_mixin.py:115} INFO - /opt/***/logs/scheduler/latest/native_dags/example_dags/example_local_kubernetes_executor.py.log
[2022-06-21 16:56:11,938] {logging_mixin.py:115} INFO - /opt/***/logs/scheduler/latest/native_dags/example_dags/example_short_circuit_operator.py.log
[2022-06-21 16:56:11,938] {logging_mixin.py:115} INFO - /opt/***/logs/scheduler/latest/native_dags/example_dags/example_nested_branch_dag.py.log
[2022-06-21 16:56:11,938] {logging_mixin.py:115} INFO - /opt/***/logs/scheduler/latest/native_dags/example_dags/example_trigger_controller_dag.py.log
[2022-06-21 16:56:11,938] {logging_mixin.py:115} INFO - /opt/***/logs/scheduler/latest/native_dags/example_dags/example_latest_only_with_trigger.py.log
[2022-06-21 16:56:11,938] {logging_mixin.py:115} INFO - /opt/***/logs/scheduler/latest/native_dags/example_dags/example_subdag_operator.py.log
[2022-06-21 16:56:11,938] {logging_mixin.py:115} INFO - /opt/***/logs/scheduler/latest/native_dags/example_dags/plugins/workday.py.log
[2022-06-21 16:56:11,938] {logging_mixin.py:115} INFO - /opt/***/logs/scheduler/latest/native_dags/example_dags/example_task_group.py.log
[2022-06-21 16:56:11,938] {logging_mixin.py:115} INFO - /opt/***/logs/scheduler/latest/native_dags/example_dags/example_branch_datetime_operator.py.log
[2022-06-21 16:56:11,938] {logging_mixin.py:115} INFO - /opt/***/logs/scheduler/latest/native_dags/example_dags/tutorial_taskflow_api_etl.py.log
[2022-06-21 16:56:11,938] {logging_mixin.py:115} INFO - /opt/***/logs/scheduler/latest/native_dags/example_dags/example_external_task_marker_dag.py.log
[2022-06-21 16:56:11,938] {logging_mixin.py:115} INFO - /opt/***/logs/scheduler/latest/native_dags/example_dags/example_time_delta_sensor_async.py.log
[2022-06-21 16:56:11,938] {logging_mixin.py:115} INFO - /opt/***/logs/scheduler/latest/native_dags/example_dags/example_branch_operator_decorator.py.log
[2022-06-21 16:56:11,938] {logging_mixin.py:115} INFO - /opt/***/logs/scheduler/latest/native_dags/example_dags/example_trigger_target_dag.py.log
[2022-06-21 16:56:11,938] {logging_mixin.py:115} INFO - /opt/***/logs/scheduler/latest/native_dags/example_dags/tutorial_taskflow_api_etl_virtualenv.py.log
[2022-06-21 16:56:11,938] {logging_mixin.py:115} INFO - /opt/***/logs/scheduler/latest/native_dags/example_dags/example_sla_dag.py.log
[2022-06-21 16:56:11,938] {logging_mixin.py:115} INFO - /opt/***/logs/scheduler/latest/native_dags/example_dags/example_latest_only.py.log
[2022-06-21 16:56:11,938] {logging_mixin.py:115} INFO - /opt/***/logs/scheduler/latest/native_dags/example_dags/example_branch_python_dop_operator_3.py.log
[2022-06-21 16:56:11,938] {logging_mixin.py:115} INFO - /opt/***/logs/scheduler/latest/native_dags/example_dags/example_xcom.py.log
[2022-06-21 16:56:11,938] {logging_mixin.py:115} INFO - /opt/***/logs/scheduler/latest/native_dags/example_dags/example_bash_operator.py.log
[2022-06-21 16:56:11,939] {logging_mixin.py:115} INFO - /opt/***/logs/scheduler/latest/native_dags/example_dags/example_complex.py.log
[2022-06-21 16:56:11,939] {logging_mixin.py:115} INFO - /opt/***/logs/scheduler/latest/native_dags/example_dags/example_dag_decorator.py.log
[2022-06-21 16:56:11,939] {logging_mixin.py:115} INFO - /opt/***/logs/scheduler/latest/native_dags/example_dags/example_branch_day_of_week_operator.py.log
[2022-06-21 16:56:11,939] {logging_mixin.py:115} INFO - /opt/***/logs/scheduler/latest/native_dags/example_dags/example_skip_dag.py.log
[2022-06-21 16:56:11,939] {logging_mixin.py:115} INFO - /opt/***/logs/scheduler/2022-06-21/dags.py.log
[2022-06-21 16:56:11,939] {logging_mixin.py:115} INFO - /opt/***/logs/scheduler/2022-06-21/native_dags/example_dags/example_python_operator.py.log
[2022-06-21 16:56:11,939] {logging_mixin.py:115} INFO - /opt/***/logs/scheduler/2022-06-21/native_dags/example_dags/example_branch_labels.py.log
[2022-06-21 16:56:11,939] {logging_mixin.py:115} INFO - /opt/***/logs/scheduler/2022-06-21/native_dags/example_dags/example_xcomargs.py.log
[2022-06-21 16:56:11,939] {logging_mixin.py:115} INFO - /opt/***/logs/scheduler/2022-06-21/native_dags/example_dags/subdags/subdag.py.log
[2022-06-21 16:56:11,939] {logging_mixin.py:115} INFO - /opt/***/logs/scheduler/2022-06-21/native_dags/example_dags/example_kubernetes_executor.py.log
[2022-06-21 16:56:11,939] {logging_mixin.py:115} INFO - /opt/***/logs/scheduler/2022-06-21/native_dags/example_dags/tutorial.py.log
[2022-06-21 16:56:11,939] {logging_mixin.py:115} INFO - /opt/***/logs/scheduler/2022-06-21/native_dags/example_dags/example_passing_params_via_test_command.py.log
[2022-06-21 16:56:11,939] {logging_mixin.py:115} INFO - /opt/***/logs/scheduler/2022-06-21/native_dags/example_dags/example_task_group_decorator.py.log
[2022-06-21 16:56:11,939] {logging_mixin.py:115} INFO - /opt/***/logs/scheduler/2022-06-21/native_dags/example_dags/example_branch_operator.py.log
[2022-06-21 16:56:11,939] {logging_mixin.py:115} INFO - /opt/***/logs/scheduler/2022-06-21/native_dags/example_dags/tutorial_etl_dag.py.log
[2022-06-21 16:56:11,939] {logging_mixin.py:115} INFO - /opt/***/logs/scheduler/2022-06-21/native_dags/example_dags/example_local_kubernetes_executor.py.log
[2022-06-21 16:56:11,939] {logging_mixin.py:115} INFO - /opt/***/logs/scheduler/2022-06-21/native_dags/example_dags/example_short_circuit_operator.py.log
[2022-06-21 16:56:11,939] {logging_mixin.py:115} INFO - /opt/***/logs/scheduler/2022-06-21/native_dags/example_dags/example_nested_branch_dag.py.log
[2022-06-21 16:56:11,939] {logging_mixin.py:115} INFO - /opt/***/logs/scheduler/2022-06-21/native_dags/example_dags/example_trigger_controller_dag.py.log
[2022-06-21 16:56:11,939] {logging_mixin.py:115} INFO - /opt/***/logs/scheduler/2022-06-21/native_dags/example_dags/example_latest_only_with_trigger.py.log
[2022-06-21 16:56:11,939] {logging_mixin.py:115} INFO - /opt/***/logs/scheduler/2022-06-21/native_dags/example_dags/example_subdag_operator.py.log
[2022-06-21 16:56:11,939] {logging_mixin.py:115} INFO - /opt/***/logs/scheduler/2022-06-21/native_dags/example_dags/plugins/workday.py.log
[2022-06-21 16:56:11,939] {logging_mixin.py:115} INFO - /opt/***/logs/scheduler/2022-06-21/native_dags/example_dags/example_task_group.py.log
[2022-06-21 16:56:11,939] {logging_mixin.py:115} INFO - /opt/***/logs/scheduler/2022-06-21/native_dags/example_dags/example_branch_datetime_operator.py.log
[2022-06-21 16:56:11,939] {logging_mixin.py:115} INFO - /opt/***/logs/scheduler/2022-06-21/native_dags/example_dags/tutorial_taskflow_api_etl.py.log
[2022-06-21 16:56:11,939] {logging_mixin.py:115} INFO - /opt/***/logs/scheduler/2022-06-21/native_dags/example_dags/example_external_task_marker_dag.py.log
[2022-06-21 16:56:11,939] {logging_mixin.py:115} INFO - /opt/***/logs/scheduler/2022-06-21/native_dags/example_dags/example_time_delta_sensor_async.py.log
[2022-06-21 16:56:11,939] {logging_mixin.py:115} INFO - /opt/***/logs/scheduler/2022-06-21/native_dags/example_dags/example_branch_operator_decorator.py.log
[2022-06-21 16:56:11,939] {logging_mixin.py:115} INFO - /opt/***/logs/scheduler/2022-06-21/native_dags/example_dags/example_trigger_target_dag.py.log
[2022-06-21 16:56:11,939] {logging_mixin.py:115} INFO - /opt/***/logs/scheduler/2022-06-21/native_dags/example_dags/tutorial_taskflow_api_etl_virtualenv.py.log
[2022-06-21 16:56:11,939] {logging_mixin.py:115} INFO - /opt/***/logs/scheduler/2022-06-21/native_dags/example_dags/example_sla_dag.py.log
[2022-06-21 16:56:11,939] {logging_mixin.py:115} INFO - /opt/***/logs/scheduler/2022-06-21/native_dags/example_dags/example_latest_only.py.log
[2022-06-21 16:56:11,939] {logging_mixin.py:115} INFO - /opt/***/logs/scheduler/2022-06-21/native_dags/example_dags/example_branch_python_dop_operator_3.py.log
[2022-06-21 16:56:11,940] {logging_mixin.py:115} INFO - /opt/***/logs/scheduler/2022-06-21/native_dags/example_dags/example_xcom.py.log
[2022-06-21 16:56:11,940] {logging_mixin.py:115} INFO - /opt/***/logs/scheduler/2022-06-21/native_dags/example_dags/example_bash_operator.py.log
[2022-06-21 16:56:11,940] {logging_mixin.py:115} INFO - /opt/***/logs/scheduler/2022-06-21/native_dags/example_dags/example_complex.py.log
[2022-06-21 16:56:11,940] {logging_mixin.py:115} INFO - /opt/***/logs/scheduler/2022-06-21/native_dags/example_dags/example_dag_decorator.py.log
[2022-06-21 16:56:11,940] {logging_mixin.py:115} INFO - /opt/***/logs/scheduler/2022-06-21/native_dags/example_dags/example_branch_day_of_week_operator.py.log
[2022-06-21 16:56:11,940] {logging_mixin.py:115} INFO - /opt/***/logs/scheduler/2022-06-21/native_dags/example_dags/example_skip_dag.py.log
[2022-06-21 16:56:11,940] {logging_mixin.py:115} INFO - /opt/***/***-worker.pid
[2022-06-21 16:56:11,940] {logging_mixin.py:115} INFO - /opt/***/webserver_config.py
[2022-06-21 16:56:11,940] {logging_mixin.py:115} INFO - /opt/***/***.cfg
[2022-06-21 16:56:11,940] {logging_mixin.py:115} INFO - /opt/***/.kaggle/kaggle.json
[2022-06-21 16:56:11,940] {logging_mixin.py:115} INFO - ****************
[2022-06-21 16:56:12,268] {taskinstance.py:1889} ERROR - Task failed with exception
Traceback (most recent call last):
  File "/home/airflow/.local/lib/python3.7/site-packages/airflow/operators/python.py", line 171, in execute
    return_value = self.execute_callable()
  File "/home/airflow/.local/lib/python3.7/site-packages/airflow/operators/python.py", line 189, in execute_callable
    return self.python_callable(*self.op_args, **self.op_kwargs)
  File "/opt/airflow/dags/dags.py", line 73, in download_data
    print(api.datasets_list(search='food'))
  File "/home/airflow/.local/lib/python3.7/site-packages/kaggle/api/kaggle_api.py", line 1623, in datasets_list
    (data) = self.datasets_list_with_http_info(**kwargs)  # noqa: E501
  File "/home/airflow/.local/lib/python3.7/site-packages/kaggle/api/kaggle_api.py", line 1722, in datasets_list_with_http_info
    collection_formats=collection_formats)
  File "/home/airflow/.local/lib/python3.7/site-packages/kaggle/api_client.py", line 334, in call_api
    _preload_content, _request_timeout)
  File "/home/airflow/.local/lib/python3.7/site-packages/kaggle/api_client.py", line 165, in __call_api
    _request_timeout=_request_timeout)
  File "/home/airflow/.local/lib/python3.7/site-packages/kaggle/api_client.py", line 355, in request
    headers=headers)
  File "/home/airflow/.local/lib/python3.7/site-packages/kaggle/rest.py", line 251, in GET
    query_params=query_params)
  File "/home/airflow/.local/lib/python3.7/site-packages/kaggle/rest.py", line 241, in request
    raise ApiException(http_resp=r)
kaggle.rest.ApiException: (401)
Reason: Unauthorized
HTTP response headers: HTTPHeaderDict({'Content-Length': '0', 'Date': 'Tue, 21 Jun 2022 16:56:22 GMT', 'Access-Control-Allow-Credentials': 'true', 'Set-Cookie': 'ka_sessionid=4633999f38d9740aacff9473443ef404; max-age=2626560; path=/, GCLB=CPaIwKSct5KZSw; path=/; HttpOnly', 'Turbolinks-Location': 'https://www.kaggle.com/api/v1/datasets/list?search=food', 'Strict-Transport-Security': 'max-age=63072000; includeSubDomains; preload', 'Content-Security-Policy': "object-src 'none'; script-src 'nonce-JIzroZ38FufULxptOKSsVg==' 'report-sample' 'unsafe-inline' 'unsafe-eval' 'strict-dynamic' https: http:; frame-src 'self' https://www.kaggleusercontent.com https://www.youtube.com/embed/ https://polygraph-cool.github.io https://www.google.com/recaptcha/ https://form.jotform.com https://submit.jotform.us https://submit.jotformpro.com https://submit.jotform.com https://www.docdroid.com https://www.docdroid.net https://kaggle-static.storage.googleapis.com https://kaggle-static-staging.storage.googleapis.com https://kkb-dev.jupyter-proxy.kaggle.net https://kkb-staging.jupyter-proxy.kaggle.net https://kkb-production.jupyter-proxy.kaggle.net https://kkb-dev.firebaseapp.com https://kkb-staging.firebaseapp.com https://kkb-production.firebaseapp.com https://kaggle-metastore-test.firebaseapp.com https://kaggle-metastore.firebaseapp.com https://apis.google.com https://content-sheets.googleapis.com/ https://accounts.google.com/ https://storage.googleapis.com https://docs.google.com https://drive.google.com; base-uri 'none'; report-uri https://csp.withgoogle.com/csp/kaggle/20201130;", 'X-Content-Type-Options': 'nosniff', 'Referrer-Policy': 'strict-origin-when-cross-origin', 'Via': '1.1 google', 'Alt-Svc': 'h3=":443"; ma=2592000,h3-29=":443"; ma=2592000'})

[2022-06-21 16:56:12,277] {taskinstance.py:1400} INFO - Marking task as UP_FOR_RETRY. dag_id=data_ingestion_gcs_dag, task_id=download_dataset_task, execution_date=20220621T165609, start_date=20220621T165611, end_date=20220621T165612
[2022-06-21 16:56:12,289] {standard_task_runner.py:97} ERROR - Failed to execute job 57 for task download_dataset_task ((401)
Reason: Unauthorized
HTTP response headers: HTTPHeaderDict({'Content-Length': '0', 'Date': 'Tue, 21 Jun 2022 16:56:22 GMT', 'Access-Control-Allow-Credentials': 'true', 'Set-Cookie': 'ka_sessionid=4633999f38d9740aacff9473443ef404; max-age=2626560; path=/, GCLB=CPaIwKSct5KZSw; path=/; HttpOnly', 'Turbolinks-Location': 'https://www.kaggle.com/api/v1/datasets/list?search=food', 'Strict-Transport-Security': 'max-age=63072000; includeSubDomains; preload', 'Content-Security-Policy': "object-src 'none'; script-src 'nonce-JIzroZ38FufULxptOKSsVg==' 'report-sample' 'unsafe-inline' 'unsafe-eval' 'strict-dynamic' https: http:; frame-src 'self' https://www.kaggleusercontent.com https://www.youtube.com/embed/ https://polygraph-cool.github.io https://www.google.com/recaptcha/ https://form.jotform.com https://submit.jotform.us https://submit.jotformpro.com https://submit.jotform.com https://www.docdroid.com https://www.docdroid.net https://kaggle-static.storage.googleapis.com https://kaggle-static-staging.storage.googleapis.com https://kkb-dev.jupyter-proxy.kaggle.net https://kkb-staging.jupyter-proxy.kaggle.net https://kkb-production.jupyter-proxy.kaggle.net https://kkb-dev.firebaseapp.com https://kkb-staging.firebaseapp.com https://kkb-production.firebaseapp.com https://kaggle-metastore-test.firebaseapp.com https://kaggle-metastore.firebaseapp.com https://apis.google.com https://content-sheets.googleapis.com/ https://accounts.google.com/ https://storage.googleapis.com https://docs.google.com https://drive.google.com; base-uri 'none'; report-uri https://csp.withgoogle.com/csp/kaggle/20201130;", 'X-Content-Type-Options': 'nosniff', 'Referrer-Policy': 'strict-origin-when-cross-origin', 'Via': '1.1 google', 'Alt-Svc': 'h3=":443"; ma=2592000,h3-29=":443"; ma=2592000'})
; 104)
[2022-06-21 16:56:12,337] {local_task_job.py:156} INFO - Task exited with return code 1
[2022-06-21 16:56:12,380] {local_task_job.py:273} INFO - 0 downstream tasks scheduled from follow-on schedule check
