[2022-06-27 16:21:11,142] {taskinstance.py:1159} INFO - Dependencies all met for <TaskInstance: data_ingestion_to_gcs.rm_task manual__2022-06-27T16:21:04.238548+00:00 [queued]>
[2022-06-27 16:21:11,149] {taskinstance.py:1159} INFO - Dependencies all met for <TaskInstance: data_ingestion_to_gcs.rm_task manual__2022-06-27T16:21:04.238548+00:00 [queued]>
[2022-06-27 16:21:11,149] {taskinstance.py:1356} INFO - 
--------------------------------------------------------------------------------
[2022-06-27 16:21:11,149] {taskinstance.py:1357} INFO - Starting attempt 1 of 2
[2022-06-27 16:21:11,149] {taskinstance.py:1358} INFO - 
--------------------------------------------------------------------------------
[2022-06-27 16:21:11,160] {taskinstance.py:1377} INFO - Executing <Task(BashOperator): rm_task> on 2022-06-27 16:21:04.238548+00:00
[2022-06-27 16:21:11,165] {standard_task_runner.py:52} INFO - Started process 817 to run task
[2022-06-27 16:21:11,167] {standard_task_runner.py:79} INFO - Running: ['***', 'tasks', 'run', 'data_ingestion_to_gcs', 'rm_task', 'manual__2022-06-27T16:21:04.238548+00:00', '--job-id', '429', '--raw', '--subdir', 'DAGS_FOLDER/01_data_ingestion_to_gcs.py', '--cfg-path', '/tmp/tmpt8mt3687', '--error-file', '/tmp/tmpxch0rqw1']
[2022-06-27 16:21:11,167] {standard_task_runner.py:80} INFO - Job 429: Subtask rm_task
[2022-06-27 16:21:11,208] {task_command.py:370} INFO - Running <TaskInstance: data_ingestion_to_gcs.rm_task manual__2022-06-27T16:21:04.238548+00:00 [running]> on host f25a006a3237
[2022-06-27 16:21:11,265] {taskinstance.py:1571} INFO - Exporting the following env vars:
AIRFLOW_CTX_DAG_OWNER=***
AIRFLOW_CTX_DAG_ID=data_ingestion_to_gcs
AIRFLOW_CTX_TASK_ID=rm_task
AIRFLOW_CTX_EXECUTION_DATE=2022-06-27T16:21:04.238548+00:00
AIRFLOW_CTX_TRY_NUMBER=1
AIRFLOW_CTX_DAG_RUN_ID=manual__2022-06-27T16:21:04.238548+00:00
[2022-06-27 16:21:11,266] {subprocess.py:62} INFO - Tmp dir root location: 
 /tmp
[2022-06-27 16:21:11,267] {subprocess.py:74} INFO - Running command: ['bash', '-c', 'rm /opt/***/brooklyn.csv /opt/***/brooklyn-food-waste.zip']
[2022-06-27 16:21:11,277] {subprocess.py:85} INFO - Output:
[2022-06-27 16:21:11,279] {subprocess.py:96} INFO - Command exited with return code 0
[2022-06-27 16:21:11,300] {taskinstance.py:1400} INFO - Marking task as SUCCESS. dag_id=data_ingestion_to_gcs, task_id=rm_task, execution_date=20220627T162104, start_date=20220627T162111, end_date=20220627T162111
[2022-06-27 16:21:11,339] {local_task_job.py:156} INFO - Task exited with return code 0
[2022-06-27 16:21:11,363] {local_task_job.py:273} INFO - 0 downstream tasks scheduled from follow-on schedule check
