[2022-06-27 17:17:47,771] {taskinstance.py:1159} INFO - Dependencies all met for <TaskInstance: data_ingestion_to_gcs.trigger manual__2022-06-27T17:17:40.384881+00:00 [queued]>
[2022-06-27 17:17:47,776] {taskinstance.py:1159} INFO - Dependencies all met for <TaskInstance: data_ingestion_to_gcs.trigger manual__2022-06-27T17:17:40.384881+00:00 [queued]>
[2022-06-27 17:17:47,777] {taskinstance.py:1356} INFO - 
--------------------------------------------------------------------------------
[2022-06-27 17:17:47,777] {taskinstance.py:1357} INFO - Starting attempt 1 of 2
[2022-06-27 17:17:47,777] {taskinstance.py:1358} INFO - 
--------------------------------------------------------------------------------
[2022-06-27 17:17:47,786] {taskinstance.py:1377} INFO - Executing <Task(TriggerDagRunOperator): trigger> on 2022-06-27 17:17:40.384881+00:00
[2022-06-27 17:17:47,792] {standard_task_runner.py:52} INFO - Started process 1839 to run task
[2022-06-27 17:17:47,794] {standard_task_runner.py:79} INFO - Running: ['***', 'tasks', 'run', 'data_ingestion_to_gcs', 'trigger', 'manual__2022-06-27T17:17:40.384881+00:00', '--job-id', '465', '--raw', '--subdir', 'DAGS_FOLDER/01_data_ingestion_to_gcs.py', '--cfg-path', '/tmp/tmp73c2pk21', '--error-file', '/tmp/tmp8483zvcs']
[2022-06-27 17:17:47,794] {standard_task_runner.py:80} INFO - Job 465: Subtask trigger
[2022-06-27 17:17:47,829] {task_command.py:370} INFO - Running <TaskInstance: data_ingestion_to_gcs.trigger manual__2022-06-27T17:17:40.384881+00:00 [running]> on host d3c6daab9be3
[2022-06-27 17:17:47,877] {taskinstance.py:1571} INFO - Exporting the following env vars:
AIRFLOW_CTX_DAG_OWNER=***
AIRFLOW_CTX_DAG_ID=data_ingestion_to_gcs
AIRFLOW_CTX_TASK_ID=trigger
AIRFLOW_CTX_EXECUTION_DATE=2022-06-27T17:17:40.384881+00:00
AIRFLOW_CTX_TRY_NUMBER=1
AIRFLOW_CTX_DAG_RUN_ID=manual__2022-06-27T17:17:40.384881+00:00
[2022-06-27 17:17:47,933] {taskinstance.py:1400} INFO - Marking task as SUCCESS. dag_id=data_ingestion_to_gcs, task_id=trigger, execution_date=20220627T171740, start_date=20220627T171747, end_date=20220627T171747
[2022-06-27 17:17:47,966] {local_task_job.py:156} INFO - Task exited with return code 0
[2022-06-27 17:17:48,010] {local_task_job.py:273} INFO - 1 downstream tasks scheduled from follow-on schedule check
