[2022-06-21 17:15:30,901] {taskinstance.py:1159} INFO - Dependencies all met for <TaskInstance: data_ingestion_gcs_dag.download_dataset_task manual__2022-06-21T17:15:10.456264+00:00 [queued]>
[2022-06-21 17:15:30,907] {taskinstance.py:1159} INFO - Dependencies all met for <TaskInstance: data_ingestion_gcs_dag.download_dataset_task manual__2022-06-21T17:15:10.456264+00:00 [queued]>
[2022-06-21 17:15:30,908] {taskinstance.py:1356} INFO - 
--------------------------------------------------------------------------------
[2022-06-21 17:15:30,908] {taskinstance.py:1357} INFO - Starting attempt 1 of 2
[2022-06-21 17:15:30,908] {taskinstance.py:1358} INFO - 
--------------------------------------------------------------------------------
[2022-06-21 17:15:30,919] {taskinstance.py:1377} INFO - Executing <Task(PythonOperator): download_dataset_task> on 2022-06-21 17:15:10.456264+00:00
[2022-06-21 17:15:30,924] {standard_task_runner.py:52} INFO - Started process 96 to run task
[2022-06-21 17:15:30,926] {standard_task_runner.py:79} INFO - Running: ['***', 'tasks', 'run', 'data_ingestion_gcs_dag', 'download_dataset_task', 'manual__2022-06-21T17:15:10.456264+00:00', '--job-id', '67', '--raw', '--subdir', 'DAGS_FOLDER/dags.py', '--cfg-path', '/tmp/tmp7wnmw63j', '--error-file', '/tmp/tmp6wnjnl4t']
[2022-06-21 17:15:30,927] {standard_task_runner.py:80} INFO - Job 67: Subtask download_dataset_task
[2022-06-21 17:15:30,966] {task_command.py:370} INFO - Running <TaskInstance: data_ingestion_gcs_dag.download_dataset_task manual__2022-06-21T17:15:10.456264+00:00 [running]> on host 8245915a88cb
[2022-06-21 17:15:31,019] {taskinstance.py:1571} INFO - Exporting the following env vars:
AIRFLOW_CTX_DAG_OWNER=***
AIRFLOW_CTX_DAG_ID=data_ingestion_gcs_dag
AIRFLOW_CTX_TASK_ID=download_dataset_task
AIRFLOW_CTX_EXECUTION_DATE=2022-06-21T17:15:10.456264+00:00
AIRFLOW_CTX_TRY_NUMBER=1
AIRFLOW_CTX_DAG_RUN_ID=manual__2022-06-21T17:15:10.456264+00:00
[2022-06-21 17:15:31,020] {logging_mixin.py:115} INFO - dtc-project-ritaafranco dtc-project-data_dtc-project-ritaafranco hhhhhhh
[2022-06-21 17:15:31,020] {logging_mixin.py:115} INFO - kaggle env
[2022-06-21 17:15:31,020] {logging_mixin.py:115} INFO - ritamafranco
[2022-06-21 17:15:31,020] {logging_mixin.py:115} INFO - #############################
[2022-06-21 17:15:31,020] {logging_mixin.py:115} INFO - /opt/***
[2022-06-21 17:15:32,211] {python.py:173} INFO - Done. Returned value was: None
[2022-06-21 17:15:32,221] {taskinstance.py:1400} INFO - Marking task as SUCCESS. dag_id=data_ingestion_gcs_dag, task_id=download_dataset_task, execution_date=20220621T171510, start_date=20220621T171530, end_date=20220621T171532
[2022-06-21 17:15:32,261] {local_task_job.py:156} INFO - Task exited with return code 0
[2022-06-21 17:15:32,294] {local_task_job.py:273} INFO - 1 downstream tasks scheduled from follow-on schedule check
