[2022-06-28 15:09:16,768] {taskinstance.py:1159} INFO - Dependencies all met for <TaskInstance: data_ingestion_to_gcs.trigger manual__2022-06-28T15:09:10.722422+00:00 [queued]>
[2022-06-28 15:09:16,775] {taskinstance.py:1159} INFO - Dependencies all met for <TaskInstance: data_ingestion_to_gcs.trigger manual__2022-06-28T15:09:10.722422+00:00 [queued]>
[2022-06-28 15:09:16,775] {taskinstance.py:1356} INFO - 
--------------------------------------------------------------------------------
[2022-06-28 15:09:16,775] {taskinstance.py:1357} INFO - Starting attempt 1 of 2
[2022-06-28 15:09:16,775] {taskinstance.py:1358} INFO - 
--------------------------------------------------------------------------------
[2022-06-28 15:09:16,788] {taskinstance.py:1377} INFO - Executing <Task(TriggerDagRunOperator): trigger> on 2022-06-28 15:09:10.722422+00:00
[2022-06-28 15:09:16,793] {standard_task_runner.py:52} INFO - Started process 663 to run task
[2022-06-28 15:09:16,796] {standard_task_runner.py:79} INFO - Running: ['***', 'tasks', 'run', 'data_ingestion_to_gcs', 'trigger', 'manual__2022-06-28T15:09:10.722422+00:00', '--job-id', '532', '--raw', '--subdir', 'DAGS_FOLDER/01_data_ingestion_to_gcs.py', '--cfg-path', '/tmp/tmpau5xxpz0', '--error-file', '/tmp/tmpf5hzs64b']
[2022-06-28 15:09:16,796] {standard_task_runner.py:80} INFO - Job 532: Subtask trigger
[2022-06-28 15:09:16,833] {task_command.py:370} INFO - Running <TaskInstance: data_ingestion_to_gcs.trigger manual__2022-06-28T15:09:10.722422+00:00 [running]> on host 375d46b24910
[2022-06-28 15:09:16,887] {taskinstance.py:1571} INFO - Exporting the following env vars:
AIRFLOW_CTX_DAG_OWNER=***
AIRFLOW_CTX_DAG_ID=data_ingestion_to_gcs
AIRFLOW_CTX_TASK_ID=trigger
AIRFLOW_CTX_EXECUTION_DATE=2022-06-28T15:09:10.722422+00:00
AIRFLOW_CTX_TRY_NUMBER=1
AIRFLOW_CTX_DAG_RUN_ID=manual__2022-06-28T15:09:10.722422+00:00
[2022-06-28 15:09:17,850] {taskinstance.py:1400} INFO - Marking task as SUCCESS. dag_id=data_ingestion_to_gcs, task_id=trigger, execution_date=20220628T150910, start_date=20220628T150916, end_date=20220628T150917
[2022-06-28 15:09:17,893] {local_task_job.py:156} INFO - Task exited with return code 0
[2022-06-28 15:09:17,932] {local_task_job.py:273} INFO - 0 downstream tasks scheduled from follow-on schedule check
