[2022-06-27 16:21:09,996] {taskinstance.py:1159} INFO - Dependencies all met for <TaskInstance: data_ingestion_to_gcs.trigger manual__2022-06-27T16:21:04.238548+00:00 [queued]>
[2022-06-27 16:21:10,005] {taskinstance.py:1159} INFO - Dependencies all met for <TaskInstance: data_ingestion_to_gcs.trigger manual__2022-06-27T16:21:04.238548+00:00 [queued]>
[2022-06-27 16:21:10,005] {taskinstance.py:1356} INFO - 
--------------------------------------------------------------------------------
[2022-06-27 16:21:10,005] {taskinstance.py:1357} INFO - Starting attempt 1 of 2
[2022-06-27 16:21:10,005] {taskinstance.py:1358} INFO - 
--------------------------------------------------------------------------------
[2022-06-27 16:21:10,019] {taskinstance.py:1377} INFO - Executing <Task(TriggerDagRunOperator): trigger> on 2022-06-27 16:21:04.238548+00:00
[2022-06-27 16:21:10,024] {standard_task_runner.py:52} INFO - Started process 812 to run task
[2022-06-27 16:21:10,026] {standard_task_runner.py:79} INFO - Running: ['***', 'tasks', 'run', 'data_ingestion_to_gcs', 'trigger', 'manual__2022-06-27T16:21:04.238548+00:00', '--job-id', '428', '--raw', '--subdir', 'DAGS_FOLDER/01_data_ingestion_to_gcs.py', '--cfg-path', '/tmp/tmp3vign9jy', '--error-file', '/tmp/tmplogj4h40']
[2022-06-27 16:21:10,027] {standard_task_runner.py:80} INFO - Job 428: Subtask trigger
[2022-06-27 16:21:10,070] {task_command.py:370} INFO - Running <TaskInstance: data_ingestion_to_gcs.trigger manual__2022-06-27T16:21:04.238548+00:00 [running]> on host f25a006a3237
[2022-06-27 16:21:10,137] {taskinstance.py:1571} INFO - Exporting the following env vars:
AIRFLOW_CTX_DAG_OWNER=***
AIRFLOW_CTX_DAG_ID=data_ingestion_to_gcs
AIRFLOW_CTX_TASK_ID=trigger
AIRFLOW_CTX_EXECUTION_DATE=2022-06-27T16:21:04.238548+00:00
AIRFLOW_CTX_TRY_NUMBER=1
AIRFLOW_CTX_DAG_RUN_ID=manual__2022-06-27T16:21:04.238548+00:00
[2022-06-27 16:21:10,199] {taskinstance.py:1400} INFO - Marking task as SUCCESS. dag_id=data_ingestion_to_gcs, task_id=trigger, execution_date=20220627T162104, start_date=20220627T162109, end_date=20220627T162110
[2022-06-27 16:21:10,239] {local_task_job.py:156} INFO - Task exited with return code 0
[2022-06-27 16:21:10,267] {local_task_job.py:273} INFO - 1 downstream tasks scheduled from follow-on schedule check
