[2022-06-22 11:33:03,637] {taskinstance.py:1159} INFO - Dependencies all met for <TaskInstance: data_ingestion_gcs_dag.download_data_task scheduled__2020-04-01T00:00:00+00:00 [queued]>
[2022-06-22 11:33:03,643] {taskinstance.py:1159} INFO - Dependencies all met for <TaskInstance: data_ingestion_gcs_dag.download_data_task scheduled__2020-04-01T00:00:00+00:00 [queued]>
[2022-06-22 11:33:03,643] {taskinstance.py:1356} INFO - 
--------------------------------------------------------------------------------
[2022-06-22 11:33:03,643] {taskinstance.py:1357} INFO - Starting attempt 1 of 2
[2022-06-22 11:33:03,643] {taskinstance.py:1358} INFO - 
--------------------------------------------------------------------------------
[2022-06-22 11:33:03,655] {taskinstance.py:1377} INFO - Executing <Task(PythonOperator): download_data_task> on 2020-04-01 00:00:00+00:00
[2022-06-22 11:33:03,660] {standard_task_runner.py:52} INFO - Started process 199 to run task
[2022-06-22 11:33:03,663] {standard_task_runner.py:79} INFO - Running: ['***', 'tasks', 'run', 'data_ingestion_gcs_dag', 'download_data_task', 'scheduled__2020-04-01T00:00:00+00:00', '--job-id', '128', '--raw', '--subdir', 'DAGS_FOLDER/dags.py', '--cfg-path', '/tmp/tmpzkqwvbmi', '--error-file', '/tmp/tmpnxccf89b']
[2022-06-22 11:33:03,663] {standard_task_runner.py:80} INFO - Job 128: Subtask download_data_task
[2022-06-22 11:33:03,699] {task_command.py:370} INFO - Running <TaskInstance: data_ingestion_gcs_dag.download_data_task scheduled__2020-04-01T00:00:00+00:00 [running]> on host f5e08f6fa060
[2022-06-22 11:33:03,752] {taskinstance.py:1571} INFO - Exporting the following env vars:
AIRFLOW_CTX_DAG_OWNER=***
AIRFLOW_CTX_DAG_ID=data_ingestion_gcs_dag
AIRFLOW_CTX_TASK_ID=download_data_task
AIRFLOW_CTX_EXECUTION_DATE=2020-04-01T00:00:00+00:00
AIRFLOW_CTX_TRY_NUMBER=1
AIRFLOW_CTX_DAG_RUN_ID=scheduled__2020-04-01T00:00:00+00:00
[2022-06-22 11:33:03,761] {taskinstance.py:1889} ERROR - Task failed with exception
Traceback (most recent call last):
  File "/home/airflow/.local/lib/python3.7/site-packages/airflow/operators/python.py", line 171, in execute
    return_value = self.execute_callable()
  File "/home/airflow/.local/lib/python3.7/site-packages/airflow/operators/python.py", line 189, in execute_callable
    return self.python_callable(*self.op_args, **self.op_kwargs)
  File "/opt/airflow/dags/dags.py", line 28, in download_data
    from kaggle.api.kaggle_api_extended import KaggleApi
  File "/home/airflow/.local/lib/python3.7/site-packages/kaggle/__init__.py", line 23, in <module>
    api.authenticate()
  File "/home/airflow/.local/lib/python3.7/site-packages/kaggle/api/kaggle_api_extended.py", line 166, in authenticate
    self.config_file, self.config_dir))
OSError: Could not find kaggle.json. Make sure it's located in /home/***/.kaggle. Or use the environment method.
[2022-06-22 11:33:03,770] {taskinstance.py:1400} INFO - Marking task as UP_FOR_RETRY. dag_id=data_ingestion_gcs_dag, task_id=download_data_task, execution_date=20200401T000000, start_date=20220622T113303, end_date=20220622T113303
[2022-06-22 11:33:03,780] {standard_task_runner.py:97} ERROR - Failed to execute job 128 for task download_data_task (Could not find kaggle.json. Make sure it's located in /home/***/.kaggle. Or use the environment method.; 199)
[2022-06-22 11:33:03,794] {local_task_job.py:156} INFO - Task exited with return code 1
[2022-06-22 11:33:03,826] {local_task_job.py:273} INFO - 0 downstream tasks scheduled from follow-on schedule check
