[2022-06-22 11:29:06,172] {taskinstance.py:1159} INFO - Dependencies all met for <TaskInstance: data_ingestion_gcs_dag.download_data_task scheduled__2020-02-01T00:00:00+00:00 [queued]>
[2022-06-22 11:29:06,178] {taskinstance.py:1159} INFO - Dependencies all met for <TaskInstance: data_ingestion_gcs_dag.download_data_task scheduled__2020-02-01T00:00:00+00:00 [queued]>
[2022-06-22 11:29:06,178] {taskinstance.py:1356} INFO - 
--------------------------------------------------------------------------------
[2022-06-22 11:29:06,178] {taskinstance.py:1357} INFO - Starting attempt 1 of 2
[2022-06-22 11:29:06,178] {taskinstance.py:1358} INFO - 
--------------------------------------------------------------------------------
[2022-06-22 11:29:06,189] {taskinstance.py:1377} INFO - Executing <Task(PythonOperator): download_data_task> on 2020-02-01 00:00:00+00:00
[2022-06-22 11:29:06,194] {standard_task_runner.py:52} INFO - Started process 532 to run task
[2022-06-22 11:29:06,196] {standard_task_runner.py:79} INFO - Running: ['***', 'tasks', 'run', 'data_ingestion_gcs_dag', 'download_data_task', 'scheduled__2020-02-01T00:00:00+00:00', '--job-id', '117', '--raw', '--subdir', 'DAGS_FOLDER/dags.py', '--cfg-path', '/tmp/tmpwy0af6ky', '--error-file', '/tmp/tmp5ucoc8m1']
[2022-06-22 11:29:06,196] {standard_task_runner.py:80} INFO - Job 117: Subtask download_data_task
[2022-06-22 11:29:06,228] {task_command.py:370} INFO - Running <TaskInstance: data_ingestion_gcs_dag.download_data_task scheduled__2020-02-01T00:00:00+00:00 [running]> on host 69b874fb3dd4
[2022-06-22 11:29:06,282] {taskinstance.py:1571} INFO - Exporting the following env vars:
AIRFLOW_CTX_DAG_OWNER=***
AIRFLOW_CTX_DAG_ID=data_ingestion_gcs_dag
AIRFLOW_CTX_TASK_ID=download_data_task
AIRFLOW_CTX_EXECUTION_DATE=2020-02-01T00:00:00+00:00
AIRFLOW_CTX_TRY_NUMBER=1
AIRFLOW_CTX_DAG_RUN_ID=scheduled__2020-02-01T00:00:00+00:00
[2022-06-22 11:29:06,930] {python.py:173} INFO - Done. Returned value was: None
[2022-06-22 11:29:06,939] {taskinstance.py:1400} INFO - Marking task as SUCCESS. dag_id=data_ingestion_gcs_dag, task_id=download_data_task, execution_date=20200201T000000, start_date=20220622T112906, end_date=20220622T112906
[2022-06-22 11:29:06,970] {local_task_job.py:156} INFO - Task exited with return code 0
[2022-06-22 11:29:07,000] {local_task_job.py:273} INFO - 1 downstream tasks scheduled from follow-on schedule check
