[2022-06-27 13:18:59,315] {taskinstance.py:1159} INFO - Dependencies all met for <TaskInstance: data_ingestion_to_gcs.download_data_task manual__2022-06-27T13:18:58.444696+00:00 [queued]>
[2022-06-27 13:18:59,320] {taskinstance.py:1159} INFO - Dependencies all met for <TaskInstance: data_ingestion_to_gcs.download_data_task manual__2022-06-27T13:18:58.444696+00:00 [queued]>
[2022-06-27 13:18:59,320] {taskinstance.py:1356} INFO - 
--------------------------------------------------------------------------------
[2022-06-27 13:18:59,321] {taskinstance.py:1357} INFO - Starting attempt 1 of 2
[2022-06-27 13:18:59,321] {taskinstance.py:1358} INFO - 
--------------------------------------------------------------------------------
[2022-06-27 13:18:59,331] {taskinstance.py:1377} INFO - Executing <Task(PythonOperator): download_data_task> on 2022-06-27 13:18:58.444696+00:00
[2022-06-27 13:18:59,336] {standard_task_runner.py:52} INFO - Started process 355 to run task
[2022-06-27 13:18:59,337] {standard_task_runner.py:79} INFO - Running: ['***', 'tasks', 'run', 'data_ingestion_to_gcs', 'download_data_task', 'manual__2022-06-27T13:18:58.444696+00:00', '--job-id', '378', '--raw', '--subdir', 'DAGS_FOLDER/01_data_ingestion_to_gcs.py', '--cfg-path', '/tmp/tmpfz7msfwm', '--error-file', '/tmp/tmp2zsrsu7j']
[2022-06-27 13:18:59,338] {standard_task_runner.py:80} INFO - Job 378: Subtask download_data_task
[2022-06-27 13:18:59,374] {task_command.py:370} INFO - Running <TaskInstance: data_ingestion_to_gcs.download_data_task manual__2022-06-27T13:18:58.444696+00:00 [running]> on host c8b7aec393e9
[2022-06-27 13:18:59,469] {taskinstance.py:1571} INFO - Exporting the following env vars:
AIRFLOW_CTX_DAG_OWNER=***
AIRFLOW_CTX_DAG_ID=data_ingestion_to_gcs
AIRFLOW_CTX_TASK_ID=download_data_task
AIRFLOW_CTX_EXECUTION_DATE=2022-06-27T13:18:58.444696+00:00
AIRFLOW_CTX_TRY_NUMBER=1
AIRFLOW_CTX_DAG_RUN_ID=manual__2022-06-27T13:18:58.444696+00:00
[2022-06-27 13:19:00,373] {python.py:173} INFO - Done. Returned value was: None
[2022-06-27 13:19:00,381] {taskinstance.py:1400} INFO - Marking task as SUCCESS. dag_id=data_ingestion_to_gcs, task_id=download_data_task, execution_date=20220627T131858, start_date=20220627T131859, end_date=20220627T131900
[2022-06-27 13:19:00,432] {local_task_job.py:156} INFO - Task exited with return code 0
[2022-06-27 13:19:00,483] {local_task_job.py:273} INFO - 1 downstream tasks scheduled from follow-on schedule check
