[2022-06-27 13:19:01,465] {taskinstance.py:1159} INFO - Dependencies all met for <TaskInstance: data_ingestion_to_gcs.unzip_dataset_task manual__2022-06-27T13:18:58.444696+00:00 [queued]>
[2022-06-27 13:19:01,472] {taskinstance.py:1159} INFO - Dependencies all met for <TaskInstance: data_ingestion_to_gcs.unzip_dataset_task manual__2022-06-27T13:18:58.444696+00:00 [queued]>
[2022-06-27 13:19:01,472] {taskinstance.py:1356} INFO - 
--------------------------------------------------------------------------------
[2022-06-27 13:19:01,472] {taskinstance.py:1357} INFO - Starting attempt 1 of 2
[2022-06-27 13:19:01,472] {taskinstance.py:1358} INFO - 
--------------------------------------------------------------------------------
[2022-06-27 13:19:01,482] {taskinstance.py:1377} INFO - Executing <Task(PythonOperator): unzip_dataset_task> on 2022-06-27 13:18:58.444696+00:00
[2022-06-27 13:19:01,487] {standard_task_runner.py:52} INFO - Started process 403 to run task
[2022-06-27 13:19:01,488] {standard_task_runner.py:79} INFO - Running: ['***', 'tasks', 'run', 'data_ingestion_to_gcs', 'unzip_dataset_task', 'manual__2022-06-27T13:18:58.444696+00:00', '--job-id', '379', '--raw', '--subdir', 'DAGS_FOLDER/01_data_ingestion_to_gcs.py', '--cfg-path', '/tmp/tmpwpp1hpb4', '--error-file', '/tmp/tmp1xgg83y7']
[2022-06-27 13:19:01,489] {standard_task_runner.py:80} INFO - Job 379: Subtask unzip_dataset_task
[2022-06-27 13:19:01,524] {task_command.py:370} INFO - Running <TaskInstance: data_ingestion_to_gcs.unzip_dataset_task manual__2022-06-27T13:18:58.444696+00:00 [running]> on host c8b7aec393e9
[2022-06-27 13:19:01,572] {taskinstance.py:1571} INFO - Exporting the following env vars:
AIRFLOW_CTX_DAG_OWNER=***
AIRFLOW_CTX_DAG_ID=data_ingestion_to_gcs
AIRFLOW_CTX_TASK_ID=unzip_dataset_task
AIRFLOW_CTX_EXECUTION_DATE=2022-06-27T13:18:58.444696+00:00
AIRFLOW_CTX_TRY_NUMBER=1
AIRFLOW_CTX_DAG_RUN_ID=manual__2022-06-27T13:18:58.444696+00:00
[2022-06-27 13:19:01,575] {python.py:173} INFO - Done. Returned value was: None
[2022-06-27 13:19:01,584] {taskinstance.py:1400} INFO - Marking task as SUCCESS. dag_id=data_ingestion_to_gcs, task_id=unzip_dataset_task, execution_date=20220627T131858, start_date=20220627T131901, end_date=20220627T131901
[2022-06-27 13:19:01,620] {local_task_job.py:156} INFO - Task exited with return code 0
[2022-06-27 13:19:01,651] {local_task_job.py:273} INFO - 1 downstream tasks scheduled from follow-on schedule check
