[2022-06-27 13:30:14,910] {taskinstance.py:1159} INFO - Dependencies all met for <TaskInstance: data_ingestion_to_gcs.format_to_parquet_task manual__2022-06-27T13:30:09.572220+00:00 [queued]>
[2022-06-27 13:30:14,916] {taskinstance.py:1159} INFO - Dependencies all met for <TaskInstance: data_ingestion_to_gcs.format_to_parquet_task manual__2022-06-27T13:30:09.572220+00:00 [queued]>
[2022-06-27 13:30:14,916] {taskinstance.py:1356} INFO - 
--------------------------------------------------------------------------------
[2022-06-27 13:30:14,916] {taskinstance.py:1357} INFO - Starting attempt 1 of 2
[2022-06-27 13:30:14,916] {taskinstance.py:1358} INFO - 
--------------------------------------------------------------------------------
[2022-06-27 13:30:14,926] {taskinstance.py:1377} INFO - Executing <Task(PythonOperator): format_to_parquet_task> on 2022-06-27 13:30:09.572220+00:00
[2022-06-27 13:30:14,931] {standard_task_runner.py:52} INFO - Started process 400 to run task
[2022-06-27 13:30:14,933] {standard_task_runner.py:79} INFO - Running: ['***', 'tasks', 'run', 'data_ingestion_to_gcs', 'format_to_parquet_task', 'manual__2022-06-27T13:30:09.572220+00:00', '--job-id', '389', '--raw', '--subdir', 'DAGS_FOLDER/01_data_ingestion_to_gcs.py', '--cfg-path', '/tmp/tmpfrcje381', '--error-file', '/tmp/tmpnlmjv8l4']
[2022-06-27 13:30:14,934] {standard_task_runner.py:80} INFO - Job 389: Subtask format_to_parquet_task
[2022-06-27 13:30:14,969] {task_command.py:370} INFO - Running <TaskInstance: data_ingestion_to_gcs.format_to_parquet_task manual__2022-06-27T13:30:09.572220+00:00 [running]> on host a7ccd6f77c78
[2022-06-27 13:30:15,019] {taskinstance.py:1571} INFO - Exporting the following env vars:
AIRFLOW_CTX_DAG_OWNER=***
AIRFLOW_CTX_DAG_ID=data_ingestion_to_gcs
AIRFLOW_CTX_TASK_ID=format_to_parquet_task
AIRFLOW_CTX_EXECUTION_DATE=2022-06-27T13:30:09.572220+00:00
AIRFLOW_CTX_TRY_NUMBER=1
AIRFLOW_CTX_DAG_RUN_ID=manual__2022-06-27T13:30:09.572220+00:00
[2022-06-27 13:30:15,111] {python.py:173} INFO - Done. Returned value was: None
[2022-06-27 13:30:15,123] {taskinstance.py:1400} INFO - Marking task as SUCCESS. dag_id=data_ingestion_to_gcs, task_id=format_to_parquet_task, execution_date=20220627T133009, start_date=20220627T133014, end_date=20220627T133015
[2022-06-27 13:30:15,146] {local_task_job.py:156} INFO - Task exited with return code 0
[2022-06-27 13:30:15,193] {local_task_job.py:273} INFO - 1 downstream tasks scheduled from follow-on schedule check
