[2022-06-27 16:53:27,926] {taskinstance.py:1159} INFO - Dependencies all met for <TaskInstance: data_ingestion_to_gcs.format_to_parquet_task manual__2022-06-27T16:53:24.920984+00:00 [queued]>
[2022-06-27 16:53:27,931] {taskinstance.py:1159} INFO - Dependencies all met for <TaskInstance: data_ingestion_to_gcs.format_to_parquet_task manual__2022-06-27T16:53:24.920984+00:00 [queued]>
[2022-06-27 16:53:27,931] {taskinstance.py:1356} INFO - 
--------------------------------------------------------------------------------
[2022-06-27 16:53:27,931] {taskinstance.py:1357} INFO - Starting attempt 1 of 2
[2022-06-27 16:53:27,931] {taskinstance.py:1358} INFO - 
--------------------------------------------------------------------------------
[2022-06-27 16:53:27,941] {taskinstance.py:1377} INFO - Executing <Task(PythonOperator): format_to_parquet_task> on 2022-06-27 16:53:24.920984+00:00
[2022-06-27 16:53:27,945] {standard_task_runner.py:52} INFO - Started process 135 to run task
[2022-06-27 16:53:27,947] {standard_task_runner.py:79} INFO - Running: ['***', 'tasks', 'run', 'data_ingestion_to_gcs', 'format_to_parquet_task', 'manual__2022-06-27T16:53:24.920984+00:00', '--job-id', '455', '--raw', '--subdir', 'DAGS_FOLDER/01_data_ingestion_to_gcs.py', '--cfg-path', '/tmp/tmp6fqhu7gj', '--error-file', '/tmp/tmpgfsf39v2']
[2022-06-27 16:53:27,948] {standard_task_runner.py:80} INFO - Job 455: Subtask format_to_parquet_task
[2022-06-27 16:53:27,981] {task_command.py:370} INFO - Running <TaskInstance: data_ingestion_to_gcs.format_to_parquet_task manual__2022-06-27T16:53:24.920984+00:00 [running]> on host d3c6daab9be3
[2022-06-27 16:53:28,027] {taskinstance.py:1571} INFO - Exporting the following env vars:
AIRFLOW_CTX_DAG_OWNER=***
AIRFLOW_CTX_DAG_ID=data_ingestion_to_gcs
AIRFLOW_CTX_TASK_ID=format_to_parquet_task
AIRFLOW_CTX_EXECUTION_DATE=2022-06-27T16:53:24.920984+00:00
AIRFLOW_CTX_TRY_NUMBER=1
AIRFLOW_CTX_DAG_RUN_ID=manual__2022-06-27T16:53:24.920984+00:00
[2022-06-27 16:53:28,106] {python.py:173} INFO - Done. Returned value was: None
[2022-06-27 16:53:28,115] {taskinstance.py:1400} INFO - Marking task as SUCCESS. dag_id=data_ingestion_to_gcs, task_id=format_to_parquet_task, execution_date=20220627T165324, start_date=20220627T165327, end_date=20220627T165328
[2022-06-27 16:53:28,160] {local_task_job.py:156} INFO - Task exited with return code 0
[2022-06-27 16:53:28,190] {local_task_job.py:273} INFO - 1 downstream tasks scheduled from follow-on schedule check
