[2022-06-28 15:09:13,518] {taskinstance.py:1159} INFO - Dependencies all met for <TaskInstance: data_ingestion_to_gcs.unzip_dataset_task manual__2022-06-28T15:09:10.722422+00:00 [queued]>
[2022-06-28 15:09:13,524] {taskinstance.py:1159} INFO - Dependencies all met for <TaskInstance: data_ingestion_to_gcs.unzip_dataset_task manual__2022-06-28T15:09:10.722422+00:00 [queued]>
[2022-06-28 15:09:13,524] {taskinstance.py:1356} INFO - 
--------------------------------------------------------------------------------
[2022-06-28 15:09:13,524] {taskinstance.py:1357} INFO - Starting attempt 1 of 2
[2022-06-28 15:09:13,525] {taskinstance.py:1358} INFO - 
--------------------------------------------------------------------------------
[2022-06-28 15:09:13,536] {taskinstance.py:1377} INFO - Executing <Task(PythonOperator): unzip_dataset_task> on 2022-06-28 15:09:10.722422+00:00
[2022-06-28 15:09:13,541] {standard_task_runner.py:52} INFO - Started process 645 to run task
[2022-06-28 15:09:13,543] {standard_task_runner.py:79} INFO - Running: ['***', 'tasks', 'run', 'data_ingestion_to_gcs', 'unzip_dataset_task', 'manual__2022-06-28T15:09:10.722422+00:00', '--job-id', '529', '--raw', '--subdir', 'DAGS_FOLDER/01_data_ingestion_to_gcs.py', '--cfg-path', '/tmp/tmpwc1hbzkt', '--error-file', '/tmp/tmpdd0n249x']
[2022-06-28 15:09:13,543] {standard_task_runner.py:80} INFO - Job 529: Subtask unzip_dataset_task
[2022-06-28 15:09:13,578] {task_command.py:370} INFO - Running <TaskInstance: data_ingestion_to_gcs.unzip_dataset_task manual__2022-06-28T15:09:10.722422+00:00 [running]> on host 375d46b24910
[2022-06-28 15:09:13,628] {taskinstance.py:1571} INFO - Exporting the following env vars:
AIRFLOW_CTX_DAG_OWNER=***
AIRFLOW_CTX_DAG_ID=data_ingestion_to_gcs
AIRFLOW_CTX_TASK_ID=unzip_dataset_task
AIRFLOW_CTX_EXECUTION_DATE=2022-06-28T15:09:10.722422+00:00
AIRFLOW_CTX_TRY_NUMBER=1
AIRFLOW_CTX_DAG_RUN_ID=manual__2022-06-28T15:09:10.722422+00:00
[2022-06-28 15:09:13,631] {python.py:173} INFO - Done. Returned value was: None
[2022-06-28 15:09:13,639] {taskinstance.py:1400} INFO - Marking task as SUCCESS. dag_id=data_ingestion_to_gcs, task_id=unzip_dataset_task, execution_date=20220628T150910, start_date=20220628T150913, end_date=20220628T150913
[2022-06-28 15:09:13,675] {local_task_job.py:156} INFO - Task exited with return code 0
[2022-06-28 15:09:13,718] {local_task_job.py:273} INFO - 1 downstream tasks scheduled from follow-on schedule check
