[2022-06-21 17:12:58,055] {taskinstance.py:1159} INFO - Dependencies all met for <TaskInstance: data_ingestion_gcs_dag.download_dataset_task manual__2022-06-21T17:12:55.701002+00:00 [queued]>
[2022-06-21 17:12:58,060] {taskinstance.py:1159} INFO - Dependencies all met for <TaskInstance: data_ingestion_gcs_dag.download_dataset_task manual__2022-06-21T17:12:55.701002+00:00 [queued]>
[2022-06-21 17:12:58,060] {taskinstance.py:1356} INFO - 
--------------------------------------------------------------------------------
[2022-06-21 17:12:58,060] {taskinstance.py:1357} INFO - Starting attempt 1 of 2
[2022-06-21 17:12:58,060] {taskinstance.py:1358} INFO - 
--------------------------------------------------------------------------------
[2022-06-21 17:12:58,070] {taskinstance.py:1377} INFO - Executing <Task(PythonOperator): download_dataset_task> on 2022-06-21 17:12:55.701002+00:00
[2022-06-21 17:12:58,076] {standard_task_runner.py:52} INFO - Started process 175 to run task
[2022-06-21 17:12:58,078] {standard_task_runner.py:79} INFO - Running: ['***', 'tasks', 'run', 'data_ingestion_gcs_dag', 'download_dataset_task', 'manual__2022-06-21T17:12:55.701002+00:00', '--job-id', '64', '--raw', '--subdir', 'DAGS_FOLDER/dags.py', '--cfg-path', '/tmp/tmpl76lolt_', '--error-file', '/tmp/tmp9gw78u5v']
[2022-06-21 17:12:58,079] {standard_task_runner.py:80} INFO - Job 64: Subtask download_dataset_task
[2022-06-21 17:12:58,112] {task_command.py:370} INFO - Running <TaskInstance: data_ingestion_gcs_dag.download_dataset_task manual__2022-06-21T17:12:55.701002+00:00 [running]> on host 840032795a38
[2022-06-21 17:12:58,161] {taskinstance.py:1571} INFO - Exporting the following env vars:
AIRFLOW_CTX_DAG_OWNER=***
AIRFLOW_CTX_DAG_ID=data_ingestion_gcs_dag
AIRFLOW_CTX_TASK_ID=download_dataset_task
AIRFLOW_CTX_EXECUTION_DATE=2022-06-21T17:12:55.701002+00:00
AIRFLOW_CTX_TRY_NUMBER=1
AIRFLOW_CTX_DAG_RUN_ID=manual__2022-06-21T17:12:55.701002+00:00
[2022-06-21 17:12:58,162] {logging_mixin.py:115} INFO - dtc-project-ritaafranco dtc-project-data_dtc-project-ritaafranco hhhhhhh
[2022-06-21 17:12:58,162] {logging_mixin.py:115} INFO - kaggle env
[2022-06-21 17:12:58,162] {logging_mixin.py:115} INFO - ritamafranco
[2022-06-21 17:12:58,162] {logging_mixin.py:115} INFO - #############################
[2022-06-21 17:12:58,162] {logging_mixin.py:115} INFO - /opt/***
[2022-06-21 17:12:58,429] {taskinstance.py:1889} ERROR - Task failed with exception
Traceback (most recent call last):
  File "/home/airflow/.local/lib/python3.7/site-packages/airflow/operators/python.py", line 171, in execute
    return_value = self.execute_callable()
  File "/home/airflow/.local/lib/python3.7/site-packages/airflow/operators/python.py", line 189, in execute_callable
    return self.python_callable(*self.op_args, **self.op_kwargs)
  File "/opt/airflow/dags/dags.py", line 74, in download_data
    api.dataset_download_files('ursulakaczmarek/brooklyn-food-waste')
  File "/home/airflow/.local/lib/python3.7/site-packages/kaggle/api/kaggle_api_extended.py", line 1232, in dataset_download_files
    _preload_content=False))
  File "/home/airflow/.local/lib/python3.7/site-packages/kaggle/api/kaggle_api.py", line 1480, in datasets_download_with_http_info
    collection_formats=collection_formats)
  File "/home/airflow/.local/lib/python3.7/site-packages/kaggle/api_client.py", line 334, in call_api
    _preload_content, _request_timeout)
  File "/home/airflow/.local/lib/python3.7/site-packages/kaggle/api_client.py", line 165, in __call_api
    _request_timeout=_request_timeout)
  File "/home/airflow/.local/lib/python3.7/site-packages/kaggle/api_client.py", line 355, in request
    headers=headers)
  File "/home/airflow/.local/lib/python3.7/site-packages/kaggle/rest.py", line 251, in GET
    query_params=query_params)
  File "/home/airflow/.local/lib/python3.7/site-packages/kaggle/rest.py", line 241, in request
    raise ApiException(http_resp=r)
kaggle.rest.ApiException: (401)
Reason: Unauthorized
HTTP response headers: HTTPHeaderDict({'Content-Length': '0', 'Date': 'Tue, 21 Jun 2022 17:13:07 GMT', 'Access-Control-Allow-Credentials': 'true', 'Set-Cookie': 'ka_sessionid=849c156ea14ac7f6eb8ae6449a1622b6; max-age=2626560; path=/, GCLB=CMyn7rf01KWNggE; path=/; HttpOnly', 'Turbolinks-Location': 'https://www.kaggle.com/api/v1/datasets/download/ursulakaczmarek/brooklyn-food-waste', 'Strict-Transport-Security': 'max-age=63072000; includeSubDomains; preload', 'Content-Security-Policy': "object-src 'none'; script-src 'nonce-pNfqF9hE8BPRnzvyYjvIeA==' 'report-sample' 'unsafe-inline' 'unsafe-eval' 'strict-dynamic' https: http:; frame-src 'self' https://www.kaggleusercontent.com https://www.youtube.com/embed/ https://polygraph-cool.github.io https://www.google.com/recaptcha/ https://form.jotform.com https://submit.jotform.us https://submit.jotformpro.com https://submit.jotform.com https://www.docdroid.com https://www.docdroid.net https://kaggle-static.storage.googleapis.com https://kaggle-static-staging.storage.googleapis.com https://kkb-dev.jupyter-proxy.kaggle.net https://kkb-staging.jupyter-proxy.kaggle.net https://kkb-production.jupyter-proxy.kaggle.net https://kkb-dev.firebaseapp.com https://kkb-staging.firebaseapp.com https://kkb-production.firebaseapp.com https://kaggle-metastore-test.firebaseapp.com https://kaggle-metastore.firebaseapp.com https://apis.google.com https://content-sheets.googleapis.com/ https://accounts.google.com/ https://storage.googleapis.com https://docs.google.com https://drive.google.com; base-uri 'none'; report-uri https://csp.withgoogle.com/csp/kaggle/20201130;", 'X-Content-Type-Options': 'nosniff', 'Referrer-Policy': 'strict-origin-when-cross-origin', 'Via': '1.1 google', 'Alt-Svc': 'h3=":443"; ma=2592000,h3-29=":443"; ma=2592000'})

[2022-06-21 17:12:58,436] {taskinstance.py:1400} INFO - Marking task as UP_FOR_RETRY. dag_id=data_ingestion_gcs_dag, task_id=download_dataset_task, execution_date=20220621T171255, start_date=20220621T171258, end_date=20220621T171258
[2022-06-21 17:12:58,445] {standard_task_runner.py:97} ERROR - Failed to execute job 64 for task download_dataset_task ((401)
Reason: Unauthorized
HTTP response headers: HTTPHeaderDict({'Content-Length': '0', 'Date': 'Tue, 21 Jun 2022 17:13:07 GMT', 'Access-Control-Allow-Credentials': 'true', 'Set-Cookie': 'ka_sessionid=849c156ea14ac7f6eb8ae6449a1622b6; max-age=2626560; path=/, GCLB=CMyn7rf01KWNggE; path=/; HttpOnly', 'Turbolinks-Location': 'https://www.kaggle.com/api/v1/datasets/download/ursulakaczmarek/brooklyn-food-waste', 'Strict-Transport-Security': 'max-age=63072000; includeSubDomains; preload', 'Content-Security-Policy': "object-src 'none'; script-src 'nonce-pNfqF9hE8BPRnzvyYjvIeA==' 'report-sample' 'unsafe-inline' 'unsafe-eval' 'strict-dynamic' https: http:; frame-src 'self' https://www.kaggleusercontent.com https://www.youtube.com/embed/ https://polygraph-cool.github.io https://www.google.com/recaptcha/ https://form.jotform.com https://submit.jotform.us https://submit.jotformpro.com https://submit.jotform.com https://www.docdroid.com https://www.docdroid.net https://kaggle-static.storage.googleapis.com https://kaggle-static-staging.storage.googleapis.com https://kkb-dev.jupyter-proxy.kaggle.net https://kkb-staging.jupyter-proxy.kaggle.net https://kkb-production.jupyter-proxy.kaggle.net https://kkb-dev.firebaseapp.com https://kkb-staging.firebaseapp.com https://kkb-production.firebaseapp.com https://kaggle-metastore-test.firebaseapp.com https://kaggle-metastore.firebaseapp.com https://apis.google.com https://content-sheets.googleapis.com/ https://accounts.google.com/ https://storage.googleapis.com https://docs.google.com https://drive.google.com; base-uri 'none'; report-uri https://csp.withgoogle.com/csp/kaggle/20201130;", 'X-Content-Type-Options': 'nosniff', 'Referrer-Policy': 'strict-origin-when-cross-origin', 'Via': '1.1 google', 'Alt-Svc': 'h3=":443"; ma=2592000,h3-29=":443"; ma=2592000'})
; 175)
[2022-06-21 17:12:58,491] {local_task_job.py:156} INFO - Task exited with return code 1
[2022-06-21 17:12:58,529] {local_task_job.py:273} INFO - 0 downstream tasks scheduled from follow-on schedule check
