[2022-06-22 13:33:43,541] {taskinstance.py:1159} INFO - Dependencies all met for <TaskInstance: data_ingestion_gcs_dag.format_to_parquet_task manual__2022-06-22T13:33:36.237131+00:00 [queued]>
[2022-06-22 13:33:43,548] {taskinstance.py:1159} INFO - Dependencies all met for <TaskInstance: data_ingestion_gcs_dag.format_to_parquet_task manual__2022-06-22T13:33:36.237131+00:00 [queued]>
[2022-06-22 13:33:43,548] {taskinstance.py:1356} INFO - 
--------------------------------------------------------------------------------
[2022-06-22 13:33:43,548] {taskinstance.py:1357} INFO - Starting attempt 1 of 2
[2022-06-22 13:33:43,548] {taskinstance.py:1358} INFO - 
--------------------------------------------------------------------------------
[2022-06-22 13:33:43,559] {taskinstance.py:1377} INFO - Executing <Task(PythonOperator): format_to_parquet_task> on 2022-06-22 13:33:36.237131+00:00
[2022-06-22 13:33:43,564] {standard_task_runner.py:52} INFO - Started process 152 to run task
[2022-06-22 13:33:43,566] {standard_task_runner.py:79} INFO - Running: ['***', 'tasks', 'run', 'data_ingestion_gcs_dag', 'format_to_parquet_task', 'manual__2022-06-22T13:33:36.237131+00:00', '--job-id', '155', '--raw', '--subdir', 'DAGS_FOLDER/dags.py', '--cfg-path', '/tmp/tmpxz_2fksk', '--error-file', '/tmp/tmptpys9fcp']
[2022-06-22 13:33:43,567] {standard_task_runner.py:80} INFO - Job 155: Subtask format_to_parquet_task
[2022-06-22 13:33:43,699] {task_command.py:370} INFO - Running <TaskInstance: data_ingestion_gcs_dag.format_to_parquet_task manual__2022-06-22T13:33:36.237131+00:00 [running]> on host 1bd671e47a78
[2022-06-22 13:33:43,744] {taskinstance.py:1571} INFO - Exporting the following env vars:
AIRFLOW_CTX_DAG_OWNER=***
AIRFLOW_CTX_DAG_ID=data_ingestion_gcs_dag
AIRFLOW_CTX_TASK_ID=format_to_parquet_task
AIRFLOW_CTX_EXECUTION_DATE=2022-06-22T13:33:36.237131+00:00
AIRFLOW_CTX_TRY_NUMBER=1
AIRFLOW_CTX_DAG_RUN_ID=manual__2022-06-22T13:33:36.237131+00:00
[2022-06-22 13:33:43,825] {python.py:173} INFO - Done. Returned value was: None
[2022-06-22 13:33:43,833] {taskinstance.py:1400} INFO - Marking task as SUCCESS. dag_id=data_ingestion_gcs_dag, task_id=format_to_parquet_task, execution_date=20220622T133336, start_date=20220622T133343, end_date=20220622T133343
[2022-06-22 13:33:43,858] {local_task_job.py:156} INFO - Task exited with return code 0
[2022-06-22 13:33:44,001] {local_task_job.py:273} INFO - 1 downstream tasks scheduled from follow-on schedule check
