[2022-06-28 14:37:11,070] {taskinstance.py:1159} INFO - Dependencies all met for <TaskInstance: data_ingestion_to_gcs.trigger manual__2022-06-28T14:37:04.448390+00:00 [queued]>
[2022-06-28 14:37:11,077] {taskinstance.py:1159} INFO - Dependencies all met for <TaskInstance: data_ingestion_to_gcs.trigger manual__2022-06-28T14:37:04.448390+00:00 [queued]>
[2022-06-28 14:37:11,077] {taskinstance.py:1356} INFO - 
--------------------------------------------------------------------------------
[2022-06-28 14:37:11,077] {taskinstance.py:1357} INFO - Starting attempt 1 of 2
[2022-06-28 14:37:11,077] {taskinstance.py:1358} INFO - 
--------------------------------------------------------------------------------
[2022-06-28 14:37:11,088] {taskinstance.py:1377} INFO - Executing <Task(TriggerDagRunOperator): trigger> on 2022-06-28 14:37:04.448390+00:00
[2022-06-28 14:37:11,091] {standard_task_runner.py:52} INFO - Started process 170 to run task
[2022-06-28 14:37:11,093] {standard_task_runner.py:79} INFO - Running: ['***', 'tasks', 'run', 'data_ingestion_to_gcs', 'trigger', 'manual__2022-06-28T14:37:04.448390+00:00', '--job-id', '482', '--raw', '--subdir', 'DAGS_FOLDER/01_data_ingestion_to_gcs.py', '--cfg-path', '/tmp/tmp78h9yteb', '--error-file', '/tmp/tmpmbm3c0z1']
[2022-06-28 14:37:11,094] {standard_task_runner.py:80} INFO - Job 482: Subtask trigger
[2022-06-28 14:37:11,127] {task_command.py:370} INFO - Running <TaskInstance: data_ingestion_to_gcs.trigger manual__2022-06-28T14:37:04.448390+00:00 [running]> on host 181657f59c64
[2022-06-28 14:37:11,173] {taskinstance.py:1571} INFO - Exporting the following env vars:
AIRFLOW_CTX_DAG_OWNER=***
AIRFLOW_CTX_DAG_ID=data_ingestion_to_gcs
AIRFLOW_CTX_TASK_ID=trigger
AIRFLOW_CTX_EXECUTION_DATE=2022-06-28T14:37:04.448390+00:00
AIRFLOW_CTX_TRY_NUMBER=1
AIRFLOW_CTX_DAG_RUN_ID=manual__2022-06-28T14:37:04.448390+00:00
[2022-06-28 14:37:12,948] {taskinstance.py:1400} INFO - Marking task as SUCCESS. dag_id=data_ingestion_to_gcs, task_id=trigger, execution_date=20220628T143704, start_date=20220628T143711, end_date=20220628T143712
[2022-06-28 14:37:12,991] {local_task_job.py:156} INFO - Task exited with return code 0
[2022-06-28 14:37:13,029] {local_task_job.py:273} INFO - 1 downstream tasks scheduled from follow-on schedule check
