[2022-06-22 11:23:38,902] {taskinstance.py:1159} INFO - Dependencies all met for <TaskInstance: data_ingestion_gcs_dag.unzip_dataset_task scheduled__2020-01-01T00:00:00+00:00 [queued]>
[2022-06-22 11:23:38,910] {taskinstance.py:1159} INFO - Dependencies all met for <TaskInstance: data_ingestion_gcs_dag.unzip_dataset_task scheduled__2020-01-01T00:00:00+00:00 [queued]>
[2022-06-22 11:23:38,910] {taskinstance.py:1356} INFO - 
--------------------------------------------------------------------------------
[2022-06-22 11:23:38,911] {taskinstance.py:1357} INFO - Starting attempt 1 of 2
[2022-06-22 11:23:38,911] {taskinstance.py:1358} INFO - 
--------------------------------------------------------------------------------
[2022-06-22 11:23:38,928] {taskinstance.py:1377} INFO - Executing <Task(PythonOperator): unzip_dataset_task> on 2020-01-01 00:00:00+00:00
[2022-06-22 11:23:38,933] {standard_task_runner.py:52} INFO - Started process 203 to run task
[2022-06-22 11:23:38,936] {standard_task_runner.py:79} INFO - Running: ['***', 'tasks', 'run', 'data_ingestion_gcs_dag', 'unzip_dataset_task', 'scheduled__2020-01-01T00:00:00+00:00', '--job-id', '110', '--raw', '--subdir', 'DAGS_FOLDER/dags.py', '--cfg-path', '/tmp/tmp791deyx7', '--error-file', '/tmp/tmplbzdkqiu']
[2022-06-22 11:23:38,936] {standard_task_runner.py:80} INFO - Job 110: Subtask unzip_dataset_task
[2022-06-22 11:23:38,992] {task_command.py:370} INFO - Running <TaskInstance: data_ingestion_gcs_dag.unzip_dataset_task scheduled__2020-01-01T00:00:00+00:00 [running]> on host 69b874fb3dd4
[2022-06-22 11:23:39,053] {taskinstance.py:1571} INFO - Exporting the following env vars:
AIRFLOW_CTX_DAG_OWNER=***
AIRFLOW_CTX_DAG_ID=data_ingestion_gcs_dag
AIRFLOW_CTX_TASK_ID=unzip_dataset_task
AIRFLOW_CTX_EXECUTION_DATE=2020-01-01T00:00:00+00:00
AIRFLOW_CTX_TRY_NUMBER=1
AIRFLOW_CTX_DAG_RUN_ID=scheduled__2020-01-01T00:00:00+00:00
[2022-06-22 11:23:39,058] {python.py:173} INFO - Done. Returned value was: None
[2022-06-22 11:23:39,068] {taskinstance.py:1400} INFO - Marking task as SUCCESS. dag_id=data_ingestion_gcs_dag, task_id=unzip_dataset_task, execution_date=20200101T000000, start_date=20220622T112338, end_date=20220622T112339
[2022-06-22 11:23:39,108] {local_task_job.py:156} INFO - Task exited with return code 0
[2022-06-22 11:23:39,144] {local_task_job.py:273} INFO - 1 downstream tasks scheduled from follow-on schedule check
[2022-06-22 11:55:45,284] {taskinstance.py:1159} INFO - Dependencies all met for <TaskInstance: data_ingestion_gcs_dag.unzip_dataset_task scheduled__2020-01-01T00:00:00+00:00 [queued]>
[2022-06-22 11:55:45,290] {taskinstance.py:1159} INFO - Dependencies all met for <TaskInstance: data_ingestion_gcs_dag.unzip_dataset_task scheduled__2020-01-01T00:00:00+00:00 [queued]>
[2022-06-22 11:55:45,290] {taskinstance.py:1356} INFO - 
--------------------------------------------------------------------------------
[2022-06-22 11:55:45,290] {taskinstance.py:1357} INFO - Starting attempt 1 of 2
[2022-06-22 11:55:45,290] {taskinstance.py:1358} INFO - 
--------------------------------------------------------------------------------
[2022-06-22 11:55:45,302] {taskinstance.py:1377} INFO - Executing <Task(PythonOperator): unzip_dataset_task> on 2020-01-01 00:00:00+00:00
[2022-06-22 11:55:45,308] {standard_task_runner.py:52} INFO - Started process 265 to run task
[2022-06-22 11:55:45,310] {standard_task_runner.py:79} INFO - Running: ['***', 'tasks', 'run', 'data_ingestion_gcs_dag', 'unzip_dataset_task', 'scheduled__2020-01-01T00:00:00+00:00', '--job-id', '144', '--raw', '--subdir', 'DAGS_FOLDER/dags.py', '--cfg-path', '/tmp/tmp2grzo5lx', '--error-file', '/tmp/tmpz6m1ycf4']
[2022-06-22 11:55:45,311] {standard_task_runner.py:80} INFO - Job 144: Subtask unzip_dataset_task
[2022-06-22 11:55:45,344] {task_command.py:370} INFO - Running <TaskInstance: data_ingestion_gcs_dag.unzip_dataset_task scheduled__2020-01-01T00:00:00+00:00 [running]> on host 36b383b8f034
[2022-06-22 11:55:45,392] {taskinstance.py:1571} INFO - Exporting the following env vars:
AIRFLOW_CTX_DAG_OWNER=***
AIRFLOW_CTX_DAG_ID=data_ingestion_gcs_dag
AIRFLOW_CTX_TASK_ID=unzip_dataset_task
AIRFLOW_CTX_EXECUTION_DATE=2020-01-01T00:00:00+00:00
AIRFLOW_CTX_TRY_NUMBER=1
AIRFLOW_CTX_DAG_RUN_ID=scheduled__2020-01-01T00:00:00+00:00
[2022-06-22 11:55:45,395] {python.py:173} INFO - Done. Returned value was: None
[2022-06-22 11:55:45,404] {taskinstance.py:1400} INFO - Marking task as SUCCESS. dag_id=data_ingestion_gcs_dag, task_id=unzip_dataset_task, execution_date=20200101T000000, start_date=20220622T115545, end_date=20220622T115545
[2022-06-22 11:55:45,442] {local_task_job.py:156} INFO - Task exited with return code 0
[2022-06-22 11:55:45,490] {local_task_job.py:273} INFO - 1 downstream tasks scheduled from follow-on schedule check
