[2022-06-28 15:09:14,512] {taskinstance.py:1159} INFO - Dependencies all met for <TaskInstance: data_ingestion_to_gcs.format_to_parquet_task manual__2022-06-28T15:09:10.722422+00:00 [queued]>
[2022-06-28 15:09:14,519] {taskinstance.py:1159} INFO - Dependencies all met for <TaskInstance: data_ingestion_to_gcs.format_to_parquet_task manual__2022-06-28T15:09:10.722422+00:00 [queued]>
[2022-06-28 15:09:14,519] {taskinstance.py:1356} INFO - 
--------------------------------------------------------------------------------
[2022-06-28 15:09:14,519] {taskinstance.py:1357} INFO - Starting attempt 1 of 2
[2022-06-28 15:09:14,519] {taskinstance.py:1358} INFO - 
--------------------------------------------------------------------------------
[2022-06-28 15:09:14,530] {taskinstance.py:1377} INFO - Executing <Task(PythonOperator): format_to_parquet_task> on 2022-06-28 15:09:10.722422+00:00
[2022-06-28 15:09:14,535] {standard_task_runner.py:52} INFO - Started process 648 to run task
[2022-06-28 15:09:14,537] {standard_task_runner.py:79} INFO - Running: ['***', 'tasks', 'run', 'data_ingestion_to_gcs', 'format_to_parquet_task', 'manual__2022-06-28T15:09:10.722422+00:00', '--job-id', '530', '--raw', '--subdir', 'DAGS_FOLDER/01_data_ingestion_to_gcs.py', '--cfg-path', '/tmp/tmpsdxpgcm1', '--error-file', '/tmp/tmpwnw44ff9']
[2022-06-28 15:09:14,538] {standard_task_runner.py:80} INFO - Job 530: Subtask format_to_parquet_task
[2022-06-28 15:09:14,579] {task_command.py:370} INFO - Running <TaskInstance: data_ingestion_to_gcs.format_to_parquet_task manual__2022-06-28T15:09:10.722422+00:00 [running]> on host 375d46b24910
[2022-06-28 15:09:14,633] {taskinstance.py:1571} INFO - Exporting the following env vars:
AIRFLOW_CTX_DAG_OWNER=***
AIRFLOW_CTX_DAG_ID=data_ingestion_to_gcs
AIRFLOW_CTX_TASK_ID=format_to_parquet_task
AIRFLOW_CTX_EXECUTION_DATE=2022-06-28T15:09:10.722422+00:00
AIRFLOW_CTX_TRY_NUMBER=1
AIRFLOW_CTX_DAG_RUN_ID=manual__2022-06-28T15:09:10.722422+00:00
[2022-06-28 15:09:14,714] {python.py:173} INFO - Done. Returned value was: None
[2022-06-28 15:09:14,723] {taskinstance.py:1400} INFO - Marking task as SUCCESS. dag_id=data_ingestion_to_gcs, task_id=format_to_parquet_task, execution_date=20220628T150910, start_date=20220628T150914, end_date=20220628T150914
[2022-06-28 15:09:14,750] {local_task_job.py:156} INFO - Task exited with return code 0
[2022-06-28 15:09:14,798] {local_task_job.py:273} INFO - 1 downstream tasks scheduled from follow-on schedule check
