[2022-06-27 10:32:06,814] {taskinstance.py:1159} INFO - Dependencies all met for <TaskInstance: data_ingestion_to_gcs.local_to_gcs_task manual__2022-06-27T10:32:00.268530+00:00 [queued]>
[2022-06-27 10:32:06,830] {taskinstance.py:1159} INFO - Dependencies all met for <TaskInstance: data_ingestion_to_gcs.local_to_gcs_task manual__2022-06-27T10:32:00.268530+00:00 [queued]>
[2022-06-27 10:32:06,830] {taskinstance.py:1356} INFO - 
--------------------------------------------------------------------------------
[2022-06-27 10:32:06,830] {taskinstance.py:1357} INFO - Starting attempt 1 of 2
[2022-06-27 10:32:06,831] {taskinstance.py:1358} INFO - 
--------------------------------------------------------------------------------
[2022-06-27 10:32:06,853] {taskinstance.py:1377} INFO - Executing <Task(PythonOperator): local_to_gcs_task> on 2022-06-27 10:32:00.268530+00:00
[2022-06-27 10:32:06,858] {standard_task_runner.py:52} INFO - Started process 424 to run task
[2022-06-27 10:32:06,861] {standard_task_runner.py:79} INFO - Running: ['***', 'tasks', 'run', 'data_ingestion_to_gcs', 'local_to_gcs_task', 'manual__2022-06-27T10:32:00.268530+00:00', '--job-id', '342', '--raw', '--subdir', 'DAGS_FOLDER/01_data_ingestion_to_gcs.py', '--cfg-path', '/tmp/tmpbhgf9b_t', '--error-file', '/tmp/tmpap61dikk']
[2022-06-27 10:32:06,862] {standard_task_runner.py:80} INFO - Job 342: Subtask local_to_gcs_task
[2022-06-27 10:32:06,923] {task_command.py:370} INFO - Running <TaskInstance: data_ingestion_to_gcs.local_to_gcs_task manual__2022-06-27T10:32:00.268530+00:00 [running]> on host ba54ad88b6ec
[2022-06-27 10:32:07,022] {taskinstance.py:1571} INFO - Exporting the following env vars:
AIRFLOW_CTX_DAG_OWNER=***
AIRFLOW_CTX_DAG_ID=data_ingestion_to_gcs
AIRFLOW_CTX_TASK_ID=local_to_gcs_task
AIRFLOW_CTX_EXECUTION_DATE=2022-06-27T10:32:00.268530+00:00
AIRFLOW_CTX_TRY_NUMBER=1
AIRFLOW_CTX_DAG_RUN_ID=manual__2022-06-27T10:32:00.268530+00:00
[2022-06-27 10:32:07,680] {python.py:173} INFO - Done. Returned value was: None
[2022-06-27 10:32:07,739] {taskinstance.py:1400} INFO - Marking task as SUCCESS. dag_id=data_ingestion_to_gcs, task_id=local_to_gcs_task, execution_date=20220627T103200, start_date=20220627T103206, end_date=20220627T103207
[2022-06-27 10:32:07,797] {local_task_job.py:156} INFO - Task exited with return code 0
[2022-06-27 10:32:07,866] {local_task_job.py:273} INFO - 1 downstream tasks scheduled from follow-on schedule check
