[2022-06-27 16:01:29,400] {taskinstance.py:1159} INFO - Dependencies all met for <TaskInstance: data_ingestion_to_gcs.trigger manual__2022-06-27T16:01:21.438244+00:00 [queued]>
[2022-06-27 16:01:29,409] {taskinstance.py:1159} INFO - Dependencies all met for <TaskInstance: data_ingestion_to_gcs.trigger manual__2022-06-27T16:01:21.438244+00:00 [queued]>
[2022-06-27 16:01:29,409] {taskinstance.py:1356} INFO - 
--------------------------------------------------------------------------------
[2022-06-27 16:01:29,409] {taskinstance.py:1357} INFO - Starting attempt 1 of 2
[2022-06-27 16:01:29,409] {taskinstance.py:1358} INFO - 
--------------------------------------------------------------------------------
[2022-06-27 16:01:29,423] {taskinstance.py:1377} INFO - Executing <Task(TriggerDagRunOperator): trigger> on 2022-06-27 16:01:21.438244+00:00
[2022-06-27 16:01:29,428] {standard_task_runner.py:52} INFO - Started process 162 to run task
[2022-06-27 16:01:29,430] {standard_task_runner.py:79} INFO - Running: ['***', 'tasks', 'run', 'data_ingestion_to_gcs', 'trigger', 'manual__2022-06-27T16:01:21.438244+00:00', '--job-id', '402', '--raw', '--subdir', 'DAGS_FOLDER/01_data_ingestion_to_gcs.py', '--cfg-path', '/tmp/tmpmxd8p50c', '--error-file', '/tmp/tmph1sgr_dk']
[2022-06-27 16:01:29,431] {standard_task_runner.py:80} INFO - Job 402: Subtask trigger
[2022-06-27 16:01:29,477] {task_command.py:370} INFO - Running <TaskInstance: data_ingestion_to_gcs.trigger manual__2022-06-27T16:01:21.438244+00:00 [running]> on host 526a61f73853
[2022-06-27 16:01:29,550] {taskinstance.py:1571} INFO - Exporting the following env vars:
AIRFLOW_CTX_DAG_OWNER=***
AIRFLOW_CTX_DAG_ID=data_ingestion_to_gcs
AIRFLOW_CTX_TASK_ID=trigger
AIRFLOW_CTX_EXECUTION_DATE=2022-06-27T16:01:21.438244+00:00
AIRFLOW_CTX_TRY_NUMBER=1
AIRFLOW_CTX_DAG_RUN_ID=manual__2022-06-27T16:01:21.438244+00:00
[2022-06-27 16:01:29,633] {taskinstance.py:1400} INFO - Marking task as SUCCESS. dag_id=data_ingestion_to_gcs, task_id=trigger, execution_date=20220627T160121, start_date=20220627T160129, end_date=20220627T160129
[2022-06-27 16:01:29,683] {local_task_job.py:156} INFO - Task exited with return code 0
[2022-06-27 16:01:29,723] {local_task_job.py:273} INFO - 1 downstream tasks scheduled from follow-on schedule check
