[2022-06-22 11:38:41,236] {taskinstance.py:1159} INFO - Dependencies all met for <TaskInstance: data_ingestion_gcs_dag.format_to_parquet_task manual__2022-06-22T11:32:15.707774+00:00 [queued]>
[2022-06-22 11:38:41,247] {taskinstance.py:1159} INFO - Dependencies all met for <TaskInstance: data_ingestion_gcs_dag.format_to_parquet_task manual__2022-06-22T11:32:15.707774+00:00 [queued]>
[2022-06-22 11:38:41,248] {taskinstance.py:1356} INFO - 
--------------------------------------------------------------------------------
[2022-06-22 11:38:41,248] {taskinstance.py:1357} INFO - Starting attempt 1 of 2
[2022-06-22 11:38:41,248] {taskinstance.py:1358} INFO - 
--------------------------------------------------------------------------------
[2022-06-22 11:38:41,267] {taskinstance.py:1377} INFO - Executing <Task(PythonOperator): format_to_parquet_task> on 2022-06-22 11:32:15.707774+00:00
[2022-06-22 11:38:41,274] {standard_task_runner.py:52} INFO - Started process 173 to run task
[2022-06-22 11:38:41,278] {standard_task_runner.py:79} INFO - Running: ['***', 'tasks', 'run', 'data_ingestion_gcs_dag', 'format_to_parquet_task', 'manual__2022-06-22T11:32:15.707774+00:00', '--job-id', '136', '--raw', '--subdir', 'DAGS_FOLDER/dags.py', '--cfg-path', '/tmp/tmp28uxrek8', '--error-file', '/tmp/tmpjvc55e1e']
[2022-06-22 11:38:41,282] {standard_task_runner.py:80} INFO - Job 136: Subtask format_to_parquet_task
[2022-06-22 11:38:41,350] {task_command.py:370} INFO - Running <TaskInstance: data_ingestion_gcs_dag.format_to_parquet_task manual__2022-06-22T11:32:15.707774+00:00 [running]> on host cb3a0c5d3ca1
[2022-06-22 11:38:41,445] {taskinstance.py:1571} INFO - Exporting the following env vars:
AIRFLOW_CTX_DAG_OWNER=***
AIRFLOW_CTX_DAG_ID=data_ingestion_gcs_dag
AIRFLOW_CTX_TASK_ID=format_to_parquet_task
AIRFLOW_CTX_EXECUTION_DATE=2022-06-22T11:32:15.707774+00:00
AIRFLOW_CTX_TRY_NUMBER=1
AIRFLOW_CTX_DAG_RUN_ID=manual__2022-06-22T11:32:15.707774+00:00
[2022-06-22 11:38:41,581] {python.py:173} INFO - Done. Returned value was: None
[2022-06-22 11:38:41,596] {taskinstance.py:1400} INFO - Marking task as SUCCESS. dag_id=data_ingestion_gcs_dag, task_id=format_to_parquet_task, execution_date=20220622T113215, start_date=20220622T113841, end_date=20220622T113841
[2022-06-22 11:38:41,654] {local_task_job.py:156} INFO - Task exited with return code 0
[2022-06-22 11:38:41,699] {local_task_job.py:273} INFO - 1 downstream tasks scheduled from follow-on schedule check
