[2022-06-27 16:49:28,605] {taskinstance.py:1159} INFO - Dependencies all met for <TaskInstance: data_ingestion_to_gcs.rm_task manual__2022-06-27T16:49:22.459365+00:00 [queued]>
[2022-06-27 16:49:28,612] {taskinstance.py:1159} INFO - Dependencies all met for <TaskInstance: data_ingestion_to_gcs.rm_task manual__2022-06-27T16:49:22.459365+00:00 [queued]>
[2022-06-27 16:49:28,612] {taskinstance.py:1356} INFO - 
--------------------------------------------------------------------------------
[2022-06-27 16:49:28,612] {taskinstance.py:1357} INFO - Starting attempt 1 of 2
[2022-06-27 16:49:28,612] {taskinstance.py:1358} INFO - 
--------------------------------------------------------------------------------
[2022-06-27 16:49:28,624] {taskinstance.py:1377} INFO - Executing <Task(BashOperator): rm_task> on 2022-06-27 16:49:22.459365+00:00
[2022-06-27 16:49:28,630] {standard_task_runner.py:52} INFO - Started process 649 to run task
[2022-06-27 16:49:28,632] {standard_task_runner.py:79} INFO - Running: ['***', 'tasks', 'run', 'data_ingestion_to_gcs', 'rm_task', 'manual__2022-06-27T16:49:22.459365+00:00', '--job-id', '449', '--raw', '--subdir', 'DAGS_FOLDER/01_data_ingestion_to_gcs.py', '--cfg-path', '/tmp/tmpm0qoprr2', '--error-file', '/tmp/tmpqk8kk8ix']
[2022-06-27 16:49:28,633] {standard_task_runner.py:80} INFO - Job 449: Subtask rm_task
[2022-06-27 16:49:28,676] {task_command.py:370} INFO - Running <TaskInstance: data_ingestion_to_gcs.rm_task manual__2022-06-27T16:49:22.459365+00:00 [running]> on host 82419db15be4
[2022-06-27 16:49:28,730] {taskinstance.py:1571} INFO - Exporting the following env vars:
AIRFLOW_CTX_DAG_OWNER=***
AIRFLOW_CTX_DAG_ID=data_ingestion_to_gcs
AIRFLOW_CTX_TASK_ID=rm_task
AIRFLOW_CTX_EXECUTION_DATE=2022-06-27T16:49:22.459365+00:00
AIRFLOW_CTX_TRY_NUMBER=1
AIRFLOW_CTX_DAG_RUN_ID=manual__2022-06-27T16:49:22.459365+00:00
[2022-06-27 16:49:28,731] {subprocess.py:62} INFO - Tmp dir root location: 
 /tmp
[2022-06-27 16:49:28,732] {subprocess.py:74} INFO - Running command: ['bash', '-c', 'rm /opt/***/brooklyn.csv /opt/***/brooklyn-food-waste.zip']
[2022-06-27 16:49:28,743] {subprocess.py:85} INFO - Output:
[2022-06-27 16:49:28,745] {subprocess.py:96} INFO - Command exited with return code 0
[2022-06-27 16:49:28,770] {taskinstance.py:1400} INFO - Marking task as SUCCESS. dag_id=data_ingestion_to_gcs, task_id=rm_task, execution_date=20220627T164922, start_date=20220627T164928, end_date=20220627T164928
[2022-06-27 16:49:28,804] {local_task_job.py:156} INFO - Task exited with return code 0
[2022-06-27 16:49:28,829] {local_task_job.py:273} INFO - 0 downstream tasks scheduled from follow-on schedule check
