[2022-06-23 15:04:33,252] {taskinstance.py:1159} INFO - Dependencies all met for <TaskInstance: data_ingestion_to_gcs.rm_task manual__2022-06-23T15:04:26.759564+00:00 [queued]>
[2022-06-23 15:04:33,262] {taskinstance.py:1159} INFO - Dependencies all met for <TaskInstance: data_ingestion_to_gcs.rm_task manual__2022-06-23T15:04:26.759564+00:00 [queued]>
[2022-06-23 15:04:33,262] {taskinstance.py:1356} INFO - 
--------------------------------------------------------------------------------
[2022-06-23 15:04:33,262] {taskinstance.py:1357} INFO - Starting attempt 1 of 2
[2022-06-23 15:04:33,262] {taskinstance.py:1358} INFO - 
--------------------------------------------------------------------------------
[2022-06-23 15:04:33,278] {taskinstance.py:1377} INFO - Executing <Task(BashOperator): rm_task> on 2022-06-23 15:04:26.759564+00:00
[2022-06-23 15:04:33,283] {standard_task_runner.py:52} INFO - Started process 373 to run task
[2022-06-23 15:04:33,287] {standard_task_runner.py:79} INFO - Running: ['***', 'tasks', 'run', 'data_ingestion_to_gcs', 'rm_task', 'manual__2022-06-23T15:04:26.759564+00:00', '--job-id', '221', '--raw', '--subdir', 'DAGS_FOLDER/01_data_ingestion_to_gcs.py', '--cfg-path', '/tmp/tmpjo1eykme', '--error-file', '/tmp/tmpm1ziyvjt']
[2022-06-23 15:04:33,288] {standard_task_runner.py:80} INFO - Job 221: Subtask rm_task
[2022-06-23 15:04:33,337] {task_command.py:370} INFO - Running <TaskInstance: data_ingestion_to_gcs.rm_task manual__2022-06-23T15:04:26.759564+00:00 [running]> on host 79702e2d6e06
[2022-06-23 15:04:33,409] {taskinstance.py:1571} INFO - Exporting the following env vars:
AIRFLOW_CTX_DAG_OWNER=***
AIRFLOW_CTX_DAG_ID=data_ingestion_to_gcs
AIRFLOW_CTX_TASK_ID=rm_task
AIRFLOW_CTX_EXECUTION_DATE=2022-06-23T15:04:26.759564+00:00
AIRFLOW_CTX_TRY_NUMBER=1
AIRFLOW_CTX_DAG_RUN_ID=manual__2022-06-23T15:04:26.759564+00:00
[2022-06-23 15:04:33,410] {subprocess.py:62} INFO - Tmp dir root location: 
 /tmp
[2022-06-23 15:04:33,410] {subprocess.py:74} INFO - Running command: ['bash', '-c', 'rm /opt/***/brooklyn.csv /opt/***/brooklyn-food-waste.zip']
[2022-06-23 15:04:33,423] {subprocess.py:85} INFO - Output:
[2022-06-23 15:04:33,426] {subprocess.py:96} INFO - Command exited with return code 0
[2022-06-23 15:04:33,453] {taskinstance.py:1400} INFO - Marking task as SUCCESS. dag_id=data_ingestion_to_gcs, task_id=rm_task, execution_date=20220623T150426, start_date=20220623T150433, end_date=20220623T150433
[2022-06-23 15:04:33,498] {local_task_job.py:156} INFO - Task exited with return code 0
[2022-06-23 15:04:33,536] {local_task_job.py:273} INFO - 0 downstream tasks scheduled from follow-on schedule check
