[2022-06-27 10:14:45,430] {taskinstance.py:1159} INFO - Dependencies all met for <TaskInstance: data_ingestion_to_gcs.format_to_parquet_task manual__2022-06-27T10:14:39.852802+00:00 [queued]>
[2022-06-27 10:14:45,438] {taskinstance.py:1159} INFO - Dependencies all met for <TaskInstance: data_ingestion_to_gcs.format_to_parquet_task manual__2022-06-27T10:14:39.852802+00:00 [queued]>
[2022-06-27 10:14:45,438] {taskinstance.py:1356} INFO - 
--------------------------------------------------------------------------------
[2022-06-27 10:14:45,438] {taskinstance.py:1357} INFO - Starting attempt 1 of 2
[2022-06-27 10:14:45,438] {taskinstance.py:1358} INFO - 
--------------------------------------------------------------------------------
[2022-06-27 10:14:45,452] {taskinstance.py:1377} INFO - Executing <Task(PythonOperator): format_to_parquet_task> on 2022-06-27 10:14:39.852802+00:00
[2022-06-27 10:14:45,483] {standard_task_runner.py:52} INFO - Started process 2295 to run task
[2022-06-27 10:14:45,487] {standard_task_runner.py:79} INFO - Running: ['***', 'tasks', 'run', 'data_ingestion_to_gcs', 'format_to_parquet_task', 'manual__2022-06-27T10:14:39.852802+00:00', '--job-id', '305', '--raw', '--subdir', 'DAGS_FOLDER/01_data_ingestion_to_gcs.py', '--cfg-path', '/tmp/tmprg3l1ejv', '--error-file', '/tmp/tmp5ylq3fl_']
[2022-06-27 10:14:45,488] {standard_task_runner.py:80} INFO - Job 305: Subtask format_to_parquet_task
[2022-06-27 10:14:45,545] {task_command.py:370} INFO - Running <TaskInstance: data_ingestion_to_gcs.format_to_parquet_task manual__2022-06-27T10:14:39.852802+00:00 [running]> on host a3253fdb37ef
[2022-06-27 10:14:45,639] {taskinstance.py:1571} INFO - Exporting the following env vars:
AIRFLOW_CTX_DAG_OWNER=***
AIRFLOW_CTX_DAG_ID=data_ingestion_to_gcs
AIRFLOW_CTX_TASK_ID=format_to_parquet_task
AIRFLOW_CTX_EXECUTION_DATE=2022-06-27T10:14:39.852802+00:00
AIRFLOW_CTX_TRY_NUMBER=1
AIRFLOW_CTX_DAG_RUN_ID=manual__2022-06-27T10:14:39.852802+00:00
[2022-06-27 10:14:45,768] {python.py:173} INFO - Done. Returned value was: None
[2022-06-27 10:14:45,786] {taskinstance.py:1400} INFO - Marking task as SUCCESS. dag_id=data_ingestion_to_gcs, task_id=format_to_parquet_task, execution_date=20220627T101439, start_date=20220627T101445, end_date=20220627T101445
[2022-06-27 10:14:45,819] {local_task_job.py:156} INFO - Task exited with return code 0
[2022-06-27 10:14:45,883] {local_task_job.py:273} INFO - 1 downstream tasks scheduled from follow-on schedule check
