[2022-06-23 14:05:17,880] {taskinstance.py:1159} INFO - Dependencies all met for <TaskInstance: data_ingestion_to_gcs.unzip_dataset_task scheduled__2020-01-01T00:00:00+00:00 [queued]>
[2022-06-23 14:05:17,886] {taskinstance.py:1159} INFO - Dependencies all met for <TaskInstance: data_ingestion_to_gcs.unzip_dataset_task scheduled__2020-01-01T00:00:00+00:00 [queued]>
[2022-06-23 14:05:17,886] {taskinstance.py:1356} INFO - 
--------------------------------------------------------------------------------
[2022-06-23 14:05:17,886] {taskinstance.py:1357} INFO - Starting attempt 1 of 2
[2022-06-23 14:05:17,886] {taskinstance.py:1358} INFO - 
--------------------------------------------------------------------------------
[2022-06-23 14:05:17,896] {taskinstance.py:1377} INFO - Executing <Task(PythonOperator): unzip_dataset_task> on 2020-01-01 00:00:00+00:00
[2022-06-23 14:05:17,900] {standard_task_runner.py:52} INFO - Started process 282 to run task
[2022-06-23 14:05:17,901] {standard_task_runner.py:79} INFO - Running: ['***', 'tasks', 'run', 'data_ingestion_to_gcs', 'unzip_dataset_task', 'scheduled__2020-01-01T00:00:00+00:00', '--job-id', '180', '--raw', '--subdir', 'DAGS_FOLDER/01_data_ingestion_to_gcs.py', '--cfg-path', '/tmp/tmpoqd_y8sp', '--error-file', '/tmp/tmp4_c46vq4']
[2022-06-23 14:05:17,902] {standard_task_runner.py:80} INFO - Job 180: Subtask unzip_dataset_task
[2022-06-23 14:05:17,934] {task_command.py:370} INFO - Running <TaskInstance: data_ingestion_to_gcs.unzip_dataset_task scheduled__2020-01-01T00:00:00+00:00 [running]> on host 24ab0148fd1d
[2022-06-23 14:05:17,983] {taskinstance.py:1571} INFO - Exporting the following env vars:
AIRFLOW_CTX_DAG_OWNER=***
AIRFLOW_CTX_DAG_ID=data_ingestion_to_gcs
AIRFLOW_CTX_TASK_ID=unzip_dataset_task
AIRFLOW_CTX_EXECUTION_DATE=2020-01-01T00:00:00+00:00
AIRFLOW_CTX_TRY_NUMBER=1
AIRFLOW_CTX_DAG_RUN_ID=scheduled__2020-01-01T00:00:00+00:00
[2022-06-23 14:05:17,986] {python.py:173} INFO - Done. Returned value was: None
[2022-06-23 14:05:17,994] {taskinstance.py:1400} INFO - Marking task as SUCCESS. dag_id=data_ingestion_to_gcs, task_id=unzip_dataset_task, execution_date=20200101T000000, start_date=20220623T140517, end_date=20220623T140517
[2022-06-23 14:05:18,033] {local_task_job.py:156} INFO - Task exited with return code 0
[2022-06-23 14:05:18,067] {local_task_job.py:273} INFO - 1 downstream tasks scheduled from follow-on schedule check
[2022-06-23 15:00:29,459] {taskinstance.py:1159} INFO - Dependencies all met for <TaskInstance: data_ingestion_to_gcs.unzip_dataset_task scheduled__2020-01-01T00:00:00+00:00 [queued]>
[2022-06-23 15:00:29,465] {taskinstance.py:1159} INFO - Dependencies all met for <TaskInstance: data_ingestion_to_gcs.unzip_dataset_task scheduled__2020-01-01T00:00:00+00:00 [queued]>
[2022-06-23 15:00:29,465] {taskinstance.py:1356} INFO - 
--------------------------------------------------------------------------------
[2022-06-23 15:00:29,465] {taskinstance.py:1357} INFO - Starting attempt 1 of 2
[2022-06-23 15:00:29,465] {taskinstance.py:1358} INFO - 
--------------------------------------------------------------------------------
[2022-06-23 15:00:29,474] {taskinstance.py:1377} INFO - Executing <Task(PythonOperator): unzip_dataset_task> on 2020-01-01 00:00:00+00:00
[2022-06-23 15:00:29,480] {standard_task_runner.py:52} INFO - Started process 230 to run task
[2022-06-23 15:00:29,482] {standard_task_runner.py:79} INFO - Running: ['***', 'tasks', 'run', 'data_ingestion_to_gcs', 'unzip_dataset_task', 'scheduled__2020-01-01T00:00:00+00:00', '--job-id', '208', '--raw', '--subdir', 'DAGS_FOLDER/01_data_ingestion_to_gcs.py', '--cfg-path', '/tmp/tmpvsyyn8_k', '--error-file', '/tmp/tmpbzmamvm1']
[2022-06-23 15:00:29,482] {standard_task_runner.py:80} INFO - Job 208: Subtask unzip_dataset_task
[2022-06-23 15:00:29,517] {task_command.py:370} INFO - Running <TaskInstance: data_ingestion_to_gcs.unzip_dataset_task scheduled__2020-01-01T00:00:00+00:00 [running]> on host 9ac39f243003
[2022-06-23 15:00:29,589] {taskinstance.py:1571} INFO - Exporting the following env vars:
AIRFLOW_CTX_DAG_OWNER=***
AIRFLOW_CTX_DAG_ID=data_ingestion_to_gcs
AIRFLOW_CTX_TASK_ID=unzip_dataset_task
AIRFLOW_CTX_EXECUTION_DATE=2020-01-01T00:00:00+00:00
AIRFLOW_CTX_TRY_NUMBER=1
AIRFLOW_CTX_DAG_RUN_ID=scheduled__2020-01-01T00:00:00+00:00
[2022-06-23 15:00:29,592] {python.py:173} INFO - Done. Returned value was: None
[2022-06-23 15:00:29,603] {taskinstance.py:1400} INFO - Marking task as SUCCESS. dag_id=data_ingestion_to_gcs, task_id=unzip_dataset_task, execution_date=20200101T000000, start_date=20220623T150029, end_date=20220623T150029
[2022-06-23 15:00:29,616] {local_task_job.py:156} INFO - Task exited with return code 0
[2022-06-23 15:00:29,650] {local_task_job.py:273} INFO - 1 downstream tasks scheduled from follow-on schedule check
[2022-06-27 10:31:52,591] {taskinstance.py:1159} INFO - Dependencies all met for <TaskInstance: data_ingestion_to_gcs.unzip_dataset_task scheduled__2020-01-01T00:00:00+00:00 [queued]>
[2022-06-27 10:31:52,602] {taskinstance.py:1159} INFO - Dependencies all met for <TaskInstance: data_ingestion_to_gcs.unzip_dataset_task scheduled__2020-01-01T00:00:00+00:00 [queued]>
[2022-06-27 10:31:52,602] {taskinstance.py:1356} INFO - 
--------------------------------------------------------------------------------
[2022-06-27 10:31:52,602] {taskinstance.py:1357} INFO - Starting attempt 1 of 2
[2022-06-27 10:31:52,602] {taskinstance.py:1358} INFO - 
--------------------------------------------------------------------------------
[2022-06-27 10:31:52,617] {taskinstance.py:1377} INFO - Executing <Task(PythonOperator): unzip_dataset_task> on 2020-01-01 00:00:00+00:00
[2022-06-27 10:31:52,623] {standard_task_runner.py:52} INFO - Started process 217 to run task
[2022-06-27 10:31:52,626] {standard_task_runner.py:79} INFO - Running: ['***', 'tasks', 'run', 'data_ingestion_to_gcs', 'unzip_dataset_task', 'scheduled__2020-01-01T00:00:00+00:00', '--job-id', '333', '--raw', '--subdir', 'DAGS_FOLDER/01_data_ingestion_to_gcs.py', '--cfg-path', '/tmp/tmpvy6k8ln4', '--error-file', '/tmp/tmpl48uomsx']
[2022-06-27 10:31:52,627] {standard_task_runner.py:80} INFO - Job 333: Subtask unzip_dataset_task
[2022-06-27 10:31:52,676] {task_command.py:370} INFO - Running <TaskInstance: data_ingestion_to_gcs.unzip_dataset_task scheduled__2020-01-01T00:00:00+00:00 [running]> on host ba54ad88b6ec
[2022-06-27 10:31:52,743] {taskinstance.py:1571} INFO - Exporting the following env vars:
AIRFLOW_CTX_DAG_OWNER=***
AIRFLOW_CTX_DAG_ID=data_ingestion_to_gcs
AIRFLOW_CTX_TASK_ID=unzip_dataset_task
AIRFLOW_CTX_EXECUTION_DATE=2020-01-01T00:00:00+00:00
AIRFLOW_CTX_TRY_NUMBER=1
AIRFLOW_CTX_DAG_RUN_ID=scheduled__2020-01-01T00:00:00+00:00
[2022-06-27 10:31:52,747] {python.py:173} INFO - Done. Returned value was: None
[2022-06-27 10:31:52,758] {taskinstance.py:1400} INFO - Marking task as SUCCESS. dag_id=data_ingestion_to_gcs, task_id=unzip_dataset_task, execution_date=20200101T000000, start_date=20220627T103152, end_date=20220627T103152
[2022-06-27 10:31:52,798] {local_task_job.py:156} INFO - Task exited with return code 0
[2022-06-27 10:31:52,842] {local_task_job.py:273} INFO - 1 downstream tasks scheduled from follow-on schedule check
[2022-06-27 13:13:11,214] {taskinstance.py:1159} INFO - Dependencies all met for <TaskInstance: data_ingestion_to_gcs.unzip_dataset_task scheduled__2020-01-01T00:00:00+00:00 [queued]>
[2022-06-27 13:13:11,221] {taskinstance.py:1159} INFO - Dependencies all met for <TaskInstance: data_ingestion_to_gcs.unzip_dataset_task scheduled__2020-01-01T00:00:00+00:00 [queued]>
[2022-06-27 13:13:11,221] {taskinstance.py:1356} INFO - 
--------------------------------------------------------------------------------
[2022-06-27 13:13:11,221] {taskinstance.py:1357} INFO - Starting attempt 1 of 2
[2022-06-27 13:13:11,221] {taskinstance.py:1358} INFO - 
--------------------------------------------------------------------------------
[2022-06-27 13:13:11,234] {taskinstance.py:1377} INFO - Executing <Task(PythonOperator): unzip_dataset_task> on 2020-01-01 00:00:00+00:00
[2022-06-27 13:13:11,239] {standard_task_runner.py:52} INFO - Started process 6400 to run task
[2022-06-27 13:13:11,241] {standard_task_runner.py:79} INFO - Running: ['***', 'tasks', 'run', 'data_ingestion_to_gcs', 'unzip_dataset_task', 'scheduled__2020-01-01T00:00:00+00:00', '--job-id', '369', '--raw', '--subdir', 'DAGS_FOLDER/01_data_ingestion_to_gcs.py', '--cfg-path', '/tmp/tmpt7p1c54i', '--error-file', '/tmp/tmp6wotg2cs']
[2022-06-27 13:13:11,242] {standard_task_runner.py:80} INFO - Job 369: Subtask unzip_dataset_task
[2022-06-27 13:13:11,284] {task_command.py:370} INFO - Running <TaskInstance: data_ingestion_to_gcs.unzip_dataset_task scheduled__2020-01-01T00:00:00+00:00 [running]> on host 78ff5d0f8165
[2022-06-27 13:13:11,336] {taskinstance.py:1571} INFO - Exporting the following env vars:
AIRFLOW_CTX_DAG_OWNER=***
AIRFLOW_CTX_DAG_ID=data_ingestion_to_gcs
AIRFLOW_CTX_TASK_ID=unzip_dataset_task
AIRFLOW_CTX_EXECUTION_DATE=2020-01-01T00:00:00+00:00
AIRFLOW_CTX_TRY_NUMBER=1
AIRFLOW_CTX_DAG_RUN_ID=scheduled__2020-01-01T00:00:00+00:00
[2022-06-27 13:13:11,339] {python.py:173} INFO - Done. Returned value was: None
[2022-06-27 13:13:11,349] {taskinstance.py:1400} INFO - Marking task as SUCCESS. dag_id=data_ingestion_to_gcs, task_id=unzip_dataset_task, execution_date=20200101T000000, start_date=20220627T131311, end_date=20220627T131311
[2022-06-27 13:13:11,373] {local_task_job.py:156} INFO - Task exited with return code 0
[2022-06-27 13:13:11,405] {local_task_job.py:273} INFO - 1 downstream tasks scheduled from follow-on schedule check
[2022-06-28 14:41:33,819] {taskinstance.py:1159} INFO - Dependencies all met for <TaskInstance: data_ingestion_to_gcs.unzip_dataset_task scheduled__2020-01-01T00:00:00+00:00 [queued]>
[2022-06-28 14:41:33,825] {taskinstance.py:1159} INFO - Dependencies all met for <TaskInstance: data_ingestion_to_gcs.unzip_dataset_task scheduled__2020-01-01T00:00:00+00:00 [queued]>
[2022-06-28 14:41:33,825] {taskinstance.py:1356} INFO - 
--------------------------------------------------------------------------------
[2022-06-28 14:41:33,825] {taskinstance.py:1357} INFO - Starting attempt 1 of 2
[2022-06-28 14:41:33,825] {taskinstance.py:1358} INFO - 
--------------------------------------------------------------------------------
[2022-06-28 14:41:33,834] {taskinstance.py:1377} INFO - Executing <Task(PythonOperator): unzip_dataset_task> on 2020-01-01 00:00:00+00:00
[2022-06-28 14:41:33,839] {standard_task_runner.py:52} INFO - Started process 124 to run task
[2022-06-28 14:41:33,841] {standard_task_runner.py:79} INFO - Running: ['***', 'tasks', 'run', 'data_ingestion_to_gcs', 'unzip_dataset_task', 'scheduled__2020-01-01T00:00:00+00:00', '--job-id', '488', '--raw', '--subdir', 'DAGS_FOLDER/01_data_ingestion_to_gcs.py', '--cfg-path', '/tmp/tmpomfh2jp8', '--error-file', '/tmp/tmpu68mewkj']
[2022-06-28 14:41:33,841] {standard_task_runner.py:80} INFO - Job 488: Subtask unzip_dataset_task
[2022-06-28 14:41:33,874] {task_command.py:370} INFO - Running <TaskInstance: data_ingestion_to_gcs.unzip_dataset_task scheduled__2020-01-01T00:00:00+00:00 [running]> on host 181657f59c64
[2022-06-28 14:41:33,922] {taskinstance.py:1571} INFO - Exporting the following env vars:
AIRFLOW_CTX_DAG_OWNER=***
AIRFLOW_CTX_DAG_ID=data_ingestion_to_gcs
AIRFLOW_CTX_TASK_ID=unzip_dataset_task
AIRFLOW_CTX_EXECUTION_DATE=2020-01-01T00:00:00+00:00
AIRFLOW_CTX_TRY_NUMBER=1
AIRFLOW_CTX_DAG_RUN_ID=scheduled__2020-01-01T00:00:00+00:00
[2022-06-28 14:41:33,924] {python.py:173} INFO - Done. Returned value was: None
[2022-06-28 14:41:33,933] {taskinstance.py:1400} INFO - Marking task as SUCCESS. dag_id=data_ingestion_to_gcs, task_id=unzip_dataset_task, execution_date=20200101T000000, start_date=20220628T144133, end_date=20220628T144133
[2022-06-28 14:41:33,973] {local_task_job.py:156} INFO - Task exited with return code 0
[2022-06-28 14:41:34,003] {local_task_job.py:273} INFO - 1 downstream tasks scheduled from follow-on schedule check
[2022-06-28 14:51:46,951] {taskinstance.py:1159} INFO - Dependencies all met for <TaskInstance: data_ingestion_to_gcs.unzip_dataset_task scheduled__2020-01-01T00:00:00+00:00 [queued]>
[2022-06-28 14:51:46,957] {taskinstance.py:1159} INFO - Dependencies all met for <TaskInstance: data_ingestion_to_gcs.unzip_dataset_task scheduled__2020-01-01T00:00:00+00:00 [queued]>
[2022-06-28 14:51:46,957] {taskinstance.py:1356} INFO - 
--------------------------------------------------------------------------------
[2022-06-28 14:51:46,957] {taskinstance.py:1357} INFO - Starting attempt 1 of 2
[2022-06-28 14:51:46,958] {taskinstance.py:1358} INFO - 
--------------------------------------------------------------------------------
[2022-06-28 14:51:46,967] {taskinstance.py:1377} INFO - Executing <Task(PythonOperator): unzip_dataset_task> on 2020-01-01 00:00:00+00:00
[2022-06-28 14:51:46,972] {standard_task_runner.py:52} INFO - Started process 178 to run task
[2022-06-28 14:51:46,973] {standard_task_runner.py:79} INFO - Running: ['***', 'tasks', 'run', 'data_ingestion_to_gcs', 'unzip_dataset_task', 'scheduled__2020-01-01T00:00:00+00:00', '--job-id', '499', '--raw', '--subdir', 'DAGS_FOLDER/01_data_ingestion_to_gcs.py', '--cfg-path', '/tmp/tmpb77p81hm', '--error-file', '/tmp/tmpnwue7n0l']
[2022-06-28 14:51:46,974] {standard_task_runner.py:80} INFO - Job 499: Subtask unzip_dataset_task
[2022-06-28 14:51:47,009] {task_command.py:370} INFO - Running <TaskInstance: data_ingestion_to_gcs.unzip_dataset_task scheduled__2020-01-01T00:00:00+00:00 [running]> on host 3fcea2aa00ee
[2022-06-28 14:51:47,056] {taskinstance.py:1571} INFO - Exporting the following env vars:
AIRFLOW_CTX_DAG_OWNER=***
AIRFLOW_CTX_DAG_ID=data_ingestion_to_gcs
AIRFLOW_CTX_TASK_ID=unzip_dataset_task
AIRFLOW_CTX_EXECUTION_DATE=2020-01-01T00:00:00+00:00
AIRFLOW_CTX_TRY_NUMBER=1
AIRFLOW_CTX_DAG_RUN_ID=scheduled__2020-01-01T00:00:00+00:00
[2022-06-28 14:51:47,059] {python.py:173} INFO - Done. Returned value was: None
[2022-06-28 14:51:47,067] {taskinstance.py:1400} INFO - Marking task as SUCCESS. dag_id=data_ingestion_to_gcs, task_id=unzip_dataset_task, execution_date=20200101T000000, start_date=20220628T145146, end_date=20220628T145147
[2022-06-28 14:51:47,106] {local_task_job.py:156} INFO - Task exited with return code 0
[2022-06-28 14:51:47,137] {local_task_job.py:273} INFO - 1 downstream tasks scheduled from follow-on schedule check
[2022-06-28 14:54:52,195] {taskinstance.py:1159} INFO - Dependencies all met for <TaskInstance: data_ingestion_to_gcs.unzip_dataset_task scheduled__2020-01-01T00:00:00+00:00 [queued]>
[2022-06-28 14:54:52,204] {taskinstance.py:1159} INFO - Dependencies all met for <TaskInstance: data_ingestion_to_gcs.unzip_dataset_task scheduled__2020-01-01T00:00:00+00:00 [queued]>
[2022-06-28 14:54:52,204] {taskinstance.py:1356} INFO - 
--------------------------------------------------------------------------------
[2022-06-28 14:54:52,204] {taskinstance.py:1357} INFO - Starting attempt 1 of 2
[2022-06-28 14:54:52,204] {taskinstance.py:1358} INFO - 
--------------------------------------------------------------------------------
[2022-06-28 14:54:52,215] {taskinstance.py:1377} INFO - Executing <Task(PythonOperator): unzip_dataset_task> on 2020-01-01 00:00:00+00:00
[2022-06-28 14:54:52,220] {standard_task_runner.py:52} INFO - Started process 171 to run task
[2022-06-28 14:54:52,222] {standard_task_runner.py:79} INFO - Running: ['***', 'tasks', 'run', 'data_ingestion_to_gcs', 'unzip_dataset_task', 'scheduled__2020-01-01T00:00:00+00:00', '--job-id', '508', '--raw', '--subdir', 'DAGS_FOLDER/01_data_ingestion_to_gcs.py', '--cfg-path', '/tmp/tmp48a28ymt', '--error-file', '/tmp/tmp2oju9wqy']
[2022-06-28 14:54:52,224] {standard_task_runner.py:80} INFO - Job 508: Subtask unzip_dataset_task
[2022-06-28 14:54:52,260] {task_command.py:370} INFO - Running <TaskInstance: data_ingestion_to_gcs.unzip_dataset_task scheduled__2020-01-01T00:00:00+00:00 [running]> on host eb1b13b80acd
[2022-06-28 14:54:52,307] {taskinstance.py:1571} INFO - Exporting the following env vars:
AIRFLOW_CTX_DAG_OWNER=***
AIRFLOW_CTX_DAG_ID=data_ingestion_to_gcs
AIRFLOW_CTX_TASK_ID=unzip_dataset_task
AIRFLOW_CTX_EXECUTION_DATE=2020-01-01T00:00:00+00:00
AIRFLOW_CTX_TRY_NUMBER=1
AIRFLOW_CTX_DAG_RUN_ID=scheduled__2020-01-01T00:00:00+00:00
[2022-06-28 14:54:52,310] {python.py:173} INFO - Done. Returned value was: None
[2022-06-28 14:54:52,319] {taskinstance.py:1400} INFO - Marking task as SUCCESS. dag_id=data_ingestion_to_gcs, task_id=unzip_dataset_task, execution_date=20200101T000000, start_date=20220628T145452, end_date=20220628T145452
[2022-06-28 14:54:52,354] {local_task_job.py:156} INFO - Task exited with return code 0
[2022-06-28 14:54:52,389] {local_task_job.py:273} INFO - 1 downstream tasks scheduled from follow-on schedule check
[2022-06-28 15:06:00,901] {taskinstance.py:1159} INFO - Dependencies all met for <TaskInstance: data_ingestion_to_gcs.unzip_dataset_task scheduled__2020-01-01T00:00:00+00:00 [queued]>
[2022-06-28 15:06:00,907] {taskinstance.py:1159} INFO - Dependencies all met for <TaskInstance: data_ingestion_to_gcs.unzip_dataset_task scheduled__2020-01-01T00:00:00+00:00 [queued]>
[2022-06-28 15:06:00,907] {taskinstance.py:1356} INFO - 
--------------------------------------------------------------------------------
[2022-06-28 15:06:00,907] {taskinstance.py:1357} INFO - Starting attempt 1 of 2
[2022-06-28 15:06:00,907] {taskinstance.py:1358} INFO - 
--------------------------------------------------------------------------------
[2022-06-28 15:06:00,916] {taskinstance.py:1377} INFO - Executing <Task(PythonOperator): unzip_dataset_task> on 2020-01-01 00:00:00+00:00
[2022-06-28 15:06:00,921] {standard_task_runner.py:52} INFO - Started process 188 to run task
[2022-06-28 15:06:00,923] {standard_task_runner.py:79} INFO - Running: ['***', 'tasks', 'run', 'data_ingestion_to_gcs', 'unzip_dataset_task', 'scheduled__2020-01-01T00:00:00+00:00', '--job-id', '522', '--raw', '--subdir', 'DAGS_FOLDER/01_data_ingestion_to_gcs.py', '--cfg-path', '/tmp/tmpylw_laxj', '--error-file', '/tmp/tmp8vvlzv0a']
[2022-06-28 15:06:00,923] {standard_task_runner.py:80} INFO - Job 522: Subtask unzip_dataset_task
[2022-06-28 15:06:00,957] {task_command.py:370} INFO - Running <TaskInstance: data_ingestion_to_gcs.unzip_dataset_task scheduled__2020-01-01T00:00:00+00:00 [running]> on host 375d46b24910
[2022-06-28 15:06:01,001] {taskinstance.py:1571} INFO - Exporting the following env vars:
AIRFLOW_CTX_DAG_OWNER=***
AIRFLOW_CTX_DAG_ID=data_ingestion_to_gcs
AIRFLOW_CTX_TASK_ID=unzip_dataset_task
AIRFLOW_CTX_EXECUTION_DATE=2020-01-01T00:00:00+00:00
AIRFLOW_CTX_TRY_NUMBER=1
AIRFLOW_CTX_DAG_RUN_ID=scheduled__2020-01-01T00:00:00+00:00
[2022-06-28 15:06:01,003] {python.py:173} INFO - Done. Returned value was: None
[2022-06-28 15:06:01,011] {taskinstance.py:1400} INFO - Marking task as SUCCESS. dag_id=data_ingestion_to_gcs, task_id=unzip_dataset_task, execution_date=20200101T000000, start_date=20220628T150600, end_date=20220628T150601
[2022-06-28 15:06:01,055] {local_task_job.py:156} INFO - Task exited with return code 0
[2022-06-28 15:06:01,106] {local_task_job.py:273} INFO - 1 downstream tasks scheduled from follow-on schedule check
[2022-06-28 18:42:16,488] {taskinstance.py:1159} INFO - Dependencies all met for <TaskInstance: data_ingestion_to_gcs.unzip_dataset_task scheduled__2020-01-01T00:00:00+00:00 [queued]>
[2022-06-28 18:42:16,494] {taskinstance.py:1159} INFO - Dependencies all met for <TaskInstance: data_ingestion_to_gcs.unzip_dataset_task scheduled__2020-01-01T00:00:00+00:00 [queued]>
[2022-06-28 18:42:16,494] {taskinstance.py:1356} INFO - 
--------------------------------------------------------------------------------
[2022-06-28 18:42:16,494] {taskinstance.py:1357} INFO - Starting attempt 1 of 2
[2022-06-28 18:42:16,494] {taskinstance.py:1358} INFO - 
--------------------------------------------------------------------------------
[2022-06-28 18:42:16,505] {taskinstance.py:1377} INFO - Executing <Task(PythonOperator): unzip_dataset_task> on 2020-01-01 00:00:00+00:00
[2022-06-28 18:42:16,509] {standard_task_runner.py:52} INFO - Started process 374 to run task
[2022-06-28 18:42:16,511] {standard_task_runner.py:79} INFO - Running: ['***', 'tasks', 'run', 'data_ingestion_to_gcs', 'unzip_dataset_task', 'scheduled__2020-01-01T00:00:00+00:00', '--job-id', '563', '--raw', '--subdir', 'DAGS_FOLDER/01_data_ingestion_to_gcs.py', '--cfg-path', '/tmp/tmpkps4fu_n', '--error-file', '/tmp/tmp982kezr2']
[2022-06-28 18:42:16,512] {standard_task_runner.py:80} INFO - Job 563: Subtask unzip_dataset_task
[2022-06-28 18:42:16,546] {task_command.py:370} INFO - Running <TaskInstance: data_ingestion_to_gcs.unzip_dataset_task scheduled__2020-01-01T00:00:00+00:00 [running]> on host 9f709a2aaee5
[2022-06-28 18:42:16,593] {taskinstance.py:1571} INFO - Exporting the following env vars:
AIRFLOW_CTX_DAG_OWNER=***
AIRFLOW_CTX_DAG_ID=data_ingestion_to_gcs
AIRFLOW_CTX_TASK_ID=unzip_dataset_task
AIRFLOW_CTX_EXECUTION_DATE=2020-01-01T00:00:00+00:00
AIRFLOW_CTX_TRY_NUMBER=1
AIRFLOW_CTX_DAG_RUN_ID=scheduled__2020-01-01T00:00:00+00:00
[2022-06-28 18:42:16,596] {python.py:173} INFO - Done. Returned value was: None
[2022-06-28 18:42:16,605] {taskinstance.py:1400} INFO - Marking task as SUCCESS. dag_id=data_ingestion_to_gcs, task_id=unzip_dataset_task, execution_date=20200101T000000, start_date=20220628T184216, end_date=20220628T184216
[2022-06-28 18:42:16,643] {local_task_job.py:156} INFO - Task exited with return code 0
[2022-06-28 18:42:16,698] {local_task_job.py:273} INFO - 1 downstream tasks scheduled from follow-on schedule check
