[2022-06-27 16:21:04,846] {taskinstance.py:1159} INFO - Dependencies all met for <TaskInstance: data_ingestion_to_gcs.download_data_task manual__2022-06-27T16:21:04.238548+00:00 [queued]>
[2022-06-27 16:21:04,852] {taskinstance.py:1159} INFO - Dependencies all met for <TaskInstance: data_ingestion_to_gcs.download_data_task manual__2022-06-27T16:21:04.238548+00:00 [queued]>
[2022-06-27 16:21:04,852] {taskinstance.py:1356} INFO - 
--------------------------------------------------------------------------------
[2022-06-27 16:21:04,852] {taskinstance.py:1357} INFO - Starting attempt 1 of 2
[2022-06-27 16:21:04,852] {taskinstance.py:1358} INFO - 
--------------------------------------------------------------------------------
[2022-06-27 16:21:04,862] {taskinstance.py:1377} INFO - Executing <Task(PythonOperator): download_data_task> on 2022-06-27 16:21:04.238548+00:00
[2022-06-27 16:21:04,867] {standard_task_runner.py:52} INFO - Started process 737 to run task
[2022-06-27 16:21:04,869] {standard_task_runner.py:79} INFO - Running: ['***', 'tasks', 'run', 'data_ingestion_to_gcs', 'download_data_task', 'manual__2022-06-27T16:21:04.238548+00:00', '--job-id', '424', '--raw', '--subdir', 'DAGS_FOLDER/01_data_ingestion_to_gcs.py', '--cfg-path', '/tmp/tmpa8n54iht', '--error-file', '/tmp/tmp0ia609g5']
[2022-06-27 16:21:04,869] {standard_task_runner.py:80} INFO - Job 424: Subtask download_data_task
[2022-06-27 16:21:04,904] {task_command.py:370} INFO - Running <TaskInstance: data_ingestion_to_gcs.download_data_task manual__2022-06-27T16:21:04.238548+00:00 [running]> on host f25a006a3237
[2022-06-27 16:21:04,955] {taskinstance.py:1571} INFO - Exporting the following env vars:
AIRFLOW_CTX_DAG_OWNER=***
AIRFLOW_CTX_DAG_ID=data_ingestion_to_gcs
AIRFLOW_CTX_TASK_ID=download_data_task
AIRFLOW_CTX_EXECUTION_DATE=2022-06-27T16:21:04.238548+00:00
AIRFLOW_CTX_TRY_NUMBER=1
AIRFLOW_CTX_DAG_RUN_ID=manual__2022-06-27T16:21:04.238548+00:00
[2022-06-27 16:21:06,030] {python.py:173} INFO - Done. Returned value was: None
[2022-06-27 16:21:06,040] {taskinstance.py:1400} INFO - Marking task as SUCCESS. dag_id=data_ingestion_to_gcs, task_id=download_data_task, execution_date=20220627T162104, start_date=20220627T162104, end_date=20220627T162106
[2022-06-27 16:21:06,085] {local_task_job.py:156} INFO - Task exited with return code 0
[2022-06-27 16:21:06,143] {local_task_job.py:273} INFO - 1 downstream tasks scheduled from follow-on schedule check
