[2022-06-21 18:04:42,525] {taskinstance.py:1159} INFO - Dependencies all met for <TaskInstance: data_ingestion_gcs_dag.download_dataset_task manual__2022-06-21T18:04:40.166237+00:00 [queued]>
[2022-06-21 18:04:42,532] {taskinstance.py:1159} INFO - Dependencies all met for <TaskInstance: data_ingestion_gcs_dag.download_dataset_task manual__2022-06-21T18:04:40.166237+00:00 [queued]>
[2022-06-21 18:04:42,532] {taskinstance.py:1356} INFO - 
--------------------------------------------------------------------------------
[2022-06-21 18:04:42,532] {taskinstance.py:1357} INFO - Starting attempt 1 of 2
[2022-06-21 18:04:42,532] {taskinstance.py:1358} INFO - 
--------------------------------------------------------------------------------
[2022-06-21 18:04:42,546] {taskinstance.py:1377} INFO - Executing <Task(PythonOperator): download_dataset_task> on 2022-06-21 18:04:40.166237+00:00
[2022-06-21 18:04:42,551] {standard_task_runner.py:52} INFO - Started process 93 to run task
[2022-06-21 18:04:42,553] {standard_task_runner.py:79} INFO - Running: ['***', 'tasks', 'run', 'data_ingestion_gcs_dag', 'download_dataset_task', 'manual__2022-06-21T18:04:40.166237+00:00', '--job-id', '94', '--raw', '--subdir', 'DAGS_FOLDER/dags.py', '--cfg-path', '/tmp/tmpqda3b2a1', '--error-file', '/tmp/tmpwevzdyhs']
[2022-06-21 18:04:42,554] {standard_task_runner.py:80} INFO - Job 94: Subtask download_dataset_task
[2022-06-21 18:04:42,589] {task_command.py:370} INFO - Running <TaskInstance: data_ingestion_gcs_dag.download_dataset_task manual__2022-06-21T18:04:40.166237+00:00 [running]> on host b752b1b9e381
[2022-06-21 18:04:42,648] {taskinstance.py:1571} INFO - Exporting the following env vars:
AIRFLOW_CTX_DAG_OWNER=***
AIRFLOW_CTX_DAG_ID=data_ingestion_gcs_dag
AIRFLOW_CTX_TASK_ID=download_dataset_task
AIRFLOW_CTX_EXECUTION_DATE=2022-06-21T18:04:40.166237+00:00
AIRFLOW_CTX_TRY_NUMBER=1
AIRFLOW_CTX_DAG_RUN_ID=manual__2022-06-21T18:04:40.166237+00:00
[2022-06-21 18:04:44,723] {python.py:173} INFO - Done. Returned value was: None
[2022-06-21 18:04:44,736] {taskinstance.py:1400} INFO - Marking task as SUCCESS. dag_id=data_ingestion_gcs_dag, task_id=download_dataset_task, execution_date=20220621T180440, start_date=20220621T180442, end_date=20220621T180444
[2022-06-21 18:04:44,772] {local_task_job.py:156} INFO - Task exited with return code 0
[2022-06-21 18:04:44,802] {local_task_job.py:273} INFO - 1 downstream tasks scheduled from follow-on schedule check
