[2022-06-27 16:05:14,692] {taskinstance.py:1159} INFO - Dependencies all met for <TaskInstance: data_ingestion_to_gcs.unzip_dataset_task manual__2022-06-27T16:05:11.244826+00:00 [queued]>
[2022-06-27 16:05:14,699] {taskinstance.py:1159} INFO - Dependencies all met for <TaskInstance: data_ingestion_to_gcs.unzip_dataset_task manual__2022-06-27T16:05:11.244826+00:00 [queued]>
[2022-06-27 16:05:14,699] {taskinstance.py:1356} INFO - 
--------------------------------------------------------------------------------
[2022-06-27 16:05:14,699] {taskinstance.py:1357} INFO - Starting attempt 1 of 2
[2022-06-27 16:05:14,699] {taskinstance.py:1358} INFO - 
--------------------------------------------------------------------------------
[2022-06-27 16:05:14,709] {taskinstance.py:1377} INFO - Executing <Task(PythonOperator): unzip_dataset_task> on 2022-06-27 16:05:11.244826+00:00
[2022-06-27 16:05:14,715] {standard_task_runner.py:52} INFO - Started process 189 to run task
[2022-06-27 16:05:14,720] {standard_task_runner.py:79} INFO - Running: ['***', 'tasks', 'run', 'data_ingestion_to_gcs', 'unzip_dataset_task', 'manual__2022-06-27T16:05:11.244826+00:00', '--job-id', '408', '--raw', '--subdir', 'DAGS_FOLDER/01_data_ingestion_to_gcs.py', '--cfg-path', '/tmp/tmpkwjmzdi8', '--error-file', '/tmp/tmpdcks9sic']
[2022-06-27 16:05:14,720] {standard_task_runner.py:80} INFO - Job 408: Subtask unzip_dataset_task
[2022-06-27 16:05:14,758] {task_command.py:370} INFO - Running <TaskInstance: data_ingestion_to_gcs.unzip_dataset_task manual__2022-06-27T16:05:11.244826+00:00 [running]> on host 9f549fe13a2f
[2022-06-27 16:05:14,807] {taskinstance.py:1571} INFO - Exporting the following env vars:
AIRFLOW_CTX_DAG_OWNER=***
AIRFLOW_CTX_DAG_ID=data_ingestion_to_gcs
AIRFLOW_CTX_TASK_ID=unzip_dataset_task
AIRFLOW_CTX_EXECUTION_DATE=2022-06-27T16:05:11.244826+00:00
AIRFLOW_CTX_TRY_NUMBER=1
AIRFLOW_CTX_DAG_RUN_ID=manual__2022-06-27T16:05:11.244826+00:00
[2022-06-27 16:05:14,810] {python.py:173} INFO - Done. Returned value was: None
[2022-06-27 16:05:14,818] {taskinstance.py:1400} INFO - Marking task as SUCCESS. dag_id=data_ingestion_to_gcs, task_id=unzip_dataset_task, execution_date=20220627T160511, start_date=20220627T160514, end_date=20220627T160514
[2022-06-27 16:05:14,851] {local_task_job.py:156} INFO - Task exited with return code 0
[2022-06-27 16:05:14,881] {local_task_job.py:273} INFO - 1 downstream tasks scheduled from follow-on schedule check
