[2022-06-22 11:23:40,530] {taskinstance.py:1159} INFO - Dependencies all met for <TaskInstance: data_ingestion_gcs_dag.format_to_parquet_task manual__2022-06-22T11:23:34.345997+00:00 [queued]>
[2022-06-22 11:23:40,543] {taskinstance.py:1159} INFO - Dependencies all met for <TaskInstance: data_ingestion_gcs_dag.format_to_parquet_task manual__2022-06-22T11:23:34.345997+00:00 [queued]>
[2022-06-22 11:23:40,543] {taskinstance.py:1356} INFO - 
--------------------------------------------------------------------------------
[2022-06-22 11:23:40,543] {taskinstance.py:1357} INFO - Starting attempt 1 of 2
[2022-06-22 11:23:40,543] {taskinstance.py:1358} INFO - 
--------------------------------------------------------------------------------
[2022-06-22 11:23:40,565] {taskinstance.py:1377} INFO - Executing <Task(PythonOperator): format_to_parquet_task> on 2022-06-22 11:23:34.345997+00:00
[2022-06-22 11:23:40,573] {standard_task_runner.py:52} INFO - Started process 219 to run task
[2022-06-22 11:23:40,577] {standard_task_runner.py:79} INFO - Running: ['***', 'tasks', 'run', 'data_ingestion_gcs_dag', 'format_to_parquet_task', 'manual__2022-06-22T11:23:34.345997+00:00', '--job-id', '111', '--raw', '--subdir', 'DAGS_FOLDER/dags.py', '--cfg-path', '/tmp/tmpyovkw10c', '--error-file', '/tmp/tmpgn53mtmd']
[2022-06-22 11:23:40,578] {standard_task_runner.py:80} INFO - Job 111: Subtask format_to_parquet_task
[2022-06-22 11:23:40,647] {task_command.py:370} INFO - Running <TaskInstance: data_ingestion_gcs_dag.format_to_parquet_task manual__2022-06-22T11:23:34.345997+00:00 [running]> on host 69b874fb3dd4
[2022-06-22 11:23:40,754] {taskinstance.py:1571} INFO - Exporting the following env vars:
AIRFLOW_CTX_DAG_OWNER=***
AIRFLOW_CTX_DAG_ID=data_ingestion_gcs_dag
AIRFLOW_CTX_TASK_ID=format_to_parquet_task
AIRFLOW_CTX_EXECUTION_DATE=2022-06-22T11:23:34.345997+00:00
AIRFLOW_CTX_TRY_NUMBER=1
AIRFLOW_CTX_DAG_RUN_ID=manual__2022-06-22T11:23:34.345997+00:00
[2022-06-22 11:23:40,919] {python.py:173} INFO - Done. Returned value was: None
[2022-06-22 11:23:40,933] {taskinstance.py:1400} INFO - Marking task as SUCCESS. dag_id=data_ingestion_gcs_dag, task_id=format_to_parquet_task, execution_date=20220622T112334, start_date=20220622T112340, end_date=20220622T112340
[2022-06-22 11:23:40,990] {local_task_job.py:156} INFO - Task exited with return code 0
[2022-06-22 11:23:41,054] {local_task_job.py:273} INFO - 1 downstream tasks scheduled from follow-on schedule check
