[2022-06-27 16:49:27,654] {taskinstance.py:1159} INFO - Dependencies all met for <TaskInstance: data_ingestion_to_gcs.trigger manual__2022-06-27T16:49:22.459365+00:00 [queued]>
[2022-06-27 16:49:27,660] {taskinstance.py:1159} INFO - Dependencies all met for <TaskInstance: data_ingestion_to_gcs.trigger manual__2022-06-27T16:49:22.459365+00:00 [queued]>
[2022-06-27 16:49:27,660] {taskinstance.py:1356} INFO - 
--------------------------------------------------------------------------------
[2022-06-27 16:49:27,660] {taskinstance.py:1357} INFO - Starting attempt 1 of 2
[2022-06-27 16:49:27,660] {taskinstance.py:1358} INFO - 
--------------------------------------------------------------------------------
[2022-06-27 16:49:27,669] {taskinstance.py:1377} INFO - Executing <Task(TriggerDagRunOperator): trigger> on 2022-06-27 16:49:22.459365+00:00
[2022-06-27 16:49:27,676] {standard_task_runner.py:52} INFO - Started process 645 to run task
[2022-06-27 16:49:27,678] {standard_task_runner.py:79} INFO - Running: ['***', 'tasks', 'run', 'data_ingestion_to_gcs', 'trigger', 'manual__2022-06-27T16:49:22.459365+00:00', '--job-id', '448', '--raw', '--subdir', 'DAGS_FOLDER/01_data_ingestion_to_gcs.py', '--cfg-path', '/tmp/tmpoo906hv2', '--error-file', '/tmp/tmpm8xwk_iq']
[2022-06-27 16:49:27,680] {standard_task_runner.py:80} INFO - Job 448: Subtask trigger
[2022-06-27 16:49:27,736] {task_command.py:370} INFO - Running <TaskInstance: data_ingestion_to_gcs.trigger manual__2022-06-27T16:49:22.459365+00:00 [running]> on host 82419db15be4
[2022-06-27 16:49:27,789] {taskinstance.py:1571} INFO - Exporting the following env vars:
AIRFLOW_CTX_DAG_OWNER=***
AIRFLOW_CTX_DAG_ID=data_ingestion_to_gcs
AIRFLOW_CTX_TASK_ID=trigger
AIRFLOW_CTX_EXECUTION_DATE=2022-06-27T16:49:22.459365+00:00
AIRFLOW_CTX_TRY_NUMBER=1
AIRFLOW_CTX_DAG_RUN_ID=manual__2022-06-27T16:49:22.459365+00:00
[2022-06-27 16:49:27,849] {taskinstance.py:1400} INFO - Marking task as SUCCESS. dag_id=data_ingestion_to_gcs, task_id=trigger, execution_date=20220627T164922, start_date=20220627T164927, end_date=20220627T164927
[2022-06-27 16:49:27,891] {local_task_job.py:156} INFO - Task exited with return code 0
[2022-06-27 16:49:27,933] {local_task_job.py:273} INFO - 1 downstream tasks scheduled from follow-on schedule check
