[2022-06-28 15:14:02,068] {taskinstance.py:1159} INFO - Dependencies all met for <TaskInstance: data_to_dw_bq.bq_external_table_task manual__2022-06-28T15:13:56.421707+00:00 [queued]>
[2022-06-28 15:14:02,082] {taskinstance.py:1159} INFO - Dependencies all met for <TaskInstance: data_to_dw_bq.bq_external_table_task manual__2022-06-28T15:13:56.421707+00:00 [queued]>
[2022-06-28 15:14:02,082] {taskinstance.py:1356} INFO - 
--------------------------------------------------------------------------------
[2022-06-28 15:14:02,082] {taskinstance.py:1357} INFO - Starting attempt 1 of 2
[2022-06-28 15:14:02,082] {taskinstance.py:1358} INFO - 
--------------------------------------------------------------------------------
[2022-06-28 15:14:02,105] {taskinstance.py:1377} INFO - Executing <Task(BigQueryCreateExternalTableOperator): bq_external_table_task> on 2022-06-28 15:13:56.421707+00:00
[2022-06-28 15:14:02,112] {clientserver.py:543} INFO - Closing down clientserver connection
[2022-06-28 15:14:02,112] {standard_task_runner.py:52} INFO - Started process 1541 to run task
[2022-06-28 15:14:02,116] {standard_task_runner.py:79} INFO - Running: ['***', 'tasks', 'run', 'data_to_dw_bq', 'bq_external_table_task', 'manual__2022-06-28T15:13:56.421707+00:00', '--job-id', '537', '--raw', '--subdir', 'DAGS_FOLDER/03_data to_dw_dag.py', '--cfg-path', '/tmp/tmppo9ezy_o', '--error-file', '/tmp/tmpn18grgi6']
[2022-06-28 15:14:02,117] {standard_task_runner.py:80} INFO - Job 537: Subtask bq_external_table_task
[2022-06-28 15:14:02,161] {task_command.py:370} INFO - Running <TaskInstance: data_to_dw_bq.bq_external_table_task manual__2022-06-28T15:13:56.421707+00:00 [running]> on host 375d46b24910
[2022-06-28 15:14:02,235] {taskinstance.py:1571} INFO - Exporting the following env vars:
AIRFLOW_CTX_DAG_OWNER=***
AIRFLOW_CTX_DAG_ID=data_to_dw_bq
AIRFLOW_CTX_TASK_ID=bq_external_table_task
AIRFLOW_CTX_EXECUTION_DATE=2022-06-28T15:13:56.421707+00:00
AIRFLOW_CTX_TRY_NUMBER=1
AIRFLOW_CTX_DAG_RUN_ID=manual__2022-06-28T15:13:56.421707+00:00
[2022-06-28 15:14:02,237] {crypto.py:82} WARNING - empty cryptography key - values will not be stored encrypted.
[2022-06-28 15:14:02,237] {base.py:68} INFO - Using connection ID 'google_cloud_default' for task execution.
[2022-06-28 15:14:02,244] {taskinstance.py:1889} ERROR - Task failed with exception
Traceback (most recent call last):
  File "/home/airflow/.local/lib/python3.7/site-packages/airflow/providers/google/cloud/operators/bigquery.py", line 1108, in execute
    table_resource=self.table_resource,
  File "/home/airflow/.local/lib/python3.7/site-packages/airflow/providers/google/common/hooks/base_google.py", line 439, in inner_wrapper
    return func(self, *args, **kwargs)
  File "/home/airflow/.local/lib/python3.7/site-packages/airflow/providers/google/cloud/hooks/bigquery.py", line 396, in create_empty_table
    table_id=table_id,
  File "/home/airflow/.local/lib/python3.7/site-packages/airflow/providers/google/cloud/hooks/bigquery.py", line 191, in _resolve_table_reference
    TableReference.from_api_repr(table_resource["tableReference"])
  File "/home/airflow/.local/lib/python3.7/site-packages/google/cloud/bigquery/table.py", line 279, in from_api_repr
    return cls(DatasetReference(project, dataset_id), table_id)
  File "/home/airflow/.local/lib/python3.7/site-packages/google/cloud/bigquery/dataset.py", line 262, in __init__
    raise ValueError("Pass a string for dataset_id")
ValueError: Pass a string for dataset_id
[2022-06-28 15:14:02,254] {taskinstance.py:1400} INFO - Marking task as UP_FOR_RETRY. dag_id=data_to_dw_bq, task_id=bq_external_table_task, execution_date=20220628T151356, start_date=20220628T151402, end_date=20220628T151402
[2022-06-28 15:14:02,266] {standard_task_runner.py:97} ERROR - Failed to execute job 537 for task bq_external_table_task (Pass a string for dataset_id; 1541)
[2022-06-28 15:14:02,287] {local_task_job.py:156} INFO - Task exited with return code 1
[2022-06-28 15:14:02,301] {clientserver.py:505} INFO - Error while sending or receiving.
Traceback (most recent call last):
  File "/home/airflow/.local/lib/python3.7/site-packages/py4j/clientserver.py", line 503, in send_command
    self.socket.sendall(command.encode("utf-8"))
ConnectionResetError: [Errno 104] Connection reset by peer
[2022-06-28 15:14:02,302] {clientserver.py:543} INFO - Closing down clientserver connection
[2022-06-28 15:14:02,302] {java_gateway.py:1052} INFO - Exception while sending command.
Traceback (most recent call last):
  File "/home/airflow/.local/lib/python3.7/site-packages/py4j/clientserver.py", line 503, in send_command
    self.socket.sendall(command.encode("utf-8"))
ConnectionResetError: [Errno 104] Connection reset by peer

During handling of the above exception, another exception occurred:

Traceback (most recent call last):
  File "/home/airflow/.local/lib/python3.7/site-packages/py4j/java_gateway.py", line 1038, in send_command
    response = connection.send_command(command)
  File "/home/airflow/.local/lib/python3.7/site-packages/py4j/clientserver.py", line 507, in send_command
    "Error while sending", e, proto.ERROR_ON_SEND)
py4j.protocol.Py4JNetworkError: Error while sending
[2022-06-28 15:14:02,307] {clientserver.py:543} INFO - Closing down clientserver connection
[2022-06-28 15:14:02,340] {local_task_job.py:273} INFO - 0 downstream tasks scheduled from follow-on schedule check
