[2022-06-21 16:20:31,250] {taskinstance.py:1159} INFO - Dependencies all met for <TaskInstance: data_ingestion_gcs_dag.download_dataset_task manual__2022-06-21T16:20:27.437267+00:00 [queued]>
[2022-06-21 16:20:31,265] {taskinstance.py:1159} INFO - Dependencies all met for <TaskInstance: data_ingestion_gcs_dag.download_dataset_task manual__2022-06-21T16:20:27.437267+00:00 [queued]>
[2022-06-21 16:20:31,265] {taskinstance.py:1356} INFO - 
--------------------------------------------------------------------------------
[2022-06-21 16:20:31,265] {taskinstance.py:1357} INFO - Starting attempt 1 of 2
[2022-06-21 16:20:31,265] {taskinstance.py:1358} INFO - 
--------------------------------------------------------------------------------
[2022-06-21 16:20:31,288] {taskinstance.py:1377} INFO - Executing <Task(PythonOperator): download_dataset_task> on 2022-06-21 16:20:27.437267+00:00
[2022-06-21 16:20:31,297] {standard_task_runner.py:52} INFO - Started process 97 to run task
[2022-06-21 16:20:31,301] {standard_task_runner.py:79} INFO - Running: ['***', 'tasks', 'run', 'data_ingestion_gcs_dag', 'download_dataset_task', 'manual__2022-06-21T16:20:27.437267+00:00', '--job-id', '31', '--raw', '--subdir', 'DAGS_FOLDER/dags.py', '--cfg-path', '/tmp/tmpqca4_7oi', '--error-file', '/tmp/tmpmi7i9wx0']
[2022-06-21 16:20:31,302] {standard_task_runner.py:80} INFO - Job 31: Subtask download_dataset_task
[2022-06-21 16:20:31,404] {task_command.py:370} INFO - Running <TaskInstance: data_ingestion_gcs_dag.download_dataset_task manual__2022-06-21T16:20:27.437267+00:00 [running]> on host 15e20bae5eef
[2022-06-21 16:20:31,568] {taskinstance.py:1571} INFO - Exporting the following env vars:
AIRFLOW_CTX_DAG_OWNER=***
AIRFLOW_CTX_DAG_ID=data_ingestion_gcs_dag
AIRFLOW_CTX_TASK_ID=download_dataset_task
AIRFLOW_CTX_EXECUTION_DATE=2022-06-21T16:20:27.437267+00:00
AIRFLOW_CTX_TRY_NUMBER=1
AIRFLOW_CTX_DAG_RUN_ID=manual__2022-06-21T16:20:27.437267+00:00
[2022-06-21 16:20:31,571] {logging_mixin.py:115} INFO - #############################
[2022-06-21 16:20:31,571] {logging_mixin.py:115} INFO - /opt/***
[2022-06-21 16:20:31,574] {logging_mixin.py:115} INFO - /opt/***/dags/dags.py
[2022-06-21 16:20:31,575] {logging_mixin.py:115} INFO - /opt/***/dags/__pycache__/dags.cpython-37.pyc
[2022-06-21 16:20:31,575] {logging_mixin.py:115} INFO - /opt/***/logs/dag_id=data_ingestion_gcs_dag/run_id=scheduled__2022-06-20T00:00:00+00:00/task_id=download_dataset_task/attempt=2.log
[2022-06-21 16:20:31,575] {logging_mixin.py:115} INFO - /opt/***/logs/dag_id=data_ingestion_gcs_dag/run_id=scheduled__2022-06-20T00:00:00+00:00/task_id=download_dataset_task/attempt=1.log
[2022-06-21 16:20:31,575] {logging_mixin.py:115} INFO - /opt/***/logs/dag_id=data_ingestion_gcs_dag/run_id=manual__2022-06-21T16:20:27.437267+00:00/task_id=download_dataset_task/attempt=1.log
[2022-06-21 16:20:31,575] {logging_mixin.py:115} INFO - /opt/***/logs/dag_id=data_ingestion_gcs_dag/run_id=manual__2022-06-21T16:09:21.702680+00:00/task_id=download_dataset_task/attempt=1.log
[2022-06-21 16:20:31,575] {logging_mixin.py:115} INFO - /opt/***/logs/dag_id=data_ingestion_gcs_dag/run_id=manual__2022-06-21T15:51:26.273157+00:00/task_id=download_dataset_task/attempt=2.log
[2022-06-21 16:20:31,575] {logging_mixin.py:115} INFO - /opt/***/logs/dag_id=data_ingestion_gcs_dag/run_id=manual__2022-06-21T15:51:26.273157+00:00/task_id=download_dataset_task/attempt=1.log
[2022-06-21 16:20:31,575] {logging_mixin.py:115} INFO - /opt/***/logs/dag_id=data_ingestion_gcs_dag/run_id=manual__2022-06-21T15:29:37.286778+00:00/task_id=download_dataset_task/attempt=2.log
[2022-06-21 16:20:31,576] {logging_mixin.py:115} INFO - /opt/***/logs/dag_id=data_ingestion_gcs_dag/run_id=manual__2022-06-21T15:29:37.286778+00:00/task_id=download_dataset_task/attempt=1.log
[2022-06-21 16:20:31,576] {logging_mixin.py:115} INFO - /opt/***/logs/dag_id=data_ingestion_gcs_dag/run_id=manual__2022-06-21T16:11:53.074770+00:00/task_id=download_dataset_task/attempt=1.log
[2022-06-21 16:20:31,576] {logging_mixin.py:115} INFO - /opt/***/logs/dag_id=data_ingestion_gcs_dag/run_id=manual__2022-06-21T16:11:53.074770+00:00/task_id=format_to_parquet_task/attempt=2.log
[2022-06-21 16:20:31,576] {logging_mixin.py:115} INFO - /opt/***/logs/dag_id=data_ingestion_gcs_dag/run_id=manual__2022-06-21T16:11:53.074770+00:00/task_id=format_to_parquet_task/attempt=1.log
[2022-06-21 16:20:31,576] {logging_mixin.py:115} INFO - /opt/***/logs/dag_id=data_ingestion_gcs_dag/run_id=manual__2022-06-21T14:47:46.866256+00:00/task_id=download_dataset_task/attempt=2.log
[2022-06-21 16:20:31,576] {logging_mixin.py:115} INFO - /opt/***/logs/dag_id=data_ingestion_gcs_dag/run_id=manual__2022-06-21T14:47:46.866256+00:00/task_id=download_dataset_task/attempt=1.log
[2022-06-21 16:20:31,576] {logging_mixin.py:115} INFO - /opt/***/logs/dag_id=data_ingestion_gcs_dag/run_id=manual__2022-06-21T16:01:02.012945+00:00/task_id=download_dataset_task/attempt=2.log
[2022-06-21 16:20:31,576] {logging_mixin.py:115} INFO - /opt/***/logs/dag_id=data_ingestion_gcs_dag/run_id=manual__2022-06-21T16:01:02.012945+00:00/task_id=download_dataset_task/attempt=1.log
[2022-06-21 16:20:31,577] {logging_mixin.py:115} INFO - /opt/***/logs/dag_processor_manager/dag_processor_manager.log
[2022-06-21 16:20:31,577] {logging_mixin.py:115} INFO - /opt/***/logs/scheduler/latest/dags.py.log
[2022-06-21 16:20:31,577] {logging_mixin.py:115} INFO - /opt/***/logs/scheduler/latest/native_dags/example_dags/example_python_operator.py.log
[2022-06-21 16:20:31,577] {logging_mixin.py:115} INFO - /opt/***/logs/scheduler/latest/native_dags/example_dags/example_branch_labels.py.log
[2022-06-21 16:20:31,577] {logging_mixin.py:115} INFO - /opt/***/logs/scheduler/latest/native_dags/example_dags/example_xcomargs.py.log
[2022-06-21 16:20:31,577] {logging_mixin.py:115} INFO - /opt/***/logs/scheduler/latest/native_dags/example_dags/subdags/subdag.py.log
[2022-06-21 16:20:31,577] {logging_mixin.py:115} INFO - /opt/***/logs/scheduler/latest/native_dags/example_dags/example_kubernetes_executor.py.log
[2022-06-21 16:20:31,577] {logging_mixin.py:115} INFO - /opt/***/logs/scheduler/latest/native_dags/example_dags/tutorial.py.log
[2022-06-21 16:20:31,578] {logging_mixin.py:115} INFO - /opt/***/logs/scheduler/latest/native_dags/example_dags/example_passing_params_via_test_command.py.log
[2022-06-21 16:20:31,578] {logging_mixin.py:115} INFO - /opt/***/logs/scheduler/latest/native_dags/example_dags/example_task_group_decorator.py.log
[2022-06-21 16:20:31,578] {logging_mixin.py:115} INFO - /opt/***/logs/scheduler/latest/native_dags/example_dags/example_branch_operator.py.log
[2022-06-21 16:20:31,578] {logging_mixin.py:115} INFO - /opt/***/logs/scheduler/latest/native_dags/example_dags/tutorial_etl_dag.py.log
[2022-06-21 16:20:31,578] {logging_mixin.py:115} INFO - /opt/***/logs/scheduler/latest/native_dags/example_dags/example_local_kubernetes_executor.py.log
[2022-06-21 16:20:31,578] {logging_mixin.py:115} INFO - /opt/***/logs/scheduler/latest/native_dags/example_dags/example_short_circuit_operator.py.log
[2022-06-21 16:20:31,578] {logging_mixin.py:115} INFO - /opt/***/logs/scheduler/latest/native_dags/example_dags/example_nested_branch_dag.py.log
[2022-06-21 16:20:31,578] {logging_mixin.py:115} INFO - /opt/***/logs/scheduler/latest/native_dags/example_dags/example_trigger_controller_dag.py.log
[2022-06-21 16:20:31,579] {logging_mixin.py:115} INFO - /opt/***/logs/scheduler/latest/native_dags/example_dags/example_latest_only_with_trigger.py.log
[2022-06-21 16:20:31,579] {logging_mixin.py:115} INFO - /opt/***/logs/scheduler/latest/native_dags/example_dags/example_subdag_operator.py.log
[2022-06-21 16:20:31,579] {logging_mixin.py:115} INFO - /opt/***/logs/scheduler/latest/native_dags/example_dags/plugins/workday.py.log
[2022-06-21 16:20:31,579] {logging_mixin.py:115} INFO - /opt/***/logs/scheduler/latest/native_dags/example_dags/example_task_group.py.log
[2022-06-21 16:20:31,579] {logging_mixin.py:115} INFO - /opt/***/logs/scheduler/latest/native_dags/example_dags/example_branch_datetime_operator.py.log
[2022-06-21 16:20:31,579] {logging_mixin.py:115} INFO - /opt/***/logs/scheduler/latest/native_dags/example_dags/tutorial_taskflow_api_etl.py.log
[2022-06-21 16:20:31,579] {logging_mixin.py:115} INFO - /opt/***/logs/scheduler/latest/native_dags/example_dags/example_external_task_marker_dag.py.log
[2022-06-21 16:20:31,579] {logging_mixin.py:115} INFO - /opt/***/logs/scheduler/latest/native_dags/example_dags/example_time_delta_sensor_async.py.log
[2022-06-21 16:20:31,579] {logging_mixin.py:115} INFO - /opt/***/logs/scheduler/latest/native_dags/example_dags/example_branch_operator_decorator.py.log
[2022-06-21 16:20:31,580] {logging_mixin.py:115} INFO - /opt/***/logs/scheduler/latest/native_dags/example_dags/example_trigger_target_dag.py.log
[2022-06-21 16:20:31,580] {logging_mixin.py:115} INFO - /opt/***/logs/scheduler/latest/native_dags/example_dags/tutorial_taskflow_api_etl_virtualenv.py.log
[2022-06-21 16:20:31,580] {logging_mixin.py:115} INFO - /opt/***/logs/scheduler/latest/native_dags/example_dags/example_sla_dag.py.log
[2022-06-21 16:20:31,580] {logging_mixin.py:115} INFO - /opt/***/logs/scheduler/latest/native_dags/example_dags/example_latest_only.py.log
[2022-06-21 16:20:31,580] {logging_mixin.py:115} INFO - /opt/***/logs/scheduler/latest/native_dags/example_dags/example_branch_python_dop_operator_3.py.log
[2022-06-21 16:20:31,580] {logging_mixin.py:115} INFO - /opt/***/logs/scheduler/latest/native_dags/example_dags/example_xcom.py.log
[2022-06-21 16:20:31,580] {logging_mixin.py:115} INFO - /opt/***/logs/scheduler/latest/native_dags/example_dags/example_bash_operator.py.log
[2022-06-21 16:20:31,581] {logging_mixin.py:115} INFO - /opt/***/logs/scheduler/latest/native_dags/example_dags/example_complex.py.log
[2022-06-21 16:20:31,581] {logging_mixin.py:115} INFO - /opt/***/logs/scheduler/latest/native_dags/example_dags/example_dag_decorator.py.log
[2022-06-21 16:20:31,581] {logging_mixin.py:115} INFO - /opt/***/logs/scheduler/latest/native_dags/example_dags/example_branch_day_of_week_operator.py.log
[2022-06-21 16:20:31,581] {logging_mixin.py:115} INFO - /opt/***/logs/scheduler/latest/native_dags/example_dags/example_skip_dag.py.log
[2022-06-21 16:20:31,581] {logging_mixin.py:115} INFO - /opt/***/logs/scheduler/2022-06-21/dags.py.log
[2022-06-21 16:20:31,581] {logging_mixin.py:115} INFO - /opt/***/logs/scheduler/2022-06-21/native_dags/example_dags/example_python_operator.py.log
[2022-06-21 16:20:31,581] {logging_mixin.py:115} INFO - /opt/***/logs/scheduler/2022-06-21/native_dags/example_dags/example_branch_labels.py.log
[2022-06-21 16:20:31,581] {logging_mixin.py:115} INFO - /opt/***/logs/scheduler/2022-06-21/native_dags/example_dags/example_xcomargs.py.log
[2022-06-21 16:20:31,582] {logging_mixin.py:115} INFO - /opt/***/logs/scheduler/2022-06-21/native_dags/example_dags/subdags/subdag.py.log
[2022-06-21 16:20:31,582] {logging_mixin.py:115} INFO - /opt/***/logs/scheduler/2022-06-21/native_dags/example_dags/example_kubernetes_executor.py.log
[2022-06-21 16:20:31,582] {logging_mixin.py:115} INFO - /opt/***/logs/scheduler/2022-06-21/native_dags/example_dags/tutorial.py.log
[2022-06-21 16:20:31,582] {logging_mixin.py:115} INFO - /opt/***/logs/scheduler/2022-06-21/native_dags/example_dags/example_passing_params_via_test_command.py.log
[2022-06-21 16:20:31,582] {logging_mixin.py:115} INFO - /opt/***/logs/scheduler/2022-06-21/native_dags/example_dags/example_task_group_decorator.py.log
[2022-06-21 16:20:31,582] {logging_mixin.py:115} INFO - /opt/***/logs/scheduler/2022-06-21/native_dags/example_dags/example_branch_operator.py.log
[2022-06-21 16:20:31,582] {logging_mixin.py:115} INFO - /opt/***/logs/scheduler/2022-06-21/native_dags/example_dags/tutorial_etl_dag.py.log
[2022-06-21 16:20:31,582] {logging_mixin.py:115} INFO - /opt/***/logs/scheduler/2022-06-21/native_dags/example_dags/example_local_kubernetes_executor.py.log
[2022-06-21 16:20:31,582] {logging_mixin.py:115} INFO - /opt/***/logs/scheduler/2022-06-21/native_dags/example_dags/example_short_circuit_operator.py.log
[2022-06-21 16:20:31,583] {logging_mixin.py:115} INFO - /opt/***/logs/scheduler/2022-06-21/native_dags/example_dags/example_nested_branch_dag.py.log
[2022-06-21 16:20:31,583] {logging_mixin.py:115} INFO - /opt/***/logs/scheduler/2022-06-21/native_dags/example_dags/example_trigger_controller_dag.py.log
[2022-06-21 16:20:31,583] {logging_mixin.py:115} INFO - /opt/***/logs/scheduler/2022-06-21/native_dags/example_dags/example_latest_only_with_trigger.py.log
[2022-06-21 16:20:31,583] {logging_mixin.py:115} INFO - /opt/***/logs/scheduler/2022-06-21/native_dags/example_dags/example_subdag_operator.py.log
[2022-06-21 16:20:31,583] {logging_mixin.py:115} INFO - /opt/***/logs/scheduler/2022-06-21/native_dags/example_dags/plugins/workday.py.log
[2022-06-21 16:20:31,583] {logging_mixin.py:115} INFO - /opt/***/logs/scheduler/2022-06-21/native_dags/example_dags/example_task_group.py.log
[2022-06-21 16:20:31,583] {logging_mixin.py:115} INFO - /opt/***/logs/scheduler/2022-06-21/native_dags/example_dags/example_branch_datetime_operator.py.log
[2022-06-21 16:20:31,583] {logging_mixin.py:115} INFO - /opt/***/logs/scheduler/2022-06-21/native_dags/example_dags/tutorial_taskflow_api_etl.py.log
[2022-06-21 16:20:31,584] {logging_mixin.py:115} INFO - /opt/***/logs/scheduler/2022-06-21/native_dags/example_dags/example_external_task_marker_dag.py.log
[2022-06-21 16:20:31,584] {logging_mixin.py:115} INFO - /opt/***/logs/scheduler/2022-06-21/native_dags/example_dags/example_time_delta_sensor_async.py.log
[2022-06-21 16:20:31,584] {logging_mixin.py:115} INFO - /opt/***/logs/scheduler/2022-06-21/native_dags/example_dags/example_branch_operator_decorator.py.log
[2022-06-21 16:20:31,584] {logging_mixin.py:115} INFO - /opt/***/logs/scheduler/2022-06-21/native_dags/example_dags/example_trigger_target_dag.py.log
[2022-06-21 16:20:31,584] {logging_mixin.py:115} INFO - /opt/***/logs/scheduler/2022-06-21/native_dags/example_dags/tutorial_taskflow_api_etl_virtualenv.py.log
[2022-06-21 16:20:31,584] {logging_mixin.py:115} INFO - /opt/***/logs/scheduler/2022-06-21/native_dags/example_dags/example_sla_dag.py.log
[2022-06-21 16:20:31,584] {logging_mixin.py:115} INFO - /opt/***/logs/scheduler/2022-06-21/native_dags/example_dags/example_latest_only.py.log
[2022-06-21 16:20:31,584] {logging_mixin.py:115} INFO - /opt/***/logs/scheduler/2022-06-21/native_dags/example_dags/example_branch_python_dop_operator_3.py.log
[2022-06-21 16:20:31,585] {logging_mixin.py:115} INFO - /opt/***/logs/scheduler/2022-06-21/native_dags/example_dags/example_xcom.py.log
[2022-06-21 16:20:31,585] {logging_mixin.py:115} INFO - /opt/***/logs/scheduler/2022-06-21/native_dags/example_dags/example_bash_operator.py.log
[2022-06-21 16:20:31,585] {logging_mixin.py:115} INFO - /opt/***/logs/scheduler/2022-06-21/native_dags/example_dags/example_complex.py.log
[2022-06-21 16:20:31,585] {logging_mixin.py:115} INFO - /opt/***/logs/scheduler/2022-06-21/native_dags/example_dags/example_dag_decorator.py.log
[2022-06-21 16:20:31,585] {logging_mixin.py:115} INFO - /opt/***/logs/scheduler/2022-06-21/native_dags/example_dags/example_branch_day_of_week_operator.py.log
[2022-06-21 16:20:31,585] {logging_mixin.py:115} INFO - /opt/***/logs/scheduler/2022-06-21/native_dags/example_dags/example_skip_dag.py.log
[2022-06-21 16:20:31,585] {logging_mixin.py:115} INFO - /opt/***/***-worker.pid
[2022-06-21 16:20:31,585] {logging_mixin.py:115} INFO - /opt/***/webserver_config.py
[2022-06-21 16:20:31,585] {logging_mixin.py:115} INFO - /opt/***/***.cfg
[2022-06-21 16:20:31,586] {logging_mixin.py:115} INFO - /opt/***/~/.kaggle/kaggle.json
[2022-06-21 16:20:31,586] {logging_mixin.py:115} INFO - ****************
[2022-06-21 16:20:31,586] {logging_mixin.py:115} INFO - #############################
[2022-06-21 16:20:31,586] {logging_mixin.py:115} INFO - /opt/***
[2022-06-21 16:20:31,589] {logging_mixin.py:115} INFO - /opt/***/dags/dags.py
[2022-06-21 16:20:31,590] {logging_mixin.py:115} INFO - /opt/***/dags/__pycache__/dags.cpython-37.pyc
[2022-06-21 16:20:31,590] {logging_mixin.py:115} INFO - /opt/***/logs/dag_id=data_ingestion_gcs_dag/run_id=scheduled__2022-06-20T00:00:00+00:00/task_id=download_dataset_task/attempt=2.log
[2022-06-21 16:20:31,590] {logging_mixin.py:115} INFO - /opt/***/logs/dag_id=data_ingestion_gcs_dag/run_id=scheduled__2022-06-20T00:00:00+00:00/task_id=download_dataset_task/attempt=1.log
[2022-06-21 16:20:31,590] {logging_mixin.py:115} INFO - /opt/***/logs/dag_id=data_ingestion_gcs_dag/run_id=manual__2022-06-21T16:20:27.437267+00:00/task_id=download_dataset_task/attempt=1.log
[2022-06-21 16:20:31,590] {logging_mixin.py:115} INFO - /opt/***/logs/dag_id=data_ingestion_gcs_dag/run_id=manual__2022-06-21T16:09:21.702680+00:00/task_id=download_dataset_task/attempt=1.log
[2022-06-21 16:20:31,590] {logging_mixin.py:115} INFO - /opt/***/logs/dag_id=data_ingestion_gcs_dag/run_id=manual__2022-06-21T15:51:26.273157+00:00/task_id=download_dataset_task/attempt=2.log
[2022-06-21 16:20:31,590] {logging_mixin.py:115} INFO - /opt/***/logs/dag_id=data_ingestion_gcs_dag/run_id=manual__2022-06-21T15:51:26.273157+00:00/task_id=download_dataset_task/attempt=1.log
[2022-06-21 16:20:31,591] {logging_mixin.py:115} INFO - /opt/***/logs/dag_id=data_ingestion_gcs_dag/run_id=manual__2022-06-21T15:29:37.286778+00:00/task_id=download_dataset_task/attempt=2.log
[2022-06-21 16:20:31,591] {logging_mixin.py:115} INFO - /opt/***/logs/dag_id=data_ingestion_gcs_dag/run_id=manual__2022-06-21T15:29:37.286778+00:00/task_id=download_dataset_task/attempt=1.log
[2022-06-21 16:20:31,591] {logging_mixin.py:115} INFO - /opt/***/logs/dag_id=data_ingestion_gcs_dag/run_id=manual__2022-06-21T16:11:53.074770+00:00/task_id=download_dataset_task/attempt=1.log
[2022-06-21 16:20:31,591] {logging_mixin.py:115} INFO - /opt/***/logs/dag_id=data_ingestion_gcs_dag/run_id=manual__2022-06-21T16:11:53.074770+00:00/task_id=format_to_parquet_task/attempt=2.log
[2022-06-21 16:20:31,591] {logging_mixin.py:115} INFO - /opt/***/logs/dag_id=data_ingestion_gcs_dag/run_id=manual__2022-06-21T16:11:53.074770+00:00/task_id=format_to_parquet_task/attempt=1.log
[2022-06-21 16:20:31,591] {logging_mixin.py:115} INFO - /opt/***/logs/dag_id=data_ingestion_gcs_dag/run_id=manual__2022-06-21T14:47:46.866256+00:00/task_id=download_dataset_task/attempt=2.log
[2022-06-21 16:20:31,591] {logging_mixin.py:115} INFO - /opt/***/logs/dag_id=data_ingestion_gcs_dag/run_id=manual__2022-06-21T14:47:46.866256+00:00/task_id=download_dataset_task/attempt=1.log
[2022-06-21 16:20:31,591] {logging_mixin.py:115} INFO - /opt/***/logs/dag_id=data_ingestion_gcs_dag/run_id=manual__2022-06-21T16:01:02.012945+00:00/task_id=download_dataset_task/attempt=2.log
[2022-06-21 16:20:31,591] {logging_mixin.py:115} INFO - /opt/***/logs/dag_id=data_ingestion_gcs_dag/run_id=manual__2022-06-21T16:01:02.012945+00:00/task_id=download_dataset_task/attempt=1.log
[2022-06-21 16:20:31,592] {logging_mixin.py:115} INFO - /opt/***/logs/dag_processor_manager/dag_processor_manager.log
[2022-06-21 16:20:31,592] {logging_mixin.py:115} INFO - /opt/***/logs/scheduler/latest/dags.py.log
[2022-06-21 16:20:31,592] {logging_mixin.py:115} INFO - /opt/***/logs/scheduler/latest/native_dags/example_dags/example_python_operator.py.log
[2022-06-21 16:20:31,592] {logging_mixin.py:115} INFO - /opt/***/logs/scheduler/latest/native_dags/example_dags/example_branch_labels.py.log
[2022-06-21 16:20:31,592] {logging_mixin.py:115} INFO - /opt/***/logs/scheduler/latest/native_dags/example_dags/example_xcomargs.py.log
[2022-06-21 16:20:31,592] {logging_mixin.py:115} INFO - /opt/***/logs/scheduler/latest/native_dags/example_dags/subdags/subdag.py.log
[2022-06-21 16:20:31,592] {logging_mixin.py:115} INFO - /opt/***/logs/scheduler/latest/native_dags/example_dags/example_kubernetes_executor.py.log
[2022-06-21 16:20:31,592] {logging_mixin.py:115} INFO - /opt/***/logs/scheduler/latest/native_dags/example_dags/tutorial.py.log
[2022-06-21 16:20:31,593] {logging_mixin.py:115} INFO - /opt/***/logs/scheduler/latest/native_dags/example_dags/example_passing_params_via_test_command.py.log
[2022-06-21 16:20:31,593] {logging_mixin.py:115} INFO - /opt/***/logs/scheduler/latest/native_dags/example_dags/example_task_group_decorator.py.log
[2022-06-21 16:20:31,593] {logging_mixin.py:115} INFO - /opt/***/logs/scheduler/latest/native_dags/example_dags/example_branch_operator.py.log
[2022-06-21 16:20:31,593] {logging_mixin.py:115} INFO - /opt/***/logs/scheduler/latest/native_dags/example_dags/tutorial_etl_dag.py.log
[2022-06-21 16:20:31,593] {logging_mixin.py:115} INFO - /opt/***/logs/scheduler/latest/native_dags/example_dags/example_local_kubernetes_executor.py.log
[2022-06-21 16:20:31,593] {logging_mixin.py:115} INFO - /opt/***/logs/scheduler/latest/native_dags/example_dags/example_short_circuit_operator.py.log
[2022-06-21 16:20:31,593] {logging_mixin.py:115} INFO - /opt/***/logs/scheduler/latest/native_dags/example_dags/example_nested_branch_dag.py.log
[2022-06-21 16:20:31,593] {logging_mixin.py:115} INFO - /opt/***/logs/scheduler/latest/native_dags/example_dags/example_trigger_controller_dag.py.log
[2022-06-21 16:20:31,594] {logging_mixin.py:115} INFO - /opt/***/logs/scheduler/latest/native_dags/example_dags/example_latest_only_with_trigger.py.log
[2022-06-21 16:20:31,594] {logging_mixin.py:115} INFO - /opt/***/logs/scheduler/latest/native_dags/example_dags/example_subdag_operator.py.log
[2022-06-21 16:20:31,594] {logging_mixin.py:115} INFO - /opt/***/logs/scheduler/latest/native_dags/example_dags/plugins/workday.py.log
[2022-06-21 16:20:31,594] {logging_mixin.py:115} INFO - /opt/***/logs/scheduler/latest/native_dags/example_dags/example_task_group.py.log
[2022-06-21 16:20:31,594] {logging_mixin.py:115} INFO - /opt/***/logs/scheduler/latest/native_dags/example_dags/example_branch_datetime_operator.py.log
[2022-06-21 16:20:31,594] {logging_mixin.py:115} INFO - /opt/***/logs/scheduler/latest/native_dags/example_dags/tutorial_taskflow_api_etl.py.log
[2022-06-21 16:20:31,594] {logging_mixin.py:115} INFO - /opt/***/logs/scheduler/latest/native_dags/example_dags/example_external_task_marker_dag.py.log
[2022-06-21 16:20:31,594] {logging_mixin.py:115} INFO - /opt/***/logs/scheduler/latest/native_dags/example_dags/example_time_delta_sensor_async.py.log
[2022-06-21 16:20:31,594] {logging_mixin.py:115} INFO - /opt/***/logs/scheduler/latest/native_dags/example_dags/example_branch_operator_decorator.py.log
[2022-06-21 16:20:31,595] {logging_mixin.py:115} INFO - /opt/***/logs/scheduler/latest/native_dags/example_dags/example_trigger_target_dag.py.log
[2022-06-21 16:20:31,595] {logging_mixin.py:115} INFO - /opt/***/logs/scheduler/latest/native_dags/example_dags/tutorial_taskflow_api_etl_virtualenv.py.log
[2022-06-21 16:20:31,595] {logging_mixin.py:115} INFO - /opt/***/logs/scheduler/latest/native_dags/example_dags/example_sla_dag.py.log
[2022-06-21 16:20:31,595] {logging_mixin.py:115} INFO - /opt/***/logs/scheduler/latest/native_dags/example_dags/example_latest_only.py.log
[2022-06-21 16:20:31,595] {logging_mixin.py:115} INFO - /opt/***/logs/scheduler/latest/native_dags/example_dags/example_branch_python_dop_operator_3.py.log
[2022-06-21 16:20:31,595] {logging_mixin.py:115} INFO - /opt/***/logs/scheduler/latest/native_dags/example_dags/example_xcom.py.log
[2022-06-21 16:20:31,595] {logging_mixin.py:115} INFO - /opt/***/logs/scheduler/latest/native_dags/example_dags/example_bash_operator.py.log
[2022-06-21 16:20:31,595] {logging_mixin.py:115} INFO - /opt/***/logs/scheduler/latest/native_dags/example_dags/example_complex.py.log
[2022-06-21 16:20:31,596] {logging_mixin.py:115} INFO - /opt/***/logs/scheduler/latest/native_dags/example_dags/example_dag_decorator.py.log
[2022-06-21 16:20:31,596] {logging_mixin.py:115} INFO - /opt/***/logs/scheduler/latest/native_dags/example_dags/example_branch_day_of_week_operator.py.log
[2022-06-21 16:20:31,596] {logging_mixin.py:115} INFO - /opt/***/logs/scheduler/latest/native_dags/example_dags/example_skip_dag.py.log
[2022-06-21 16:20:31,596] {logging_mixin.py:115} INFO - /opt/***/logs/scheduler/2022-06-21/dags.py.log
[2022-06-21 16:20:31,596] {logging_mixin.py:115} INFO - /opt/***/logs/scheduler/2022-06-21/native_dags/example_dags/example_python_operator.py.log
[2022-06-21 16:20:31,596] {logging_mixin.py:115} INFO - /opt/***/logs/scheduler/2022-06-21/native_dags/example_dags/example_branch_labels.py.log
[2022-06-21 16:20:31,596] {logging_mixin.py:115} INFO - /opt/***/logs/scheduler/2022-06-21/native_dags/example_dags/example_xcomargs.py.log
[2022-06-21 16:20:31,596] {logging_mixin.py:115} INFO - /opt/***/logs/scheduler/2022-06-21/native_dags/example_dags/subdags/subdag.py.log
[2022-06-21 16:20:31,597] {logging_mixin.py:115} INFO - /opt/***/logs/scheduler/2022-06-21/native_dags/example_dags/example_kubernetes_executor.py.log
[2022-06-21 16:20:31,597] {logging_mixin.py:115} INFO - /opt/***/logs/scheduler/2022-06-21/native_dags/example_dags/tutorial.py.log
[2022-06-21 16:20:31,597] {logging_mixin.py:115} INFO - /opt/***/logs/scheduler/2022-06-21/native_dags/example_dags/example_passing_params_via_test_command.py.log
[2022-06-21 16:20:31,597] {logging_mixin.py:115} INFO - /opt/***/logs/scheduler/2022-06-21/native_dags/example_dags/example_task_group_decorator.py.log
[2022-06-21 16:20:31,597] {logging_mixin.py:115} INFO - /opt/***/logs/scheduler/2022-06-21/native_dags/example_dags/example_branch_operator.py.log
[2022-06-21 16:20:31,597] {logging_mixin.py:115} INFO - /opt/***/logs/scheduler/2022-06-21/native_dags/example_dags/tutorial_etl_dag.py.log
[2022-06-21 16:20:31,597] {logging_mixin.py:115} INFO - /opt/***/logs/scheduler/2022-06-21/native_dags/example_dags/example_local_kubernetes_executor.py.log
[2022-06-21 16:20:31,597] {logging_mixin.py:115} INFO - /opt/***/logs/scheduler/2022-06-21/native_dags/example_dags/example_short_circuit_operator.py.log
[2022-06-21 16:20:31,598] {logging_mixin.py:115} INFO - /opt/***/logs/scheduler/2022-06-21/native_dags/example_dags/example_nested_branch_dag.py.log
[2022-06-21 16:20:31,598] {logging_mixin.py:115} INFO - /opt/***/logs/scheduler/2022-06-21/native_dags/example_dags/example_trigger_controller_dag.py.log
[2022-06-21 16:20:31,598] {logging_mixin.py:115} INFO - /opt/***/logs/scheduler/2022-06-21/native_dags/example_dags/example_latest_only_with_trigger.py.log
[2022-06-21 16:20:31,598] {logging_mixin.py:115} INFO - /opt/***/logs/scheduler/2022-06-21/native_dags/example_dags/example_subdag_operator.py.log
[2022-06-21 16:20:31,598] {logging_mixin.py:115} INFO - /opt/***/logs/scheduler/2022-06-21/native_dags/example_dags/plugins/workday.py.log
[2022-06-21 16:20:31,598] {logging_mixin.py:115} INFO - /opt/***/logs/scheduler/2022-06-21/native_dags/example_dags/example_task_group.py.log
[2022-06-21 16:20:31,598] {logging_mixin.py:115} INFO - /opt/***/logs/scheduler/2022-06-21/native_dags/example_dags/example_branch_datetime_operator.py.log
[2022-06-21 16:20:31,598] {logging_mixin.py:115} INFO - /opt/***/logs/scheduler/2022-06-21/native_dags/example_dags/tutorial_taskflow_api_etl.py.log
[2022-06-21 16:20:31,599] {logging_mixin.py:115} INFO - /opt/***/logs/scheduler/2022-06-21/native_dags/example_dags/example_external_task_marker_dag.py.log
[2022-06-21 16:20:31,599] {logging_mixin.py:115} INFO - /opt/***/logs/scheduler/2022-06-21/native_dags/example_dags/example_time_delta_sensor_async.py.log
[2022-06-21 16:20:31,599] {logging_mixin.py:115} INFO - /opt/***/logs/scheduler/2022-06-21/native_dags/example_dags/example_branch_operator_decorator.py.log
[2022-06-21 16:20:31,599] {logging_mixin.py:115} INFO - /opt/***/logs/scheduler/2022-06-21/native_dags/example_dags/example_trigger_target_dag.py.log
[2022-06-21 16:20:31,599] {logging_mixin.py:115} INFO - /opt/***/logs/scheduler/2022-06-21/native_dags/example_dags/tutorial_taskflow_api_etl_virtualenv.py.log
[2022-06-21 16:20:31,599] {logging_mixin.py:115} INFO - /opt/***/logs/scheduler/2022-06-21/native_dags/example_dags/example_sla_dag.py.log
[2022-06-21 16:20:31,599] {logging_mixin.py:115} INFO - /opt/***/logs/scheduler/2022-06-21/native_dags/example_dags/example_latest_only.py.log
[2022-06-21 16:20:31,599] {logging_mixin.py:115} INFO - /opt/***/logs/scheduler/2022-06-21/native_dags/example_dags/example_branch_python_dop_operator_3.py.log
[2022-06-21 16:20:31,600] {logging_mixin.py:115} INFO - /opt/***/logs/scheduler/2022-06-21/native_dags/example_dags/example_xcom.py.log
[2022-06-21 16:20:31,600] {logging_mixin.py:115} INFO - /opt/***/logs/scheduler/2022-06-21/native_dags/example_dags/example_bash_operator.py.log
[2022-06-21 16:20:31,600] {logging_mixin.py:115} INFO - /opt/***/logs/scheduler/2022-06-21/native_dags/example_dags/example_complex.py.log
[2022-06-21 16:20:31,600] {logging_mixin.py:115} INFO - /opt/***/logs/scheduler/2022-06-21/native_dags/example_dags/example_dag_decorator.py.log
[2022-06-21 16:20:31,600] {logging_mixin.py:115} INFO - /opt/***/logs/scheduler/2022-06-21/native_dags/example_dags/example_branch_day_of_week_operator.py.log
[2022-06-21 16:20:31,600] {logging_mixin.py:115} INFO - /opt/***/logs/scheduler/2022-06-21/native_dags/example_dags/example_skip_dag.py.log
[2022-06-21 16:20:31,600] {logging_mixin.py:115} INFO - /opt/***/***-worker.pid
[2022-06-21 16:20:31,600] {logging_mixin.py:115} INFO - /opt/***/webserver_config.py
[2022-06-21 16:20:31,600] {logging_mixin.py:115} INFO - /opt/***/***.cfg
[2022-06-21 16:20:31,600] {logging_mixin.py:115} INFO - /opt/***/~/.kaggle/kaggle.json
[2022-06-21 16:20:31,600] {logging_mixin.py:115} INFO - ****************
[2022-06-21 16:20:31,601] {python.py:173} INFO - Done. Returned value was: None
[2022-06-21 16:20:31,625] {taskinstance.py:1400} INFO - Marking task as SUCCESS. dag_id=data_ingestion_gcs_dag, task_id=download_dataset_task, execution_date=20220621T162027, start_date=20220621T162031, end_date=20220621T162031
[2022-06-21 16:20:31,674] {local_task_job.py:156} INFO - Task exited with return code 0
[2022-06-21 16:20:31,785] {local_task_job.py:273} INFO - 1 downstream tasks scheduled from follow-on schedule check
