[2022-06-27 10:23:28,072] {taskinstance.py:1159} INFO - Dependencies all met for <TaskInstance: data_ingestion_to_gcs.format_to_parquet_task manual__2022-06-27T10:23:23.130712+00:00 [queued]>
[2022-06-27 10:23:28,086] {taskinstance.py:1159} INFO - Dependencies all met for <TaskInstance: data_ingestion_to_gcs.format_to_parquet_task manual__2022-06-27T10:23:23.130712+00:00 [queued]>
[2022-06-27 10:23:28,087] {taskinstance.py:1356} INFO - 
--------------------------------------------------------------------------------
[2022-06-27 10:23:28,087] {taskinstance.py:1357} INFO - Starting attempt 1 of 2
[2022-06-27 10:23:28,087] {taskinstance.py:1358} INFO - 
--------------------------------------------------------------------------------
[2022-06-27 10:23:28,105] {taskinstance.py:1377} INFO - Executing <Task(PythonOperator): format_to_parquet_task> on 2022-06-27 10:23:23.130712+00:00
[2022-06-27 10:23:28,111] {standard_task_runner.py:52} INFO - Started process 145 to run task
[2022-06-27 10:23:28,114] {standard_task_runner.py:79} INFO - Running: ['***', 'tasks', 'run', 'data_ingestion_to_gcs', 'format_to_parquet_task', 'manual__2022-06-27T10:23:23.130712+00:00', '--job-id', '324', '--raw', '--subdir', 'DAGS_FOLDER/01_data_ingestion_to_gcs.py', '--cfg-path', '/tmp/tmp9ca_2d_k', '--error-file', '/tmp/tmpereft5zf']
[2022-06-27 10:23:28,115] {standard_task_runner.py:80} INFO - Job 324: Subtask format_to_parquet_task
[2022-06-27 10:23:28,177] {task_command.py:370} INFO - Running <TaskInstance: data_ingestion_to_gcs.format_to_parquet_task manual__2022-06-27T10:23:23.130712+00:00 [running]> on host ae7a9033af81
[2022-06-27 10:23:28,267] {taskinstance.py:1571} INFO - Exporting the following env vars:
AIRFLOW_CTX_DAG_OWNER=***
AIRFLOW_CTX_DAG_ID=data_ingestion_to_gcs
AIRFLOW_CTX_TASK_ID=format_to_parquet_task
AIRFLOW_CTX_EXECUTION_DATE=2022-06-27T10:23:23.130712+00:00
AIRFLOW_CTX_TRY_NUMBER=1
AIRFLOW_CTX_DAG_RUN_ID=manual__2022-06-27T10:23:23.130712+00:00
[2022-06-27 10:23:28,397] {python.py:173} INFO - Done. Returned value was: None
[2022-06-27 10:23:28,412] {taskinstance.py:1400} INFO - Marking task as SUCCESS. dag_id=data_ingestion_to_gcs, task_id=format_to_parquet_task, execution_date=20220627T102323, start_date=20220627T102328, end_date=20220627T102328
[2022-06-27 10:23:28,446] {local_task_job.py:156} INFO - Task exited with return code 0
[2022-06-27 10:23:28,499] {local_task_job.py:273} INFO - 1 downstream tasks scheduled from follow-on schedule check
