[2022-06-27 10:18:52,977] {taskinstance.py:1159} INFO - Dependencies all met for <TaskInstance: data_ingestion_to_gcs.format_to_parquet_task manual__2022-06-27T10:18:48.395603+00:00 [queued]>
[2022-06-27 10:18:52,990] {taskinstance.py:1159} INFO - Dependencies all met for <TaskInstance: data_ingestion_to_gcs.format_to_parquet_task manual__2022-06-27T10:18:48.395603+00:00 [queued]>
[2022-06-27 10:18:52,990] {taskinstance.py:1356} INFO - 
--------------------------------------------------------------------------------
[2022-06-27 10:18:52,990] {taskinstance.py:1357} INFO - Starting attempt 1 of 2
[2022-06-27 10:18:52,990] {taskinstance.py:1358} INFO - 
--------------------------------------------------------------------------------
[2022-06-27 10:18:53,008] {taskinstance.py:1377} INFO - Executing <Task(PythonOperator): format_to_parquet_task> on 2022-06-27 10:18:48.395603+00:00
[2022-06-27 10:18:53,015] {standard_task_runner.py:52} INFO - Started process 155 to run task
[2022-06-27 10:18:53,018] {standard_task_runner.py:79} INFO - Running: ['***', 'tasks', 'run', 'data_ingestion_to_gcs', 'format_to_parquet_task', 'manual__2022-06-27T10:18:48.395603+00:00', '--job-id', '314', '--raw', '--subdir', 'DAGS_FOLDER/01_data_ingestion_to_gcs.py', '--cfg-path', '/tmp/tmpd2r07xk8', '--error-file', '/tmp/tmpt_rryjqg']
[2022-06-27 10:18:53,019] {standard_task_runner.py:80} INFO - Job 314: Subtask format_to_parquet_task
[2022-06-27 10:18:53,080] {task_command.py:370} INFO - Running <TaskInstance: data_ingestion_to_gcs.format_to_parquet_task manual__2022-06-27T10:18:48.395603+00:00 [running]> on host d7989a53f2a4
[2022-06-27 10:18:53,170] {taskinstance.py:1571} INFO - Exporting the following env vars:
AIRFLOW_CTX_DAG_OWNER=***
AIRFLOW_CTX_DAG_ID=data_ingestion_to_gcs
AIRFLOW_CTX_TASK_ID=format_to_parquet_task
AIRFLOW_CTX_EXECUTION_DATE=2022-06-27T10:18:48.395603+00:00
AIRFLOW_CTX_TRY_NUMBER=1
AIRFLOW_CTX_DAG_RUN_ID=manual__2022-06-27T10:18:48.395603+00:00
[2022-06-27 10:18:53,279] {python.py:173} INFO - Done. Returned value was: None
[2022-06-27 10:18:53,296] {taskinstance.py:1400} INFO - Marking task as SUCCESS. dag_id=data_ingestion_to_gcs, task_id=format_to_parquet_task, execution_date=20220627T101848, start_date=20220627T101852, end_date=20220627T101853
[2022-06-27 10:18:53,351] {local_task_job.py:156} INFO - Task exited with return code 0
[2022-06-27 10:18:53,403] {local_task_job.py:273} INFO - 1 downstream tasks scheduled from follow-on schedule check
