[2022-06-27 16:05:17,559] {taskinstance.py:1159} INFO - Dependencies all met for <TaskInstance: data_ingestion_to_gcs.trigger manual__2022-06-27T16:05:11.244826+00:00 [queued]>
[2022-06-27 16:05:17,565] {taskinstance.py:1159} INFO - Dependencies all met for <TaskInstance: data_ingestion_to_gcs.trigger manual__2022-06-27T16:05:11.244826+00:00 [queued]>
[2022-06-27 16:05:17,565] {taskinstance.py:1356} INFO - 
--------------------------------------------------------------------------------
[2022-06-27 16:05:17,565] {taskinstance.py:1357} INFO - Starting attempt 1 of 2
[2022-06-27 16:05:17,565] {taskinstance.py:1358} INFO - 
--------------------------------------------------------------------------------
[2022-06-27 16:05:17,574] {taskinstance.py:1377} INFO - Executing <Task(TriggerDagRunOperator): trigger> on 2022-06-27 16:05:11.244826+00:00
[2022-06-27 16:05:17,579] {standard_task_runner.py:52} INFO - Started process 207 to run task
[2022-06-27 16:05:17,581] {standard_task_runner.py:79} INFO - Running: ['***', 'tasks', 'run', 'data_ingestion_to_gcs', 'trigger', 'manual__2022-06-27T16:05:11.244826+00:00', '--job-id', '411', '--raw', '--subdir', 'DAGS_FOLDER/01_data_ingestion_to_gcs.py', '--cfg-path', '/tmp/tmp1434zvbc', '--error-file', '/tmp/tmpapl3a288']
[2022-06-27 16:05:17,582] {standard_task_runner.py:80} INFO - Job 411: Subtask trigger
[2022-06-27 16:05:17,617] {task_command.py:370} INFO - Running <TaskInstance: data_ingestion_to_gcs.trigger manual__2022-06-27T16:05:11.244826+00:00 [running]> on host 9f549fe13a2f
[2022-06-27 16:05:17,665] {taskinstance.py:1571} INFO - Exporting the following env vars:
AIRFLOW_CTX_DAG_OWNER=***
AIRFLOW_CTX_DAG_ID=data_ingestion_to_gcs
AIRFLOW_CTX_TASK_ID=trigger
AIRFLOW_CTX_EXECUTION_DATE=2022-06-27T16:05:11.244826+00:00
AIRFLOW_CTX_TRY_NUMBER=1
AIRFLOW_CTX_DAG_RUN_ID=manual__2022-06-27T16:05:11.244826+00:00
[2022-06-27 16:05:17,750] {taskinstance.py:1400} INFO - Marking task as SUCCESS. dag_id=data_ingestion_to_gcs, task_id=trigger, execution_date=20220627T160511, start_date=20220627T160517, end_date=20220627T160517
[2022-06-27 16:05:17,793] {local_task_job.py:156} INFO - Task exited with return code 0
[2022-06-27 16:05:17,820] {local_task_job.py:273} INFO - 1 downstream tasks scheduled from follow-on schedule check
