[2022-06-27 10:21:51,915] {taskinstance.py:1159} INFO - Dependencies all met for <TaskInstance: process-food-waste-data.process_data_task manual__2022-06-27T10:18:57.049494+00:00 [queued]>
[2022-06-27 10:21:51,931] {taskinstance.py:1159} INFO - Dependencies all met for <TaskInstance: process-food-waste-data.process_data_task manual__2022-06-27T10:18:57.049494+00:00 [queued]>
[2022-06-27 10:21:51,931] {taskinstance.py:1356} INFO - 
--------------------------------------------------------------------------------
[2022-06-27 10:21:51,931] {taskinstance.py:1357} INFO - Starting attempt 1 of 2
[2022-06-27 10:21:51,931] {taskinstance.py:1358} INFO - 
--------------------------------------------------------------------------------
[2022-06-27 10:21:51,955] {taskinstance.py:1377} INFO - Executing <Task(PythonOperator): process_data_task> on 2022-06-27 10:18:57.049494+00:00
[2022-06-27 10:21:51,963] {clientserver.py:543} INFO - Closing down clientserver connection
[2022-06-27 10:21:51,963] {standard_task_runner.py:52} INFO - Started process 630 to run task
[2022-06-27 10:21:51,968] {standard_task_runner.py:79} INFO - Running: ['***', 'tasks', 'run', 'process-food-waste-data', 'process_data_task', 'manual__2022-06-27T10:18:57.049494+00:00', '--job-id', '319', '--raw', '--subdir', 'DAGS_FOLDER/02_data_process_dag.py', '--cfg-path', '/tmp/tmp_ybwwnsh', '--error-file', '/tmp/tmpzaproy2p']
[2022-06-27 10:21:51,969] {standard_task_runner.py:80} INFO - Job 319: Subtask process_data_task
[2022-06-27 10:21:52,036] {task_command.py:370} INFO - Running <TaskInstance: process-food-waste-data.process_data_task manual__2022-06-27T10:18:57.049494+00:00 [running]> on host d7989a53f2a4
[2022-06-27 10:21:52,146] {taskinstance.py:1571} INFO - Exporting the following env vars:
AIRFLOW_CTX_DAG_OWNER=***
AIRFLOW_CTX_DAG_ID=process-food-waste-data
AIRFLOW_CTX_TASK_ID=process_data_task
AIRFLOW_CTX_EXECUTION_DATE=2022-06-27T10:18:57.049494+00:00
AIRFLOW_CTX_TRY_NUMBER=1
AIRFLOW_CTX_DAG_RUN_ID=manual__2022-06-27T10:18:57.049494+00:00
[2022-06-27 10:21:52,147] {logging_mixin.py:115} INFO - ENTERED FUNCTION
[2022-06-27 10:21:52,254] {clientserver.py:505} INFO - Error while sending or receiving.
Traceback (most recent call last):
  File "/home/airflow/.local/lib/python3.7/site-packages/py4j/clientserver.py", line 503, in send_command
    self.socket.sendall(command.encode("utf-8"))
ConnectionResetError: [Errno 104] Connection reset by peer
[2022-06-27 10:21:52,255] {clientserver.py:543} INFO - Closing down clientserver connection
[2022-06-27 10:21:52,255] {java_gateway.py:1052} INFO - Exception while sending command.
Traceback (most recent call last):
  File "/home/airflow/.local/lib/python3.7/site-packages/py4j/clientserver.py", line 503, in send_command
    self.socket.sendall(command.encode("utf-8"))
ConnectionResetError: [Errno 104] Connection reset by peer

During handling of the above exception, another exception occurred:

Traceback (most recent call last):
  File "/home/airflow/.local/lib/python3.7/site-packages/py4j/java_gateway.py", line 1038, in send_command
    response = connection.send_command(command)
  File "/home/airflow/.local/lib/python3.7/site-packages/py4j/clientserver.py", line 507, in send_command
    "Error while sending", e, proto.ERROR_ON_SEND)
py4j.protocol.Py4JNetworkError: Error while sending
[2022-06-27 10:21:52,259] {clientserver.py:543} INFO - Closing down clientserver connection
