[2022-06-22 11:20:07,727] {taskinstance.py:1159} INFO - Dependencies all met for <TaskInstance: data_ingestion_gcs_dag.download_dataset_task manual__2022-06-22T11:20:02+00:00 [queued]>
[2022-06-22 11:20:07,735] {taskinstance.py:1159} INFO - Dependencies all met for <TaskInstance: data_ingestion_gcs_dag.download_dataset_task manual__2022-06-22T11:20:02+00:00 [queued]>
[2022-06-22 11:20:07,735] {taskinstance.py:1356} INFO - 
--------------------------------------------------------------------------------
[2022-06-22 11:20:07,735] {taskinstance.py:1357} INFO - Starting attempt 1 of 2
[2022-06-22 11:20:07,735] {taskinstance.py:1358} INFO - 
--------------------------------------------------------------------------------
[2022-06-22 11:20:07,750] {taskinstance.py:1377} INFO - Executing <Task(PythonOperator): download_dataset_task> on 2022-06-22 11:20:02+00:00
[2022-06-22 11:20:07,754] {standard_task_runner.py:52} INFO - Started process 161 to run task
[2022-06-22 11:20:07,757] {standard_task_runner.py:79} INFO - Running: ['***', 'tasks', 'run', 'data_ingestion_gcs_dag', 'download_dataset_task', 'manual__2022-06-22T11:20:02+00:00', '--job-id', '101', '--raw', '--subdir', 'DAGS_FOLDER/dags.py', '--cfg-path', '/tmp/tmpzq68eb3l', '--error-file', '/tmp/tmp8p6in4k0']
[2022-06-22 11:20:07,757] {standard_task_runner.py:80} INFO - Job 101: Subtask download_dataset_task
[2022-06-22 11:20:07,796] {task_command.py:370} INFO - Running <TaskInstance: data_ingestion_gcs_dag.download_dataset_task manual__2022-06-22T11:20:02+00:00 [running]> on host 08ef16c14d5c
[2022-06-22 11:20:07,851] {taskinstance.py:1571} INFO - Exporting the following env vars:
AIRFLOW_CTX_DAG_OWNER=***
AIRFLOW_CTX_DAG_ID=data_ingestion_gcs_dag
AIRFLOW_CTX_TASK_ID=download_dataset_task
AIRFLOW_CTX_EXECUTION_DATE=2022-06-22T11:20:02+00:00
AIRFLOW_CTX_TRY_NUMBER=1
AIRFLOW_CTX_DAG_RUN_ID=manual__2022-06-22T11:20:02+00:00
[2022-06-22 11:20:08,957] {python.py:173} INFO - Done. Returned value was: None
[2022-06-22 11:20:08,971] {taskinstance.py:1400} INFO - Marking task as SUCCESS. dag_id=data_ingestion_gcs_dag, task_id=download_dataset_task, execution_date=20220622T112002, start_date=20220622T112007, end_date=20220622T112008
[2022-06-22 11:20:09,013] {local_task_job.py:156} INFO - Task exited with return code 0
[2022-06-22 11:20:09,052] {local_task_job.py:273} INFO - 1 downstream tasks scheduled from follow-on schedule check
