[2022-06-23 17:38:08,866] {taskinstance.py:1159} INFO - Dependencies all met for <TaskInstance: data_ingestion_to_gcs.download_data_task manual__2022-06-23T17:38:07.987584+00:00 [queued]>
[2022-06-23 17:38:08,872] {taskinstance.py:1159} INFO - Dependencies all met for <TaskInstance: data_ingestion_to_gcs.download_data_task manual__2022-06-23T17:38:07.987584+00:00 [queued]>
[2022-06-23 17:38:08,872] {taskinstance.py:1356} INFO - 
--------------------------------------------------------------------------------
[2022-06-23 17:38:08,872] {taskinstance.py:1357} INFO - Starting attempt 1 of 2
[2022-06-23 17:38:08,872] {taskinstance.py:1358} INFO - 
--------------------------------------------------------------------------------
[2022-06-23 17:38:08,884] {taskinstance.py:1377} INFO - Executing <Task(PythonOperator): download_data_task> on 2022-06-23 17:38:07.987584+00:00
[2022-06-23 17:38:08,889] {standard_task_runner.py:52} INFO - Started process 81 to run task
[2022-06-23 17:38:08,890] {standard_task_runner.py:79} INFO - Running: ['***', 'tasks', 'run', 'data_ingestion_to_gcs', 'download_data_task', 'manual__2022-06-23T17:38:07.987584+00:00', '--job-id', '277', '--raw', '--subdir', 'DAGS_FOLDER/01_data_ingestion_to_gcs.py', '--cfg-path', '/tmp/tmpsm1717s_', '--error-file', '/tmp/tmp49tgzvho']
[2022-06-23 17:38:08,891] {standard_task_runner.py:80} INFO - Job 277: Subtask download_data_task
[2022-06-23 17:38:08,928] {task_command.py:370} INFO - Running <TaskInstance: data_ingestion_to_gcs.download_data_task manual__2022-06-23T17:38:07.987584+00:00 [running]> on host d305947238c5
[2022-06-23 17:38:08,979] {taskinstance.py:1571} INFO - Exporting the following env vars:
AIRFLOW_CTX_DAG_OWNER=***
AIRFLOW_CTX_DAG_ID=data_ingestion_to_gcs
AIRFLOW_CTX_TASK_ID=download_data_task
AIRFLOW_CTX_EXECUTION_DATE=2022-06-23T17:38:07.987584+00:00
AIRFLOW_CTX_TRY_NUMBER=1
AIRFLOW_CTX_DAG_RUN_ID=manual__2022-06-23T17:38:07.987584+00:00
[2022-06-23 17:38:09,837] {python.py:173} INFO - Done. Returned value was: None
[2022-06-23 17:38:09,847] {taskinstance.py:1400} INFO - Marking task as SUCCESS. dag_id=data_ingestion_to_gcs, task_id=download_data_task, execution_date=20220623T173807, start_date=20220623T173808, end_date=20220623T173809
[2022-06-23 17:38:09,865] {local_task_job.py:156} INFO - Task exited with return code 0
[2022-06-23 17:38:09,921] {local_task_job.py:273} INFO - 1 downstream tasks scheduled from follow-on schedule check
