[2022-06-23 15:04:27,761] {taskinstance.py:1159} INFO - Dependencies all met for <TaskInstance: data_ingestion_to_gcs.download_data_task manual__2022-06-23T15:04:26.759564+00:00 [queued]>
[2022-06-23 15:04:27,768] {taskinstance.py:1159} INFO - Dependencies all met for <TaskInstance: data_ingestion_to_gcs.download_data_task manual__2022-06-23T15:04:26.759564+00:00 [queued]>
[2022-06-23 15:04:27,768] {taskinstance.py:1356} INFO - 
--------------------------------------------------------------------------------
[2022-06-23 15:04:27,768] {taskinstance.py:1357} INFO - Starting attempt 1 of 2
[2022-06-23 15:04:27,768] {taskinstance.py:1358} INFO - 
--------------------------------------------------------------------------------
[2022-06-23 15:04:27,781] {taskinstance.py:1377} INFO - Executing <Task(PythonOperator): download_data_task> on 2022-06-23 15:04:26.759564+00:00
[2022-06-23 15:04:27,786] {standard_task_runner.py:52} INFO - Started process 249 to run task
[2022-06-23 15:04:27,788] {standard_task_runner.py:79} INFO - Running: ['***', 'tasks', 'run', 'data_ingestion_to_gcs', 'download_data_task', 'manual__2022-06-23T15:04:26.759564+00:00', '--job-id', '216', '--raw', '--subdir', 'DAGS_FOLDER/01_data_ingestion_to_gcs.py', '--cfg-path', '/tmp/tmplztj32c6', '--error-file', '/tmp/tmpbbph1bcg']
[2022-06-23 15:04:27,789] {standard_task_runner.py:80} INFO - Job 216: Subtask download_data_task
[2022-06-23 15:04:27,829] {task_command.py:370} INFO - Running <TaskInstance: data_ingestion_to_gcs.download_data_task manual__2022-06-23T15:04:26.759564+00:00 [running]> on host 79702e2d6e06
[2022-06-23 15:04:27,893] {taskinstance.py:1571} INFO - Exporting the following env vars:
AIRFLOW_CTX_DAG_OWNER=***
AIRFLOW_CTX_DAG_ID=data_ingestion_to_gcs
AIRFLOW_CTX_TASK_ID=download_data_task
AIRFLOW_CTX_EXECUTION_DATE=2022-06-23T15:04:26.759564+00:00
AIRFLOW_CTX_TRY_NUMBER=1
AIRFLOW_CTX_DAG_RUN_ID=manual__2022-06-23T15:04:26.759564+00:00
[2022-06-23 15:04:28,719] {python.py:173} INFO - Done. Returned value was: None
[2022-06-23 15:04:28,738] {taskinstance.py:1400} INFO - Marking task as SUCCESS. dag_id=data_ingestion_to_gcs, task_id=download_data_task, execution_date=20220623T150426, start_date=20220623T150427, end_date=20220623T150428
[2022-06-23 15:04:28,776] {local_task_job.py:156} INFO - Task exited with return code 0
[2022-06-23 15:04:28,834] {local_task_job.py:273} INFO - 1 downstream tasks scheduled from follow-on schedule check
