[2022-06-23 14:05:15,842] {taskinstance.py:1159} INFO - Dependencies all met for <TaskInstance: data_ingestion_to_gcs.download_data_task scheduled__2020-01-01T00:00:00+00:00 [queued]>
[2022-06-23 14:05:15,852] {taskinstance.py:1159} INFO - Dependencies all met for <TaskInstance: data_ingestion_to_gcs.download_data_task scheduled__2020-01-01T00:00:00+00:00 [queued]>
[2022-06-23 14:05:15,852] {taskinstance.py:1356} INFO - 
--------------------------------------------------------------------------------
[2022-06-23 14:05:15,852] {taskinstance.py:1357} INFO - Starting attempt 1 of 2
[2022-06-23 14:05:15,852] {taskinstance.py:1358} INFO - 
--------------------------------------------------------------------------------
[2022-06-23 14:05:15,865] {taskinstance.py:1377} INFO - Executing <Task(PythonOperator): download_data_task> on 2020-01-01 00:00:00+00:00
[2022-06-23 14:05:15,869] {standard_task_runner.py:52} INFO - Started process 234 to run task
[2022-06-23 14:05:15,871] {standard_task_runner.py:79} INFO - Running: ['***', 'tasks', 'run', 'data_ingestion_to_gcs', 'download_data_task', 'scheduled__2020-01-01T00:00:00+00:00', '--job-id', '179', '--raw', '--subdir', 'DAGS_FOLDER/01_data_ingestion_to_gcs.py', '--cfg-path', '/tmp/tmpd26vvsss', '--error-file', '/tmp/tmpuoax81d_']
[2022-06-23 14:05:15,871] {standard_task_runner.py:80} INFO - Job 179: Subtask download_data_task
[2022-06-23 14:05:15,904] {task_command.py:370} INFO - Running <TaskInstance: data_ingestion_to_gcs.download_data_task scheduled__2020-01-01T00:00:00+00:00 [running]> on host 24ab0148fd1d
[2022-06-23 14:05:15,955] {taskinstance.py:1571} INFO - Exporting the following env vars:
AIRFLOW_CTX_DAG_OWNER=***
AIRFLOW_CTX_DAG_ID=data_ingestion_to_gcs
AIRFLOW_CTX_TASK_ID=download_data_task
AIRFLOW_CTX_EXECUTION_DATE=2020-01-01T00:00:00+00:00
AIRFLOW_CTX_TRY_NUMBER=1
AIRFLOW_CTX_DAG_RUN_ID=scheduled__2020-01-01T00:00:00+00:00
[2022-06-23 14:05:17,178] {python.py:173} INFO - Done. Returned value was: None
[2022-06-23 14:05:17,186] {taskinstance.py:1400} INFO - Marking task as SUCCESS. dag_id=data_ingestion_to_gcs, task_id=download_data_task, execution_date=20200101T000000, start_date=20220623T140515, end_date=20220623T140517
[2022-06-23 14:05:17,206] {local_task_job.py:156} INFO - Task exited with return code 0
[2022-06-23 14:05:17,236] {local_task_job.py:273} INFO - 1 downstream tasks scheduled from follow-on schedule check
[2022-06-23 15:00:27,395] {taskinstance.py:1159} INFO - Dependencies all met for <TaskInstance: data_ingestion_to_gcs.download_data_task scheduled__2020-01-01T00:00:00+00:00 [queued]>
[2022-06-23 15:00:27,402] {taskinstance.py:1159} INFO - Dependencies all met for <TaskInstance: data_ingestion_to_gcs.download_data_task scheduled__2020-01-01T00:00:00+00:00 [queued]>
[2022-06-23 15:00:27,402] {taskinstance.py:1356} INFO - 
--------------------------------------------------------------------------------
[2022-06-23 15:00:27,402] {taskinstance.py:1357} INFO - Starting attempt 1 of 2
[2022-06-23 15:00:27,402] {taskinstance.py:1358} INFO - 
--------------------------------------------------------------------------------
[2022-06-23 15:00:27,418] {taskinstance.py:1377} INFO - Executing <Task(PythonOperator): download_data_task> on 2020-01-01 00:00:00+00:00
[2022-06-23 15:00:27,423] {standard_task_runner.py:52} INFO - Started process 182 to run task
[2022-06-23 15:00:27,425] {standard_task_runner.py:79} INFO - Running: ['***', 'tasks', 'run', 'data_ingestion_to_gcs', 'download_data_task', 'scheduled__2020-01-01T00:00:00+00:00', '--job-id', '207', '--raw', '--subdir', 'DAGS_FOLDER/01_data_ingestion_to_gcs.py', '--cfg-path', '/tmp/tmpygvi63_7', '--error-file', '/tmp/tmpbv1l2qwv']
[2022-06-23 15:00:27,426] {standard_task_runner.py:80} INFO - Job 207: Subtask download_data_task
[2022-06-23 15:00:27,465] {task_command.py:370} INFO - Running <TaskInstance: data_ingestion_to_gcs.download_data_task scheduled__2020-01-01T00:00:00+00:00 [running]> on host 9ac39f243003
[2022-06-23 15:00:27,531] {taskinstance.py:1571} INFO - Exporting the following env vars:
AIRFLOW_CTX_DAG_OWNER=***
AIRFLOW_CTX_DAG_ID=data_ingestion_to_gcs
AIRFLOW_CTX_TASK_ID=download_data_task
AIRFLOW_CTX_EXECUTION_DATE=2020-01-01T00:00:00+00:00
AIRFLOW_CTX_TRY_NUMBER=1
AIRFLOW_CTX_DAG_RUN_ID=scheduled__2020-01-01T00:00:00+00:00
[2022-06-23 15:00:28,358] {python.py:173} INFO - Done. Returned value was: None
[2022-06-23 15:00:28,370] {taskinstance.py:1400} INFO - Marking task as SUCCESS. dag_id=data_ingestion_to_gcs, task_id=download_data_task, execution_date=20200101T000000, start_date=20220623T150027, end_date=20220623T150028
[2022-06-23 15:00:28,399] {local_task_job.py:156} INFO - Task exited with return code 0
[2022-06-23 15:00:28,443] {local_task_job.py:273} INFO - 1 downstream tasks scheduled from follow-on schedule check
[2022-06-27 10:31:50,387] {taskinstance.py:1159} INFO - Dependencies all met for <TaskInstance: data_ingestion_to_gcs.download_data_task scheduled__2020-01-01T00:00:00+00:00 [queued]>
[2022-06-27 10:31:50,396] {taskinstance.py:1159} INFO - Dependencies all met for <TaskInstance: data_ingestion_to_gcs.download_data_task scheduled__2020-01-01T00:00:00+00:00 [queued]>
[2022-06-27 10:31:50,396] {taskinstance.py:1356} INFO - 
--------------------------------------------------------------------------------
[2022-06-27 10:31:50,396] {taskinstance.py:1357} INFO - Starting attempt 1 of 2
[2022-06-27 10:31:50,396] {taskinstance.py:1358} INFO - 
--------------------------------------------------------------------------------
[2022-06-27 10:31:50,409] {taskinstance.py:1377} INFO - Executing <Task(PythonOperator): download_data_task> on 2020-01-01 00:00:00+00:00
[2022-06-27 10:31:50,414] {standard_task_runner.py:52} INFO - Started process 169 to run task
[2022-06-27 10:31:50,416] {standard_task_runner.py:79} INFO - Running: ['***', 'tasks', 'run', 'data_ingestion_to_gcs', 'download_data_task', 'scheduled__2020-01-01T00:00:00+00:00', '--job-id', '332', '--raw', '--subdir', 'DAGS_FOLDER/01_data_ingestion_to_gcs.py', '--cfg-path', '/tmp/tmpaqc7fut8', '--error-file', '/tmp/tmpkvgirohu']
[2022-06-27 10:31:50,417] {standard_task_runner.py:80} INFO - Job 332: Subtask download_data_task
[2022-06-27 10:31:50,461] {task_command.py:370} INFO - Running <TaskInstance: data_ingestion_to_gcs.download_data_task scheduled__2020-01-01T00:00:00+00:00 [running]> on host ba54ad88b6ec
[2022-06-27 10:31:50,524] {taskinstance.py:1571} INFO - Exporting the following env vars:
AIRFLOW_CTX_DAG_OWNER=***
AIRFLOW_CTX_DAG_ID=data_ingestion_to_gcs
AIRFLOW_CTX_TASK_ID=download_data_task
AIRFLOW_CTX_EXECUTION_DATE=2020-01-01T00:00:00+00:00
AIRFLOW_CTX_TRY_NUMBER=1
AIRFLOW_CTX_DAG_RUN_ID=scheduled__2020-01-01T00:00:00+00:00
[2022-06-27 10:31:52,186] {python.py:173} INFO - Done. Returned value was: None
[2022-06-27 10:31:52,199] {taskinstance.py:1400} INFO - Marking task as SUCCESS. dag_id=data_ingestion_to_gcs, task_id=download_data_task, execution_date=20200101T000000, start_date=20220627T103150, end_date=20220627T103152
[2022-06-27 10:31:52,232] {local_task_job.py:156} INFO - Task exited with return code 0
[2022-06-27 10:31:52,274] {local_task_job.py:273} INFO - 1 downstream tasks scheduled from follow-on schedule check
[2022-06-27 13:13:09,090] {taskinstance.py:1159} INFO - Dependencies all met for <TaskInstance: data_ingestion_to_gcs.download_data_task scheduled__2020-01-01T00:00:00+00:00 [queued]>
[2022-06-27 13:13:09,096] {taskinstance.py:1159} INFO - Dependencies all met for <TaskInstance: data_ingestion_to_gcs.download_data_task scheduled__2020-01-01T00:00:00+00:00 [queued]>
[2022-06-27 13:13:09,096] {taskinstance.py:1356} INFO - 
--------------------------------------------------------------------------------
[2022-06-27 13:13:09,096] {taskinstance.py:1357} INFO - Starting attempt 1 of 2
[2022-06-27 13:13:09,096] {taskinstance.py:1358} INFO - 
--------------------------------------------------------------------------------
[2022-06-27 13:13:09,106] {taskinstance.py:1377} INFO - Executing <Task(PythonOperator): download_data_task> on 2020-01-01 00:00:00+00:00
[2022-06-27 13:13:09,111] {standard_task_runner.py:52} INFO - Started process 6352 to run task
[2022-06-27 13:13:09,113] {standard_task_runner.py:79} INFO - Running: ['***', 'tasks', 'run', 'data_ingestion_to_gcs', 'download_data_task', 'scheduled__2020-01-01T00:00:00+00:00', '--job-id', '368', '--raw', '--subdir', 'DAGS_FOLDER/01_data_ingestion_to_gcs.py', '--cfg-path', '/tmp/tmp6ksiw3op', '--error-file', '/tmp/tmps24s0zzp']
[2022-06-27 13:13:09,114] {standard_task_runner.py:80} INFO - Job 368: Subtask download_data_task
[2022-06-27 13:13:09,148] {task_command.py:370} INFO - Running <TaskInstance: data_ingestion_to_gcs.download_data_task scheduled__2020-01-01T00:00:00+00:00 [running]> on host 78ff5d0f8165
[2022-06-27 13:13:09,196] {taskinstance.py:1571} INFO - Exporting the following env vars:
AIRFLOW_CTX_DAG_OWNER=***
AIRFLOW_CTX_DAG_ID=data_ingestion_to_gcs
AIRFLOW_CTX_TASK_ID=download_data_task
AIRFLOW_CTX_EXECUTION_DATE=2020-01-01T00:00:00+00:00
AIRFLOW_CTX_TRY_NUMBER=1
AIRFLOW_CTX_DAG_RUN_ID=scheduled__2020-01-01T00:00:00+00:00
[2022-06-27 13:13:10,584] {python.py:173} INFO - Done. Returned value was: None
[2022-06-27 13:13:10,596] {taskinstance.py:1400} INFO - Marking task as SUCCESS. dag_id=data_ingestion_to_gcs, task_id=download_data_task, execution_date=20200101T000000, start_date=20220627T131309, end_date=20220627T131310
[2022-06-27 13:13:10,651] {local_task_job.py:156} INFO - Task exited with return code 0
[2022-06-27 13:13:10,699] {local_task_job.py:273} INFO - 1 downstream tasks scheduled from follow-on schedule check
[2022-06-28 14:41:32,715] {taskinstance.py:1159} INFO - Dependencies all met for <TaskInstance: data_ingestion_to_gcs.download_data_task scheduled__2020-01-01T00:00:00+00:00 [queued]>
[2022-06-28 14:41:32,720] {taskinstance.py:1159} INFO - Dependencies all met for <TaskInstance: data_ingestion_to_gcs.download_data_task scheduled__2020-01-01T00:00:00+00:00 [queued]>
[2022-06-28 14:41:32,720] {taskinstance.py:1356} INFO - 
--------------------------------------------------------------------------------
[2022-06-28 14:41:32,720] {taskinstance.py:1357} INFO - Starting attempt 1 of 2
[2022-06-28 14:41:32,720] {taskinstance.py:1358} INFO - 
--------------------------------------------------------------------------------
[2022-06-28 14:41:32,729] {taskinstance.py:1377} INFO - Executing <Task(PythonOperator): download_data_task> on 2020-01-01 00:00:00+00:00
[2022-06-28 14:41:32,733] {standard_task_runner.py:52} INFO - Started process 76 to run task
[2022-06-28 14:41:32,735] {standard_task_runner.py:79} INFO - Running: ['***', 'tasks', 'run', 'data_ingestion_to_gcs', 'download_data_task', 'scheduled__2020-01-01T00:00:00+00:00', '--job-id', '487', '--raw', '--subdir', 'DAGS_FOLDER/01_data_ingestion_to_gcs.py', '--cfg-path', '/tmp/tmppqde72au', '--error-file', '/tmp/tmpax8wwxgu']
[2022-06-28 14:41:32,736] {standard_task_runner.py:80} INFO - Job 487: Subtask download_data_task
[2022-06-28 14:41:32,769] {task_command.py:370} INFO - Running <TaskInstance: data_ingestion_to_gcs.download_data_task scheduled__2020-01-01T00:00:00+00:00 [running]> on host 181657f59c64
[2022-06-28 14:41:32,816] {taskinstance.py:1571} INFO - Exporting the following env vars:
AIRFLOW_CTX_DAG_OWNER=***
AIRFLOW_CTX_DAG_ID=data_ingestion_to_gcs
AIRFLOW_CTX_TASK_ID=download_data_task
AIRFLOW_CTX_EXECUTION_DATE=2020-01-01T00:00:00+00:00
AIRFLOW_CTX_TRY_NUMBER=1
AIRFLOW_CTX_DAG_RUN_ID=scheduled__2020-01-01T00:00:00+00:00
[2022-06-28 14:41:33,438] {python.py:173} INFO - Done. Returned value was: None
[2022-06-28 14:41:33,447] {taskinstance.py:1400} INFO - Marking task as SUCCESS. dag_id=data_ingestion_to_gcs, task_id=download_data_task, execution_date=20200101T000000, start_date=20220628T144132, end_date=20220628T144133
[2022-06-28 14:41:33,469] {local_task_job.py:156} INFO - Task exited with return code 0
[2022-06-28 14:41:33,498] {local_task_job.py:273} INFO - 1 downstream tasks scheduled from follow-on schedule check
[2022-06-28 14:51:45,190] {taskinstance.py:1159} INFO - Dependencies all met for <TaskInstance: data_ingestion_to_gcs.download_data_task scheduled__2020-01-01T00:00:00+00:00 [queued]>
[2022-06-28 14:51:45,195] {taskinstance.py:1159} INFO - Dependencies all met for <TaskInstance: data_ingestion_to_gcs.download_data_task scheduled__2020-01-01T00:00:00+00:00 [queued]>
[2022-06-28 14:51:45,195] {taskinstance.py:1356} INFO - 
--------------------------------------------------------------------------------
[2022-06-28 14:51:45,195] {taskinstance.py:1357} INFO - Starting attempt 1 of 2
[2022-06-28 14:51:45,195] {taskinstance.py:1358} INFO - 
--------------------------------------------------------------------------------
[2022-06-28 14:51:45,205] {taskinstance.py:1377} INFO - Executing <Task(PythonOperator): download_data_task> on 2020-01-01 00:00:00+00:00
[2022-06-28 14:51:45,210] {standard_task_runner.py:52} INFO - Started process 130 to run task
[2022-06-28 14:51:45,212] {standard_task_runner.py:79} INFO - Running: ['***', 'tasks', 'run', 'data_ingestion_to_gcs', 'download_data_task', 'scheduled__2020-01-01T00:00:00+00:00', '--job-id', '498', '--raw', '--subdir', 'DAGS_FOLDER/01_data_ingestion_to_gcs.py', '--cfg-path', '/tmp/tmp3drx7mep', '--error-file', '/tmp/tmpqxkcy3k4']
[2022-06-28 14:51:45,212] {standard_task_runner.py:80} INFO - Job 498: Subtask download_data_task
[2022-06-28 14:51:45,259] {task_command.py:370} INFO - Running <TaskInstance: data_ingestion_to_gcs.download_data_task scheduled__2020-01-01T00:00:00+00:00 [running]> on host 3fcea2aa00ee
[2022-06-28 14:51:45,307] {taskinstance.py:1571} INFO - Exporting the following env vars:
AIRFLOW_CTX_DAG_OWNER=***
AIRFLOW_CTX_DAG_ID=data_ingestion_to_gcs
AIRFLOW_CTX_TASK_ID=download_data_task
AIRFLOW_CTX_EXECUTION_DATE=2020-01-01T00:00:00+00:00
AIRFLOW_CTX_TRY_NUMBER=1
AIRFLOW_CTX_DAG_RUN_ID=scheduled__2020-01-01T00:00:00+00:00
[2022-06-28 14:51:46,211] {python.py:173} INFO - Done. Returned value was: None
[2022-06-28 14:51:46,220] {taskinstance.py:1400} INFO - Marking task as SUCCESS. dag_id=data_ingestion_to_gcs, task_id=download_data_task, execution_date=20200101T000000, start_date=20220628T145145, end_date=20220628T145146
[2022-06-28 14:51:46,267] {local_task_job.py:156} INFO - Task exited with return code 0
[2022-06-28 14:51:46,314] {local_task_job.py:273} INFO - 1 downstream tasks scheduled from follow-on schedule check
[2022-06-28 14:54:50,447] {taskinstance.py:1159} INFO - Dependencies all met for <TaskInstance: data_ingestion_to_gcs.download_data_task scheduled__2020-01-01T00:00:00+00:00 [queued]>
[2022-06-28 14:54:50,454] {taskinstance.py:1159} INFO - Dependencies all met for <TaskInstance: data_ingestion_to_gcs.download_data_task scheduled__2020-01-01T00:00:00+00:00 [queued]>
[2022-06-28 14:54:50,455] {taskinstance.py:1356} INFO - 
--------------------------------------------------------------------------------
[2022-06-28 14:54:50,455] {taskinstance.py:1357} INFO - Starting attempt 1 of 2
[2022-06-28 14:54:50,455] {taskinstance.py:1358} INFO - 
--------------------------------------------------------------------------------
[2022-06-28 14:54:50,469] {taskinstance.py:1377} INFO - Executing <Task(PythonOperator): download_data_task> on 2020-01-01 00:00:00+00:00
[2022-06-28 14:54:50,474] {standard_task_runner.py:52} INFO - Started process 123 to run task
[2022-06-28 14:54:50,476] {standard_task_runner.py:79} INFO - Running: ['***', 'tasks', 'run', 'data_ingestion_to_gcs', 'download_data_task', 'scheduled__2020-01-01T00:00:00+00:00', '--job-id', '507', '--raw', '--subdir', 'DAGS_FOLDER/01_data_ingestion_to_gcs.py', '--cfg-path', '/tmp/tmpjc3127kk', '--error-file', '/tmp/tmpm6g33eib']
[2022-06-28 14:54:50,477] {standard_task_runner.py:80} INFO - Job 507: Subtask download_data_task
[2022-06-28 14:54:50,512] {task_command.py:370} INFO - Running <TaskInstance: data_ingestion_to_gcs.download_data_task scheduled__2020-01-01T00:00:00+00:00 [running]> on host eb1b13b80acd
[2022-06-28 14:54:50,569] {taskinstance.py:1571} INFO - Exporting the following env vars:
AIRFLOW_CTX_DAG_OWNER=***
AIRFLOW_CTX_DAG_ID=data_ingestion_to_gcs
AIRFLOW_CTX_TASK_ID=download_data_task
AIRFLOW_CTX_EXECUTION_DATE=2020-01-01T00:00:00+00:00
AIRFLOW_CTX_TRY_NUMBER=1
AIRFLOW_CTX_DAG_RUN_ID=scheduled__2020-01-01T00:00:00+00:00
[2022-06-28 14:54:51,333] {python.py:173} INFO - Done. Returned value was: None
[2022-06-28 14:54:51,345] {taskinstance.py:1400} INFO - Marking task as SUCCESS. dag_id=data_ingestion_to_gcs, task_id=download_data_task, execution_date=20200101T000000, start_date=20220628T145450, end_date=20220628T145451
[2022-06-28 14:54:51,370] {local_task_job.py:156} INFO - Task exited with return code 0
[2022-06-28 14:54:51,413] {local_task_job.py:273} INFO - 1 downstream tasks scheduled from follow-on schedule check
[2022-06-28 15:05:58,862] {taskinstance.py:1159} INFO - Dependencies all met for <TaskInstance: data_ingestion_to_gcs.download_data_task scheduled__2020-01-01T00:00:00+00:00 [queued]>
[2022-06-28 15:05:58,868] {taskinstance.py:1159} INFO - Dependencies all met for <TaskInstance: data_ingestion_to_gcs.download_data_task scheduled__2020-01-01T00:00:00+00:00 [queued]>
[2022-06-28 15:05:58,868] {taskinstance.py:1356} INFO - 
--------------------------------------------------------------------------------
[2022-06-28 15:05:58,868] {taskinstance.py:1357} INFO - Starting attempt 1 of 2
[2022-06-28 15:05:58,868] {taskinstance.py:1358} INFO - 
--------------------------------------------------------------------------------
[2022-06-28 15:05:58,877] {taskinstance.py:1377} INFO - Executing <Task(PythonOperator): download_data_task> on 2020-01-01 00:00:00+00:00
[2022-06-28 15:05:58,882] {standard_task_runner.py:52} INFO - Started process 140 to run task
[2022-06-28 15:05:58,884] {standard_task_runner.py:79} INFO - Running: ['***', 'tasks', 'run', 'data_ingestion_to_gcs', 'download_data_task', 'scheduled__2020-01-01T00:00:00+00:00', '--job-id', '521', '--raw', '--subdir', 'DAGS_FOLDER/01_data_ingestion_to_gcs.py', '--cfg-path', '/tmp/tmpsfpj4se_', '--error-file', '/tmp/tmpfi33um6o']
[2022-06-28 15:05:58,885] {standard_task_runner.py:80} INFO - Job 521: Subtask download_data_task
[2022-06-28 15:05:58,918] {task_command.py:370} INFO - Running <TaskInstance: data_ingestion_to_gcs.download_data_task scheduled__2020-01-01T00:00:00+00:00 [running]> on host 375d46b24910
[2022-06-28 15:05:58,963] {taskinstance.py:1571} INFO - Exporting the following env vars:
AIRFLOW_CTX_DAG_OWNER=***
AIRFLOW_CTX_DAG_ID=data_ingestion_to_gcs
AIRFLOW_CTX_TASK_ID=download_data_task
AIRFLOW_CTX_EXECUTION_DATE=2020-01-01T00:00:00+00:00
AIRFLOW_CTX_TRY_NUMBER=1
AIRFLOW_CTX_DAG_RUN_ID=scheduled__2020-01-01T00:00:00+00:00
[2022-06-28 15:05:59,704] {python.py:173} INFO - Done. Returned value was: None
[2022-06-28 15:05:59,721] {taskinstance.py:1400} INFO - Marking task as SUCCESS. dag_id=data_ingestion_to_gcs, task_id=download_data_task, execution_date=20200101T000000, start_date=20220628T150558, end_date=20220628T150559
[2022-06-28 15:05:59,738] {local_task_job.py:156} INFO - Task exited with return code 0
[2022-06-28 15:05:59,772] {local_task_job.py:273} INFO - 1 downstream tasks scheduled from follow-on schedule check
[2022-06-28 18:42:14,374] {taskinstance.py:1159} INFO - Dependencies all met for <TaskInstance: data_ingestion_to_gcs.download_data_task scheduled__2020-01-01T00:00:00+00:00 [queued]>
[2022-06-28 18:42:14,380] {taskinstance.py:1159} INFO - Dependencies all met for <TaskInstance: data_ingestion_to_gcs.download_data_task scheduled__2020-01-01T00:00:00+00:00 [queued]>
[2022-06-28 18:42:14,380] {taskinstance.py:1356} INFO - 
--------------------------------------------------------------------------------
[2022-06-28 18:42:14,380] {taskinstance.py:1357} INFO - Starting attempt 1 of 2
[2022-06-28 18:42:14,380] {taskinstance.py:1358} INFO - 
--------------------------------------------------------------------------------
[2022-06-28 18:42:14,390] {taskinstance.py:1377} INFO - Executing <Task(PythonOperator): download_data_task> on 2020-01-01 00:00:00+00:00
[2022-06-28 18:42:14,395] {standard_task_runner.py:52} INFO - Started process 326 to run task
[2022-06-28 18:42:14,397] {standard_task_runner.py:79} INFO - Running: ['***', 'tasks', 'run', 'data_ingestion_to_gcs', 'download_data_task', 'scheduled__2020-01-01T00:00:00+00:00', '--job-id', '562', '--raw', '--subdir', 'DAGS_FOLDER/01_data_ingestion_to_gcs.py', '--cfg-path', '/tmp/tmpw3620abq', '--error-file', '/tmp/tmpc4i58xut']
[2022-06-28 18:42:14,397] {standard_task_runner.py:80} INFO - Job 562: Subtask download_data_task
[2022-06-28 18:42:14,431] {task_command.py:370} INFO - Running <TaskInstance: data_ingestion_to_gcs.download_data_task scheduled__2020-01-01T00:00:00+00:00 [running]> on host 9f709a2aaee5
[2022-06-28 18:42:14,475] {taskinstance.py:1571} INFO - Exporting the following env vars:
AIRFLOW_CTX_DAG_OWNER=***
AIRFLOW_CTX_DAG_ID=data_ingestion_to_gcs
AIRFLOW_CTX_TASK_ID=download_data_task
AIRFLOW_CTX_EXECUTION_DATE=2020-01-01T00:00:00+00:00
AIRFLOW_CTX_TRY_NUMBER=1
AIRFLOW_CTX_DAG_RUN_ID=scheduled__2020-01-01T00:00:00+00:00
[2022-06-28 18:42:15,262] {python.py:173} INFO - Done. Returned value was: None
[2022-06-28 18:42:15,272] {taskinstance.py:1400} INFO - Marking task as SUCCESS. dag_id=data_ingestion_to_gcs, task_id=download_data_task, execution_date=20200101T000000, start_date=20220628T184214, end_date=20220628T184215
[2022-06-28 18:42:15,292] {local_task_job.py:156} INFO - Task exited with return code 0
[2022-06-28 18:42:15,334] {local_task_job.py:273} INFO - 1 downstream tasks scheduled from follow-on schedule check
