[2022-06-22 11:20:07,726] {taskinstance.py:1159} INFO - Dependencies all met for <TaskInstance: data_ingestion_gcs_dag.download_dataset_task scheduled__2020-01-01T00:00:00+00:00 [queued]>
[2022-06-22 11:20:07,735] {taskinstance.py:1159} INFO - Dependencies all met for <TaskInstance: data_ingestion_gcs_dag.download_dataset_task scheduled__2020-01-01T00:00:00+00:00 [queued]>
[2022-06-22 11:20:07,735] {taskinstance.py:1356} INFO - 
--------------------------------------------------------------------------------
[2022-06-22 11:20:07,735] {taskinstance.py:1357} INFO - Starting attempt 1 of 2
[2022-06-22 11:20:07,735] {taskinstance.py:1358} INFO - 
--------------------------------------------------------------------------------
[2022-06-22 11:20:07,748] {taskinstance.py:1377} INFO - Executing <Task(PythonOperator): download_dataset_task> on 2020-01-01 00:00:00+00:00
[2022-06-22 11:20:07,754] {standard_task_runner.py:52} INFO - Started process 160 to run task
[2022-06-22 11:20:07,756] {standard_task_runner.py:79} INFO - Running: ['***', 'tasks', 'run', 'data_ingestion_gcs_dag', 'download_dataset_task', 'scheduled__2020-01-01T00:00:00+00:00', '--job-id', '102', '--raw', '--subdir', 'DAGS_FOLDER/dags.py', '--cfg-path', '/tmp/tmpp5ztzo35', '--error-file', '/tmp/tmpl9o60h64']
[2022-06-22 11:20:07,757] {standard_task_runner.py:80} INFO - Job 102: Subtask download_dataset_task
[2022-06-22 11:20:07,796] {task_command.py:370} INFO - Running <TaskInstance: data_ingestion_gcs_dag.download_dataset_task scheduled__2020-01-01T00:00:00+00:00 [running]> on host 08ef16c14d5c
[2022-06-22 11:20:07,859] {taskinstance.py:1571} INFO - Exporting the following env vars:
AIRFLOW_CTX_DAG_OWNER=***
AIRFLOW_CTX_DAG_ID=data_ingestion_gcs_dag
AIRFLOW_CTX_TASK_ID=download_dataset_task
AIRFLOW_CTX_EXECUTION_DATE=2020-01-01T00:00:00+00:00
AIRFLOW_CTX_TRY_NUMBER=1
AIRFLOW_CTX_DAG_RUN_ID=scheduled__2020-01-01T00:00:00+00:00
[2022-06-22 11:20:08,624] {python.py:173} INFO - Done. Returned value was: None
[2022-06-22 11:20:08,648] {taskinstance.py:1400} INFO - Marking task as SUCCESS. dag_id=data_ingestion_gcs_dag, task_id=download_dataset_task, execution_date=20200101T000000, start_date=20220622T112007, end_date=20220622T112008
[2022-06-22 11:20:08,693] {local_task_job.py:156} INFO - Task exited with return code 0
[2022-06-22 11:20:08,727] {local_task_job.py:273} INFO - 1 downstream tasks scheduled from follow-on schedule check
