[2022-06-27 10:32:10,071] {taskinstance.py:1159} INFO - Dependencies all met for <TaskInstance: data_ingestion_to_gcs.rm_task manual__2022-06-27T10:32:00.268530+00:00 [queued]>
[2022-06-27 10:32:10,109] {taskinstance.py:1159} INFO - Dependencies all met for <TaskInstance: data_ingestion_to_gcs.rm_task manual__2022-06-27T10:32:00.268530+00:00 [queued]>
[2022-06-27 10:32:10,109] {taskinstance.py:1356} INFO - 
--------------------------------------------------------------------------------
[2022-06-27 10:32:10,110] {taskinstance.py:1357} INFO - Starting attempt 1 of 2
[2022-06-27 10:32:10,110] {taskinstance.py:1358} INFO - 
--------------------------------------------------------------------------------
[2022-06-27 10:32:10,166] {taskinstance.py:1377} INFO - Executing <Task(BashOperator): rm_task> on 2022-06-27 10:32:00.268530+00:00
[2022-06-27 10:32:10,174] {standard_task_runner.py:52} INFO - Started process 445 to run task
[2022-06-27 10:32:10,179] {standard_task_runner.py:79} INFO - Running: ['***', 'tasks', 'run', 'data_ingestion_to_gcs', 'rm_task', 'manual__2022-06-27T10:32:00.268530+00:00', '--job-id', '344', '--raw', '--subdir', 'DAGS_FOLDER/01_data_ingestion_to_gcs.py', '--cfg-path', '/tmp/tmpr9yfobo_', '--error-file', '/tmp/tmp7gh7hb4f']
[2022-06-27 10:32:10,181] {standard_task_runner.py:80} INFO - Job 344: Subtask rm_task
[2022-06-27 10:32:10,323] {task_command.py:370} INFO - Running <TaskInstance: data_ingestion_to_gcs.rm_task manual__2022-06-27T10:32:00.268530+00:00 [running]> on host ba54ad88b6ec
[2022-06-27 10:32:10,569] {taskinstance.py:1571} INFO - Exporting the following env vars:
AIRFLOW_CTX_DAG_OWNER=***
AIRFLOW_CTX_DAG_ID=data_ingestion_to_gcs
AIRFLOW_CTX_TASK_ID=rm_task
AIRFLOW_CTX_EXECUTION_DATE=2022-06-27T10:32:00.268530+00:00
AIRFLOW_CTX_TRY_NUMBER=1
AIRFLOW_CTX_DAG_RUN_ID=manual__2022-06-27T10:32:00.268530+00:00
[2022-06-27 10:32:10,576] {subprocess.py:62} INFO - Tmp dir root location: 
 /tmp
[2022-06-27 10:32:10,577] {subprocess.py:74} INFO - Running command: ['bash', '-c', 'rm /opt/***/brooklyn.csv /opt/***/brooklyn-food-waste.zip']
[2022-06-27 10:32:10,611] {subprocess.py:85} INFO - Output:
[2022-06-27 10:32:10,618] {subprocess.py:96} INFO - Command exited with return code 0
[2022-06-27 10:32:10,753] {taskinstance.py:1400} INFO - Marking task as SUCCESS. dag_id=data_ingestion_to_gcs, task_id=rm_task, execution_date=20220627T103200, start_date=20220627T103210, end_date=20220627T103210
[2022-06-27 10:32:10,826] {local_task_job.py:156} INFO - Task exited with return code 0
[2022-06-27 10:32:10,898] {local_task_job.py:273} INFO - 0 downstream tasks scheduled from follow-on schedule check
