[2022-06-22 13:33:42,396] {taskinstance.py:1159} INFO - Dependencies all met for <TaskInstance: data_ingestion_gcs_dag.unzip_dataset_task manual__2022-06-22T13:33:36.237131+00:00 [queued]>
[2022-06-22 13:33:42,402] {taskinstance.py:1159} INFO - Dependencies all met for <TaskInstance: data_ingestion_gcs_dag.unzip_dataset_task manual__2022-06-22T13:33:36.237131+00:00 [queued]>
[2022-06-22 13:33:42,403] {taskinstance.py:1356} INFO - 
--------------------------------------------------------------------------------
[2022-06-22 13:33:42,403] {taskinstance.py:1357} INFO - Starting attempt 1 of 2
[2022-06-22 13:33:42,403] {taskinstance.py:1358} INFO - 
--------------------------------------------------------------------------------
[2022-06-22 13:33:42,413] {taskinstance.py:1377} INFO - Executing <Task(PythonOperator): unzip_dataset_task> on 2022-06-22 13:33:36.237131+00:00
[2022-06-22 13:33:42,418] {standard_task_runner.py:52} INFO - Started process 149 to run task
[2022-06-22 13:33:42,420] {standard_task_runner.py:79} INFO - Running: ['***', 'tasks', 'run', 'data_ingestion_gcs_dag', 'unzip_dataset_task', 'manual__2022-06-22T13:33:36.237131+00:00', '--job-id', '154', '--raw', '--subdir', 'DAGS_FOLDER/dags.py', '--cfg-path', '/tmp/tmpr8s1qvvv', '--error-file', '/tmp/tmpk0xfr87s']
[2022-06-22 13:33:42,421] {standard_task_runner.py:80} INFO - Job 154: Subtask unzip_dataset_task
[2022-06-22 13:33:42,562] {task_command.py:370} INFO - Running <TaskInstance: data_ingestion_gcs_dag.unzip_dataset_task manual__2022-06-22T13:33:36.237131+00:00 [running]> on host 1bd671e47a78
[2022-06-22 13:33:42,608] {taskinstance.py:1571} INFO - Exporting the following env vars:
AIRFLOW_CTX_DAG_OWNER=***
AIRFLOW_CTX_DAG_ID=data_ingestion_gcs_dag
AIRFLOW_CTX_TASK_ID=unzip_dataset_task
AIRFLOW_CTX_EXECUTION_DATE=2022-06-22T13:33:36.237131+00:00
AIRFLOW_CTX_TRY_NUMBER=1
AIRFLOW_CTX_DAG_RUN_ID=manual__2022-06-22T13:33:36.237131+00:00
[2022-06-22 13:33:42,611] {python.py:173} INFO - Done. Returned value was: None
[2022-06-22 13:33:42,619] {taskinstance.py:1400} INFO - Marking task as SUCCESS. dag_id=data_ingestion_gcs_dag, task_id=unzip_dataset_task, execution_date=20220622T133336, start_date=20220622T133342, end_date=20220622T133342
[2022-06-22 13:33:42,672] {local_task_job.py:156} INFO - Task exited with return code 0
[2022-06-22 13:33:42,800] {local_task_job.py:273} INFO - 1 downstream tasks scheduled from follow-on schedule check
