[2022-06-21 17:20:31,014] {taskinstance.py:1159} INFO - Dependencies all met for <TaskInstance: data_ingestion_gcs_dag.download_dataset_task manual__2022-06-21T17:20:14.445054+00:00 [queued]>
[2022-06-21 17:20:31,022] {taskinstance.py:1159} INFO - Dependencies all met for <TaskInstance: data_ingestion_gcs_dag.download_dataset_task manual__2022-06-21T17:20:14.445054+00:00 [queued]>
[2022-06-21 17:20:31,022] {taskinstance.py:1356} INFO - 
--------------------------------------------------------------------------------
[2022-06-21 17:20:31,022] {taskinstance.py:1357} INFO - Starting attempt 1 of 2
[2022-06-21 17:20:31,022] {taskinstance.py:1358} INFO - 
--------------------------------------------------------------------------------
[2022-06-21 17:20:31,034] {taskinstance.py:1377} INFO - Executing <Task(PythonOperator): download_dataset_task> on 2022-06-21 17:20:14.445054+00:00
[2022-06-21 17:20:31,040] {standard_task_runner.py:52} INFO - Started process 84 to run task
[2022-06-21 17:20:31,042] {standard_task_runner.py:79} INFO - Running: ['***', 'tasks', 'run', 'data_ingestion_gcs_dag', 'download_dataset_task', 'manual__2022-06-21T17:20:14.445054+00:00', '--job-id', '71', '--raw', '--subdir', 'DAGS_FOLDER/dags.py', '--cfg-path', '/tmp/tmpl9nrr68k', '--error-file', '/tmp/tmpqsh20iwl']
[2022-06-21 17:20:31,043] {standard_task_runner.py:80} INFO - Job 71: Subtask download_dataset_task
[2022-06-21 17:20:31,087] {task_command.py:370} INFO - Running <TaskInstance: data_ingestion_gcs_dag.download_dataset_task manual__2022-06-21T17:20:14.445054+00:00 [running]> on host b6db1fffdc3c
[2022-06-21 17:20:31,169] {taskinstance.py:1571} INFO - Exporting the following env vars:
AIRFLOW_CTX_DAG_OWNER=***
AIRFLOW_CTX_DAG_ID=data_ingestion_gcs_dag
AIRFLOW_CTX_TASK_ID=download_dataset_task
AIRFLOW_CTX_EXECUTION_DATE=2022-06-21T17:20:14.445054+00:00
AIRFLOW_CTX_TRY_NUMBER=1
AIRFLOW_CTX_DAG_RUN_ID=manual__2022-06-21T17:20:14.445054+00:00
[2022-06-21 17:20:31,170] {logging_mixin.py:115} INFO - dtc-project-ritaafranco dtc-project-data_dtc-project-ritaafranco hhhhhhh
[2022-06-21 17:20:31,170] {logging_mixin.py:115} INFO - kaggle env
[2022-06-21 17:20:31,170] {logging_mixin.py:115} INFO - None
[2022-06-21 17:20:31,170] {logging_mixin.py:115} INFO - #############################
[2022-06-21 17:20:31,170] {logging_mixin.py:115} INFO - /opt/***
[2022-06-21 17:20:31,193] {logging_mixin.py:115} INFO - Please provide your Kaggle credentials to download this dataset. Learn more: http://bit.ly/kaggle-creds
[2022-06-21 17:20:31,194] {logging_mixin.py:115} INFO - Your Kaggle username:
[2022-06-21 17:20:31,194] {logging_mixin.py:115} INFO -  
[2022-06-21 17:20:31,194] {taskinstance.py:1889} ERROR - Task failed with exception
Traceback (most recent call last):
  File "/home/airflow/.local/lib/python3.7/site-packages/airflow/operators/python.py", line 171, in execute
    return_value = self.execute_callable()
  File "/home/airflow/.local/lib/python3.7/site-packages/airflow/operators/python.py", line 189, in execute_callable
    return self.python_callable(*self.op_args, **self.op_kwargs)
  File "/opt/airflow/dags/dags.py", line 70, in download_data
    opendatasets.download("https://www.kaggle.com/datasets/ursulakaczmarek/brooklyn-food-waste/download")
  File "/home/airflow/.local/lib/python3.7/site-packages/opendatasets/__init__.py", line 13, in download
    return download_kaggle_dataset(dataset_id_or_url, data_dir=data_dir, force=force, dry_run=dry_run)
  File "/home/airflow/.local/lib/python3.7/site-packages/opendatasets/utils/kaggle_api.py", line 46, in download_kaggle_dataset
    os.environ['KAGGLE_USERNAME'] = click.prompt("Your Kaggle username")
  File "/home/airflow/.local/lib/python3.7/site-packages/click/termui.py", line 166, in prompt
    value = prompt_func(prompt)
  File "/home/airflow/.local/lib/python3.7/site-packages/click/termui.py", line 149, in prompt_func
    raise Abort() from None
click.exceptions.Abort
[2022-06-21 17:20:31,225] {taskinstance.py:1400} INFO - Marking task as UP_FOR_RETRY. dag_id=data_ingestion_gcs_dag, task_id=download_dataset_task, execution_date=20220621T172014, start_date=20220621T172031, end_date=20220621T172031
[2022-06-21 17:20:31,235] {standard_task_runner.py:97} ERROR - Failed to execute job 71 for task download_dataset_task (; 84)
[2022-06-21 17:20:31,254] {local_task_job.py:156} INFO - Task exited with return code 1
[2022-06-21 17:20:31,290] {local_task_job.py:273} INFO - 0 downstream tasks scheduled from follow-on schedule check
