[2022-06-23 15:04:30,876] {taskinstance.py:1159} INFO - Dependencies all met for <TaskInstance: data_ingestion_to_gcs.local_to_gcs_task manual__2022-06-23T15:04:26.759564+00:00 [queued]>
[2022-06-23 15:04:30,885] {taskinstance.py:1159} INFO - Dependencies all met for <TaskInstance: data_ingestion_to_gcs.local_to_gcs_task manual__2022-06-23T15:04:26.759564+00:00 [queued]>
[2022-06-23 15:04:30,885] {taskinstance.py:1356} INFO - 
--------------------------------------------------------------------------------
[2022-06-23 15:04:30,886] {taskinstance.py:1357} INFO - Starting attempt 1 of 2
[2022-06-23 15:04:30,886] {taskinstance.py:1358} INFO - 
--------------------------------------------------------------------------------
[2022-06-23 15:04:30,900] {taskinstance.py:1377} INFO - Executing <Task(PythonOperator): local_to_gcs_task> on 2022-06-23 15:04:26.759564+00:00
[2022-06-23 15:04:30,906] {standard_task_runner.py:52} INFO - Started process 324 to run task
[2022-06-23 15:04:30,909] {standard_task_runner.py:79} INFO - Running: ['***', 'tasks', 'run', 'data_ingestion_to_gcs', 'local_to_gcs_task', 'manual__2022-06-23T15:04:26.759564+00:00', '--job-id', '219', '--raw', '--subdir', 'DAGS_FOLDER/01_data_ingestion_to_gcs.py', '--cfg-path', '/tmp/tmp0ww49pwk', '--error-file', '/tmp/tmp4sr_6yg9']
[2022-06-23 15:04:30,909] {standard_task_runner.py:80} INFO - Job 219: Subtask local_to_gcs_task
[2022-06-23 15:04:30,958] {task_command.py:370} INFO - Running <TaskInstance: data_ingestion_to_gcs.local_to_gcs_task manual__2022-06-23T15:04:26.759564+00:00 [running]> on host 79702e2d6e06
[2022-06-23 15:04:31,041] {taskinstance.py:1571} INFO - Exporting the following env vars:
AIRFLOW_CTX_DAG_OWNER=***
AIRFLOW_CTX_DAG_ID=data_ingestion_to_gcs
AIRFLOW_CTX_TASK_ID=local_to_gcs_task
AIRFLOW_CTX_EXECUTION_DATE=2022-06-23T15:04:26.759564+00:00
AIRFLOW_CTX_TRY_NUMBER=1
AIRFLOW_CTX_DAG_RUN_ID=manual__2022-06-23T15:04:26.759564+00:00
[2022-06-23 15:04:31,346] {python.py:173} INFO - Done. Returned value was: None
[2022-06-23 15:04:31,360] {taskinstance.py:1400} INFO - Marking task as SUCCESS. dag_id=data_ingestion_to_gcs, task_id=local_to_gcs_task, execution_date=20220623T150426, start_date=20220623T150430, end_date=20220623T150431
[2022-06-23 15:04:31,401] {local_task_job.py:156} INFO - Task exited with return code 0
[2022-06-23 15:04:31,466] {local_task_job.py:273} INFO - 1 downstream tasks scheduled from follow-on schedule check
