[2022-06-22 11:38:38,872] {taskinstance.py:1159} INFO - Dependencies all met for <TaskInstance: data_ingestion_gcs_dag.unzip_dataset_task manual__2022-06-22T11:32:15.707774+00:00 [queued]>
[2022-06-22 11:38:38,879] {taskinstance.py:1159} INFO - Dependencies all met for <TaskInstance: data_ingestion_gcs_dag.unzip_dataset_task manual__2022-06-22T11:32:15.707774+00:00 [queued]>
[2022-06-22 11:38:38,879] {taskinstance.py:1356} INFO - 
--------------------------------------------------------------------------------
[2022-06-22 11:38:38,879] {taskinstance.py:1357} INFO - Starting attempt 1 of 2
[2022-06-22 11:38:38,879] {taskinstance.py:1358} INFO - 
--------------------------------------------------------------------------------
[2022-06-22 11:38:38,897] {taskinstance.py:1377} INFO - Executing <Task(PythonOperator): unzip_dataset_task> on 2022-06-22 11:32:15.707774+00:00
[2022-06-22 11:38:38,902] {standard_task_runner.py:52} INFO - Started process 166 to run task
[2022-06-22 11:38:38,905] {standard_task_runner.py:79} INFO - Running: ['***', 'tasks', 'run', 'data_ingestion_gcs_dag', 'unzip_dataset_task', 'manual__2022-06-22T11:32:15.707774+00:00', '--job-id', '133', '--raw', '--subdir', 'DAGS_FOLDER/dags.py', '--cfg-path', '/tmp/tmpjddd8756', '--error-file', '/tmp/tmp4u5qg_wk']
[2022-06-22 11:38:38,906] {standard_task_runner.py:80} INFO - Job 133: Subtask unzip_dataset_task
[2022-06-22 11:38:38,950] {task_command.py:370} INFO - Running <TaskInstance: data_ingestion_gcs_dag.unzip_dataset_task manual__2022-06-22T11:32:15.707774+00:00 [running]> on host cb3a0c5d3ca1
[2022-06-22 11:38:39,023] {taskinstance.py:1571} INFO - Exporting the following env vars:
AIRFLOW_CTX_DAG_OWNER=***
AIRFLOW_CTX_DAG_ID=data_ingestion_gcs_dag
AIRFLOW_CTX_TASK_ID=unzip_dataset_task
AIRFLOW_CTX_EXECUTION_DATE=2022-06-22T11:32:15.707774+00:00
AIRFLOW_CTX_TRY_NUMBER=1
AIRFLOW_CTX_DAG_RUN_ID=manual__2022-06-22T11:32:15.707774+00:00
[2022-06-22 11:38:39,028] {python.py:173} INFO - Done. Returned value was: None
[2022-06-22 11:38:39,040] {taskinstance.py:1400} INFO - Marking task as SUCCESS. dag_id=data_ingestion_gcs_dag, task_id=unzip_dataset_task, execution_date=20220622T113215, start_date=20220622T113838, end_date=20220622T113839
[2022-06-22 11:38:39,077] {local_task_job.py:156} INFO - Task exited with return code 0
[2022-06-22 11:38:39,122] {local_task_job.py:273} INFO - 1 downstream tasks scheduled from follow-on schedule check
