[2022-06-23 17:38:10,955] {taskinstance.py:1159} INFO - Dependencies all met for <TaskInstance: data_ingestion_to_gcs.unzip_dataset_task manual__2022-06-23T17:38:07.987584+00:00 [queued]>
[2022-06-23 17:38:10,962] {taskinstance.py:1159} INFO - Dependencies all met for <TaskInstance: data_ingestion_to_gcs.unzip_dataset_task manual__2022-06-23T17:38:07.987584+00:00 [queued]>
[2022-06-23 17:38:10,962] {taskinstance.py:1356} INFO - 
--------------------------------------------------------------------------------
[2022-06-23 17:38:10,962] {taskinstance.py:1357} INFO - Starting attempt 1 of 2
[2022-06-23 17:38:10,962] {taskinstance.py:1358} INFO - 
--------------------------------------------------------------------------------
[2022-06-23 17:38:10,975] {taskinstance.py:1377} INFO - Executing <Task(PythonOperator): unzip_dataset_task> on 2022-06-23 17:38:07.987584+00:00
[2022-06-23 17:38:10,980] {standard_task_runner.py:52} INFO - Started process 129 to run task
[2022-06-23 17:38:10,982] {standard_task_runner.py:79} INFO - Running: ['***', 'tasks', 'run', 'data_ingestion_to_gcs', 'unzip_dataset_task', 'manual__2022-06-23T17:38:07.987584+00:00', '--job-id', '278', '--raw', '--subdir', 'DAGS_FOLDER/01_data_ingestion_to_gcs.py', '--cfg-path', '/tmp/tmp992q2q86', '--error-file', '/tmp/tmpw57l97yu']
[2022-06-23 17:38:10,982] {standard_task_runner.py:80} INFO - Job 278: Subtask unzip_dataset_task
[2022-06-23 17:38:11,017] {task_command.py:370} INFO - Running <TaskInstance: data_ingestion_to_gcs.unzip_dataset_task manual__2022-06-23T17:38:07.987584+00:00 [running]> on host d305947238c5
[2022-06-23 17:38:11,064] {taskinstance.py:1571} INFO - Exporting the following env vars:
AIRFLOW_CTX_DAG_OWNER=***
AIRFLOW_CTX_DAG_ID=data_ingestion_to_gcs
AIRFLOW_CTX_TASK_ID=unzip_dataset_task
AIRFLOW_CTX_EXECUTION_DATE=2022-06-23T17:38:07.987584+00:00
AIRFLOW_CTX_TRY_NUMBER=1
AIRFLOW_CTX_DAG_RUN_ID=manual__2022-06-23T17:38:07.987584+00:00
[2022-06-23 17:38:11,067] {python.py:173} INFO - Done. Returned value was: None
[2022-06-23 17:38:11,076] {taskinstance.py:1400} INFO - Marking task as SUCCESS. dag_id=data_ingestion_to_gcs, task_id=unzip_dataset_task, execution_date=20220623T173807, start_date=20220623T173810, end_date=20220623T173811
[2022-06-23 17:38:11,114] {local_task_job.py:156} INFO - Task exited with return code 0
[2022-06-23 17:38:11,166] {local_task_job.py:273} INFO - 1 downstream tasks scheduled from follow-on schedule check
