[2022-06-27 10:14:48,986] {taskinstance.py:1159} INFO - Dependencies all met for <TaskInstance: data_ingestion_to_gcs.trigger manual__2022-06-27T10:14:39.852802+00:00 [queued]>
[2022-06-27 10:14:48,995] {taskinstance.py:1159} INFO - Dependencies all met for <TaskInstance: data_ingestion_to_gcs.trigger manual__2022-06-27T10:14:39.852802+00:00 [queued]>
[2022-06-27 10:14:48,995] {taskinstance.py:1356} INFO - 
--------------------------------------------------------------------------------
[2022-06-27 10:14:48,995] {taskinstance.py:1357} INFO - Starting attempt 1 of 2
[2022-06-27 10:14:48,995] {taskinstance.py:1358} INFO - 
--------------------------------------------------------------------------------
[2022-06-27 10:14:49,014] {taskinstance.py:1377} INFO - Executing <Task(TriggerDagRunOperator): trigger> on 2022-06-27 10:14:39.852802+00:00
[2022-06-27 10:14:49,021] {standard_task_runner.py:52} INFO - Started process 2310 to run task
[2022-06-27 10:14:49,024] {standard_task_runner.py:79} INFO - Running: ['***', 'tasks', 'run', 'data_ingestion_to_gcs', 'trigger', 'manual__2022-06-27T10:14:39.852802+00:00', '--job-id', '307', '--raw', '--subdir', 'DAGS_FOLDER/01_data_ingestion_to_gcs.py', '--cfg-path', '/tmp/tmprrc6gk09', '--error-file', '/tmp/tmp1_34qhbi']
[2022-06-27 10:14:49,025] {standard_task_runner.py:80} INFO - Job 307: Subtask trigger
[2022-06-27 10:14:49,075] {task_command.py:370} INFO - Running <TaskInstance: data_ingestion_to_gcs.trigger manual__2022-06-27T10:14:39.852802+00:00 [running]> on host a3253fdb37ef
[2022-06-27 10:14:49,152] {taskinstance.py:1571} INFO - Exporting the following env vars:
AIRFLOW_CTX_DAG_OWNER=***
AIRFLOW_CTX_DAG_ID=data_ingestion_to_gcs
AIRFLOW_CTX_TASK_ID=trigger
AIRFLOW_CTX_EXECUTION_DATE=2022-06-27T10:14:39.852802+00:00
AIRFLOW_CTX_TRY_NUMBER=1
AIRFLOW_CTX_DAG_RUN_ID=manual__2022-06-27T10:14:39.852802+00:00
[2022-06-27 10:14:49,246] {taskinstance.py:1400} INFO - Marking task as SUCCESS. dag_id=data_ingestion_to_gcs, task_id=trigger, execution_date=20220627T101439, start_date=20220627T101448, end_date=20220627T101449
[2022-06-27 10:14:49,276] {local_task_job.py:156} INFO - Task exited with return code 0
[2022-06-27 10:14:49,320] {local_task_job.py:273} INFO - 1 downstream tasks scheduled from follow-on schedule check
