[2022-06-23 15:31:42,800] {taskinstance.py:1159} INFO - Dependencies all met for <TaskInstance: data_ingestion_to_gcs.trigger manual__2022-06-23T15:31:37.974090+00:00 [queued]>
[2022-06-23 15:31:42,807] {taskinstance.py:1159} INFO - Dependencies all met for <TaskInstance: data_ingestion_to_gcs.trigger manual__2022-06-23T15:31:37.974090+00:00 [queued]>
[2022-06-23 15:31:42,807] {taskinstance.py:1356} INFO - 
--------------------------------------------------------------------------------
[2022-06-23 15:31:42,807] {taskinstance.py:1357} INFO - Starting attempt 1 of 2
[2022-06-23 15:31:42,807] {taskinstance.py:1358} INFO - 
--------------------------------------------------------------------------------
[2022-06-23 15:31:42,818] {taskinstance.py:1377} INFO - Executing <Task(TriggerDagRunOperator): trigger> on 2022-06-23 15:31:37.974090+00:00
[2022-06-23 15:31:42,823] {standard_task_runner.py:52} INFO - Started process 399 to run task
[2022-06-23 15:31:42,825] {standard_task_runner.py:79} INFO - Running: ['***', 'tasks', 'run', 'data_ingestion_to_gcs', 'trigger', 'manual__2022-06-23T15:31:37.974090+00:00', '--job-id', '249', '--raw', '--subdir', 'DAGS_FOLDER/01_data_ingestion_to_gcs.py', '--cfg-path', '/tmp/tmpkrha9nvd', '--error-file', '/tmp/tmpktvh974v']
[2022-06-23 15:31:42,825] {standard_task_runner.py:80} INFO - Job 249: Subtask trigger
[2022-06-23 15:31:42,867] {task_command.py:370} INFO - Running <TaskInstance: data_ingestion_to_gcs.trigger manual__2022-06-23T15:31:37.974090+00:00 [running]> on host f1f5dd353f12
[2022-06-23 15:31:42,929] {taskinstance.py:1571} INFO - Exporting the following env vars:
AIRFLOW_CTX_DAG_OWNER=***
AIRFLOW_CTX_DAG_ID=data_ingestion_to_gcs
AIRFLOW_CTX_TASK_ID=trigger
AIRFLOW_CTX_EXECUTION_DATE=2022-06-23T15:31:37.974090+00:00
AIRFLOW_CTX_TRY_NUMBER=1
AIRFLOW_CTX_DAG_RUN_ID=manual__2022-06-23T15:31:37.974090+00:00
[2022-06-23 15:31:42,991] {taskinstance.py:1400} INFO - Marking task as SUCCESS. dag_id=data_ingestion_to_gcs, task_id=trigger, execution_date=20220623T153137, start_date=20220623T153142, end_date=20220623T153142
[2022-06-23 15:31:43,037] {local_task_job.py:156} INFO - Task exited with return code 0
[2022-06-23 15:31:43,078] {local_task_job.py:273} INFO - 1 downstream tasks scheduled from follow-on schedule check
