[2022-06-23 14:05:21,849] {taskinstance.py:1159} INFO - Dependencies all met for <TaskInstance: data_ingestion_to_gcs.trigger scheduled__2020-01-01T00:00:00+00:00 [queued]>
[2022-06-23 14:05:21,855] {taskinstance.py:1159} INFO - Dependencies all met for <TaskInstance: data_ingestion_to_gcs.trigger scheduled__2020-01-01T00:00:00+00:00 [queued]>
[2022-06-23 14:05:21,855] {taskinstance.py:1356} INFO - 
--------------------------------------------------------------------------------
[2022-06-23 14:05:21,855] {taskinstance.py:1357} INFO - Starting attempt 1 of 2
[2022-06-23 14:05:21,855] {taskinstance.py:1358} INFO - 
--------------------------------------------------------------------------------
[2022-06-23 14:05:21,865] {taskinstance.py:1377} INFO - Executing <Task(TriggerDagRunOperator): trigger> on 2020-01-01 00:00:00+00:00
[2022-06-23 14:05:21,869] {standard_task_runner.py:52} INFO - Started process 304 to run task
[2022-06-23 14:05:21,871] {standard_task_runner.py:79} INFO - Running: ['***', 'tasks', 'run', 'data_ingestion_to_gcs', 'trigger', 'scheduled__2020-01-01T00:00:00+00:00', '--job-id', '184', '--raw', '--subdir', 'DAGS_FOLDER/01_data_ingestion_to_gcs.py', '--cfg-path', '/tmp/tmp84l247v_', '--error-file', '/tmp/tmppatao23p']
[2022-06-23 14:05:21,871] {standard_task_runner.py:80} INFO - Job 184: Subtask trigger
[2022-06-23 14:05:21,907] {task_command.py:370} INFO - Running <TaskInstance: data_ingestion_to_gcs.trigger scheduled__2020-01-01T00:00:00+00:00 [running]> on host 24ab0148fd1d
[2022-06-23 14:05:21,973] {taskinstance.py:1571} INFO - Exporting the following env vars:
AIRFLOW_CTX_DAG_OWNER=***
AIRFLOW_CTX_DAG_ID=data_ingestion_to_gcs
AIRFLOW_CTX_TASK_ID=trigger
AIRFLOW_CTX_EXECUTION_DATE=2020-01-01T00:00:00+00:00
AIRFLOW_CTX_TRY_NUMBER=1
AIRFLOW_CTX_DAG_RUN_ID=scheduled__2020-01-01T00:00:00+00:00
[2022-06-23 14:05:22,051] {trigger_dagrun.py:181} INFO - Waiting for process-food-waste-data on 2022-06-23T14:05:21.974192+00:00 to become allowed state ['success'] ...
[2022-06-23 15:00:33,460] {taskinstance.py:1159} INFO - Dependencies all met for <TaskInstance: data_ingestion_to_gcs.trigger scheduled__2020-01-01T00:00:00+00:00 [queued]>
[2022-06-23 15:00:33,466] {taskinstance.py:1159} INFO - Dependencies all met for <TaskInstance: data_ingestion_to_gcs.trigger scheduled__2020-01-01T00:00:00+00:00 [queued]>
[2022-06-23 15:00:33,466] {taskinstance.py:1356} INFO - 
--------------------------------------------------------------------------------
[2022-06-23 15:00:33,466] {taskinstance.py:1357} INFO - Starting attempt 1 of 2
[2022-06-23 15:00:33,466] {taskinstance.py:1358} INFO - 
--------------------------------------------------------------------------------
[2022-06-23 15:00:33,475] {taskinstance.py:1377} INFO - Executing <Task(TriggerDagRunOperator): trigger> on 2020-01-01 00:00:00+00:00
[2022-06-23 15:00:33,480] {standard_task_runner.py:52} INFO - Started process 257 to run task
[2022-06-23 15:00:33,482] {standard_task_runner.py:79} INFO - Running: ['***', 'tasks', 'run', 'data_ingestion_to_gcs', 'trigger', 'scheduled__2020-01-01T00:00:00+00:00', '--job-id', '211', '--raw', '--subdir', 'DAGS_FOLDER/01_data_ingestion_to_gcs.py', '--cfg-path', '/tmp/tmpiruyz5h9', '--error-file', '/tmp/tmp0vuhzufv']
[2022-06-23 15:00:33,483] {standard_task_runner.py:80} INFO - Job 211: Subtask trigger
[2022-06-23 15:00:33,515] {task_command.py:370} INFO - Running <TaskInstance: data_ingestion_to_gcs.trigger scheduled__2020-01-01T00:00:00+00:00 [running]> on host 9ac39f243003
[2022-06-23 15:00:33,560] {taskinstance.py:1571} INFO - Exporting the following env vars:
AIRFLOW_CTX_DAG_OWNER=***
AIRFLOW_CTX_DAG_ID=data_ingestion_to_gcs
AIRFLOW_CTX_TASK_ID=trigger
AIRFLOW_CTX_EXECUTION_DATE=2020-01-01T00:00:00+00:00
AIRFLOW_CTX_TRY_NUMBER=1
AIRFLOW_CTX_DAG_RUN_ID=scheduled__2020-01-01T00:00:00+00:00
[2022-06-23 15:00:33,621] {taskinstance.py:1400} INFO - Marking task as SUCCESS. dag_id=data_ingestion_to_gcs, task_id=trigger, execution_date=20200101T000000, start_date=20220623T150033, end_date=20220623T150033
[2022-06-23 15:00:33,654] {local_task_job.py:156} INFO - Task exited with return code 0
[2022-06-23 15:00:33,685] {local_task_job.py:273} INFO - 1 downstream tasks scheduled from follow-on schedule check
[2022-06-27 10:31:56,379] {taskinstance.py:1159} INFO - Dependencies all met for <TaskInstance: data_ingestion_to_gcs.trigger scheduled__2020-01-01T00:00:00+00:00 [queued]>
[2022-06-27 10:31:56,389] {taskinstance.py:1159} INFO - Dependencies all met for <TaskInstance: data_ingestion_to_gcs.trigger scheduled__2020-01-01T00:00:00+00:00 [queued]>
[2022-06-27 10:31:56,389] {taskinstance.py:1356} INFO - 
--------------------------------------------------------------------------------
[2022-06-27 10:31:56,389] {taskinstance.py:1357} INFO - Starting attempt 1 of 2
[2022-06-27 10:31:56,389] {taskinstance.py:1358} INFO - 
--------------------------------------------------------------------------------
[2022-06-27 10:31:56,405] {taskinstance.py:1377} INFO - Executing <Task(TriggerDagRunOperator): trigger> on 2020-01-01 00:00:00+00:00
[2022-06-27 10:31:56,411] {standard_task_runner.py:52} INFO - Started process 235 to run task
[2022-06-27 10:31:56,413] {standard_task_runner.py:79} INFO - Running: ['***', 'tasks', 'run', 'data_ingestion_to_gcs', 'trigger', 'scheduled__2020-01-01T00:00:00+00:00', '--job-id', '336', '--raw', '--subdir', 'DAGS_FOLDER/01_data_ingestion_to_gcs.py', '--cfg-path', '/tmp/tmpiy0a37bq', '--error-file', '/tmp/tmpiixmns4q']
[2022-06-27 10:31:56,414] {standard_task_runner.py:80} INFO - Job 336: Subtask trigger
[2022-06-27 10:31:56,463] {task_command.py:370} INFO - Running <TaskInstance: data_ingestion_to_gcs.trigger scheduled__2020-01-01T00:00:00+00:00 [running]> on host ba54ad88b6ec
[2022-06-27 10:31:56,538] {taskinstance.py:1571} INFO - Exporting the following env vars:
AIRFLOW_CTX_DAG_OWNER=***
AIRFLOW_CTX_DAG_ID=data_ingestion_to_gcs
AIRFLOW_CTX_TASK_ID=trigger
AIRFLOW_CTX_EXECUTION_DATE=2020-01-01T00:00:00+00:00
AIRFLOW_CTX_TRY_NUMBER=1
AIRFLOW_CTX_DAG_RUN_ID=scheduled__2020-01-01T00:00:00+00:00
[2022-06-27 10:31:56,629] {taskinstance.py:1400} INFO - Marking task as SUCCESS. dag_id=data_ingestion_to_gcs, task_id=trigger, execution_date=20200101T000000, start_date=20220627T103156, end_date=20220627T103156
[2022-06-27 10:31:56,666] {local_task_job.py:156} INFO - Task exited with return code 0
[2022-06-27 10:31:56,705] {local_task_job.py:273} INFO - 1 downstream tasks scheduled from follow-on schedule check
[2022-06-27 13:13:14,114] {taskinstance.py:1159} INFO - Dependencies all met for <TaskInstance: data_ingestion_to_gcs.trigger scheduled__2020-01-01T00:00:00+00:00 [queued]>
[2022-06-27 13:13:14,121] {taskinstance.py:1159} INFO - Dependencies all met for <TaskInstance: data_ingestion_to_gcs.trigger scheduled__2020-01-01T00:00:00+00:00 [queued]>
[2022-06-27 13:13:14,121] {taskinstance.py:1356} INFO - 
--------------------------------------------------------------------------------
[2022-06-27 13:13:14,121] {taskinstance.py:1357} INFO - Starting attempt 1 of 2
[2022-06-27 13:13:14,121] {taskinstance.py:1358} INFO - 
--------------------------------------------------------------------------------
[2022-06-27 13:13:14,132] {taskinstance.py:1377} INFO - Executing <Task(TriggerDagRunOperator): trigger> on 2020-01-01 00:00:00+00:00
[2022-06-27 13:13:14,137] {standard_task_runner.py:52} INFO - Started process 6428 to run task
[2022-06-27 13:13:14,139] {standard_task_runner.py:79} INFO - Running: ['***', 'tasks', 'run', 'data_ingestion_to_gcs', 'trigger', 'scheduled__2020-01-01T00:00:00+00:00', '--job-id', '372', '--raw', '--subdir', 'DAGS_FOLDER/01_data_ingestion_to_gcs.py', '--cfg-path', '/tmp/tmpvwsuwspf', '--error-file', '/tmp/tmpdohfvynm']
[2022-06-27 13:13:14,140] {standard_task_runner.py:80} INFO - Job 372: Subtask trigger
[2022-06-27 13:13:14,174] {task_command.py:370} INFO - Running <TaskInstance: data_ingestion_to_gcs.trigger scheduled__2020-01-01T00:00:00+00:00 [running]> on host 78ff5d0f8165
[2022-06-27 13:13:14,228] {taskinstance.py:1571} INFO - Exporting the following env vars:
AIRFLOW_CTX_DAG_OWNER=***
AIRFLOW_CTX_DAG_ID=data_ingestion_to_gcs
AIRFLOW_CTX_TASK_ID=trigger
AIRFLOW_CTX_EXECUTION_DATE=2020-01-01T00:00:00+00:00
AIRFLOW_CTX_TRY_NUMBER=1
AIRFLOW_CTX_DAG_RUN_ID=scheduled__2020-01-01T00:00:00+00:00
[2022-06-27 13:13:14,303] {taskinstance.py:1400} INFO - Marking task as SUCCESS. dag_id=data_ingestion_to_gcs, task_id=trigger, execution_date=20200101T000000, start_date=20220627T131314, end_date=20220627T131314
[2022-06-27 13:13:14,351] {local_task_job.py:156} INFO - Task exited with return code 0
[2022-06-27 13:13:14,382] {local_task_job.py:273} INFO - 1 downstream tasks scheduled from follow-on schedule check
[2022-06-28 14:41:36,806] {taskinstance.py:1159} INFO - Dependencies all met for <TaskInstance: data_ingestion_to_gcs.trigger scheduled__2020-01-01T00:00:00+00:00 [queued]>
[2022-06-28 14:41:36,814] {taskinstance.py:1159} INFO - Dependencies all met for <TaskInstance: data_ingestion_to_gcs.trigger scheduled__2020-01-01T00:00:00+00:00 [queued]>
[2022-06-28 14:41:36,814] {taskinstance.py:1356} INFO - 
--------------------------------------------------------------------------------
[2022-06-28 14:41:36,814] {taskinstance.py:1357} INFO - Starting attempt 1 of 2
[2022-06-28 14:41:36,814] {taskinstance.py:1358} INFO - 
--------------------------------------------------------------------------------
[2022-06-28 14:41:36,824] {taskinstance.py:1377} INFO - Executing <Task(TriggerDagRunOperator): trigger> on 2020-01-01 00:00:00+00:00
[2022-06-28 14:41:36,829] {standard_task_runner.py:52} INFO - Started process 142 to run task
[2022-06-28 14:41:36,830] {standard_task_runner.py:79} INFO - Running: ['***', 'tasks', 'run', 'data_ingestion_to_gcs', 'trigger', 'scheduled__2020-01-01T00:00:00+00:00', '--job-id', '491', '--raw', '--subdir', 'DAGS_FOLDER/01_data_ingestion_to_gcs.py', '--cfg-path', '/tmp/tmpwjzh_itk', '--error-file', '/tmp/tmp5pmzy5op']
[2022-06-28 14:41:36,831] {standard_task_runner.py:80} INFO - Job 491: Subtask trigger
[2022-06-28 14:41:36,863] {task_command.py:370} INFO - Running <TaskInstance: data_ingestion_to_gcs.trigger scheduled__2020-01-01T00:00:00+00:00 [running]> on host 181657f59c64
[2022-06-28 14:41:36,907] {taskinstance.py:1571} INFO - Exporting the following env vars:
AIRFLOW_CTX_DAG_OWNER=***
AIRFLOW_CTX_DAG_ID=data_ingestion_to_gcs
AIRFLOW_CTX_TASK_ID=trigger
AIRFLOW_CTX_EXECUTION_DATE=2020-01-01T00:00:00+00:00
AIRFLOW_CTX_TRY_NUMBER=1
AIRFLOW_CTX_DAG_RUN_ID=scheduled__2020-01-01T00:00:00+00:00
[2022-06-28 14:41:37,544] {taskinstance.py:1400} INFO - Marking task as SUCCESS. dag_id=data_ingestion_to_gcs, task_id=trigger, execution_date=20200101T000000, start_date=20220628T144136, end_date=20220628T144137
[2022-06-28 14:41:37,565] {local_task_job.py:156} INFO - Task exited with return code 0
[2022-06-28 14:41:37,590] {local_task_job.py:273} INFO - 1 downstream tasks scheduled from follow-on schedule check
[2022-06-28 14:51:50,319] {taskinstance.py:1159} INFO - Dependencies all met for <TaskInstance: data_ingestion_to_gcs.trigger scheduled__2020-01-01T00:00:00+00:00 [queued]>
[2022-06-28 14:51:50,326] {taskinstance.py:1159} INFO - Dependencies all met for <TaskInstance: data_ingestion_to_gcs.trigger scheduled__2020-01-01T00:00:00+00:00 [queued]>
[2022-06-28 14:51:50,326] {taskinstance.py:1356} INFO - 
--------------------------------------------------------------------------------
[2022-06-28 14:51:50,326] {taskinstance.py:1357} INFO - Starting attempt 1 of 2
[2022-06-28 14:51:50,326] {taskinstance.py:1358} INFO - 
--------------------------------------------------------------------------------
[2022-06-28 14:51:50,336] {taskinstance.py:1377} INFO - Executing <Task(TriggerDagRunOperator): trigger> on 2020-01-01 00:00:00+00:00
[2022-06-28 14:51:50,341] {standard_task_runner.py:52} INFO - Started process 196 to run task
[2022-06-28 14:51:50,342] {standard_task_runner.py:79} INFO - Running: ['***', 'tasks', 'run', 'data_ingestion_to_gcs', 'trigger', 'scheduled__2020-01-01T00:00:00+00:00', '--job-id', '502', '--raw', '--subdir', 'DAGS_FOLDER/01_data_ingestion_to_gcs.py', '--cfg-path', '/tmp/tmprs0k2956', '--error-file', '/tmp/tmpvby76km1']
[2022-06-28 14:51:50,343] {standard_task_runner.py:80} INFO - Job 502: Subtask trigger
[2022-06-28 14:51:50,377] {task_command.py:370} INFO - Running <TaskInstance: data_ingestion_to_gcs.trigger scheduled__2020-01-01T00:00:00+00:00 [running]> on host 3fcea2aa00ee
[2022-06-28 14:51:50,432] {taskinstance.py:1571} INFO - Exporting the following env vars:
AIRFLOW_CTX_DAG_OWNER=***
AIRFLOW_CTX_DAG_ID=data_ingestion_to_gcs
AIRFLOW_CTX_TASK_ID=trigger
AIRFLOW_CTX_EXECUTION_DATE=2020-01-01T00:00:00+00:00
AIRFLOW_CTX_TRY_NUMBER=1
AIRFLOW_CTX_DAG_RUN_ID=scheduled__2020-01-01T00:00:00+00:00
[2022-06-28 14:51:52,168] {taskinstance.py:1400} INFO - Marking task as SUCCESS. dag_id=data_ingestion_to_gcs, task_id=trigger, execution_date=20200101T000000, start_date=20220628T145150, end_date=20220628T145152
[2022-06-28 14:51:52,199] {local_task_job.py:156} INFO - Task exited with return code 0
[2022-06-28 14:51:52,226] {local_task_job.py:273} INFO - 1 downstream tasks scheduled from follow-on schedule check
[2022-06-28 14:54:55,585] {taskinstance.py:1159} INFO - Dependencies all met for <TaskInstance: data_ingestion_to_gcs.trigger scheduled__2020-01-01T00:00:00+00:00 [queued]>
[2022-06-28 14:54:55,593] {taskinstance.py:1159} INFO - Dependencies all met for <TaskInstance: data_ingestion_to_gcs.trigger scheduled__2020-01-01T00:00:00+00:00 [queued]>
[2022-06-28 14:54:55,593] {taskinstance.py:1356} INFO - 
--------------------------------------------------------------------------------
[2022-06-28 14:54:55,593] {taskinstance.py:1357} INFO - Starting attempt 1 of 2
[2022-06-28 14:54:55,593] {taskinstance.py:1358} INFO - 
--------------------------------------------------------------------------------
[2022-06-28 14:54:55,603] {taskinstance.py:1377} INFO - Executing <Task(TriggerDagRunOperator): trigger> on 2020-01-01 00:00:00+00:00
[2022-06-28 14:54:55,608] {standard_task_runner.py:52} INFO - Started process 189 to run task
[2022-06-28 14:54:55,610] {standard_task_runner.py:79} INFO - Running: ['***', 'tasks', 'run', 'data_ingestion_to_gcs', 'trigger', 'scheduled__2020-01-01T00:00:00+00:00', '--job-id', '511', '--raw', '--subdir', 'DAGS_FOLDER/01_data_ingestion_to_gcs.py', '--cfg-path', '/tmp/tmpgm28axuy', '--error-file', '/tmp/tmp4vkc05yg']
[2022-06-28 14:54:55,611] {standard_task_runner.py:80} INFO - Job 511: Subtask trigger
[2022-06-28 14:54:55,646] {task_command.py:370} INFO - Running <TaskInstance: data_ingestion_to_gcs.trigger scheduled__2020-01-01T00:00:00+00:00 [running]> on host eb1b13b80acd
[2022-06-28 14:54:55,699] {taskinstance.py:1571} INFO - Exporting the following env vars:
AIRFLOW_CTX_DAG_OWNER=***
AIRFLOW_CTX_DAG_ID=data_ingestion_to_gcs
AIRFLOW_CTX_TASK_ID=trigger
AIRFLOW_CTX_EXECUTION_DATE=2020-01-01T00:00:00+00:00
AIRFLOW_CTX_TRY_NUMBER=1
AIRFLOW_CTX_DAG_RUN_ID=scheduled__2020-01-01T00:00:00+00:00
[2022-06-28 14:54:57,369] {taskinstance.py:1400} INFO - Marking task as SUCCESS. dag_id=data_ingestion_to_gcs, task_id=trigger, execution_date=20200101T000000, start_date=20220628T145455, end_date=20220628T145457
[2022-06-28 14:54:57,387] {local_task_job.py:156} INFO - Task exited with return code 0
[2022-06-28 14:54:57,412] {local_task_job.py:273} INFO - 1 downstream tasks scheduled from follow-on schedule check
[2022-06-28 15:06:03,771] {taskinstance.py:1159} INFO - Dependencies all met for <TaskInstance: data_ingestion_to_gcs.trigger scheduled__2020-01-01T00:00:00+00:00 [queued]>
[2022-06-28 15:06:03,777] {taskinstance.py:1159} INFO - Dependencies all met for <TaskInstance: data_ingestion_to_gcs.trigger scheduled__2020-01-01T00:00:00+00:00 [queued]>
[2022-06-28 15:06:03,777] {taskinstance.py:1356} INFO - 
--------------------------------------------------------------------------------
[2022-06-28 15:06:03,777] {taskinstance.py:1357} INFO - Starting attempt 1 of 2
[2022-06-28 15:06:03,777] {taskinstance.py:1358} INFO - 
--------------------------------------------------------------------------------
[2022-06-28 15:06:03,786] {taskinstance.py:1377} INFO - Executing <Task(TriggerDagRunOperator): trigger> on 2020-01-01 00:00:00+00:00
[2022-06-28 15:06:03,791] {standard_task_runner.py:52} INFO - Started process 206 to run task
[2022-06-28 15:06:03,793] {standard_task_runner.py:79} INFO - Running: ['***', 'tasks', 'run', 'data_ingestion_to_gcs', 'trigger', 'scheduled__2020-01-01T00:00:00+00:00', '--job-id', '525', '--raw', '--subdir', 'DAGS_FOLDER/01_data_ingestion_to_gcs.py', '--cfg-path', '/tmp/tmplj0q7upm', '--error-file', '/tmp/tmpuh82hnt3']
[2022-06-28 15:06:03,793] {standard_task_runner.py:80} INFO - Job 525: Subtask trigger
[2022-06-28 15:06:03,829] {task_command.py:370} INFO - Running <TaskInstance: data_ingestion_to_gcs.trigger scheduled__2020-01-01T00:00:00+00:00 [running]> on host 375d46b24910
[2022-06-28 15:06:03,873] {taskinstance.py:1571} INFO - Exporting the following env vars:
AIRFLOW_CTX_DAG_OWNER=***
AIRFLOW_CTX_DAG_ID=data_ingestion_to_gcs
AIRFLOW_CTX_TASK_ID=trigger
AIRFLOW_CTX_EXECUTION_DATE=2020-01-01T00:00:00+00:00
AIRFLOW_CTX_TRY_NUMBER=1
AIRFLOW_CTX_DAG_RUN_ID=scheduled__2020-01-01T00:00:00+00:00
[2022-06-28 15:06:05,414] {taskinstance.py:1400} INFO - Marking task as SUCCESS. dag_id=data_ingestion_to_gcs, task_id=trigger, execution_date=20200101T000000, start_date=20220628T150603, end_date=20220628T150605
[2022-06-28 15:06:05,450] {local_task_job.py:156} INFO - Task exited with return code 0
[2022-06-28 15:06:05,494] {local_task_job.py:273} INFO - 1 downstream tasks scheduled from follow-on schedule check
[2022-06-28 18:42:20,440] {taskinstance.py:1159} INFO - Dependencies all met for <TaskInstance: data_ingestion_to_gcs.trigger scheduled__2020-01-01T00:00:00+00:00 [queued]>
[2022-06-28 18:42:20,445] {taskinstance.py:1159} INFO - Dependencies all met for <TaskInstance: data_ingestion_to_gcs.trigger scheduled__2020-01-01T00:00:00+00:00 [queued]>
[2022-06-28 18:42:20,445] {taskinstance.py:1356} INFO - 
--------------------------------------------------------------------------------
[2022-06-28 18:42:20,446] {taskinstance.py:1357} INFO - Starting attempt 1 of 2
[2022-06-28 18:42:20,446] {taskinstance.py:1358} INFO - 
--------------------------------------------------------------------------------
[2022-06-28 18:42:20,456] {taskinstance.py:1377} INFO - Executing <Task(TriggerDagRunOperator): trigger> on 2020-01-01 00:00:00+00:00
[2022-06-28 18:42:20,460] {standard_task_runner.py:52} INFO - Started process 392 to run task
[2022-06-28 18:42:20,462] {standard_task_runner.py:79} INFO - Running: ['***', 'tasks', 'run', 'data_ingestion_to_gcs', 'trigger', 'scheduled__2020-01-01T00:00:00+00:00', '--job-id', '566', '--raw', '--subdir', 'DAGS_FOLDER/01_data_ingestion_to_gcs.py', '--cfg-path', '/tmp/tmp4dvgevdn', '--error-file', '/tmp/tmpaai_0u8b']
[2022-06-28 18:42:20,463] {standard_task_runner.py:80} INFO - Job 566: Subtask trigger
[2022-06-28 18:42:20,494] {task_command.py:370} INFO - Running <TaskInstance: data_ingestion_to_gcs.trigger scheduled__2020-01-01T00:00:00+00:00 [running]> on host 9f709a2aaee5
[2022-06-28 18:42:20,537] {taskinstance.py:1571} INFO - Exporting the following env vars:
AIRFLOW_CTX_DAG_OWNER=***
AIRFLOW_CTX_DAG_ID=data_ingestion_to_gcs
AIRFLOW_CTX_TASK_ID=trigger
AIRFLOW_CTX_EXECUTION_DATE=2020-01-01T00:00:00+00:00
AIRFLOW_CTX_TRY_NUMBER=1
AIRFLOW_CTX_DAG_RUN_ID=scheduled__2020-01-01T00:00:00+00:00
[2022-06-28 18:42:22,146] {taskinstance.py:1400} INFO - Marking task as SUCCESS. dag_id=data_ingestion_to_gcs, task_id=trigger, execution_date=20200101T000000, start_date=20220628T184220, end_date=20220628T184222
[2022-06-28 18:42:22,200] {local_task_job.py:156} INFO - Task exited with return code 0
[2022-06-28 18:42:22,226] {local_task_job.py:273} INFO - 0 downstream tasks scheduled from follow-on schedule check
