[2022-06-23 15:13:50,335] {taskinstance.py:1159} INFO - Dependencies all met for <TaskInstance: data_ingestion_to_gcs.trigger manual__2022-06-23T15:13:44.857099+00:00 [queued]>
[2022-06-23 15:13:50,340] {taskinstance.py:1159} INFO - Dependencies all met for <TaskInstance: data_ingestion_to_gcs.trigger manual__2022-06-23T15:13:44.857099+00:00 [queued]>
[2022-06-23 15:13:50,340] {taskinstance.py:1356} INFO - 
--------------------------------------------------------------------------------
[2022-06-23 15:13:50,340] {taskinstance.py:1357} INFO - Starting attempt 1 of 2
[2022-06-23 15:13:50,340] {taskinstance.py:1358} INFO - 
--------------------------------------------------------------------------------
[2022-06-23 15:13:50,351] {taskinstance.py:1377} INFO - Executing <Task(TriggerDagRunOperator): trigger> on 2022-06-23 15:13:44.857099+00:00
[2022-06-23 15:13:50,356] {standard_task_runner.py:52} INFO - Started process 180 to run task
[2022-06-23 15:13:50,358] {standard_task_runner.py:79} INFO - Running: ['***', 'tasks', 'run', 'data_ingestion_to_gcs', 'trigger', 'manual__2022-06-23T15:13:44.857099+00:00', '--job-id', '231', '--raw', '--subdir', 'DAGS_FOLDER/01_data_ingestion_to_gcs.py', '--cfg-path', '/tmp/tmpfawo3jc2', '--error-file', '/tmp/tmptutyovoy']
[2022-06-23 15:13:50,358] {standard_task_runner.py:80} INFO - Job 231: Subtask trigger
[2022-06-23 15:13:50,394] {task_command.py:370} INFO - Running <TaskInstance: data_ingestion_to_gcs.trigger manual__2022-06-23T15:13:44.857099+00:00 [running]> on host 4396b11bd72f
[2022-06-23 15:13:50,448] {taskinstance.py:1571} INFO - Exporting the following env vars:
AIRFLOW_CTX_DAG_OWNER=***
AIRFLOW_CTX_DAG_ID=data_ingestion_to_gcs
AIRFLOW_CTX_TASK_ID=trigger
AIRFLOW_CTX_EXECUTION_DATE=2022-06-23T15:13:44.857099+00:00
AIRFLOW_CTX_TRY_NUMBER=1
AIRFLOW_CTX_DAG_RUN_ID=manual__2022-06-23T15:13:44.857099+00:00
[2022-06-23 15:13:50,505] {taskinstance.py:1400} INFO - Marking task as SUCCESS. dag_id=data_ingestion_to_gcs, task_id=trigger, execution_date=20220623T151344, start_date=20220623T151350, end_date=20220623T151350
[2022-06-23 15:13:50,530] {local_task_job.py:156} INFO - Task exited with return code 0
[2022-06-23 15:13:50,558] {local_task_job.py:273} INFO - 1 downstream tasks scheduled from follow-on schedule check
