[2022-06-27 10:52:45,226] {taskinstance.py:1159} INFO - Dependencies all met for <TaskInstance: data_ingestion_to_gcs.unzip_dataset_task manual__2022-06-27T10:52:42.171045+00:00 [queued]>
[2022-06-27 10:52:45,232] {taskinstance.py:1159} INFO - Dependencies all met for <TaskInstance: data_ingestion_to_gcs.unzip_dataset_task manual__2022-06-27T10:52:42.171045+00:00 [queued]>
[2022-06-27 10:52:45,232] {taskinstance.py:1356} INFO - 
--------------------------------------------------------------------------------
[2022-06-27 10:52:45,232] {taskinstance.py:1357} INFO - Starting attempt 1 of 2
[2022-06-27 10:52:45,232] {taskinstance.py:1358} INFO - 
--------------------------------------------------------------------------------
[2022-06-27 10:52:45,242] {taskinstance.py:1377} INFO - Executing <Task(PythonOperator): unzip_dataset_task> on 2022-06-27 10:52:42.171045+00:00
[2022-06-27 10:52:45,247] {standard_task_runner.py:52} INFO - Started process 334 to run task
[2022-06-27 10:52:45,249] {standard_task_runner.py:79} INFO - Running: ['***', 'tasks', 'run', 'data_ingestion_to_gcs', 'unzip_dataset_task', 'manual__2022-06-27T10:52:42.171045+00:00', '--job-id', '359', '--raw', '--subdir', 'DAGS_FOLDER/01_data_ingestion_to_gcs.py', '--cfg-path', '/tmp/tmpycorehn0', '--error-file', '/tmp/tmp8ykf76_2']
[2022-06-27 10:52:45,250] {standard_task_runner.py:80} INFO - Job 359: Subtask unzip_dataset_task
[2022-06-27 10:52:45,284] {task_command.py:370} INFO - Running <TaskInstance: data_ingestion_to_gcs.unzip_dataset_task manual__2022-06-27T10:52:42.171045+00:00 [running]> on host 499e272a57d6
[2022-06-27 10:52:45,335] {taskinstance.py:1571} INFO - Exporting the following env vars:
AIRFLOW_CTX_DAG_OWNER=***
AIRFLOW_CTX_DAG_ID=data_ingestion_to_gcs
AIRFLOW_CTX_TASK_ID=unzip_dataset_task
AIRFLOW_CTX_EXECUTION_DATE=2022-06-27T10:52:42.171045+00:00
AIRFLOW_CTX_TRY_NUMBER=1
AIRFLOW_CTX_DAG_RUN_ID=manual__2022-06-27T10:52:42.171045+00:00
[2022-06-27 10:52:45,338] {python.py:173} INFO - Done. Returned value was: None
[2022-06-27 10:52:45,346] {taskinstance.py:1400} INFO - Marking task as SUCCESS. dag_id=data_ingestion_to_gcs, task_id=unzip_dataset_task, execution_date=20220627T105242, start_date=20220627T105245, end_date=20220627T105245
[2022-06-27 10:52:45,381] {local_task_job.py:156} INFO - Task exited with return code 0
[2022-06-27 10:52:45,415] {local_task_job.py:273} INFO - 1 downstream tasks scheduled from follow-on schedule check
