[2022-06-27 13:19:02,610] {taskinstance.py:1159} INFO - Dependencies all met for <TaskInstance: data_ingestion_to_gcs.format_to_parquet_task manual__2022-06-27T13:18:58.444696+00:00 [queued]>
[2022-06-27 13:19:02,616] {taskinstance.py:1159} INFO - Dependencies all met for <TaskInstance: data_ingestion_to_gcs.format_to_parquet_task manual__2022-06-27T13:18:58.444696+00:00 [queued]>
[2022-06-27 13:19:02,617] {taskinstance.py:1356} INFO - 
--------------------------------------------------------------------------------
[2022-06-27 13:19:02,617] {taskinstance.py:1357} INFO - Starting attempt 1 of 2
[2022-06-27 13:19:02,617] {taskinstance.py:1358} INFO - 
--------------------------------------------------------------------------------
[2022-06-27 13:19:02,628] {taskinstance.py:1377} INFO - Executing <Task(PythonOperator): format_to_parquet_task> on 2022-06-27 13:18:58.444696+00:00
[2022-06-27 13:19:02,632] {standard_task_runner.py:52} INFO - Started process 406 to run task
[2022-06-27 13:19:02,634] {standard_task_runner.py:79} INFO - Running: ['***', 'tasks', 'run', 'data_ingestion_to_gcs', 'format_to_parquet_task', 'manual__2022-06-27T13:18:58.444696+00:00', '--job-id', '380', '--raw', '--subdir', 'DAGS_FOLDER/01_data_ingestion_to_gcs.py', '--cfg-path', '/tmp/tmpkyliibzb', '--error-file', '/tmp/tmpogzh0afs']
[2022-06-27 13:19:02,635] {standard_task_runner.py:80} INFO - Job 380: Subtask format_to_parquet_task
[2022-06-27 13:19:02,678] {task_command.py:370} INFO - Running <TaskInstance: data_ingestion_to_gcs.format_to_parquet_task manual__2022-06-27T13:18:58.444696+00:00 [running]> on host c8b7aec393e9
[2022-06-27 13:19:02,729] {taskinstance.py:1571} INFO - Exporting the following env vars:
AIRFLOW_CTX_DAG_OWNER=***
AIRFLOW_CTX_DAG_ID=data_ingestion_to_gcs
AIRFLOW_CTX_TASK_ID=format_to_parquet_task
AIRFLOW_CTX_EXECUTION_DATE=2022-06-27T13:18:58.444696+00:00
AIRFLOW_CTX_TRY_NUMBER=1
AIRFLOW_CTX_DAG_RUN_ID=manual__2022-06-27T13:18:58.444696+00:00
[2022-06-27 13:19:02,814] {python.py:173} INFO - Done. Returned value was: None
[2022-06-27 13:19:02,823] {taskinstance.py:1400} INFO - Marking task as SUCCESS. dag_id=data_ingestion_to_gcs, task_id=format_to_parquet_task, execution_date=20220627T131858, start_date=20220627T131902, end_date=20220627T131902
[2022-06-27 13:19:02,846] {local_task_job.py:156} INFO - Task exited with return code 0
[2022-06-27 13:19:02,878] {local_task_job.py:273} INFO - 1 downstream tasks scheduled from follow-on schedule check
