[2022-06-22 13:50:42,894] {taskinstance.py:1159} INFO - Dependencies all met for <TaskInstance: data_ingestion_gcs_dag.local_to_gcs_task manual__2022-06-22T13:50:38.073576+00:00 [queued]>
[2022-06-22 13:50:42,900] {taskinstance.py:1159} INFO - Dependencies all met for <TaskInstance: data_ingestion_gcs_dag.local_to_gcs_task manual__2022-06-22T13:50:38.073576+00:00 [queued]>
[2022-06-22 13:50:42,900] {taskinstance.py:1356} INFO - 
--------------------------------------------------------------------------------
[2022-06-22 13:50:42,900] {taskinstance.py:1357} INFO - Starting attempt 1 of 2
[2022-06-22 13:50:42,900] {taskinstance.py:1358} INFO - 
--------------------------------------------------------------------------------
[2022-06-22 13:50:42,910] {taskinstance.py:1377} INFO - Executing <Task(PythonOperator): local_to_gcs_task> on 2022-06-22 13:50:38.073576+00:00
[2022-06-22 13:50:42,915] {standard_task_runner.py:52} INFO - Started process 221 to run task
[2022-06-22 13:50:42,916] {standard_task_runner.py:79} INFO - Running: ['***', 'tasks', 'run', 'data_ingestion_gcs_dag', 'local_to_gcs_task', 'manual__2022-06-22T13:50:38.073576+00:00', '--job-id', '163', '--raw', '--subdir', 'DAGS_FOLDER/dags.py', '--cfg-path', '/tmp/tmplj0achkg', '--error-file', '/tmp/tmpwba7l4he']
[2022-06-22 13:50:42,917] {standard_task_runner.py:80} INFO - Job 163: Subtask local_to_gcs_task
[2022-06-22 13:50:43,050] {task_command.py:370} INFO - Running <TaskInstance: data_ingestion_gcs_dag.local_to_gcs_task manual__2022-06-22T13:50:38.073576+00:00 [running]> on host 109c620d650c
[2022-06-22 13:50:43,093] {taskinstance.py:1571} INFO - Exporting the following env vars:
AIRFLOW_CTX_DAG_OWNER=***
AIRFLOW_CTX_DAG_ID=data_ingestion_gcs_dag
AIRFLOW_CTX_TASK_ID=local_to_gcs_task
AIRFLOW_CTX_EXECUTION_DATE=2022-06-22T13:50:38.073576+00:00
AIRFLOW_CTX_TRY_NUMBER=1
AIRFLOW_CTX_DAG_RUN_ID=manual__2022-06-22T13:50:38.073576+00:00
[2022-06-22 13:50:43,494] {python.py:173} INFO - Done. Returned value was: None
[2022-06-22 13:50:43,503] {taskinstance.py:1400} INFO - Marking task as SUCCESS. dag_id=data_ingestion_gcs_dag, task_id=local_to_gcs_task, execution_date=20220622T135038, start_date=20220622T135042, end_date=20220622T135043
[2022-06-22 13:50:43,530] {local_task_job.py:156} INFO - Task exited with return code 0
[2022-06-22 13:50:43,654] {local_task_job.py:273} INFO - 0 downstream tasks scheduled from follow-on schedule check
