[2022-06-23 14:05:19,014] {taskinstance.py:1159} INFO - Dependencies all met for <TaskInstance: data_ingestion_to_gcs.format_to_parquet_task scheduled__2020-01-01T00:00:00+00:00 [queued]>
[2022-06-23 14:05:19,021] {taskinstance.py:1159} INFO - Dependencies all met for <TaskInstance: data_ingestion_to_gcs.format_to_parquet_task scheduled__2020-01-01T00:00:00+00:00 [queued]>
[2022-06-23 14:05:19,021] {taskinstance.py:1356} INFO - 
--------------------------------------------------------------------------------
[2022-06-23 14:05:19,021] {taskinstance.py:1357} INFO - Starting attempt 1 of 2
[2022-06-23 14:05:19,021] {taskinstance.py:1358} INFO - 
--------------------------------------------------------------------------------
[2022-06-23 14:05:19,032] {taskinstance.py:1377} INFO - Executing <Task(PythonOperator): format_to_parquet_task> on 2020-01-01 00:00:00+00:00
[2022-06-23 14:05:19,035] {standard_task_runner.py:52} INFO - Started process 285 to run task
[2022-06-23 14:05:19,038] {standard_task_runner.py:79} INFO - Running: ['***', 'tasks', 'run', 'data_ingestion_to_gcs', 'format_to_parquet_task', 'scheduled__2020-01-01T00:00:00+00:00', '--job-id', '181', '--raw', '--subdir', 'DAGS_FOLDER/01_data_ingestion_to_gcs.py', '--cfg-path', '/tmp/tmpv3t7wqi8', '--error-file', '/tmp/tmpyngnipd1']
[2022-06-23 14:05:19,038] {standard_task_runner.py:80} INFO - Job 181: Subtask format_to_parquet_task
[2022-06-23 14:05:19,084] {task_command.py:370} INFO - Running <TaskInstance: data_ingestion_to_gcs.format_to_parquet_task scheduled__2020-01-01T00:00:00+00:00 [running]> on host 24ab0148fd1d
[2022-06-23 14:05:19,147] {taskinstance.py:1571} INFO - Exporting the following env vars:
AIRFLOW_CTX_DAG_OWNER=***
AIRFLOW_CTX_DAG_ID=data_ingestion_to_gcs
AIRFLOW_CTX_TASK_ID=format_to_parquet_task
AIRFLOW_CTX_EXECUTION_DATE=2020-01-01T00:00:00+00:00
AIRFLOW_CTX_TRY_NUMBER=1
AIRFLOW_CTX_DAG_RUN_ID=scheduled__2020-01-01T00:00:00+00:00
[2022-06-23 14:05:19,241] {python.py:173} INFO - Done. Returned value was: None
[2022-06-23 14:05:19,250] {taskinstance.py:1400} INFO - Marking task as SUCCESS. dag_id=data_ingestion_to_gcs, task_id=format_to_parquet_task, execution_date=20200101T000000, start_date=20220623T140519, end_date=20220623T140519
[2022-06-23 14:05:19,289] {local_task_job.py:156} INFO - Task exited with return code 0
[2022-06-23 14:05:19,332] {local_task_job.py:273} INFO - 1 downstream tasks scheduled from follow-on schedule check
[2022-06-23 15:00:30,580] {taskinstance.py:1159} INFO - Dependencies all met for <TaskInstance: data_ingestion_to_gcs.format_to_parquet_task scheduled__2020-01-01T00:00:00+00:00 [queued]>
[2022-06-23 15:00:30,586] {taskinstance.py:1159} INFO - Dependencies all met for <TaskInstance: data_ingestion_to_gcs.format_to_parquet_task scheduled__2020-01-01T00:00:00+00:00 [queued]>
[2022-06-23 15:00:30,586] {taskinstance.py:1356} INFO - 
--------------------------------------------------------------------------------
[2022-06-23 15:00:30,586] {taskinstance.py:1357} INFO - Starting attempt 1 of 2
[2022-06-23 15:00:30,586] {taskinstance.py:1358} INFO - 
--------------------------------------------------------------------------------
[2022-06-23 15:00:30,595] {taskinstance.py:1377} INFO - Executing <Task(PythonOperator): format_to_parquet_task> on 2020-01-01 00:00:00+00:00
[2022-06-23 15:00:30,601] {standard_task_runner.py:52} INFO - Started process 233 to run task
[2022-06-23 15:00:30,602] {standard_task_runner.py:79} INFO - Running: ['***', 'tasks', 'run', 'data_ingestion_to_gcs', 'format_to_parquet_task', 'scheduled__2020-01-01T00:00:00+00:00', '--job-id', '209', '--raw', '--subdir', 'DAGS_FOLDER/01_data_ingestion_to_gcs.py', '--cfg-path', '/tmp/tmp1ign81vt', '--error-file', '/tmp/tmp8q__yh19']
[2022-06-23 15:00:30,603] {standard_task_runner.py:80} INFO - Job 209: Subtask format_to_parquet_task
[2022-06-23 15:00:30,635] {task_command.py:370} INFO - Running <TaskInstance: data_ingestion_to_gcs.format_to_parquet_task scheduled__2020-01-01T00:00:00+00:00 [running]> on host 9ac39f243003
[2022-06-23 15:00:30,679] {taskinstance.py:1571} INFO - Exporting the following env vars:
AIRFLOW_CTX_DAG_OWNER=***
AIRFLOW_CTX_DAG_ID=data_ingestion_to_gcs
AIRFLOW_CTX_TASK_ID=format_to_parquet_task
AIRFLOW_CTX_EXECUTION_DATE=2020-01-01T00:00:00+00:00
AIRFLOW_CTX_TRY_NUMBER=1
AIRFLOW_CTX_DAG_RUN_ID=scheduled__2020-01-01T00:00:00+00:00
[2022-06-23 15:00:30,765] {python.py:173} INFO - Done. Returned value was: None
[2022-06-23 15:00:30,774] {taskinstance.py:1400} INFO - Marking task as SUCCESS. dag_id=data_ingestion_to_gcs, task_id=format_to_parquet_task, execution_date=20200101T000000, start_date=20220623T150030, end_date=20220623T150030
[2022-06-23 15:00:30,815] {local_task_job.py:156} INFO - Task exited with return code 0
[2022-06-23 15:00:30,848] {local_task_job.py:273} INFO - 1 downstream tasks scheduled from follow-on schedule check
[2022-06-27 10:31:53,074] {taskinstance.py:1159} INFO - Dependencies all met for <TaskInstance: data_ingestion_to_gcs.format_to_parquet_task scheduled__2020-01-01T00:00:00+00:00 [queued]>
[2022-06-27 10:31:53,082] {taskinstance.py:1159} INFO - Dependencies all met for <TaskInstance: data_ingestion_to_gcs.format_to_parquet_task scheduled__2020-01-01T00:00:00+00:00 [queued]>
[2022-06-27 10:31:53,082] {taskinstance.py:1356} INFO - 
--------------------------------------------------------------------------------
[2022-06-27 10:31:53,083] {taskinstance.py:1357} INFO - Starting attempt 1 of 2
[2022-06-27 10:31:53,083] {taskinstance.py:1358} INFO - 
--------------------------------------------------------------------------------
[2022-06-27 10:31:53,096] {taskinstance.py:1377} INFO - Executing <Task(PythonOperator): format_to_parquet_task> on 2020-01-01 00:00:00+00:00
[2022-06-27 10:31:53,102] {standard_task_runner.py:52} INFO - Started process 220 to run task
[2022-06-27 10:31:53,104] {standard_task_runner.py:79} INFO - Running: ['***', 'tasks', 'run', 'data_ingestion_to_gcs', 'format_to_parquet_task', 'scheduled__2020-01-01T00:00:00+00:00', '--job-id', '334', '--raw', '--subdir', 'DAGS_FOLDER/01_data_ingestion_to_gcs.py', '--cfg-path', '/tmp/tmplde8ga_v', '--error-file', '/tmp/tmpc4rzh7r0']
[2022-06-27 10:31:53,105] {standard_task_runner.py:80} INFO - Job 334: Subtask format_to_parquet_task
[2022-06-27 10:31:53,153] {task_command.py:370} INFO - Running <TaskInstance: data_ingestion_to_gcs.format_to_parquet_task scheduled__2020-01-01T00:00:00+00:00 [running]> on host ba54ad88b6ec
[2022-06-27 10:31:53,224] {taskinstance.py:1571} INFO - Exporting the following env vars:
AIRFLOW_CTX_DAG_OWNER=***
AIRFLOW_CTX_DAG_ID=data_ingestion_to_gcs
AIRFLOW_CTX_TASK_ID=format_to_parquet_task
AIRFLOW_CTX_EXECUTION_DATE=2020-01-01T00:00:00+00:00
AIRFLOW_CTX_TRY_NUMBER=1
AIRFLOW_CTX_DAG_RUN_ID=scheduled__2020-01-01T00:00:00+00:00
[2022-06-27 10:31:53,328] {python.py:173} INFO - Done. Returned value was: None
[2022-06-27 10:31:53,340] {taskinstance.py:1400} INFO - Marking task as SUCCESS. dag_id=data_ingestion_to_gcs, task_id=format_to_parquet_task, execution_date=20200101T000000, start_date=20220627T103153, end_date=20220627T103153
[2022-06-27 10:31:53,357] {local_task_job.py:156} INFO - Task exited with return code 0
[2022-06-27 10:31:53,398] {local_task_job.py:273} INFO - 1 downstream tasks scheduled from follow-on schedule check
[2022-06-27 13:13:11,888] {taskinstance.py:1159} INFO - Dependencies all met for <TaskInstance: data_ingestion_to_gcs.format_to_parquet_task scheduled__2020-01-01T00:00:00+00:00 [queued]>
[2022-06-27 13:13:11,902] {taskinstance.py:1159} INFO - Dependencies all met for <TaskInstance: data_ingestion_to_gcs.format_to_parquet_task scheduled__2020-01-01T00:00:00+00:00 [queued]>
[2022-06-27 13:13:11,902] {taskinstance.py:1356} INFO - 
--------------------------------------------------------------------------------
[2022-06-27 13:13:11,902] {taskinstance.py:1357} INFO - Starting attempt 1 of 2
[2022-06-27 13:13:11,902] {taskinstance.py:1358} INFO - 
--------------------------------------------------------------------------------
[2022-06-27 13:13:11,919] {taskinstance.py:1377} INFO - Executing <Task(PythonOperator): format_to_parquet_task> on 2020-01-01 00:00:00+00:00
[2022-06-27 13:13:11,925] {standard_task_runner.py:52} INFO - Started process 6403 to run task
[2022-06-27 13:13:11,927] {standard_task_runner.py:79} INFO - Running: ['***', 'tasks', 'run', 'data_ingestion_to_gcs', 'format_to_parquet_task', 'scheduled__2020-01-01T00:00:00+00:00', '--job-id', '370', '--raw', '--subdir', 'DAGS_FOLDER/01_data_ingestion_to_gcs.py', '--cfg-path', '/tmp/tmpf6myhdnj', '--error-file', '/tmp/tmpqqa_bp_3']
[2022-06-27 13:13:11,928] {standard_task_runner.py:80} INFO - Job 370: Subtask format_to_parquet_task
[2022-06-27 13:13:11,969] {task_command.py:370} INFO - Running <TaskInstance: data_ingestion_to_gcs.format_to_parquet_task scheduled__2020-01-01T00:00:00+00:00 [running]> on host 78ff5d0f8165
[2022-06-27 13:13:12,021] {taskinstance.py:1571} INFO - Exporting the following env vars:
AIRFLOW_CTX_DAG_OWNER=***
AIRFLOW_CTX_DAG_ID=data_ingestion_to_gcs
AIRFLOW_CTX_TASK_ID=format_to_parquet_task
AIRFLOW_CTX_EXECUTION_DATE=2020-01-01T00:00:00+00:00
AIRFLOW_CTX_TRY_NUMBER=1
AIRFLOW_CTX_DAG_RUN_ID=scheduled__2020-01-01T00:00:00+00:00
[2022-06-27 13:13:12,109] {python.py:173} INFO - Done. Returned value was: None
[2022-06-27 13:13:12,119] {taskinstance.py:1400} INFO - Marking task as SUCCESS. dag_id=data_ingestion_to_gcs, task_id=format_to_parquet_task, execution_date=20200101T000000, start_date=20220627T131311, end_date=20220627T131312
[2022-06-27 13:13:12,140] {local_task_job.py:156} INFO - Task exited with return code 0
[2022-06-27 13:13:12,170] {local_task_job.py:273} INFO - 1 downstream tasks scheduled from follow-on schedule check
[2022-06-28 14:41:34,581] {taskinstance.py:1159} INFO - Dependencies all met for <TaskInstance: data_ingestion_to_gcs.format_to_parquet_task scheduled__2020-01-01T00:00:00+00:00 [queued]>
[2022-06-28 14:41:34,590] {taskinstance.py:1159} INFO - Dependencies all met for <TaskInstance: data_ingestion_to_gcs.format_to_parquet_task scheduled__2020-01-01T00:00:00+00:00 [queued]>
[2022-06-28 14:41:34,590] {taskinstance.py:1356} INFO - 
--------------------------------------------------------------------------------
[2022-06-28 14:41:34,590] {taskinstance.py:1357} INFO - Starting attempt 1 of 2
[2022-06-28 14:41:34,590] {taskinstance.py:1358} INFO - 
--------------------------------------------------------------------------------
[2022-06-28 14:41:34,604] {taskinstance.py:1377} INFO - Executing <Task(PythonOperator): format_to_parquet_task> on 2020-01-01 00:00:00+00:00
[2022-06-28 14:41:34,607] {standard_task_runner.py:52} INFO - Started process 127 to run task
[2022-06-28 14:41:34,609] {standard_task_runner.py:79} INFO - Running: ['***', 'tasks', 'run', 'data_ingestion_to_gcs', 'format_to_parquet_task', 'scheduled__2020-01-01T00:00:00+00:00', '--job-id', '489', '--raw', '--subdir', 'DAGS_FOLDER/01_data_ingestion_to_gcs.py', '--cfg-path', '/tmp/tmphx2zrg09', '--error-file', '/tmp/tmp1ebw8lwv']
[2022-06-28 14:41:34,610] {standard_task_runner.py:80} INFO - Job 489: Subtask format_to_parquet_task
[2022-06-28 14:41:34,643] {task_command.py:370} INFO - Running <TaskInstance: data_ingestion_to_gcs.format_to_parquet_task scheduled__2020-01-01T00:00:00+00:00 [running]> on host 181657f59c64
[2022-06-28 14:41:34,693] {taskinstance.py:1571} INFO - Exporting the following env vars:
AIRFLOW_CTX_DAG_OWNER=***
AIRFLOW_CTX_DAG_ID=data_ingestion_to_gcs
AIRFLOW_CTX_TASK_ID=format_to_parquet_task
AIRFLOW_CTX_EXECUTION_DATE=2020-01-01T00:00:00+00:00
AIRFLOW_CTX_TRY_NUMBER=1
AIRFLOW_CTX_DAG_RUN_ID=scheduled__2020-01-01T00:00:00+00:00
[2022-06-28 14:41:34,780] {python.py:173} INFO - Done. Returned value was: None
[2022-06-28 14:41:34,792] {taskinstance.py:1400} INFO - Marking task as SUCCESS. dag_id=data_ingestion_to_gcs, task_id=format_to_parquet_task, execution_date=20200101T000000, start_date=20220628T144134, end_date=20220628T144134
[2022-06-28 14:41:34,821] {local_task_job.py:156} INFO - Task exited with return code 0
[2022-06-28 14:41:34,857] {local_task_job.py:273} INFO - 1 downstream tasks scheduled from follow-on schedule check
[2022-06-28 14:51:48,085] {taskinstance.py:1159} INFO - Dependencies all met for <TaskInstance: data_ingestion_to_gcs.format_to_parquet_task scheduled__2020-01-01T00:00:00+00:00 [queued]>
[2022-06-28 14:51:48,091] {taskinstance.py:1159} INFO - Dependencies all met for <TaskInstance: data_ingestion_to_gcs.format_to_parquet_task scheduled__2020-01-01T00:00:00+00:00 [queued]>
[2022-06-28 14:51:48,091] {taskinstance.py:1356} INFO - 
--------------------------------------------------------------------------------
[2022-06-28 14:51:48,091] {taskinstance.py:1357} INFO - Starting attempt 1 of 2
[2022-06-28 14:51:48,091] {taskinstance.py:1358} INFO - 
--------------------------------------------------------------------------------
[2022-06-28 14:51:48,100] {taskinstance.py:1377} INFO - Executing <Task(PythonOperator): format_to_parquet_task> on 2020-01-01 00:00:00+00:00
[2022-06-28 14:51:48,105] {standard_task_runner.py:52} INFO - Started process 181 to run task
[2022-06-28 14:51:48,107] {standard_task_runner.py:79} INFO - Running: ['***', 'tasks', 'run', 'data_ingestion_to_gcs', 'format_to_parquet_task', 'scheduled__2020-01-01T00:00:00+00:00', '--job-id', '500', '--raw', '--subdir', 'DAGS_FOLDER/01_data_ingestion_to_gcs.py', '--cfg-path', '/tmp/tmpncx5cz38', '--error-file', '/tmp/tmppr6gellw']
[2022-06-28 14:51:48,108] {standard_task_runner.py:80} INFO - Job 500: Subtask format_to_parquet_task
[2022-06-28 14:51:48,140] {task_command.py:370} INFO - Running <TaskInstance: data_ingestion_to_gcs.format_to_parquet_task scheduled__2020-01-01T00:00:00+00:00 [running]> on host 3fcea2aa00ee
[2022-06-28 14:51:48,189] {taskinstance.py:1571} INFO - Exporting the following env vars:
AIRFLOW_CTX_DAG_OWNER=***
AIRFLOW_CTX_DAG_ID=data_ingestion_to_gcs
AIRFLOW_CTX_TASK_ID=format_to_parquet_task
AIRFLOW_CTX_EXECUTION_DATE=2020-01-01T00:00:00+00:00
AIRFLOW_CTX_TRY_NUMBER=1
AIRFLOW_CTX_DAG_RUN_ID=scheduled__2020-01-01T00:00:00+00:00
[2022-06-28 14:51:48,302] {python.py:173} INFO - Done. Returned value was: None
[2022-06-28 14:51:48,311] {taskinstance.py:1400} INFO - Marking task as SUCCESS. dag_id=data_ingestion_to_gcs, task_id=format_to_parquet_task, execution_date=20200101T000000, start_date=20220628T145148, end_date=20220628T145148
[2022-06-28 14:51:48,360] {local_task_job.py:156} INFO - Task exited with return code 0
[2022-06-28 14:51:48,401] {local_task_job.py:273} INFO - 1 downstream tasks scheduled from follow-on schedule check
[2022-06-28 14:54:53,330] {taskinstance.py:1159} INFO - Dependencies all met for <TaskInstance: data_ingestion_to_gcs.format_to_parquet_task scheduled__2020-01-01T00:00:00+00:00 [queued]>
[2022-06-28 14:54:53,340] {taskinstance.py:1159} INFO - Dependencies all met for <TaskInstance: data_ingestion_to_gcs.format_to_parquet_task scheduled__2020-01-01T00:00:00+00:00 [queued]>
[2022-06-28 14:54:53,340] {taskinstance.py:1356} INFO - 
--------------------------------------------------------------------------------
[2022-06-28 14:54:53,340] {taskinstance.py:1357} INFO - Starting attempt 1 of 2
[2022-06-28 14:54:53,341] {taskinstance.py:1358} INFO - 
--------------------------------------------------------------------------------
[2022-06-28 14:54:53,355] {taskinstance.py:1377} INFO - Executing <Task(PythonOperator): format_to_parquet_task> on 2020-01-01 00:00:00+00:00
[2022-06-28 14:54:53,360] {standard_task_runner.py:52} INFO - Started process 174 to run task
[2022-06-28 14:54:53,362] {standard_task_runner.py:79} INFO - Running: ['***', 'tasks', 'run', 'data_ingestion_to_gcs', 'format_to_parquet_task', 'scheduled__2020-01-01T00:00:00+00:00', '--job-id', '509', '--raw', '--subdir', 'DAGS_FOLDER/01_data_ingestion_to_gcs.py', '--cfg-path', '/tmp/tmpegxpaz0h', '--error-file', '/tmp/tmpqjz1rutr']
[2022-06-28 14:54:53,363] {standard_task_runner.py:80} INFO - Job 509: Subtask format_to_parquet_task
[2022-06-28 14:54:53,397] {task_command.py:370} INFO - Running <TaskInstance: data_ingestion_to_gcs.format_to_parquet_task scheduled__2020-01-01T00:00:00+00:00 [running]> on host eb1b13b80acd
[2022-06-28 14:54:53,450] {taskinstance.py:1571} INFO - Exporting the following env vars:
AIRFLOW_CTX_DAG_OWNER=***
AIRFLOW_CTX_DAG_ID=data_ingestion_to_gcs
AIRFLOW_CTX_TASK_ID=format_to_parquet_task
AIRFLOW_CTX_EXECUTION_DATE=2020-01-01T00:00:00+00:00
AIRFLOW_CTX_TRY_NUMBER=1
AIRFLOW_CTX_DAG_RUN_ID=scheduled__2020-01-01T00:00:00+00:00
[2022-06-28 14:54:53,533] {python.py:173} INFO - Done. Returned value was: None
[2022-06-28 14:54:53,541] {taskinstance.py:1400} INFO - Marking task as SUCCESS. dag_id=data_ingestion_to_gcs, task_id=format_to_parquet_task, execution_date=20200101T000000, start_date=20220628T145453, end_date=20220628T145453
[2022-06-28 14:54:53,575] {local_task_job.py:156} INFO - Task exited with return code 0
[2022-06-28 14:54:53,606] {local_task_job.py:273} INFO - 1 downstream tasks scheduled from follow-on schedule check
[2022-06-28 15:06:02,027] {taskinstance.py:1159} INFO - Dependencies all met for <TaskInstance: data_ingestion_to_gcs.format_to_parquet_task scheduled__2020-01-01T00:00:00+00:00 [queued]>
[2022-06-28 15:06:02,033] {taskinstance.py:1159} INFO - Dependencies all met for <TaskInstance: data_ingestion_to_gcs.format_to_parquet_task scheduled__2020-01-01T00:00:00+00:00 [queued]>
[2022-06-28 15:06:02,033] {taskinstance.py:1356} INFO - 
--------------------------------------------------------------------------------
[2022-06-28 15:06:02,033] {taskinstance.py:1357} INFO - Starting attempt 1 of 2
[2022-06-28 15:06:02,033] {taskinstance.py:1358} INFO - 
--------------------------------------------------------------------------------
[2022-06-28 15:06:02,042] {taskinstance.py:1377} INFO - Executing <Task(PythonOperator): format_to_parquet_task> on 2020-01-01 00:00:00+00:00
[2022-06-28 15:06:02,046] {standard_task_runner.py:52} INFO - Started process 191 to run task
[2022-06-28 15:06:02,048] {standard_task_runner.py:79} INFO - Running: ['***', 'tasks', 'run', 'data_ingestion_to_gcs', 'format_to_parquet_task', 'scheduled__2020-01-01T00:00:00+00:00', '--job-id', '523', '--raw', '--subdir', 'DAGS_FOLDER/01_data_ingestion_to_gcs.py', '--cfg-path', '/tmp/tmp_htsf6s3', '--error-file', '/tmp/tmp9cm6c_d_']
[2022-06-28 15:06:02,049] {standard_task_runner.py:80} INFO - Job 523: Subtask format_to_parquet_task
[2022-06-28 15:06:02,115] {task_command.py:370} INFO - Running <TaskInstance: data_ingestion_to_gcs.format_to_parquet_task scheduled__2020-01-01T00:00:00+00:00 [running]> on host 375d46b24910
[2022-06-28 15:06:02,159] {taskinstance.py:1571} INFO - Exporting the following env vars:
AIRFLOW_CTX_DAG_OWNER=***
AIRFLOW_CTX_DAG_ID=data_ingestion_to_gcs
AIRFLOW_CTX_TASK_ID=format_to_parquet_task
AIRFLOW_CTX_EXECUTION_DATE=2020-01-01T00:00:00+00:00
AIRFLOW_CTX_TRY_NUMBER=1
AIRFLOW_CTX_DAG_RUN_ID=scheduled__2020-01-01T00:00:00+00:00
[2022-06-28 15:06:02,240] {python.py:173} INFO - Done. Returned value was: None
[2022-06-28 15:06:02,248] {taskinstance.py:1400} INFO - Marking task as SUCCESS. dag_id=data_ingestion_to_gcs, task_id=format_to_parquet_task, execution_date=20200101T000000, start_date=20220628T150602, end_date=20220628T150602
[2022-06-28 15:06:02,271] {local_task_job.py:156} INFO - Task exited with return code 0
[2022-06-28 15:06:02,309] {local_task_job.py:273} INFO - 1 downstream tasks scheduled from follow-on schedule check
[2022-06-28 18:42:17,891] {taskinstance.py:1159} INFO - Dependencies all met for <TaskInstance: data_ingestion_to_gcs.format_to_parquet_task scheduled__2020-01-01T00:00:00+00:00 [queued]>
[2022-06-28 18:42:17,898] {taskinstance.py:1159} INFO - Dependencies all met for <TaskInstance: data_ingestion_to_gcs.format_to_parquet_task scheduled__2020-01-01T00:00:00+00:00 [queued]>
[2022-06-28 18:42:17,898] {taskinstance.py:1356} INFO - 
--------------------------------------------------------------------------------
[2022-06-28 18:42:17,898] {taskinstance.py:1357} INFO - Starting attempt 1 of 2
[2022-06-28 18:42:17,898] {taskinstance.py:1358} INFO - 
--------------------------------------------------------------------------------
[2022-06-28 18:42:17,909] {taskinstance.py:1377} INFO - Executing <Task(PythonOperator): format_to_parquet_task> on 2020-01-01 00:00:00+00:00
[2022-06-28 18:42:17,913] {standard_task_runner.py:52} INFO - Started process 377 to run task
[2022-06-28 18:42:17,915] {standard_task_runner.py:79} INFO - Running: ['***', 'tasks', 'run', 'data_ingestion_to_gcs', 'format_to_parquet_task', 'scheduled__2020-01-01T00:00:00+00:00', '--job-id', '564', '--raw', '--subdir', 'DAGS_FOLDER/01_data_ingestion_to_gcs.py', '--cfg-path', '/tmp/tmp0gduz_64', '--error-file', '/tmp/tmpw15r3v95']
[2022-06-28 18:42:17,916] {standard_task_runner.py:80} INFO - Job 564: Subtask format_to_parquet_task
[2022-06-28 18:42:17,955] {task_command.py:370} INFO - Running <TaskInstance: data_ingestion_to_gcs.format_to_parquet_task scheduled__2020-01-01T00:00:00+00:00 [running]> on host 9f709a2aaee5
[2022-06-28 18:42:18,046] {taskinstance.py:1571} INFO - Exporting the following env vars:
AIRFLOW_CTX_DAG_OWNER=***
AIRFLOW_CTX_DAG_ID=data_ingestion_to_gcs
AIRFLOW_CTX_TASK_ID=format_to_parquet_task
AIRFLOW_CTX_EXECUTION_DATE=2020-01-01T00:00:00+00:00
AIRFLOW_CTX_TRY_NUMBER=1
AIRFLOW_CTX_DAG_RUN_ID=scheduled__2020-01-01T00:00:00+00:00
[2022-06-28 18:42:18,129] {python.py:173} INFO - Done. Returned value was: None
[2022-06-28 18:42:18,138] {taskinstance.py:1400} INFO - Marking task as SUCCESS. dag_id=data_ingestion_to_gcs, task_id=format_to_parquet_task, execution_date=20200101T000000, start_date=20220628T184217, end_date=20220628T184218
[2022-06-28 18:42:18,167] {local_task_job.py:156} INFO - Task exited with return code 0
[2022-06-28 18:42:18,211] {local_task_job.py:273} INFO - 1 downstream tasks scheduled from follow-on schedule check
