[2022-06-22 14:04:54,561] {taskinstance.py:1159} INFO - Dependencies all met for <TaskInstance: data_ingestion_gcs_dag.rm_task manual__2022-06-22T14:04:47.451021+00:00 [queued]>
[2022-06-22 14:04:54,566] {taskinstance.py:1159} INFO - Dependencies all met for <TaskInstance: data_ingestion_gcs_dag.rm_task manual__2022-06-22T14:04:47.451021+00:00 [queued]>
[2022-06-22 14:04:54,566] {taskinstance.py:1356} INFO - 
--------------------------------------------------------------------------------
[2022-06-22 14:04:54,566] {taskinstance.py:1357} INFO - Starting attempt 1 of 2
[2022-06-22 14:04:54,566] {taskinstance.py:1358} INFO - 
--------------------------------------------------------------------------------
[2022-06-22 14:04:54,575] {taskinstance.py:1377} INFO - Executing <Task(BashOperator): rm_task> on 2022-06-22 14:04:47.451021+00:00
[2022-06-22 14:04:54,581] {standard_task_runner.py:52} INFO - Started process 1028 to run task
[2022-06-22 14:04:54,583] {standard_task_runner.py:79} INFO - Running: ['***', 'tasks', 'run', 'data_ingestion_gcs_dag', 'rm_task', 'manual__2022-06-22T14:04:47.451021+00:00', '--job-id', '170', '--raw', '--subdir', 'DAGS_FOLDER/dags.py', '--cfg-path', '/tmp/tmp_2ppd0ee', '--error-file', '/tmp/tmpnjj1wyrq']
[2022-06-22 14:04:54,583] {standard_task_runner.py:80} INFO - Job 170: Subtask rm_task
[2022-06-22 14:04:54,724] {task_command.py:370} INFO - Running <TaskInstance: data_ingestion_gcs_dag.rm_task manual__2022-06-22T14:04:47.451021+00:00 [running]> on host 109c620d650c
[2022-06-22 14:04:54,770] {taskinstance.py:1571} INFO - Exporting the following env vars:
AIRFLOW_CTX_DAG_OWNER=***
AIRFLOW_CTX_DAG_ID=data_ingestion_gcs_dag
AIRFLOW_CTX_TASK_ID=rm_task
AIRFLOW_CTX_EXECUTION_DATE=2022-06-22T14:04:47.451021+00:00
AIRFLOW_CTX_TRY_NUMBER=1
AIRFLOW_CTX_DAG_RUN_ID=manual__2022-06-22T14:04:47.451021+00:00
[2022-06-22 14:04:54,771] {subprocess.py:62} INFO - Tmp dir root location: 
 /tmp
[2022-06-22 14:04:54,771] {subprocess.py:74} INFO - Running command: ['bash', '-c', 'rm /opt/***/brooklyn.csv /opt/***/brooklyn-food-waste.zip']
[2022-06-22 14:04:54,782] {subprocess.py:85} INFO - Output:
[2022-06-22 14:04:54,784] {subprocess.py:96} INFO - Command exited with return code 0
[2022-06-22 14:04:54,807] {taskinstance.py:1400} INFO - Marking task as SUCCESS. dag_id=data_ingestion_gcs_dag, task_id=rm_task, execution_date=20220622T140447, start_date=20220622T140454, end_date=20220622T140454
[2022-06-22 14:04:54,835] {local_task_job.py:156} INFO - Task exited with return code 0
[2022-06-22 14:04:54,961] {local_task_job.py:273} INFO - 0 downstream tasks scheduled from follow-on schedule check
