[2022-06-23 17:40:22,259] {taskinstance.py:1159} INFO - Dependencies all met for <TaskInstance: data_ingestion_to_gcs.trigger manual__2022-06-23T17:40:17.664120+00:00 [queued]>
[2022-06-23 17:40:22,265] {taskinstance.py:1159} INFO - Dependencies all met for <TaskInstance: data_ingestion_to_gcs.trigger manual__2022-06-23T17:40:17.664120+00:00 [queued]>
[2022-06-23 17:40:22,265] {taskinstance.py:1356} INFO - 
--------------------------------------------------------------------------------
[2022-06-23 17:40:22,265] {taskinstance.py:1357} INFO - Starting attempt 1 of 2
[2022-06-23 17:40:22,265] {taskinstance.py:1358} INFO - 
--------------------------------------------------------------------------------
[2022-06-23 17:40:22,275] {taskinstance.py:1377} INFO - Executing <Task(TriggerDagRunOperator): trigger> on 2022-06-23 17:40:17.664120+00:00
[2022-06-23 17:40:22,280] {standard_task_runner.py:52} INFO - Started process 496 to run task
[2022-06-23 17:40:22,282] {standard_task_runner.py:79} INFO - Running: ['***', 'tasks', 'run', 'data_ingestion_to_gcs', 'trigger', 'manual__2022-06-23T17:40:17.664120+00:00', '--job-id', '288', '--raw', '--subdir', 'DAGS_FOLDER/01_data_ingestion_to_gcs.py', '--cfg-path', '/tmp/tmp80ob5b3g', '--error-file', '/tmp/tmpmu2a01ux']
[2022-06-23 17:40:22,283] {standard_task_runner.py:80} INFO - Job 288: Subtask trigger
[2022-06-23 17:40:22,319] {task_command.py:370} INFO - Running <TaskInstance: data_ingestion_to_gcs.trigger manual__2022-06-23T17:40:17.664120+00:00 [running]> on host d305947238c5
[2022-06-23 17:40:22,369] {taskinstance.py:1571} INFO - Exporting the following env vars:
AIRFLOW_CTX_DAG_OWNER=***
AIRFLOW_CTX_DAG_ID=data_ingestion_to_gcs
AIRFLOW_CTX_TASK_ID=trigger
AIRFLOW_CTX_EXECUTION_DATE=2022-06-23T17:40:17.664120+00:00
AIRFLOW_CTX_TRY_NUMBER=1
AIRFLOW_CTX_DAG_RUN_ID=manual__2022-06-23T17:40:17.664120+00:00
[2022-06-23 17:40:22,427] {taskinstance.py:1400} INFO - Marking task as SUCCESS. dag_id=data_ingestion_to_gcs, task_id=trigger, execution_date=20220623T174017, start_date=20220623T174022, end_date=20220623T174022
[2022-06-23 17:40:22,454] {local_task_job.py:156} INFO - Task exited with return code 0
[2022-06-23 17:40:22,483] {local_task_job.py:273} INFO - 1 downstream tasks scheduled from follow-on schedule check
