[2022-06-27 13:30:18,287] {taskinstance.py:1159} INFO - Dependencies all met for <TaskInstance: data_ingestion_to_gcs.rm_task manual__2022-06-27T13:30:09.572220+00:00 [queued]>
[2022-06-27 13:30:18,293] {taskinstance.py:1159} INFO - Dependencies all met for <TaskInstance: data_ingestion_to_gcs.rm_task manual__2022-06-27T13:30:09.572220+00:00 [queued]>
[2022-06-27 13:30:18,293] {taskinstance.py:1356} INFO - 
--------------------------------------------------------------------------------
[2022-06-27 13:30:18,293] {taskinstance.py:1357} INFO - Starting attempt 1 of 2
[2022-06-27 13:30:18,293] {taskinstance.py:1358} INFO - 
--------------------------------------------------------------------------------
[2022-06-27 13:30:18,303] {taskinstance.py:1377} INFO - Executing <Task(BashOperator): rm_task> on 2022-06-27 13:30:09.572220+00:00
[2022-06-27 13:30:18,308] {standard_task_runner.py:52} INFO - Started process 419 to run task
[2022-06-27 13:30:18,312] {standard_task_runner.py:79} INFO - Running: ['***', 'tasks', 'run', 'data_ingestion_to_gcs', 'rm_task', 'manual__2022-06-27T13:30:09.572220+00:00', '--job-id', '392', '--raw', '--subdir', 'DAGS_FOLDER/01_data_ingestion_to_gcs.py', '--cfg-path', '/tmp/tmpte7wxogt', '--error-file', '/tmp/tmpdekfe79y']
[2022-06-27 13:30:18,313] {standard_task_runner.py:80} INFO - Job 392: Subtask rm_task
[2022-06-27 13:30:18,348] {task_command.py:370} INFO - Running <TaskInstance: data_ingestion_to_gcs.rm_task manual__2022-06-27T13:30:09.572220+00:00 [running]> on host a7ccd6f77c78
[2022-06-27 13:30:18,400] {taskinstance.py:1571} INFO - Exporting the following env vars:
AIRFLOW_CTX_DAG_OWNER=***
AIRFLOW_CTX_DAG_ID=data_ingestion_to_gcs
AIRFLOW_CTX_TASK_ID=rm_task
AIRFLOW_CTX_EXECUTION_DATE=2022-06-27T13:30:09.572220+00:00
AIRFLOW_CTX_TRY_NUMBER=1
AIRFLOW_CTX_DAG_RUN_ID=manual__2022-06-27T13:30:09.572220+00:00
[2022-06-27 13:30:18,401] {subprocess.py:62} INFO - Tmp dir root location: 
 /tmp
[2022-06-27 13:30:18,402] {subprocess.py:74} INFO - Running command: ['bash', '-c', 'rm /opt/***/brooklyn.csv /opt/***/brooklyn-food-waste.zip']
[2022-06-27 13:30:18,410] {subprocess.py:85} INFO - Output:
[2022-06-27 13:30:18,412] {subprocess.py:96} INFO - Command exited with return code 0
[2022-06-27 13:30:18,433] {taskinstance.py:1400} INFO - Marking task as SUCCESS. dag_id=data_ingestion_to_gcs, task_id=rm_task, execution_date=20220627T133009, start_date=20220627T133018, end_date=20220627T133018
[2022-06-27 13:30:18,483] {local_task_job.py:156} INFO - Task exited with return code 0
[2022-06-27 13:30:18,505] {local_task_job.py:273} INFO - 0 downstream tasks scheduled from follow-on schedule check
