[2022-06-28 15:27:13,613] {taskinstance.py:1159} INFO - Dependencies all met for <TaskInstance: data_to_dw_bq.bq_external_table_task manual__2022-06-28T15:27:00.752985+00:00 [queued]>
[2022-06-28 15:27:13,618] {taskinstance.py:1159} INFO - Dependencies all met for <TaskInstance: data_to_dw_bq.bq_external_table_task manual__2022-06-28T15:27:00.752985+00:00 [queued]>
[2022-06-28 15:27:13,619] {taskinstance.py:1356} INFO - 
--------------------------------------------------------------------------------
[2022-06-28 15:27:13,619] {taskinstance.py:1357} INFO - Starting attempt 1 of 2
[2022-06-28 15:27:13,619] {taskinstance.py:1358} INFO - 
--------------------------------------------------------------------------------
[2022-06-28 15:27:13,629] {taskinstance.py:1377} INFO - Executing <Task(BigQueryCreateExternalTableOperator): bq_external_table_task> on 2022-06-28 15:27:00.752985+00:00
[2022-06-28 15:27:13,636] {clientserver.py:543} INFO - Closing down clientserver connection
[2022-06-28 15:27:13,635] {standard_task_runner.py:52} INFO - Started process 687 to run task
[2022-06-28 15:27:13,638] {standard_task_runner.py:79} INFO - Running: ['***', 'tasks', 'run', 'data_to_dw_bq', 'bq_external_table_task', 'manual__2022-06-28T15:27:00.752985+00:00', '--job-id', '545', '--raw', '--subdir', 'DAGS_FOLDER/03_data to_dw_dag.py', '--cfg-path', '/tmp/tmp9x41koi7', '--error-file', '/tmp/tmp5dhsas83']
[2022-06-28 15:27:13,639] {standard_task_runner.py:80} INFO - Job 545: Subtask bq_external_table_task
[2022-06-28 15:27:13,672] {task_command.py:370} INFO - Running <TaskInstance: data_to_dw_bq.bq_external_table_task manual__2022-06-28T15:27:00.752985+00:00 [running]> on host 7c6db1b27447
[2022-06-28 15:27:13,724] {taskinstance.py:1571} INFO - Exporting the following env vars:
AIRFLOW_CTX_DAG_OWNER=***
AIRFLOW_CTX_DAG_ID=data_to_dw_bq
AIRFLOW_CTX_TASK_ID=bq_external_table_task
AIRFLOW_CTX_EXECUTION_DATE=2022-06-28T15:27:00.752985+00:00
AIRFLOW_CTX_TRY_NUMBER=1
AIRFLOW_CTX_DAG_RUN_ID=manual__2022-06-28T15:27:00.752985+00:00
[2022-06-28 15:27:13,726] {crypto.py:82} WARNING - empty cryptography key - values will not be stored encrypted.
[2022-06-28 15:27:13,726] {base.py:68} INFO - Using connection ID 'google_cloud_default' for task execution.
[2022-06-28 15:27:14,385] {taskinstance.py:1400} INFO - Marking task as SUCCESS. dag_id=data_to_dw_bq, task_id=bq_external_table_task, execution_date=20220628T152700, start_date=20220628T152713, end_date=20220628T152714
[2022-06-28 15:27:14,411] {local_task_job.py:156} INFO - Task exited with return code 0
[2022-06-28 15:27:14,461] {local_task_job.py:273} INFO - 1 downstream tasks scheduled from follow-on schedule check
