[2022-06-22 11:29:08,910] {taskinstance.py:1159} INFO - Dependencies all met for <TaskInstance: data_ingestion_gcs_dag.unzip_dataset_task scheduled__2020-03-01T00:00:00+00:00 [queued]>
[2022-06-22 11:29:08,919] {taskinstance.py:1159} INFO - Dependencies all met for <TaskInstance: data_ingestion_gcs_dag.unzip_dataset_task scheduled__2020-03-01T00:00:00+00:00 [queued]>
[2022-06-22 11:29:08,919] {taskinstance.py:1356} INFO - 
--------------------------------------------------------------------------------
[2022-06-22 11:29:08,919] {taskinstance.py:1357} INFO - Starting attempt 1 of 2
[2022-06-22 11:29:08,919] {taskinstance.py:1358} INFO - 
--------------------------------------------------------------------------------
[2022-06-22 11:29:08,939] {taskinstance.py:1377} INFO - Executing <Task(PythonOperator): unzip_dataset_task> on 2020-03-01 00:00:00+00:00
[2022-06-22 11:29:08,944] {standard_task_runner.py:52} INFO - Started process 629 to run task
[2022-06-22 11:29:08,946] {standard_task_runner.py:79} INFO - Running: ['***', 'tasks', 'run', 'data_ingestion_gcs_dag', 'unzip_dataset_task', 'scheduled__2020-03-01T00:00:00+00:00', '--job-id', '120', '--raw', '--subdir', 'DAGS_FOLDER/dags.py', '--cfg-path', '/tmp/tmpm8046ezp', '--error-file', '/tmp/tmp87w09a4l']
[2022-06-22 11:29:08,947] {standard_task_runner.py:80} INFO - Job 120: Subtask unzip_dataset_task
[2022-06-22 11:29:08,994] {task_command.py:370} INFO - Running <TaskInstance: data_ingestion_gcs_dag.unzip_dataset_task scheduled__2020-03-01T00:00:00+00:00 [running]> on host 69b874fb3dd4
[2022-06-22 11:29:09,047] {taskinstance.py:1571} INFO - Exporting the following env vars:
AIRFLOW_CTX_DAG_OWNER=***
AIRFLOW_CTX_DAG_ID=data_ingestion_gcs_dag
AIRFLOW_CTX_TASK_ID=unzip_dataset_task
AIRFLOW_CTX_EXECUTION_DATE=2020-03-01T00:00:00+00:00
AIRFLOW_CTX_TRY_NUMBER=1
AIRFLOW_CTX_DAG_RUN_ID=scheduled__2020-03-01T00:00:00+00:00
[2022-06-22 11:29:09,050] {python.py:173} INFO - Done. Returned value was: None
[2022-06-22 11:29:09,059] {taskinstance.py:1400} INFO - Marking task as SUCCESS. dag_id=data_ingestion_gcs_dag, task_id=unzip_dataset_task, execution_date=20200301T000000, start_date=20220622T112908, end_date=20220622T112909
[2022-06-22 11:29:09,078] {local_task_job.py:156} INFO - Task exited with return code 0
[2022-06-22 11:29:09,109] {local_task_job.py:273} INFO - 1 downstream tasks scheduled from follow-on schedule check
