[2022-06-27 10:18:58,118] {taskinstance.py:1159} INFO - Dependencies all met for <TaskInstance: data_ingestion_to_gcs.rm_task manual__2022-06-27T10:18:48.395603+00:00 [queued]>
[2022-06-27 10:18:58,134] {taskinstance.py:1159} INFO - Dependencies all met for <TaskInstance: data_ingestion_to_gcs.rm_task manual__2022-06-27T10:18:48.395603+00:00 [queued]>
[2022-06-27 10:18:58,134] {taskinstance.py:1356} INFO - 
--------------------------------------------------------------------------------
[2022-06-27 10:18:58,134] {taskinstance.py:1357} INFO - Starting attempt 1 of 2
[2022-06-27 10:18:58,134] {taskinstance.py:1358} INFO - 
--------------------------------------------------------------------------------
[2022-06-27 10:18:58,154] {taskinstance.py:1377} INFO - Executing <Task(BashOperator): rm_task> on 2022-06-27 10:18:48.395603+00:00
[2022-06-27 10:18:58,162] {standard_task_runner.py:52} INFO - Started process 183 to run task
[2022-06-27 10:18:58,165] {standard_task_runner.py:79} INFO - Running: ['***', 'tasks', 'run', 'data_ingestion_to_gcs', 'rm_task', 'manual__2022-06-27T10:18:48.395603+00:00', '--job-id', '317', '--raw', '--subdir', 'DAGS_FOLDER/01_data_ingestion_to_gcs.py', '--cfg-path', '/tmp/tmpul8dab_e', '--error-file', '/tmp/tmpizwp3mrv']
[2022-06-27 10:18:58,166] {standard_task_runner.py:80} INFO - Job 317: Subtask rm_task
[2022-06-27 10:18:58,243] {task_command.py:370} INFO - Running <TaskInstance: data_ingestion_to_gcs.rm_task manual__2022-06-27T10:18:48.395603+00:00 [running]> on host d7989a53f2a4
[2022-06-27 10:18:58,354] {taskinstance.py:1571} INFO - Exporting the following env vars:
AIRFLOW_CTX_DAG_OWNER=***
AIRFLOW_CTX_DAG_ID=data_ingestion_to_gcs
AIRFLOW_CTX_TASK_ID=rm_task
AIRFLOW_CTX_EXECUTION_DATE=2022-06-27T10:18:48.395603+00:00
AIRFLOW_CTX_TRY_NUMBER=1
AIRFLOW_CTX_DAG_RUN_ID=manual__2022-06-27T10:18:48.395603+00:00
[2022-06-27 10:18:58,356] {subprocess.py:62} INFO - Tmp dir root location: 
 /tmp
[2022-06-27 10:18:58,356] {subprocess.py:74} INFO - Running command: ['bash', '-c', 'rm /opt/***/brooklyn.csv /opt/***/brooklyn-food-waste.zip']
[2022-06-27 10:18:58,370] {subprocess.py:85} INFO - Output:
[2022-06-27 10:18:58,373] {subprocess.py:96} INFO - Command exited with return code 0
[2022-06-27 10:18:58,413] {taskinstance.py:1400} INFO - Marking task as SUCCESS. dag_id=data_ingestion_to_gcs, task_id=rm_task, execution_date=20220627T101848, start_date=20220627T101858, end_date=20220627T101858
[2022-06-27 10:18:58,460] {local_task_job.py:156} INFO - Task exited with return code 0
[2022-06-27 10:18:58,511] {local_task_job.py:273} INFO - 0 downstream tasks scheduled from follow-on schedule check
