[2022-06-23 14:05:20,725] {taskinstance.py:1159} INFO - Dependencies all met for <TaskInstance: data_ingestion_to_gcs.rm_task scheduled__2020-01-01T00:00:00+00:00 [queued]>
[2022-06-23 14:05:20,732] {taskinstance.py:1159} INFO - Dependencies all met for <TaskInstance: data_ingestion_to_gcs.rm_task scheduled__2020-01-01T00:00:00+00:00 [queued]>
[2022-06-23 14:05:20,733] {taskinstance.py:1356} INFO - 
--------------------------------------------------------------------------------
[2022-06-23 14:05:20,733] {taskinstance.py:1357} INFO - Starting attempt 1 of 2
[2022-06-23 14:05:20,733] {taskinstance.py:1358} INFO - 
--------------------------------------------------------------------------------
[2022-06-23 14:05:20,743] {taskinstance.py:1377} INFO - Executing <Task(BashOperator): rm_task> on 2020-01-01 00:00:00+00:00
[2022-06-23 14:05:20,747] {standard_task_runner.py:52} INFO - Started process 300 to run task
[2022-06-23 14:05:20,749] {standard_task_runner.py:79} INFO - Running: ['***', 'tasks', 'run', 'data_ingestion_to_gcs', 'rm_task', 'scheduled__2020-01-01T00:00:00+00:00', '--job-id', '183', '--raw', '--subdir', 'DAGS_FOLDER/01_data_ingestion_to_gcs.py', '--cfg-path', '/tmp/tmpqrjac9_b', '--error-file', '/tmp/tmp8toy9aay']
[2022-06-23 14:05:20,749] {standard_task_runner.py:80} INFO - Job 183: Subtask rm_task
[2022-06-23 14:05:20,795] {task_command.py:370} INFO - Running <TaskInstance: data_ingestion_to_gcs.rm_task scheduled__2020-01-01T00:00:00+00:00 [running]> on host 24ab0148fd1d
[2022-06-23 14:05:20,851] {taskinstance.py:1571} INFO - Exporting the following env vars:
AIRFLOW_CTX_DAG_OWNER=***
AIRFLOW_CTX_DAG_ID=data_ingestion_to_gcs
AIRFLOW_CTX_TASK_ID=rm_task
AIRFLOW_CTX_EXECUTION_DATE=2020-01-01T00:00:00+00:00
AIRFLOW_CTX_TRY_NUMBER=1
AIRFLOW_CTX_DAG_RUN_ID=scheduled__2020-01-01T00:00:00+00:00
[2022-06-23 14:05:20,852] {subprocess.py:62} INFO - Tmp dir root location: 
 /tmp
[2022-06-23 14:05:20,852] {subprocess.py:74} INFO - Running command: ['bash', '-c', 'rm /opt/***/brooklyn.csv /opt/***/brooklyn-food-waste.zip']
[2022-06-23 14:05:20,860] {subprocess.py:85} INFO - Output:
[2022-06-23 14:05:20,862] {subprocess.py:96} INFO - Command exited with return code 0
[2022-06-23 14:05:20,883] {taskinstance.py:1400} INFO - Marking task as SUCCESS. dag_id=data_ingestion_to_gcs, task_id=rm_task, execution_date=20200101T000000, start_date=20220623T140520, end_date=20220623T140520
[2022-06-23 14:05:20,921] {local_task_job.py:156} INFO - Task exited with return code 0
[2022-06-23 14:05:20,949] {local_task_job.py:273} INFO - 1 downstream tasks scheduled from follow-on schedule check
[2022-06-23 15:00:34,595] {taskinstance.py:1159} INFO - Dependencies all met for <TaskInstance: data_ingestion_to_gcs.rm_task scheduled__2020-01-01T00:00:00+00:00 [queued]>
[2022-06-23 15:00:34,604] {taskinstance.py:1159} INFO - Dependencies all met for <TaskInstance: data_ingestion_to_gcs.rm_task scheduled__2020-01-01T00:00:00+00:00 [queued]>
[2022-06-23 15:00:34,604] {taskinstance.py:1356} INFO - 
--------------------------------------------------------------------------------
[2022-06-23 15:00:34,604] {taskinstance.py:1357} INFO - Starting attempt 1 of 2
[2022-06-23 15:00:34,604] {taskinstance.py:1358} INFO - 
--------------------------------------------------------------------------------
[2022-06-23 15:00:34,616] {taskinstance.py:1377} INFO - Executing <Task(BashOperator): rm_task> on 2020-01-01 00:00:00+00:00
[2022-06-23 15:00:34,623] {standard_task_runner.py:52} INFO - Started process 260 to run task
[2022-06-23 15:00:34,625] {standard_task_runner.py:79} INFO - Running: ['***', 'tasks', 'run', 'data_ingestion_to_gcs', 'rm_task', 'scheduled__2020-01-01T00:00:00+00:00', '--job-id', '212', '--raw', '--subdir', 'DAGS_FOLDER/01_data_ingestion_to_gcs.py', '--cfg-path', '/tmp/tmp8vcx3nlj', '--error-file', '/tmp/tmpad_4p3g6']
[2022-06-23 15:00:34,625] {standard_task_runner.py:80} INFO - Job 212: Subtask rm_task
[2022-06-23 15:00:34,661] {task_command.py:370} INFO - Running <TaskInstance: data_ingestion_to_gcs.rm_task scheduled__2020-01-01T00:00:00+00:00 [running]> on host 9ac39f243003
[2022-06-23 15:00:34,717] {taskinstance.py:1571} INFO - Exporting the following env vars:
AIRFLOW_CTX_DAG_OWNER=***
AIRFLOW_CTX_DAG_ID=data_ingestion_to_gcs
AIRFLOW_CTX_TASK_ID=rm_task
AIRFLOW_CTX_EXECUTION_DATE=2020-01-01T00:00:00+00:00
AIRFLOW_CTX_TRY_NUMBER=1
AIRFLOW_CTX_DAG_RUN_ID=scheduled__2020-01-01T00:00:00+00:00
[2022-06-23 15:00:34,718] {subprocess.py:62} INFO - Tmp dir root location: 
 /tmp
[2022-06-23 15:00:34,719] {subprocess.py:74} INFO - Running command: ['bash', '-c', 'rm /opt/***/brooklyn.csv /opt/***/brooklyn-food-waste.zip']
[2022-06-23 15:00:34,731] {subprocess.py:85} INFO - Output:
[2022-06-23 15:00:34,733] {subprocess.py:96} INFO - Command exited with return code 0
[2022-06-23 15:00:34,756] {taskinstance.py:1400} INFO - Marking task as SUCCESS. dag_id=data_ingestion_to_gcs, task_id=rm_task, execution_date=20200101T000000, start_date=20220623T150034, end_date=20220623T150034
[2022-06-23 15:00:34,797] {local_task_job.py:156} INFO - Task exited with return code 0
[2022-06-23 15:00:34,823] {local_task_job.py:273} INFO - 0 downstream tasks scheduled from follow-on schedule check
[2022-06-27 10:31:57,501] {taskinstance.py:1159} INFO - Dependencies all met for <TaskInstance: data_ingestion_to_gcs.rm_task scheduled__2020-01-01T00:00:00+00:00 [queued]>
[2022-06-27 10:31:57,518] {taskinstance.py:1159} INFO - Dependencies all met for <TaskInstance: data_ingestion_to_gcs.rm_task scheduled__2020-01-01T00:00:00+00:00 [queued]>
[2022-06-27 10:31:57,518] {taskinstance.py:1356} INFO - 
--------------------------------------------------------------------------------
[2022-06-27 10:31:57,518] {taskinstance.py:1357} INFO - Starting attempt 1 of 2
[2022-06-27 10:31:57,518] {taskinstance.py:1358} INFO - 
--------------------------------------------------------------------------------
[2022-06-27 10:31:57,542] {taskinstance.py:1377} INFO - Executing <Task(BashOperator): rm_task> on 2020-01-01 00:00:00+00:00
[2022-06-27 10:31:57,549] {standard_task_runner.py:52} INFO - Started process 239 to run task
[2022-06-27 10:31:57,552] {standard_task_runner.py:79} INFO - Running: ['***', 'tasks', 'run', 'data_ingestion_to_gcs', 'rm_task', 'scheduled__2020-01-01T00:00:00+00:00', '--job-id', '337', '--raw', '--subdir', 'DAGS_FOLDER/01_data_ingestion_to_gcs.py', '--cfg-path', '/tmp/tmpm9m3bni3', '--error-file', '/tmp/tmpaatuphkq']
[2022-06-27 10:31:57,553] {standard_task_runner.py:80} INFO - Job 337: Subtask rm_task
[2022-06-27 10:31:57,613] {task_command.py:370} INFO - Running <TaskInstance: data_ingestion_to_gcs.rm_task scheduled__2020-01-01T00:00:00+00:00 [running]> on host ba54ad88b6ec
[2022-06-27 10:31:57,700] {taskinstance.py:1571} INFO - Exporting the following env vars:
AIRFLOW_CTX_DAG_OWNER=***
AIRFLOW_CTX_DAG_ID=data_ingestion_to_gcs
AIRFLOW_CTX_TASK_ID=rm_task
AIRFLOW_CTX_EXECUTION_DATE=2020-01-01T00:00:00+00:00
AIRFLOW_CTX_TRY_NUMBER=1
AIRFLOW_CTX_DAG_RUN_ID=scheduled__2020-01-01T00:00:00+00:00
[2022-06-27 10:31:57,701] {subprocess.py:62} INFO - Tmp dir root location: 
 /tmp
[2022-06-27 10:31:57,702] {subprocess.py:74} INFO - Running command: ['bash', '-c', 'rm /opt/***/brooklyn.csv /opt/***/brooklyn-food-waste.zip']
[2022-06-27 10:31:57,714] {subprocess.py:85} INFO - Output:
[2022-06-27 10:31:57,718] {subprocess.py:96} INFO - Command exited with return code 0
[2022-06-27 10:31:57,750] {taskinstance.py:1400} INFO - Marking task as SUCCESS. dag_id=data_ingestion_to_gcs, task_id=rm_task, execution_date=20200101T000000, start_date=20220627T103157, end_date=20220627T103157
[2022-06-27 10:31:57,805] {local_task_job.py:156} INFO - Task exited with return code 0
[2022-06-27 10:31:57,843] {local_task_job.py:273} INFO - 0 downstream tasks scheduled from follow-on schedule check
[2022-06-27 13:13:15,292] {taskinstance.py:1159} INFO - Dependencies all met for <TaskInstance: data_ingestion_to_gcs.rm_task scheduled__2020-01-01T00:00:00+00:00 [queued]>
[2022-06-27 13:13:15,298] {taskinstance.py:1159} INFO - Dependencies all met for <TaskInstance: data_ingestion_to_gcs.rm_task scheduled__2020-01-01T00:00:00+00:00 [queued]>
[2022-06-27 13:13:15,298] {taskinstance.py:1356} INFO - 
--------------------------------------------------------------------------------
[2022-06-27 13:13:15,298] {taskinstance.py:1357} INFO - Starting attempt 1 of 2
[2022-06-27 13:13:15,299] {taskinstance.py:1358} INFO - 
--------------------------------------------------------------------------------
[2022-06-27 13:13:15,309] {taskinstance.py:1377} INFO - Executing <Task(BashOperator): rm_task> on 2020-01-01 00:00:00+00:00
[2022-06-27 13:13:15,314] {standard_task_runner.py:52} INFO - Started process 6432 to run task
[2022-06-27 13:13:15,316] {standard_task_runner.py:79} INFO - Running: ['***', 'tasks', 'run', 'data_ingestion_to_gcs', 'rm_task', 'scheduled__2020-01-01T00:00:00+00:00', '--job-id', '373', '--raw', '--subdir', 'DAGS_FOLDER/01_data_ingestion_to_gcs.py', '--cfg-path', '/tmp/tmp8t1xun53', '--error-file', '/tmp/tmptzqk02ac']
[2022-06-27 13:13:15,317] {standard_task_runner.py:80} INFO - Job 373: Subtask rm_task
[2022-06-27 13:13:15,349] {task_command.py:370} INFO - Running <TaskInstance: data_ingestion_to_gcs.rm_task scheduled__2020-01-01T00:00:00+00:00 [running]> on host 78ff5d0f8165
[2022-06-27 13:13:15,398] {taskinstance.py:1571} INFO - Exporting the following env vars:
AIRFLOW_CTX_DAG_OWNER=***
AIRFLOW_CTX_DAG_ID=data_ingestion_to_gcs
AIRFLOW_CTX_TASK_ID=rm_task
AIRFLOW_CTX_EXECUTION_DATE=2020-01-01T00:00:00+00:00
AIRFLOW_CTX_TRY_NUMBER=1
AIRFLOW_CTX_DAG_RUN_ID=scheduled__2020-01-01T00:00:00+00:00
[2022-06-27 13:13:15,399] {subprocess.py:62} INFO - Tmp dir root location: 
 /tmp
[2022-06-27 13:13:15,399] {subprocess.py:74} INFO - Running command: ['bash', '-c', 'rm /opt/***/brooklyn.csv /opt/***/brooklyn-food-waste.zip']
[2022-06-27 13:13:15,410] {subprocess.py:85} INFO - Output:
[2022-06-27 13:13:15,412] {subprocess.py:96} INFO - Command exited with return code 0
[2022-06-27 13:13:15,433] {taskinstance.py:1400} INFO - Marking task as SUCCESS. dag_id=data_ingestion_to_gcs, task_id=rm_task, execution_date=20200101T000000, start_date=20220627T131315, end_date=20220627T131315
[2022-06-27 13:13:15,448] {local_task_job.py:156} INFO - Task exited with return code 0
[2022-06-27 13:13:15,471] {local_task_job.py:273} INFO - 0 downstream tasks scheduled from follow-on schedule check
[2022-06-28 14:41:37,953] {taskinstance.py:1159} INFO - Dependencies all met for <TaskInstance: data_ingestion_to_gcs.rm_task scheduled__2020-01-01T00:00:00+00:00 [queued]>
[2022-06-28 14:41:37,961] {taskinstance.py:1159} INFO - Dependencies all met for <TaskInstance: data_ingestion_to_gcs.rm_task scheduled__2020-01-01T00:00:00+00:00 [queued]>
[2022-06-28 14:41:37,961] {taskinstance.py:1356} INFO - 
--------------------------------------------------------------------------------
[2022-06-28 14:41:37,961] {taskinstance.py:1357} INFO - Starting attempt 1 of 2
[2022-06-28 14:41:37,961] {taskinstance.py:1358} INFO - 
--------------------------------------------------------------------------------
[2022-06-28 14:41:37,972] {taskinstance.py:1377} INFO - Executing <Task(BashOperator): rm_task> on 2020-01-01 00:00:00+00:00
[2022-06-28 14:41:37,976] {standard_task_runner.py:52} INFO - Started process 147 to run task
[2022-06-28 14:41:37,977] {standard_task_runner.py:79} INFO - Running: ['***', 'tasks', 'run', 'data_ingestion_to_gcs', 'rm_task', 'scheduled__2020-01-01T00:00:00+00:00', '--job-id', '492', '--raw', '--subdir', 'DAGS_FOLDER/01_data_ingestion_to_gcs.py', '--cfg-path', '/tmp/tmp_7h8_675', '--error-file', '/tmp/tmpt973pxcw']
[2022-06-28 14:41:37,978] {standard_task_runner.py:80} INFO - Job 492: Subtask rm_task
[2022-06-28 14:41:38,012] {task_command.py:370} INFO - Running <TaskInstance: data_ingestion_to_gcs.rm_task scheduled__2020-01-01T00:00:00+00:00 [running]> on host 181657f59c64
[2022-06-28 14:41:38,060] {taskinstance.py:1571} INFO - Exporting the following env vars:
AIRFLOW_CTX_DAG_OWNER=***
AIRFLOW_CTX_DAG_ID=data_ingestion_to_gcs
AIRFLOW_CTX_TASK_ID=rm_task
AIRFLOW_CTX_EXECUTION_DATE=2020-01-01T00:00:00+00:00
AIRFLOW_CTX_TRY_NUMBER=1
AIRFLOW_CTX_DAG_RUN_ID=scheduled__2020-01-01T00:00:00+00:00
[2022-06-28 14:41:38,061] {subprocess.py:62} INFO - Tmp dir root location: 
 /tmp
[2022-06-28 14:41:38,061] {subprocess.py:74} INFO - Running command: ['bash', '-c', 'rm /opt/***/brooklyn.csv /opt/***/brooklyn-food-waste.zip']
[2022-06-28 14:41:38,069] {subprocess.py:85} INFO - Output:
[2022-06-28 14:41:38,071] {subprocess.py:96} INFO - Command exited with return code 0
[2022-06-28 14:41:38,092] {taskinstance.py:1400} INFO - Marking task as SUCCESS. dag_id=data_ingestion_to_gcs, task_id=rm_task, execution_date=20200101T000000, start_date=20220628T144137, end_date=20220628T144138
[2022-06-28 14:41:38,109] {local_task_job.py:156} INFO - Task exited with return code 0
[2022-06-28 14:41:38,132] {local_task_job.py:273} INFO - 0 downstream tasks scheduled from follow-on schedule check
[2022-06-28 14:51:53,185] {taskinstance.py:1159} INFO - Dependencies all met for <TaskInstance: data_ingestion_to_gcs.rm_task scheduled__2020-01-01T00:00:00+00:00 [queued]>
[2022-06-28 14:51:53,193] {taskinstance.py:1159} INFO - Dependencies all met for <TaskInstance: data_ingestion_to_gcs.rm_task scheduled__2020-01-01T00:00:00+00:00 [queued]>
[2022-06-28 14:51:53,193] {taskinstance.py:1356} INFO - 
--------------------------------------------------------------------------------
[2022-06-28 14:51:53,193] {taskinstance.py:1357} INFO - Starting attempt 1 of 2
[2022-06-28 14:51:53,193] {taskinstance.py:1358} INFO - 
--------------------------------------------------------------------------------
[2022-06-28 14:51:53,203] {taskinstance.py:1377} INFO - Executing <Task(BashOperator): rm_task> on 2020-01-01 00:00:00+00:00
[2022-06-28 14:51:53,208] {standard_task_runner.py:52} INFO - Started process 208 to run task
[2022-06-28 14:51:53,210] {standard_task_runner.py:79} INFO - Running: ['***', 'tasks', 'run', 'data_ingestion_to_gcs', 'rm_task', 'scheduled__2020-01-01T00:00:00+00:00', '--job-id', '503', '--raw', '--subdir', 'DAGS_FOLDER/01_data_ingestion_to_gcs.py', '--cfg-path', '/tmp/tmpjbym5x5_', '--error-file', '/tmp/tmp75dh09on']
[2022-06-28 14:51:53,210] {standard_task_runner.py:80} INFO - Job 503: Subtask rm_task
[2022-06-28 14:51:53,252] {task_command.py:370} INFO - Running <TaskInstance: data_ingestion_to_gcs.rm_task scheduled__2020-01-01T00:00:00+00:00 [running]> on host 3fcea2aa00ee
[2022-06-28 14:51:53,311] {taskinstance.py:1571} INFO - Exporting the following env vars:
AIRFLOW_CTX_DAG_OWNER=***
AIRFLOW_CTX_DAG_ID=data_ingestion_to_gcs
AIRFLOW_CTX_TASK_ID=rm_task
AIRFLOW_CTX_EXECUTION_DATE=2020-01-01T00:00:00+00:00
AIRFLOW_CTX_TRY_NUMBER=1
AIRFLOW_CTX_DAG_RUN_ID=scheduled__2020-01-01T00:00:00+00:00
[2022-06-28 14:51:53,311] {subprocess.py:62} INFO - Tmp dir root location: 
 /tmp
[2022-06-28 14:51:53,312] {subprocess.py:74} INFO - Running command: ['bash', '-c', 'rm /opt/***/brooklyn.csv /opt/***/brooklyn-food-waste.zip']
[2022-06-28 14:51:53,320] {subprocess.py:85} INFO - Output:
[2022-06-28 14:51:53,322] {subprocess.py:96} INFO - Command exited with return code 0
[2022-06-28 14:51:53,348] {taskinstance.py:1400} INFO - Marking task as SUCCESS. dag_id=data_ingestion_to_gcs, task_id=rm_task, execution_date=20200101T000000, start_date=20220628T145153, end_date=20220628T145153
[2022-06-28 14:51:53,422] {local_task_job.py:156} INFO - Task exited with return code 0
[2022-06-28 14:51:53,453] {local_task_job.py:273} INFO - 0 downstream tasks scheduled from follow-on schedule check
[2022-06-28 14:54:58,311] {taskinstance.py:1159} INFO - Dependencies all met for <TaskInstance: data_ingestion_to_gcs.rm_task scheduled__2020-01-01T00:00:00+00:00 [queued]>
[2022-06-28 14:54:58,318] {taskinstance.py:1159} INFO - Dependencies all met for <TaskInstance: data_ingestion_to_gcs.rm_task scheduled__2020-01-01T00:00:00+00:00 [queued]>
[2022-06-28 14:54:58,318] {taskinstance.py:1356} INFO - 
--------------------------------------------------------------------------------
[2022-06-28 14:54:58,318] {taskinstance.py:1357} INFO - Starting attempt 1 of 2
[2022-06-28 14:54:58,318] {taskinstance.py:1358} INFO - 
--------------------------------------------------------------------------------
[2022-06-28 14:54:58,328] {taskinstance.py:1377} INFO - Executing <Task(BashOperator): rm_task> on 2020-01-01 00:00:00+00:00
[2022-06-28 14:54:58,333] {standard_task_runner.py:52} INFO - Started process 202 to run task
[2022-06-28 14:54:58,335] {standard_task_runner.py:79} INFO - Running: ['***', 'tasks', 'run', 'data_ingestion_to_gcs', 'rm_task', 'scheduled__2020-01-01T00:00:00+00:00', '--job-id', '512', '--raw', '--subdir', 'DAGS_FOLDER/01_data_ingestion_to_gcs.py', '--cfg-path', '/tmp/tmp0_6ew_cw', '--error-file', '/tmp/tmpr30j7hpx']
[2022-06-28 14:54:58,336] {standard_task_runner.py:80} INFO - Job 512: Subtask rm_task
[2022-06-28 14:54:58,395] {task_command.py:370} INFO - Running <TaskInstance: data_ingestion_to_gcs.rm_task scheduled__2020-01-01T00:00:00+00:00 [running]> on host eb1b13b80acd
[2022-06-28 14:54:58,442] {taskinstance.py:1571} INFO - Exporting the following env vars:
AIRFLOW_CTX_DAG_OWNER=***
AIRFLOW_CTX_DAG_ID=data_ingestion_to_gcs
AIRFLOW_CTX_TASK_ID=rm_task
AIRFLOW_CTX_EXECUTION_DATE=2020-01-01T00:00:00+00:00
AIRFLOW_CTX_TRY_NUMBER=1
AIRFLOW_CTX_DAG_RUN_ID=scheduled__2020-01-01T00:00:00+00:00
[2022-06-28 14:54:58,443] {subprocess.py:62} INFO - Tmp dir root location: 
 /tmp
[2022-06-28 14:54:58,443] {subprocess.py:74} INFO - Running command: ['bash', '-c', 'rm /opt/***/brooklyn.csv /opt/***/brooklyn-food-waste.zip']
[2022-06-28 14:54:58,452] {subprocess.py:85} INFO - Output:
[2022-06-28 14:54:58,454] {subprocess.py:96} INFO - Command exited with return code 0
[2022-06-28 14:54:58,475] {taskinstance.py:1400} INFO - Marking task as SUCCESS. dag_id=data_ingestion_to_gcs, task_id=rm_task, execution_date=20200101T000000, start_date=20220628T145458, end_date=20220628T145458
[2022-06-28 14:54:58,507] {local_task_job.py:156} INFO - Task exited with return code 0
[2022-06-28 14:54:58,530] {local_task_job.py:273} INFO - 0 downstream tasks scheduled from follow-on schedule check
[2022-06-28 15:06:05,978] {taskinstance.py:1159} INFO - Dependencies all met for <TaskInstance: data_ingestion_to_gcs.rm_task scheduled__2020-01-01T00:00:00+00:00 [queued]>
[2022-06-28 15:06:05,983] {taskinstance.py:1159} INFO - Dependencies all met for <TaskInstance: data_ingestion_to_gcs.rm_task scheduled__2020-01-01T00:00:00+00:00 [queued]>
[2022-06-28 15:06:05,983] {taskinstance.py:1356} INFO - 
--------------------------------------------------------------------------------
[2022-06-28 15:06:05,984] {taskinstance.py:1357} INFO - Starting attempt 1 of 2
[2022-06-28 15:06:05,984] {taskinstance.py:1358} INFO - 
--------------------------------------------------------------------------------
[2022-06-28 15:06:05,993] {taskinstance.py:1377} INFO - Executing <Task(BashOperator): rm_task> on 2020-01-01 00:00:00+00:00
[2022-06-28 15:06:05,998] {standard_task_runner.py:52} INFO - Started process 210 to run task
[2022-06-28 15:06:06,000] {standard_task_runner.py:79} INFO - Running: ['***', 'tasks', 'run', 'data_ingestion_to_gcs', 'rm_task', 'scheduled__2020-01-01T00:00:00+00:00', '--job-id', '526', '--raw', '--subdir', 'DAGS_FOLDER/01_data_ingestion_to_gcs.py', '--cfg-path', '/tmp/tmpkv3og22t', '--error-file', '/tmp/tmplo1991f9']
[2022-06-28 15:06:06,000] {standard_task_runner.py:80} INFO - Job 526: Subtask rm_task
[2022-06-28 15:06:06,033] {task_command.py:370} INFO - Running <TaskInstance: data_ingestion_to_gcs.rm_task scheduled__2020-01-01T00:00:00+00:00 [running]> on host 375d46b24910
[2022-06-28 15:06:06,080] {taskinstance.py:1571} INFO - Exporting the following env vars:
AIRFLOW_CTX_DAG_OWNER=***
AIRFLOW_CTX_DAG_ID=data_ingestion_to_gcs
AIRFLOW_CTX_TASK_ID=rm_task
AIRFLOW_CTX_EXECUTION_DATE=2020-01-01T00:00:00+00:00
AIRFLOW_CTX_TRY_NUMBER=1
AIRFLOW_CTX_DAG_RUN_ID=scheduled__2020-01-01T00:00:00+00:00
[2022-06-28 15:06:06,081] {subprocess.py:62} INFO - Tmp dir root location: 
 /tmp
[2022-06-28 15:06:06,082] {subprocess.py:74} INFO - Running command: ['bash', '-c', 'rm /opt/***/brooklyn.csv /opt/***/brooklyn-food-waste.zip']
[2022-06-28 15:06:06,091] {subprocess.py:85} INFO - Output:
[2022-06-28 15:06:06,093] {subprocess.py:96} INFO - Command exited with return code 0
[2022-06-28 15:06:06,114] {taskinstance.py:1400} INFO - Marking task as SUCCESS. dag_id=data_ingestion_to_gcs, task_id=rm_task, execution_date=20200101T000000, start_date=20220628T150605, end_date=20220628T150606
[2022-06-28 15:06:06,132] {local_task_job.py:156} INFO - Task exited with return code 0
[2022-06-28 15:06:06,154] {local_task_job.py:273} INFO - 0 downstream tasks scheduled from follow-on schedule check
[2022-06-28 18:42:22,368] {taskinstance.py:1159} INFO - Dependencies all met for <TaskInstance: data_ingestion_to_gcs.rm_task scheduled__2020-01-01T00:00:00+00:00 [queued]>
[2022-06-28 18:42:22,374] {taskinstance.py:1159} INFO - Dependencies all met for <TaskInstance: data_ingestion_to_gcs.rm_task scheduled__2020-01-01T00:00:00+00:00 [queued]>
[2022-06-28 18:42:22,374] {taskinstance.py:1356} INFO - 
--------------------------------------------------------------------------------
[2022-06-28 18:42:22,375] {taskinstance.py:1357} INFO - Starting attempt 1 of 2
[2022-06-28 18:42:22,375] {taskinstance.py:1358} INFO - 
--------------------------------------------------------------------------------
[2022-06-28 18:42:22,385] {taskinstance.py:1377} INFO - Executing <Task(BashOperator): rm_task> on 2020-01-01 00:00:00+00:00
[2022-06-28 18:42:22,389] {standard_task_runner.py:52} INFO - Started process 405 to run task
[2022-06-28 18:42:22,391] {standard_task_runner.py:79} INFO - Running: ['***', 'tasks', 'run', 'data_ingestion_to_gcs', 'rm_task', 'scheduled__2020-01-01T00:00:00+00:00', '--job-id', '567', '--raw', '--subdir', 'DAGS_FOLDER/01_data_ingestion_to_gcs.py', '--cfg-path', '/tmp/tmp70pfo8jv', '--error-file', '/tmp/tmp0cpddjb0']
[2022-06-28 18:42:22,391] {standard_task_runner.py:80} INFO - Job 567: Subtask rm_task
[2022-06-28 18:42:22,427] {task_command.py:370} INFO - Running <TaskInstance: data_ingestion_to_gcs.rm_task scheduled__2020-01-01T00:00:00+00:00 [running]> on host 9f709a2aaee5
[2022-06-28 18:42:22,476] {taskinstance.py:1571} INFO - Exporting the following env vars:
AIRFLOW_CTX_DAG_OWNER=***
AIRFLOW_CTX_DAG_ID=data_ingestion_to_gcs
AIRFLOW_CTX_TASK_ID=rm_task
AIRFLOW_CTX_EXECUTION_DATE=2020-01-01T00:00:00+00:00
AIRFLOW_CTX_TRY_NUMBER=1
AIRFLOW_CTX_DAG_RUN_ID=scheduled__2020-01-01T00:00:00+00:00
[2022-06-28 18:42:22,477] {subprocess.py:62} INFO - Tmp dir root location: 
 /tmp
[2022-06-28 18:42:22,477] {subprocess.py:74} INFO - Running command: ['bash', '-c', 'rm /opt/***/brooklyn.csv /opt/***/brooklyn-food-waste.zip']
[2022-06-28 18:42:22,486] {subprocess.py:85} INFO - Output:
[2022-06-28 18:42:22,488] {subprocess.py:96} INFO - Command exited with return code 0
[2022-06-28 18:42:22,512] {taskinstance.py:1400} INFO - Marking task as SUCCESS. dag_id=data_ingestion_to_gcs, task_id=rm_task, execution_date=20200101T000000, start_date=20220628T184222, end_date=20220628T184222
[2022-06-28 18:42:22,563] {local_task_job.py:156} INFO - Task exited with return code 0
[2022-06-28 18:42:22,589] {local_task_job.py:273} INFO - 0 downstream tasks scheduled from follow-on schedule check
