[2022-06-22 11:20:10,329] {taskinstance.py:1159} INFO - Dependencies all met for <TaskInstance: data_ingestion_gcs_dag.format_to_parquet_task scheduled__2020-01-01T00:00:00+00:00 [queued]>
[2022-06-22 11:20:10,339] {taskinstance.py:1159} INFO - Dependencies all met for <TaskInstance: data_ingestion_gcs_dag.format_to_parquet_task scheduled__2020-01-01T00:00:00+00:00 [queued]>
[2022-06-22 11:20:10,339] {taskinstance.py:1356} INFO - 
--------------------------------------------------------------------------------
[2022-06-22 11:20:10,339] {taskinstance.py:1357} INFO - Starting attempt 1 of 2
[2022-06-22 11:20:10,339] {taskinstance.py:1358} INFO - 
--------------------------------------------------------------------------------
[2022-06-22 11:20:10,356] {taskinstance.py:1377} INFO - Executing <Task(PythonOperator): format_to_parquet_task> on 2020-01-01 00:00:00+00:00
[2022-06-22 11:20:10,360] {standard_task_runner.py:52} INFO - Started process 255 to run task
[2022-06-22 11:20:10,362] {standard_task_runner.py:79} INFO - Running: ['***', 'tasks', 'run', 'data_ingestion_gcs_dag', 'format_to_parquet_task', 'scheduled__2020-01-01T00:00:00+00:00', '--job-id', '103', '--raw', '--subdir', 'DAGS_FOLDER/dags.py', '--cfg-path', '/tmp/tmpgyi5c893', '--error-file', '/tmp/tmpodkqsdex']
[2022-06-22 11:20:10,363] {standard_task_runner.py:80} INFO - Job 103: Subtask format_to_parquet_task
[2022-06-22 11:20:10,408] {task_command.py:370} INFO - Running <TaskInstance: data_ingestion_gcs_dag.format_to_parquet_task scheduled__2020-01-01T00:00:00+00:00 [running]> on host 08ef16c14d5c
[2022-06-22 11:20:10,497] {taskinstance.py:1571} INFO - Exporting the following env vars:
AIRFLOW_CTX_DAG_OWNER=***
AIRFLOW_CTX_DAG_ID=data_ingestion_gcs_dag
AIRFLOW_CTX_TASK_ID=format_to_parquet_task
AIRFLOW_CTX_EXECUTION_DATE=2020-01-01T00:00:00+00:00
AIRFLOW_CTX_TRY_NUMBER=1
AIRFLOW_CTX_DAG_RUN_ID=scheduled__2020-01-01T00:00:00+00:00
[2022-06-22 11:20:10,499] {taskinstance.py:1889} ERROR - Task failed with exception
Traceback (most recent call last):
  File "/home/airflow/.local/lib/python3.7/site-packages/airflow/operators/python.py", line 171, in execute
    return_value = self.execute_callable()
  File "/home/airflow/.local/lib/python3.7/site-packages/airflow/operators/python.py", line 189, in execute_callable
    return self.python_callable(*self.op_args, **self.op_kwargs)
  File "/opt/airflow/dags/dags.py", line 43, in format_to_parquet
    table = pv.read_csv(src_file)
  File "pyarrow/_csv.pyx", line 881, in pyarrow._csv.read_csv
  File "pyarrow/_csv.pyx", line 774, in pyarrow._csv._get_reader
  File "pyarrow/io.pxi", line 1631, in pyarrow.lib.get_input_stream
  File "pyarrow/io.pxi", line 1602, in pyarrow.lib.get_native_file
  File "pyarrow/io.pxi", line 896, in pyarrow.lib.OSFile.__cinit__
  File "pyarrow/io.pxi", line 906, in pyarrow.lib.OSFile._open_readable
  File "pyarrow/error.pxi", line 143, in pyarrow.lib.pyarrow_internal_check_status
  File "pyarrow/error.pxi", line 112, in pyarrow.lib.check_status
FileNotFoundError: [Errno 2] Failed to open local file '/opt/airflow/brooklyn.csv'. Detail: [errno 2] No such file or directory
[2022-06-22 11:20:10,507] {taskinstance.py:1400} INFO - Marking task as UP_FOR_RETRY. dag_id=data_ingestion_gcs_dag, task_id=format_to_parquet_task, execution_date=20200101T000000, start_date=20220622T112010, end_date=20220622T112010
[2022-06-22 11:20:10,521] {standard_task_runner.py:97} ERROR - Failed to execute job 103 for task format_to_parquet_task ([Errno 2] Failed to open local file '/opt/airflow/brooklyn.csv'. Detail: [errno 2] No such file or directory; 255)
[2022-06-22 11:20:10,534] {local_task_job.py:156} INFO - Task exited with return code 1
[2022-06-22 11:20:10,577] {local_task_job.py:273} INFO - 0 downstream tasks scheduled from follow-on schedule check
[2022-06-22 11:23:40,524] {taskinstance.py:1159} INFO - Dependencies all met for <TaskInstance: data_ingestion_gcs_dag.format_to_parquet_task scheduled__2020-01-01T00:00:00+00:00 [queued]>
[2022-06-22 11:23:40,536] {taskinstance.py:1159} INFO - Dependencies all met for <TaskInstance: data_ingestion_gcs_dag.format_to_parquet_task scheduled__2020-01-01T00:00:00+00:00 [queued]>
[2022-06-22 11:23:40,536] {taskinstance.py:1356} INFO - 
--------------------------------------------------------------------------------
[2022-06-22 11:23:40,537] {taskinstance.py:1357} INFO - Starting attempt 1 of 2
[2022-06-22 11:23:40,537] {taskinstance.py:1358} INFO - 
--------------------------------------------------------------------------------
[2022-06-22 11:23:40,561] {taskinstance.py:1377} INFO - Executing <Task(PythonOperator): format_to_parquet_task> on 2020-01-01 00:00:00+00:00
[2022-06-22 11:23:40,568] {standard_task_runner.py:52} INFO - Started process 218 to run task
[2022-06-22 11:23:40,572] {standard_task_runner.py:79} INFO - Running: ['***', 'tasks', 'run', 'data_ingestion_gcs_dag', 'format_to_parquet_task', 'scheduled__2020-01-01T00:00:00+00:00', '--job-id', '112', '--raw', '--subdir', 'DAGS_FOLDER/dags.py', '--cfg-path', '/tmp/tmpxs8gmvm8', '--error-file', '/tmp/tmpcucrp443']
[2022-06-22 11:23:40,573] {standard_task_runner.py:80} INFO - Job 112: Subtask format_to_parquet_task
[2022-06-22 11:23:40,643] {task_command.py:370} INFO - Running <TaskInstance: data_ingestion_gcs_dag.format_to_parquet_task scheduled__2020-01-01T00:00:00+00:00 [running]> on host 69b874fb3dd4
[2022-06-22 11:23:40,750] {taskinstance.py:1571} INFO - Exporting the following env vars:
AIRFLOW_CTX_DAG_OWNER=***
AIRFLOW_CTX_DAG_ID=data_ingestion_gcs_dag
AIRFLOW_CTX_TASK_ID=format_to_parquet_task
AIRFLOW_CTX_EXECUTION_DATE=2020-01-01T00:00:00+00:00
AIRFLOW_CTX_TRY_NUMBER=1
AIRFLOW_CTX_DAG_RUN_ID=scheduled__2020-01-01T00:00:00+00:00
[2022-06-22 11:23:40,918] {python.py:173} INFO - Done. Returned value was: None
[2022-06-22 11:23:40,933] {taskinstance.py:1400} INFO - Marking task as SUCCESS. dag_id=data_ingestion_gcs_dag, task_id=format_to_parquet_task, execution_date=20200101T000000, start_date=20220622T112340, end_date=20220622T112340
[2022-06-22 11:23:40,985] {local_task_job.py:156} INFO - Task exited with return code 0
[2022-06-22 11:23:41,056] {local_task_job.py:273} INFO - 1 downstream tasks scheduled from follow-on schedule check
[2022-06-22 11:55:46,562] {taskinstance.py:1159} INFO - Dependencies all met for <TaskInstance: data_ingestion_gcs_dag.format_to_parquet_task scheduled__2020-01-01T00:00:00+00:00 [queued]>
[2022-06-22 11:55:46,568] {taskinstance.py:1159} INFO - Dependencies all met for <TaskInstance: data_ingestion_gcs_dag.format_to_parquet_task scheduled__2020-01-01T00:00:00+00:00 [queued]>
[2022-06-22 11:55:46,568] {taskinstance.py:1356} INFO - 
--------------------------------------------------------------------------------
[2022-06-22 11:55:46,568] {taskinstance.py:1357} INFO - Starting attempt 1 of 2
[2022-06-22 11:55:46,568] {taskinstance.py:1358} INFO - 
--------------------------------------------------------------------------------
[2022-06-22 11:55:46,579] {taskinstance.py:1377} INFO - Executing <Task(PythonOperator): format_to_parquet_task> on 2020-01-01 00:00:00+00:00
[2022-06-22 11:55:46,586] {standard_task_runner.py:52} INFO - Started process 271 to run task
[2022-06-22 11:55:46,588] {standard_task_runner.py:79} INFO - Running: ['***', 'tasks', 'run', 'data_ingestion_gcs_dag', 'format_to_parquet_task', 'scheduled__2020-01-01T00:00:00+00:00', '--job-id', '146', '--raw', '--subdir', 'DAGS_FOLDER/dags.py', '--cfg-path', '/tmp/tmp3mpi7nn4', '--error-file', '/tmp/tmp9myww70t']
[2022-06-22 11:55:46,588] {standard_task_runner.py:80} INFO - Job 146: Subtask format_to_parquet_task
[2022-06-22 11:55:46,620] {task_command.py:370} INFO - Running <TaskInstance: data_ingestion_gcs_dag.format_to_parquet_task scheduled__2020-01-01T00:00:00+00:00 [running]> on host 36b383b8f034
[2022-06-22 11:55:46,669] {taskinstance.py:1571} INFO - Exporting the following env vars:
AIRFLOW_CTX_DAG_OWNER=***
AIRFLOW_CTX_DAG_ID=data_ingestion_gcs_dag
AIRFLOW_CTX_TASK_ID=format_to_parquet_task
AIRFLOW_CTX_EXECUTION_DATE=2020-01-01T00:00:00+00:00
AIRFLOW_CTX_TRY_NUMBER=1
AIRFLOW_CTX_DAG_RUN_ID=scheduled__2020-01-01T00:00:00+00:00
[2022-06-22 11:55:46,768] {python.py:173} INFO - Done. Returned value was: None
[2022-06-22 11:55:46,776] {taskinstance.py:1400} INFO - Marking task as SUCCESS. dag_id=data_ingestion_gcs_dag, task_id=format_to_parquet_task, execution_date=20200101T000000, start_date=20220622T115546, end_date=20220622T115546
[2022-06-22 11:55:46,800] {local_task_job.py:156} INFO - Task exited with return code 0
[2022-06-22 11:55:46,831] {local_task_job.py:273} INFO - 1 downstream tasks scheduled from follow-on schedule check
