[2022-06-27 13:19:05,427] {taskinstance.py:1159} INFO - Dependencies all met for <TaskInstance: data_ingestion_to_gcs.trigger manual__2022-06-27T13:18:58.444696+00:00 [queued]>
[2022-06-27 13:19:05,433] {taskinstance.py:1159} INFO - Dependencies all met for <TaskInstance: data_ingestion_to_gcs.trigger manual__2022-06-27T13:18:58.444696+00:00 [queued]>
[2022-06-27 13:19:05,433] {taskinstance.py:1356} INFO - 
--------------------------------------------------------------------------------
[2022-06-27 13:19:05,433] {taskinstance.py:1357} INFO - Starting attempt 1 of 2
[2022-06-27 13:19:05,433] {taskinstance.py:1358} INFO - 
--------------------------------------------------------------------------------
[2022-06-27 13:19:05,444] {taskinstance.py:1377} INFO - Executing <Task(TriggerDagRunOperator): trigger> on 2022-06-27 13:18:58.444696+00:00
[2022-06-27 13:19:05,449] {standard_task_runner.py:52} INFO - Started process 421 to run task
[2022-06-27 13:19:05,451] {standard_task_runner.py:79} INFO - Running: ['***', 'tasks', 'run', 'data_ingestion_to_gcs', 'trigger', 'manual__2022-06-27T13:18:58.444696+00:00', '--job-id', '382', '--raw', '--subdir', 'DAGS_FOLDER/01_data_ingestion_to_gcs.py', '--cfg-path', '/tmp/tmp1etbdrot', '--error-file', '/tmp/tmpcsyz8953']
[2022-06-27 13:19:05,451] {standard_task_runner.py:80} INFO - Job 382: Subtask trigger
[2022-06-27 13:19:05,486] {task_command.py:370} INFO - Running <TaskInstance: data_ingestion_to_gcs.trigger manual__2022-06-27T13:18:58.444696+00:00 [running]> on host c8b7aec393e9
[2022-06-27 13:19:05,539] {taskinstance.py:1571} INFO - Exporting the following env vars:
AIRFLOW_CTX_DAG_OWNER=***
AIRFLOW_CTX_DAG_ID=data_ingestion_to_gcs
AIRFLOW_CTX_TASK_ID=trigger
AIRFLOW_CTX_EXECUTION_DATE=2022-06-27T13:18:58.444696+00:00
AIRFLOW_CTX_TRY_NUMBER=1
AIRFLOW_CTX_DAG_RUN_ID=manual__2022-06-27T13:18:58.444696+00:00
[2022-06-27 13:19:05,599] {taskinstance.py:1400} INFO - Marking task as SUCCESS. dag_id=data_ingestion_to_gcs, task_id=trigger, execution_date=20220627T131858, start_date=20220627T131905, end_date=20220627T131905
[2022-06-27 13:19:05,623] {local_task_job.py:156} INFO - Task exited with return code 0
[2022-06-27 13:19:05,650] {local_task_job.py:273} INFO - 1 downstream tasks scheduled from follow-on schedule check
