[2022-06-28 16:04:11,706] {taskinstance.py:1159} INFO - Dependencies all met for <TaskInstance: data_to_dw_bq.bq_external_table_task manual__2022-06-28T16:04:04.878422+00:00 [queued]>
[2022-06-28 16:04:11,716] {taskinstance.py:1159} INFO - Dependencies all met for <TaskInstance: data_to_dw_bq.bq_external_table_task manual__2022-06-28T16:04:04.878422+00:00 [queued]>
[2022-06-28 16:04:11,716] {taskinstance.py:1356} INFO - 
--------------------------------------------------------------------------------
[2022-06-28 16:04:11,716] {taskinstance.py:1357} INFO - Starting attempt 1 of 2
[2022-06-28 16:04:11,717] {taskinstance.py:1358} INFO - 
--------------------------------------------------------------------------------
[2022-06-28 16:04:11,730] {taskinstance.py:1377} INFO - Executing <Task(BigQueryCreateExternalTableOperator): bq_external_table_task> on 2022-06-28 16:04:04.878422+00:00
[2022-06-28 16:04:11,737] {clientserver.py:543} INFO - Closing down clientserver connection
[2022-06-28 16:04:11,736] {standard_task_runner.py:52} INFO - Started process 180 to run task
[2022-06-28 16:04:11,740] {standard_task_runner.py:79} INFO - Running: ['***', 'tasks', 'run', 'data_to_dw_bq', 'bq_external_table_task', 'manual__2022-06-28T16:04:04.878422+00:00', '--job-id', '552', '--raw', '--subdir', 'DAGS_FOLDER/03_data to_dw_dag.py', '--cfg-path', '/tmp/tmpm98glq2s', '--error-file', '/tmp/tmp4zr638c6']
[2022-06-28 16:04:11,741] {standard_task_runner.py:80} INFO - Job 552: Subtask bq_external_table_task
[2022-06-28 16:04:11,787] {task_command.py:370} INFO - Running <TaskInstance: data_to_dw_bq.bq_external_table_task manual__2022-06-28T16:04:04.878422+00:00 [running]> on host 7f4c2b65af9b
[2022-06-28 16:04:11,857] {taskinstance.py:1571} INFO - Exporting the following env vars:
AIRFLOW_CTX_DAG_OWNER=***
AIRFLOW_CTX_DAG_ID=data_to_dw_bq
AIRFLOW_CTX_TASK_ID=bq_external_table_task
AIRFLOW_CTX_EXECUTION_DATE=2022-06-28T16:04:04.878422+00:00
AIRFLOW_CTX_TRY_NUMBER=1
AIRFLOW_CTX_DAG_RUN_ID=manual__2022-06-28T16:04:04.878422+00:00
[2022-06-28 16:04:11,859] {crypto.py:82} WARNING - empty cryptography key - values will not be stored encrypted.
[2022-06-28 16:04:11,859] {base.py:68} INFO - Using connection ID 'google_cloud_default' for task execution.
[2022-06-28 16:04:12,666] {taskinstance.py:1400} INFO - Marking task as SUCCESS. dag_id=data_to_dw_bq, task_id=bq_external_table_task, execution_date=20220628T160404, start_date=20220628T160411, end_date=20220628T160412
[2022-06-28 16:04:12,713] {local_task_job.py:156} INFO - Task exited with return code 0
[2022-06-28 16:04:12,772] {local_task_job.py:273} INFO - 1 downstream tasks scheduled from follow-on schedule check
