[2022-06-23 17:38:13,883] {taskinstance.py:1159} INFO - Dependencies all met for <TaskInstance: data_ingestion_to_gcs.trigger manual__2022-06-23T17:38:07.987584+00:00 [queued]>
[2022-06-23 17:38:13,891] {taskinstance.py:1159} INFO - Dependencies all met for <TaskInstance: data_ingestion_to_gcs.trigger manual__2022-06-23T17:38:07.987584+00:00 [queued]>
[2022-06-23 17:38:13,891] {taskinstance.py:1356} INFO - 
--------------------------------------------------------------------------------
[2022-06-23 17:38:13,891] {taskinstance.py:1357} INFO - Starting attempt 1 of 2
[2022-06-23 17:38:13,891] {taskinstance.py:1358} INFO - 
--------------------------------------------------------------------------------
[2022-06-23 17:38:13,903] {taskinstance.py:1377} INFO - Executing <Task(TriggerDagRunOperator): trigger> on 2022-06-23 17:38:07.987584+00:00
[2022-06-23 17:38:13,909] {standard_task_runner.py:52} INFO - Started process 156 to run task
[2022-06-23 17:38:13,912] {standard_task_runner.py:79} INFO - Running: ['***', 'tasks', 'run', 'data_ingestion_to_gcs', 'trigger', 'manual__2022-06-23T17:38:07.987584+00:00', '--job-id', '281', '--raw', '--subdir', 'DAGS_FOLDER/01_data_ingestion_to_gcs.py', '--cfg-path', '/tmp/tmpov4_bov5', '--error-file', '/tmp/tmpaiuay36r']
[2022-06-23 17:38:13,912] {standard_task_runner.py:80} INFO - Job 281: Subtask trigger
[2022-06-23 17:38:13,955] {task_command.py:370} INFO - Running <TaskInstance: data_ingestion_to_gcs.trigger manual__2022-06-23T17:38:07.987584+00:00 [running]> on host d305947238c5
[2022-06-23 17:38:14,025] {taskinstance.py:1571} INFO - Exporting the following env vars:
AIRFLOW_CTX_DAG_OWNER=***
AIRFLOW_CTX_DAG_ID=data_ingestion_to_gcs
AIRFLOW_CTX_TASK_ID=trigger
AIRFLOW_CTX_EXECUTION_DATE=2022-06-23T17:38:07.987584+00:00
AIRFLOW_CTX_TRY_NUMBER=1
AIRFLOW_CTX_DAG_RUN_ID=manual__2022-06-23T17:38:07.987584+00:00
[2022-06-23 17:38:14,101] {taskinstance.py:1400} INFO - Marking task as SUCCESS. dag_id=data_ingestion_to_gcs, task_id=trigger, execution_date=20220623T173807, start_date=20220623T173813, end_date=20220623T173814
[2022-06-23 17:38:14,124] {local_task_job.py:156} INFO - Task exited with return code 0
[2022-06-23 17:38:14,160] {local_task_job.py:273} INFO - 1 downstream tasks scheduled from follow-on schedule check
