[2022-06-21 16:17:10,266] {taskinstance.py:1159} INFO - Dependencies all met for <TaskInstance: data_ingestion_gcs_dag.format_to_parquet_task manual__2022-06-21T16:11:53.074770+00:00 [queued]>
[2022-06-21 16:17:10,274] {taskinstance.py:1159} INFO - Dependencies all met for <TaskInstance: data_ingestion_gcs_dag.format_to_parquet_task manual__2022-06-21T16:11:53.074770+00:00 [queued]>
[2022-06-21 16:17:10,275] {taskinstance.py:1356} INFO - 
--------------------------------------------------------------------------------
[2022-06-21 16:17:10,275] {taskinstance.py:1357} INFO - Starting attempt 2 of 2
[2022-06-21 16:17:10,275] {taskinstance.py:1358} INFO - 
--------------------------------------------------------------------------------
[2022-06-21 16:17:10,287] {taskinstance.py:1377} INFO - Executing <Task(PythonOperator): format_to_parquet_task> on 2022-06-21 16:11:53.074770+00:00
[2022-06-21 16:17:10,293] {standard_task_runner.py:52} INFO - Started process 368 to run task
[2022-06-21 16:17:10,295] {standard_task_runner.py:79} INFO - Running: ['***', 'tasks', 'run', 'data_ingestion_gcs_dag', 'format_to_parquet_task', 'manual__2022-06-21T16:11:53.074770+00:00', '--job-id', '28', '--raw', '--subdir', 'DAGS_FOLDER/dags.py', '--cfg-path', '/tmp/tmpq8rx61dw', '--error-file', '/tmp/tmp6jbi2440']
[2022-06-21 16:17:10,296] {standard_task_runner.py:80} INFO - Job 28: Subtask format_to_parquet_task
[2022-06-21 16:17:10,331] {task_command.py:370} INFO - Running <TaskInstance: data_ingestion_gcs_dag.format_to_parquet_task manual__2022-06-21T16:11:53.074770+00:00 [running]> on host 8ad54407eeac
[2022-06-21 16:17:10,384] {taskinstance.py:1571} INFO - Exporting the following env vars:
AIRFLOW_CTX_DAG_OWNER=***
AIRFLOW_CTX_DAG_ID=data_ingestion_gcs_dag
AIRFLOW_CTX_TASK_ID=format_to_parquet_task
AIRFLOW_CTX_EXECUTION_DATE=2022-06-21T16:11:53.074770+00:00
AIRFLOW_CTX_TRY_NUMBER=2
AIRFLOW_CTX_DAG_RUN_ID=manual__2022-06-21T16:11:53.074770+00:00
[2022-06-21 16:17:10,385] {taskinstance.py:1889} ERROR - Task failed with exception
Traceback (most recent call last):
  File "/home/airflow/.local/lib/python3.7/site-packages/airflow/operators/python.py", line 171, in execute
    return_value = self.execute_callable()
  File "/home/airflow/.local/lib/python3.7/site-packages/airflow/operators/python.py", line 189, in execute_callable
    return self.python_callable(*self.op_args, **self.op_kwargs)
  File "/opt/airflow/dags/dags.py", line 41, in format_to_parquet
    table = pv.read_csv(src_file)
  File "pyarrow/_csv.pyx", line 881, in pyarrow._csv.read_csv
  File "pyarrow/_csv.pyx", line 774, in pyarrow._csv._get_reader
  File "pyarrow/io.pxi", line 1631, in pyarrow.lib.get_input_stream
  File "pyarrow/io.pxi", line 1602, in pyarrow.lib.get_native_file
  File "pyarrow/io.pxi", line 896, in pyarrow.lib.OSFile.__cinit__
  File "pyarrow/io.pxi", line 906, in pyarrow.lib.OSFile._open_readable
  File "pyarrow/error.pxi", line 143, in pyarrow.lib.pyarrow_internal_check_status
  File "pyarrow/error.pxi", line 112, in pyarrow.lib.check_status
FileNotFoundError: [Errno 2] Failed to open local file '/opt/airflow/brooklyn-food-waste/brooklyn.csv'. Detail: [errno 2] No such file or directory
[2022-06-21 16:17:10,391] {taskinstance.py:1400} INFO - Marking task as FAILED. dag_id=data_ingestion_gcs_dag, task_id=format_to_parquet_task, execution_date=20220621T161153, start_date=20220621T161710, end_date=20220621T161710
[2022-06-21 16:17:10,400] {standard_task_runner.py:97} ERROR - Failed to execute job 28 for task format_to_parquet_task ([Errno 2] Failed to open local file '/opt/airflow/brooklyn-food-waste/brooklyn.csv'. Detail: [errno 2] No such file or directory; 368)
[2022-06-21 16:17:10,427] {local_task_job.py:156} INFO - Task exited with return code 1
[2022-06-21 16:17:10,457] {local_task_job.py:273} INFO - 0 downstream tasks scheduled from follow-on schedule check
