[2022-06-21 18:00:44,858] {taskinstance.py:1159} INFO - Dependencies all met for <TaskInstance: data_ingestion_gcs_dag.download_dataset_task manual__2022-06-21T18:00:43.293944+00:00 [queued]>
[2022-06-21 18:00:44,864] {taskinstance.py:1159} INFO - Dependencies all met for <TaskInstance: data_ingestion_gcs_dag.download_dataset_task manual__2022-06-21T18:00:43.293944+00:00 [queued]>
[2022-06-21 18:00:44,864] {taskinstance.py:1356} INFO - 
--------------------------------------------------------------------------------
[2022-06-21 18:00:44,864] {taskinstance.py:1357} INFO - Starting attempt 1 of 2
[2022-06-21 18:00:44,864] {taskinstance.py:1358} INFO - 
--------------------------------------------------------------------------------
[2022-06-21 18:00:44,876] {taskinstance.py:1377} INFO - Executing <Task(PythonOperator): download_dataset_task> on 2022-06-21 18:00:43.293944+00:00
[2022-06-21 18:00:44,882] {standard_task_runner.py:52} INFO - Started process 209 to run task
[2022-06-21 18:00:44,884] {standard_task_runner.py:79} INFO - Running: ['***', 'tasks', 'run', 'data_ingestion_gcs_dag', 'download_dataset_task', 'manual__2022-06-21T18:00:43.293944+00:00', '--job-id', '89', '--raw', '--subdir', 'DAGS_FOLDER/dags.py', '--cfg-path', '/tmp/tmprayv0bh_', '--error-file', '/tmp/tmpneir6r0q']
[2022-06-21 18:00:44,885] {standard_task_runner.py:80} INFO - Job 89: Subtask download_dataset_task
[2022-06-21 18:00:44,946] {task_command.py:370} INFO - Running <TaskInstance: data_ingestion_gcs_dag.download_dataset_task manual__2022-06-21T18:00:43.293944+00:00 [running]> on host 5a0eab06deba
[2022-06-21 18:00:45,006] {taskinstance.py:1571} INFO - Exporting the following env vars:
AIRFLOW_CTX_DAG_OWNER=***
AIRFLOW_CTX_DAG_ID=data_ingestion_gcs_dag
AIRFLOW_CTX_TASK_ID=download_dataset_task
AIRFLOW_CTX_EXECUTION_DATE=2022-06-21T18:00:43.293944+00:00
AIRFLOW_CTX_TRY_NUMBER=1
AIRFLOW_CTX_DAG_RUN_ID=manual__2022-06-21T18:00:43.293944+00:00
[2022-06-21 18:00:45,633] {python.py:173} INFO - Done. Returned value was: None
[2022-06-21 18:00:45,644] {taskinstance.py:1400} INFO - Marking task as SUCCESS. dag_id=data_ingestion_gcs_dag, task_id=download_dataset_task, execution_date=20220621T180043, start_date=20220621T180044, end_date=20220621T180045
[2022-06-21 18:00:45,698] {local_task_job.py:156} INFO - Task exited with return code 0
[2022-06-21 18:00:45,729] {local_task_job.py:273} INFO - 1 downstream tasks scheduled from follow-on schedule check
