[2022-06-21 17:36:44,421] {taskinstance.py:1159} INFO - Dependencies all met for <TaskInstance: data_ingestion_gcs_dag.download_dataset_task manual__2022-06-21T17:31:34.214702+00:00 [queued]>
[2022-06-21 17:36:44,427] {taskinstance.py:1159} INFO - Dependencies all met for <TaskInstance: data_ingestion_gcs_dag.download_dataset_task manual__2022-06-21T17:31:34.214702+00:00 [queued]>
[2022-06-21 17:36:44,427] {taskinstance.py:1356} INFO - 
--------------------------------------------------------------------------------
[2022-06-21 17:36:44,427] {taskinstance.py:1357} INFO - Starting attempt 2 of 2
[2022-06-21 17:36:44,427] {taskinstance.py:1358} INFO - 
--------------------------------------------------------------------------------
[2022-06-21 17:36:44,438] {taskinstance.py:1377} INFO - Executing <Task(PythonOperator): download_dataset_task> on 2022-06-21 17:31:34.214702+00:00
[2022-06-21 17:36:44,446] {standard_task_runner.py:52} INFO - Started process 351 to run task
[2022-06-21 17:36:44,448] {standard_task_runner.py:79} INFO - Running: ['***', 'tasks', 'run', 'data_ingestion_gcs_dag', 'download_dataset_task', 'manual__2022-06-21T17:31:34.214702+00:00', '--job-id', '85', '--raw', '--subdir', 'DAGS_FOLDER/dags.py', '--cfg-path', '/tmp/tmpolh_dtzg', '--error-file', '/tmp/tmpvba1gx5r']
[2022-06-21 17:36:44,450] {standard_task_runner.py:80} INFO - Job 85: Subtask download_dataset_task
[2022-06-21 17:36:44,490] {task_command.py:370} INFO - Running <TaskInstance: data_ingestion_gcs_dag.download_dataset_task manual__2022-06-21T17:31:34.214702+00:00 [running]> on host 5e568398f460
[2022-06-21 17:36:44,544] {taskinstance.py:1571} INFO - Exporting the following env vars:
AIRFLOW_CTX_DAG_OWNER=***
AIRFLOW_CTX_DAG_ID=data_ingestion_gcs_dag
AIRFLOW_CTX_TASK_ID=download_dataset_task
AIRFLOW_CTX_EXECUTION_DATE=2022-06-21T17:31:34.214702+00:00
AIRFLOW_CTX_TRY_NUMBER=2
AIRFLOW_CTX_DAG_RUN_ID=manual__2022-06-21T17:31:34.214702+00:00
[2022-06-21 17:36:44,545] {logging_mixin.py:115} INFO - dtc-project-ritaafranco dtc-project-data_dtc-project-ritaafranco hhhhhhh
[2022-06-21 17:36:44,545] {logging_mixin.py:115} INFO - kaggle env
[2022-06-21 17:36:44,545] {logging_mixin.py:115} INFO - None
[2022-06-21 17:36:44,545] {logging_mixin.py:115} INFO - #############################
[2022-06-21 17:36:44,545] {logging_mixin.py:115} INFO - /opt/***
[2022-06-21 17:36:44,547] {logging_mixin.py:115} INFO - /opt/***/dags/dags.py
[2022-06-21 17:36:44,547] {logging_mixin.py:115} INFO - /opt/***/dags/__pycache__/dags.cpython-37.pyc
[2022-06-21 17:36:44,547] {logging_mixin.py:115} INFO - /opt/***/logs/dag_id=data_ingestion_gcs_dag/run_id=manual__2022-06-21T17:28:02.632414+00:00/task_id=download_dataset_task/attempt=1.log
[2022-06-21 17:36:44,547] {logging_mixin.py:115} INFO - /opt/***/logs/dag_id=data_ingestion_gcs_dag/run_id=scheduled__2022-06-20T00:00:00+00:00/task_id=download_dataset_task/attempt=2.log
[2022-06-21 17:36:44,547] {logging_mixin.py:115} INFO - /opt/***/logs/dag_id=data_ingestion_gcs_dag/run_id=scheduled__2022-06-20T00:00:00+00:00/task_id=download_dataset_task/attempt=1.log
[2022-06-21 17:36:44,547] {logging_mixin.py:115} INFO - /opt/***/logs/dag_id=data_ingestion_gcs_dag/run_id=manual__2022-06-21T16:45:40.713643+00:00/task_id=download_dataset_task/attempt=1.log
[2022-06-21 17:36:44,547] {logging_mixin.py:115} INFO - /opt/***/logs/dag_id=data_ingestion_gcs_dag/run_id=manual__2022-06-21T16:48:06.367746+00:00/task_id=download_dataset_task/attempt=1.log
[2022-06-21 17:36:44,547] {logging_mixin.py:115} INFO - /opt/***/logs/dag_id=data_ingestion_gcs_dag/run_id=manual__2022-06-21T16:25:02.169861+00:00/task_id=download_dataset_task/attempt=1.log
[2022-06-21 17:36:44,547] {logging_mixin.py:115} INFO - /opt/***/logs/dag_id=data_ingestion_gcs_dag/run_id=manual__2022-06-21T16:25:02.169861+00:00/task_id=format_to_parquet_task/attempt=1.log
[2022-06-21 17:36:44,547] {logging_mixin.py:115} INFO - /opt/***/logs/dag_id=data_ingestion_gcs_dag/run_id=manual__2022-06-21T16:53:09.995114+00:00/task_id=download_dataset_task/attempt=1.log
[2022-06-21 17:36:44,547] {logging_mixin.py:115} INFO - /opt/***/logs/dag_id=data_ingestion_gcs_dag/run_id=manual__2022-06-21T16:20:27.437267+00:00/task_id=download_dataset_task/attempt=1.log
[2022-06-21 17:36:44,547] {logging_mixin.py:115} INFO - /opt/***/logs/dag_id=data_ingestion_gcs_dag/run_id=manual__2022-06-21T16:20:27.437267+00:00/task_id=format_to_parquet_task/attempt=1.log
[2022-06-21 17:36:44,547] {logging_mixin.py:115} INFO - /opt/***/logs/dag_id=data_ingestion_gcs_dag/run_id=manual__2022-06-21T17:26:09.331925+00:00/task_id=download_dataset_task/attempt=2.log
[2022-06-21 17:36:44,547] {logging_mixin.py:115} INFO - /opt/***/logs/dag_id=data_ingestion_gcs_dag/run_id=manual__2022-06-21T17:26:09.331925+00:00/task_id=download_dataset_task/attempt=1.log
[2022-06-21 17:36:44,547] {logging_mixin.py:115} INFO - /opt/***/logs/dag_id=data_ingestion_gcs_dag/run_id=manual__2022-06-21T17:00:31.980645+00:00/task_id=download_dataset_task/attempt=2.log
[2022-06-21 17:36:44,547] {logging_mixin.py:115} INFO - /opt/***/logs/dag_id=data_ingestion_gcs_dag/run_id=manual__2022-06-21T17:00:31.980645+00:00/task_id=download_dataset_task/attempt=1.log
[2022-06-21 17:36:44,547] {logging_mixin.py:115} INFO - /opt/***/logs/dag_id=data_ingestion_gcs_dag/run_id=manual__2022-06-21T17:12:55.701002+00:00/task_id=download_dataset_task/attempt=1.log
[2022-06-21 17:36:44,547] {logging_mixin.py:115} INFO - /opt/***/logs/dag_id=data_ingestion_gcs_dag/run_id=manual__2022-06-21T16:28:32.075206+00:00/task_id=download_dataset_task/attempt=1.log
[2022-06-21 17:36:44,547] {logging_mixin.py:115} INFO - /opt/***/logs/dag_id=data_ingestion_gcs_dag/run_id=manual__2022-06-21T16:09:21.702680+00:00/task_id=download_dataset_task/attempt=1.log
[2022-06-21 17:36:44,547] {logging_mixin.py:115} INFO - /opt/***/logs/dag_id=data_ingestion_gcs_dag/run_id=manual__2022-06-21T15:51:26.273157+00:00/task_id=download_dataset_task/attempt=2.log
[2022-06-21 17:36:44,547] {logging_mixin.py:115} INFO - /opt/***/logs/dag_id=data_ingestion_gcs_dag/run_id=manual__2022-06-21T15:51:26.273157+00:00/task_id=download_dataset_task/attempt=1.log
[2022-06-21 17:36:44,547] {logging_mixin.py:115} INFO - /opt/***/logs/dag_id=data_ingestion_gcs_dag/run_id=manual__2022-06-21T15:29:37.286778+00:00/task_id=download_dataset_task/attempt=2.log
[2022-06-21 17:36:44,547] {logging_mixin.py:115} INFO - /opt/***/logs/dag_id=data_ingestion_gcs_dag/run_id=manual__2022-06-21T15:29:37.286778+00:00/task_id=download_dataset_task/attempt=1.log
[2022-06-21 17:36:44,547] {logging_mixin.py:115} INFO - /opt/***/logs/dag_id=data_ingestion_gcs_dag/run_id=manual__2022-06-21T16:11:53.074770+00:00/task_id=download_dataset_task/attempt=1.log
[2022-06-21 17:36:44,547] {logging_mixin.py:115} INFO - /opt/***/logs/dag_id=data_ingestion_gcs_dag/run_id=manual__2022-06-21T16:11:53.074770+00:00/task_id=format_to_parquet_task/attempt=2.log
[2022-06-21 17:36:44,547] {logging_mixin.py:115} INFO - /opt/***/logs/dag_id=data_ingestion_gcs_dag/run_id=manual__2022-06-21T16:11:53.074770+00:00/task_id=format_to_parquet_task/attempt=1.log
[2022-06-21 17:36:44,547] {logging_mixin.py:115} INFO - /opt/***/logs/dag_id=data_ingestion_gcs_dag/run_id=manual__2022-06-21T16:32:22.311646+00:00/task_id=download_dataset_task/attempt=2.log
[2022-06-21 17:36:44,547] {logging_mixin.py:115} INFO - /opt/***/logs/dag_id=data_ingestion_gcs_dag/run_id=manual__2022-06-21T16:32:22.311646+00:00/task_id=download_dataset_task/attempt=1.log
[2022-06-21 17:36:44,548] {logging_mixin.py:115} INFO - /opt/***/logs/dag_id=data_ingestion_gcs_dag/run_id=manual__2022-06-21T16:56:09.665821+00:00/task_id=download_dataset_task/attempt=1.log
[2022-06-21 17:36:44,548] {logging_mixin.py:115} INFO - /opt/***/logs/dag_id=data_ingestion_gcs_dag/run_id=manual__2022-06-21T14:47:46.866256+00:00/task_id=download_dataset_task/attempt=2.log
[2022-06-21 17:36:44,548] {logging_mixin.py:115} INFO - /opt/***/logs/dag_id=data_ingestion_gcs_dag/run_id=manual__2022-06-21T14:47:46.866256+00:00/task_id=download_dataset_task/attempt=1.log
[2022-06-21 17:36:44,548] {logging_mixin.py:115} INFO - /opt/***/logs/dag_id=data_ingestion_gcs_dag/run_id=manual__2022-06-21T16:01:02.012945+00:00/task_id=download_dataset_task/attempt=2.log
[2022-06-21 17:36:44,548] {logging_mixin.py:115} INFO - /opt/***/logs/dag_id=data_ingestion_gcs_dag/run_id=manual__2022-06-21T16:01:02.012945+00:00/task_id=download_dataset_task/attempt=1.log
[2022-06-21 17:36:44,548] {logging_mixin.py:115} INFO - /opt/***/logs/dag_id=data_ingestion_gcs_dag/run_id=manual__2022-06-21T16:39:53.171404+00:00/task_id=download_dataset_task/attempt=2.log
[2022-06-21 17:36:44,548] {logging_mixin.py:115} INFO - /opt/***/logs/dag_id=data_ingestion_gcs_dag/run_id=manual__2022-06-21T16:39:53.171404+00:00/task_id=download_dataset_task/attempt=1.log
[2022-06-21 17:36:44,548] {logging_mixin.py:115} INFO - /opt/***/logs/dag_id=data_ingestion_gcs_dag/run_id=manual__2022-06-21T17:15:10.456264+00:00/task_id=download_dataset_task/attempt=1.log
[2022-06-21 17:36:44,548] {logging_mixin.py:115} INFO - /opt/***/logs/dag_id=data_ingestion_gcs_dag/run_id=manual__2022-06-21T17:15:10.456264+00:00/task_id=format_to_parquet_task/attempt=1.log
[2022-06-21 17:36:44,548] {logging_mixin.py:115} INFO - /opt/***/logs/dag_id=data_ingestion_gcs_dag/run_id=manual__2022-06-21T17:20:14.445054+00:00/task_id=download_dataset_task/attempt=2.log
[2022-06-21 17:36:44,548] {logging_mixin.py:115} INFO - /opt/***/logs/dag_id=data_ingestion_gcs_dag/run_id=manual__2022-06-21T17:20:14.445054+00:00/task_id=download_dataset_task/attempt=1.log
[2022-06-21 17:36:44,548] {logging_mixin.py:115} INFO - /opt/***/logs/dag_id=data_ingestion_gcs_dag/run_id=manual__2022-06-21T17:31:34.214702+00:00/task_id=download_dataset_task/attempt=2.log
[2022-06-21 17:36:44,548] {logging_mixin.py:115} INFO - /opt/***/logs/dag_id=data_ingestion_gcs_dag/run_id=manual__2022-06-21T17:31:34.214702+00:00/task_id=download_dataset_task/attempt=1.log
[2022-06-21 17:36:44,548] {logging_mixin.py:115} INFO - /opt/***/logs/dag_processor_manager/dag_processor_manager.log
[2022-06-21 17:36:44,548] {logging_mixin.py:115} INFO - /opt/***/logs/scheduler/latest/dags.py.log
[2022-06-21 17:36:44,548] {logging_mixin.py:115} INFO - /opt/***/logs/scheduler/latest/native_dags/example_dags/example_python_operator.py.log
[2022-06-21 17:36:44,548] {logging_mixin.py:115} INFO - /opt/***/logs/scheduler/latest/native_dags/example_dags/example_branch_labels.py.log
[2022-06-21 17:36:44,548] {logging_mixin.py:115} INFO - /opt/***/logs/scheduler/latest/native_dags/example_dags/example_xcomargs.py.log
[2022-06-21 17:36:44,548] {logging_mixin.py:115} INFO - /opt/***/logs/scheduler/latest/native_dags/example_dags/subdags/subdag.py.log
[2022-06-21 17:36:44,548] {logging_mixin.py:115} INFO - /opt/***/logs/scheduler/latest/native_dags/example_dags/example_kubernetes_executor.py.log
[2022-06-21 17:36:44,548] {logging_mixin.py:115} INFO - /opt/***/logs/scheduler/latest/native_dags/example_dags/tutorial.py.log
[2022-06-21 17:36:44,548] {logging_mixin.py:115} INFO - /opt/***/logs/scheduler/latest/native_dags/example_dags/example_passing_params_via_test_command.py.log
[2022-06-21 17:36:44,548] {logging_mixin.py:115} INFO - /opt/***/logs/scheduler/latest/native_dags/example_dags/example_task_group_decorator.py.log
[2022-06-21 17:36:44,548] {logging_mixin.py:115} INFO - /opt/***/logs/scheduler/latest/native_dags/example_dags/example_branch_operator.py.log
[2022-06-21 17:36:44,548] {logging_mixin.py:115} INFO - /opt/***/logs/scheduler/latest/native_dags/example_dags/tutorial_etl_dag.py.log
[2022-06-21 17:36:44,548] {logging_mixin.py:115} INFO - /opt/***/logs/scheduler/latest/native_dags/example_dags/example_local_kubernetes_executor.py.log
[2022-06-21 17:36:44,548] {logging_mixin.py:115} INFO - /opt/***/logs/scheduler/latest/native_dags/example_dags/example_short_circuit_operator.py.log
[2022-06-21 17:36:44,548] {logging_mixin.py:115} INFO - /opt/***/logs/scheduler/latest/native_dags/example_dags/example_nested_branch_dag.py.log
[2022-06-21 17:36:44,548] {logging_mixin.py:115} INFO - /opt/***/logs/scheduler/latest/native_dags/example_dags/example_trigger_controller_dag.py.log
[2022-06-21 17:36:44,548] {logging_mixin.py:115} INFO - /opt/***/logs/scheduler/latest/native_dags/example_dags/example_latest_only_with_trigger.py.log
[2022-06-21 17:36:44,548] {logging_mixin.py:115} INFO - /opt/***/logs/scheduler/latest/native_dags/example_dags/example_subdag_operator.py.log
[2022-06-21 17:36:44,548] {logging_mixin.py:115} INFO - /opt/***/logs/scheduler/latest/native_dags/example_dags/plugins/workday.py.log
[2022-06-21 17:36:44,548] {logging_mixin.py:115} INFO - /opt/***/logs/scheduler/latest/native_dags/example_dags/example_task_group.py.log
[2022-06-21 17:36:44,548] {logging_mixin.py:115} INFO - /opt/***/logs/scheduler/latest/native_dags/example_dags/example_branch_datetime_operator.py.log
[2022-06-21 17:36:44,548] {logging_mixin.py:115} INFO - /opt/***/logs/scheduler/latest/native_dags/example_dags/tutorial_taskflow_api_etl.py.log
[2022-06-21 17:36:44,549] {logging_mixin.py:115} INFO - /opt/***/logs/scheduler/latest/native_dags/example_dags/example_external_task_marker_dag.py.log
[2022-06-21 17:36:44,549] {logging_mixin.py:115} INFO - /opt/***/logs/scheduler/latest/native_dags/example_dags/example_time_delta_sensor_async.py.log
[2022-06-21 17:36:44,549] {logging_mixin.py:115} INFO - /opt/***/logs/scheduler/latest/native_dags/example_dags/example_branch_operator_decorator.py.log
[2022-06-21 17:36:44,549] {logging_mixin.py:115} INFO - /opt/***/logs/scheduler/latest/native_dags/example_dags/example_trigger_target_dag.py.log
[2022-06-21 17:36:44,549] {logging_mixin.py:115} INFO - /opt/***/logs/scheduler/latest/native_dags/example_dags/tutorial_taskflow_api_etl_virtualenv.py.log
[2022-06-21 17:36:44,549] {logging_mixin.py:115} INFO - /opt/***/logs/scheduler/latest/native_dags/example_dags/example_sla_dag.py.log
[2022-06-21 17:36:44,549] {logging_mixin.py:115} INFO - /opt/***/logs/scheduler/latest/native_dags/example_dags/example_latest_only.py.log
[2022-06-21 17:36:44,549] {logging_mixin.py:115} INFO - /opt/***/logs/scheduler/latest/native_dags/example_dags/example_branch_python_dop_operator_3.py.log
[2022-06-21 17:36:44,549] {logging_mixin.py:115} INFO - /opt/***/logs/scheduler/latest/native_dags/example_dags/example_xcom.py.log
[2022-06-21 17:36:44,549] {logging_mixin.py:115} INFO - /opt/***/logs/scheduler/latest/native_dags/example_dags/example_bash_operator.py.log
[2022-06-21 17:36:44,549] {logging_mixin.py:115} INFO - /opt/***/logs/scheduler/latest/native_dags/example_dags/example_complex.py.log
[2022-06-21 17:36:44,549] {logging_mixin.py:115} INFO - /opt/***/logs/scheduler/latest/native_dags/example_dags/example_dag_decorator.py.log
[2022-06-21 17:36:44,549] {logging_mixin.py:115} INFO - /opt/***/logs/scheduler/latest/native_dags/example_dags/example_branch_day_of_week_operator.py.log
[2022-06-21 17:36:44,549] {logging_mixin.py:115} INFO - /opt/***/logs/scheduler/latest/native_dags/example_dags/example_skip_dag.py.log
[2022-06-21 17:36:44,549] {logging_mixin.py:115} INFO - /opt/***/logs/scheduler/2022-06-21/dags.py.log
[2022-06-21 17:36:44,549] {logging_mixin.py:115} INFO - /opt/***/logs/scheduler/2022-06-21/native_dags/example_dags/example_python_operator.py.log
[2022-06-21 17:36:44,549] {logging_mixin.py:115} INFO - /opt/***/logs/scheduler/2022-06-21/native_dags/example_dags/example_branch_labels.py.log
[2022-06-21 17:36:44,549] {logging_mixin.py:115} INFO - /opt/***/logs/scheduler/2022-06-21/native_dags/example_dags/example_xcomargs.py.log
[2022-06-21 17:36:44,549] {logging_mixin.py:115} INFO - /opt/***/logs/scheduler/2022-06-21/native_dags/example_dags/subdags/subdag.py.log
[2022-06-21 17:36:44,549] {logging_mixin.py:115} INFO - /opt/***/logs/scheduler/2022-06-21/native_dags/example_dags/example_kubernetes_executor.py.log
[2022-06-21 17:36:44,549] {logging_mixin.py:115} INFO - /opt/***/logs/scheduler/2022-06-21/native_dags/example_dags/tutorial.py.log
[2022-06-21 17:36:44,549] {logging_mixin.py:115} INFO - /opt/***/logs/scheduler/2022-06-21/native_dags/example_dags/example_passing_params_via_test_command.py.log
[2022-06-21 17:36:44,549] {logging_mixin.py:115} INFO - /opt/***/logs/scheduler/2022-06-21/native_dags/example_dags/example_task_group_decorator.py.log
[2022-06-21 17:36:44,549] {logging_mixin.py:115} INFO - /opt/***/logs/scheduler/2022-06-21/native_dags/example_dags/example_branch_operator.py.log
[2022-06-21 17:36:44,549] {logging_mixin.py:115} INFO - /opt/***/logs/scheduler/2022-06-21/native_dags/example_dags/tutorial_etl_dag.py.log
[2022-06-21 17:36:44,549] {logging_mixin.py:115} INFO - /opt/***/logs/scheduler/2022-06-21/native_dags/example_dags/example_local_kubernetes_executor.py.log
[2022-06-21 17:36:44,549] {logging_mixin.py:115} INFO - /opt/***/logs/scheduler/2022-06-21/native_dags/example_dags/example_short_circuit_operator.py.log
[2022-06-21 17:36:44,549] {logging_mixin.py:115} INFO - /opt/***/logs/scheduler/2022-06-21/native_dags/example_dags/example_nested_branch_dag.py.log
[2022-06-21 17:36:44,549] {logging_mixin.py:115} INFO - /opt/***/logs/scheduler/2022-06-21/native_dags/example_dags/example_trigger_controller_dag.py.log
[2022-06-21 17:36:44,549] {logging_mixin.py:115} INFO - /opt/***/logs/scheduler/2022-06-21/native_dags/example_dags/example_latest_only_with_trigger.py.log
[2022-06-21 17:36:44,549] {logging_mixin.py:115} INFO - /opt/***/logs/scheduler/2022-06-21/native_dags/example_dags/example_subdag_operator.py.log
[2022-06-21 17:36:44,549] {logging_mixin.py:115} INFO - /opt/***/logs/scheduler/2022-06-21/native_dags/example_dags/plugins/workday.py.log
[2022-06-21 17:36:44,549] {logging_mixin.py:115} INFO - /opt/***/logs/scheduler/2022-06-21/native_dags/example_dags/example_task_group.py.log
[2022-06-21 17:36:44,549] {logging_mixin.py:115} INFO - /opt/***/logs/scheduler/2022-06-21/native_dags/example_dags/example_branch_datetime_operator.py.log
[2022-06-21 17:36:44,549] {logging_mixin.py:115} INFO - /opt/***/logs/scheduler/2022-06-21/native_dags/example_dags/tutorial_taskflow_api_etl.py.log
[2022-06-21 17:36:44,550] {logging_mixin.py:115} INFO - /opt/***/logs/scheduler/2022-06-21/native_dags/example_dags/example_external_task_marker_dag.py.log
[2022-06-21 17:36:44,550] {logging_mixin.py:115} INFO - /opt/***/logs/scheduler/2022-06-21/native_dags/example_dags/example_time_delta_sensor_async.py.log
[2022-06-21 17:36:44,550] {logging_mixin.py:115} INFO - /opt/***/logs/scheduler/2022-06-21/native_dags/example_dags/example_branch_operator_decorator.py.log
[2022-06-21 17:36:44,550] {logging_mixin.py:115} INFO - /opt/***/logs/scheduler/2022-06-21/native_dags/example_dags/example_trigger_target_dag.py.log
[2022-06-21 17:36:44,550] {logging_mixin.py:115} INFO - /opt/***/logs/scheduler/2022-06-21/native_dags/example_dags/tutorial_taskflow_api_etl_virtualenv.py.log
[2022-06-21 17:36:44,550] {logging_mixin.py:115} INFO - /opt/***/logs/scheduler/2022-06-21/native_dags/example_dags/example_sla_dag.py.log
[2022-06-21 17:36:44,550] {logging_mixin.py:115} INFO - /opt/***/logs/scheduler/2022-06-21/native_dags/example_dags/example_latest_only.py.log
[2022-06-21 17:36:44,550] {logging_mixin.py:115} INFO - /opt/***/logs/scheduler/2022-06-21/native_dags/example_dags/example_branch_python_dop_operator_3.py.log
[2022-06-21 17:36:44,550] {logging_mixin.py:115} INFO - /opt/***/logs/scheduler/2022-06-21/native_dags/example_dags/example_xcom.py.log
[2022-06-21 17:36:44,550] {logging_mixin.py:115} INFO - /opt/***/logs/scheduler/2022-06-21/native_dags/example_dags/example_bash_operator.py.log
[2022-06-21 17:36:44,550] {logging_mixin.py:115} INFO - /opt/***/logs/scheduler/2022-06-21/native_dags/example_dags/example_complex.py.log
[2022-06-21 17:36:44,550] {logging_mixin.py:115} INFO - /opt/***/logs/scheduler/2022-06-21/native_dags/example_dags/example_dag_decorator.py.log
[2022-06-21 17:36:44,550] {logging_mixin.py:115} INFO - /opt/***/logs/scheduler/2022-06-21/native_dags/example_dags/example_branch_day_of_week_operator.py.log
[2022-06-21 17:36:44,550] {logging_mixin.py:115} INFO - /opt/***/logs/scheduler/2022-06-21/native_dags/example_dags/example_skip_dag.py.log
[2022-06-21 17:36:44,550] {logging_mixin.py:115} INFO - /opt/***/***-worker.pid
[2022-06-21 17:36:44,550] {logging_mixin.py:115} INFO - /opt/***/webserver_config.py
[2022-06-21 17:36:44,550] {logging_mixin.py:115} INFO - /opt/***/***.cfg
[2022-06-21 17:36:44,550] {logging_mixin.py:115} INFO - ****************
[2022-06-21 17:36:44,563] {logging_mixin.py:115} INFO - Please provide your Kaggle credentials to download this dataset. Learn more: http://bit.ly/kaggle-creds
[2022-06-21 17:36:44,564] {logging_mixin.py:115} INFO - Your Kaggle username:
[2022-06-21 17:36:44,564] {logging_mixin.py:115} INFO -  
[2022-06-21 17:36:44,564] {taskinstance.py:1889} ERROR - Task failed with exception
Traceback (most recent call last):
  File "/home/airflow/.local/lib/python3.7/site-packages/airflow/operators/python.py", line 171, in execute
    return_value = self.execute_callable()
  File "/home/airflow/.local/lib/python3.7/site-packages/airflow/operators/python.py", line 189, in execute_callable
    return self.python_callable(*self.op_args, **self.op_kwargs)
  File "/opt/airflow/dags/dags.py", line 70, in download_data
    opendatasets.download("https://www.kaggle.com/datasets/ursulakaczmarek/brooklyn-food-waste/download")
  File "/home/airflow/.local/lib/python3.7/site-packages/opendatasets/__init__.py", line 13, in download
    return download_kaggle_dataset(dataset_id_or_url, data_dir=data_dir, force=force, dry_run=dry_run)
  File "/home/airflow/.local/lib/python3.7/site-packages/opendatasets/utils/kaggle_api.py", line 46, in download_kaggle_dataset
    os.environ['KAGGLE_USERNAME'] = click.prompt("Your Kaggle username")
  File "/home/airflow/.local/lib/python3.7/site-packages/click/termui.py", line 166, in prompt
    value = prompt_func(prompt)
  File "/home/airflow/.local/lib/python3.7/site-packages/click/termui.py", line 149, in prompt_func
    raise Abort() from None
click.exceptions.Abort
[2022-06-21 17:36:44,593] {taskinstance.py:1400} INFO - Marking task as FAILED. dag_id=data_ingestion_gcs_dag, task_id=download_dataset_task, execution_date=20220621T173134, start_date=20220621T173644, end_date=20220621T173644
[2022-06-21 17:36:44,601] {standard_task_runner.py:97} ERROR - Failed to execute job 85 for task download_dataset_task (; 351)
[2022-06-21 17:36:44,621] {local_task_job.py:156} INFO - Task exited with return code 1
[2022-06-21 17:36:44,650] {local_task_job.py:273} INFO - 0 downstream tasks scheduled from follow-on schedule check
