[2022-06-27 16:49:23,536] {taskinstance.py:1159} INFO - Dependencies all met for <TaskInstance: data_ingestion_to_gcs.download_data_task manual__2022-06-27T16:49:22.459365+00:00 [queued]>
[2022-06-27 16:49:23,541] {taskinstance.py:1159} INFO - Dependencies all met for <TaskInstance: data_ingestion_to_gcs.download_data_task manual__2022-06-27T16:49:22.459365+00:00 [queued]>
[2022-06-27 16:49:23,541] {taskinstance.py:1356} INFO - 
--------------------------------------------------------------------------------
[2022-06-27 16:49:23,542] {taskinstance.py:1357} INFO - Starting attempt 1 of 2
[2022-06-27 16:49:23,542] {taskinstance.py:1358} INFO - 
--------------------------------------------------------------------------------
[2022-06-27 16:49:23,552] {taskinstance.py:1377} INFO - Executing <Task(PythonOperator): download_data_task> on 2022-06-27 16:49:22.459365+00:00
[2022-06-27 16:49:23,557] {standard_task_runner.py:52} INFO - Started process 579 to run task
[2022-06-27 16:49:23,559] {standard_task_runner.py:79} INFO - Running: ['***', 'tasks', 'run', 'data_ingestion_to_gcs', 'download_data_task', 'manual__2022-06-27T16:49:22.459365+00:00', '--job-id', '444', '--raw', '--subdir', 'DAGS_FOLDER/01_data_ingestion_to_gcs.py', '--cfg-path', '/tmp/tmpittmw6c0', '--error-file', '/tmp/tmpwgoc0ujj']
[2022-06-27 16:49:23,560] {standard_task_runner.py:80} INFO - Job 444: Subtask download_data_task
[2022-06-27 16:49:23,597] {task_command.py:370} INFO - Running <TaskInstance: data_ingestion_to_gcs.download_data_task manual__2022-06-27T16:49:22.459365+00:00 [running]> on host 82419db15be4
[2022-06-27 16:49:23,650] {taskinstance.py:1571} INFO - Exporting the following env vars:
AIRFLOW_CTX_DAG_OWNER=***
AIRFLOW_CTX_DAG_ID=data_ingestion_to_gcs
AIRFLOW_CTX_TASK_ID=download_data_task
AIRFLOW_CTX_EXECUTION_DATE=2022-06-27T16:49:22.459365+00:00
AIRFLOW_CTX_TRY_NUMBER=1
AIRFLOW_CTX_DAG_RUN_ID=manual__2022-06-27T16:49:22.459365+00:00
[2022-06-27 16:49:24,452] {python.py:173} INFO - Done. Returned value was: None
[2022-06-27 16:49:24,461] {taskinstance.py:1400} INFO - Marking task as SUCCESS. dag_id=data_ingestion_to_gcs, task_id=download_data_task, execution_date=20220627T164922, start_date=20220627T164923, end_date=20220627T164924
[2022-06-27 16:49:24,493] {local_task_job.py:156} INFO - Task exited with return code 0
[2022-06-27 16:49:24,525] {local_task_job.py:273} INFO - 0 downstream tasks scheduled from follow-on schedule check
