[2022-06-27 13:30:11,155] {taskinstance.py:1159} INFO - Dependencies all met for <TaskInstance: data_ingestion_to_gcs.download_data_task manual__2022-06-27T13:30:09.572220+00:00 [queued]>
[2022-06-27 13:30:11,161] {taskinstance.py:1159} INFO - Dependencies all met for <TaskInstance: data_ingestion_to_gcs.download_data_task manual__2022-06-27T13:30:09.572220+00:00 [queued]>
[2022-06-27 13:30:11,161] {taskinstance.py:1356} INFO - 
--------------------------------------------------------------------------------
[2022-06-27 13:30:11,161] {taskinstance.py:1357} INFO - Starting attempt 1 of 2
[2022-06-27 13:30:11,161] {taskinstance.py:1358} INFO - 
--------------------------------------------------------------------------------
[2022-06-27 13:30:11,172] {taskinstance.py:1377} INFO - Executing <Task(PythonOperator): download_data_task> on 2022-06-27 13:30:09.572220+00:00
[2022-06-27 13:30:11,176] {standard_task_runner.py:52} INFO - Started process 349 to run task
[2022-06-27 13:30:11,178] {standard_task_runner.py:79} INFO - Running: ['***', 'tasks', 'run', 'data_ingestion_to_gcs', 'download_data_task', 'manual__2022-06-27T13:30:09.572220+00:00', '--job-id', '387', '--raw', '--subdir', 'DAGS_FOLDER/01_data_ingestion_to_gcs.py', '--cfg-path', '/tmp/tmp2pi7pjbh', '--error-file', '/tmp/tmp5cvrpbj0']
[2022-06-27 13:30:11,179] {standard_task_runner.py:80} INFO - Job 387: Subtask download_data_task
[2022-06-27 13:30:11,217] {task_command.py:370} INFO - Running <TaskInstance: data_ingestion_to_gcs.download_data_task manual__2022-06-27T13:30:09.572220+00:00 [running]> on host a7ccd6f77c78
[2022-06-27 13:30:11,266] {taskinstance.py:1571} INFO - Exporting the following env vars:
AIRFLOW_CTX_DAG_OWNER=***
AIRFLOW_CTX_DAG_ID=data_ingestion_to_gcs
AIRFLOW_CTX_TASK_ID=download_data_task
AIRFLOW_CTX_EXECUTION_DATE=2022-06-27T13:30:09.572220+00:00
AIRFLOW_CTX_TRY_NUMBER=1
AIRFLOW_CTX_DAG_RUN_ID=manual__2022-06-27T13:30:09.572220+00:00
[2022-06-27 13:30:12,539] {python.py:173} INFO - Done. Returned value was: None
[2022-06-27 13:30:12,556] {taskinstance.py:1400} INFO - Marking task as SUCCESS. dag_id=data_ingestion_to_gcs, task_id=download_data_task, execution_date=20220627T133009, start_date=20220627T133011, end_date=20220627T133012
[2022-06-27 13:30:12,596] {local_task_job.py:156} INFO - Task exited with return code 0
[2022-06-27 13:30:12,648] {local_task_job.py:273} INFO - 1 downstream tasks scheduled from follow-on schedule check
